336, 63, 51, 45, 0, 4, 61, 4, 42, 36, 
321, 15, 56, 30, 14, 36, 51, 8, 3, 44, 
319, 46, 48, 63, 34, 60, 19, 20, 43, 60, 
311, 34, 37, 60, 48, 32, 37, 48, 5, 24, 
307, 55, 18, 56, 14, 28, 1, 45, 14, 2, 
325, 46, 48, 46, 47, 52, 19, 20, 11, 60, 
324, 63, 62, 14, 12, 4, 55, 0, 43, 44, 
317, 63, 23, 45, 0, 4, 19, 20, 43, 60, 
312, 46, 48, 63, 46, 28, 1, 45, 14, 2, 
311, 34, 37, 60, 48, 32, 37, 48, 5, 24, 
342, 63, 54, 47, 0, 4, 19, 16, 43, 56, 
333, 62, 56, 14, 38, 4, 17, 10, 15, 0, 
325, 46, 48, 46, 47, 52, 19, 22, 11, 59, 
325, 46, 48, 46, 47, 52, 18, 20, 5, 26, 
311, 46, 48, 61, 46, 28, 1, 45, 14, 2, 
342, 63, 54, 46, 38, 4, 17, 14, 15, 0, 
342, 63, 54, 47, 0, 0, 19, 16, 43, 56, 
333, 62, 56, 14, 38, 4, 16, 10, 7, 2, 
328, 46, 57, 38, 47, 20, 17, 6, 15, 3, 
325, 46, 48, 46, 43, 52, 18, 20, 5, 26, 
342, 63, 54, 46, 6, 4, 23, 12, 47, 58, 
342, 63, 54, 46, 38, 4, 16, 14, 7, 2, 
335, 63, 36, 47, 0, 0, 16, 8, 7, 2, 
333, 62, 48, 14, 38, 4, 0, 10, 7, 2, 
326, 62, 56, 10, 6, 4, 0, 2, 7, 2, 
342, 63, 54, 46, 38, 4, 0, 14, 7, 10, 
342, 63, 54, 46, 38, 4, 17, 14, 39, 18, 
342, 63, 54, 46, 38, 4, 21, 14, 39, 50, 
342, 63, 54, 46, 36, 4, 32, 10, 15, 2, 
339, 63, 38, 47, 0, 0, 16, 8, 7, 2, 
342, 63, 54, 46, 38, 4, 17, 10, 39, 18, 
342, 63, 54, 46, 38, 4, 26, 14, 7, 26, 
342, 63, 54, 46, 38, 4, 32, 10, 15, 2, 
342, 63, 54, 46, 63, 4, 8, 12, 7, 2, 
342, 63, 54, 46, 38, 4, 23, 14, 39, 50, 
343, 63, 52, 46, 54, 5, 16, 12, 7, 34, 
342, 63, 54, 46, 38, 4, 17, 14, 7, 18, 
342, 63, 54, 46, 38, 4, 9, 10, 7, 26, 
342, 63, 54, 46, 38, 4, 17, 10, 23, 34, 
342, 63, 54, 46, 63, 4, 9, 10, 7, 18, 
351, 31, 54, 46, 39, 4, 9, 11, 7, 18, 
342, 63, 54, 46, 50, 5, 17, 14, 15, 18, 
342, 47, 52, 46, 54, 4, 17, 10, 23, 34, 
342, 63, 54, 44, 54, 4, 9, 12, 39, 50, 
342, 63, 54, 46, 38, 4, 17, 8, 23, 6, 
355, 31, 52, 42, 50, 4, 17, 10, 23, 35, 
345, 63, 52, 14, 54, 4, 17, 11, 23, 35, 
342, 63, 54, 47, 54, 4, 17, 10, 23, 34, 
342, 63, 54, 46, 54, 5, 17, 14, 15, 18, 
342, 63, 54, 44, 34, 4, 17, 8, 23, 14, 
342, 55, 60, 34, 54, 4, 17, 10, 23, 35, 
342, 63, 54, 44, 34, 4, 21, 8, 23, 7, 
342, 63, 54, 45, 54, 4, 49, 8, 23, 14, 
342, 63, 54, 44, 51, 4, 49, 10, 23, 14, 
342, 63, 54, 47, 54, 4, 17, 10, 23, 18, 
348, 55, 60, 48, 54, 4, 17, 10, 23, 6, 
343, 47, 38, 44, 51, 4, 17, 2, 23, 18, 
342, 55, 60, 34, 54, 4, 49, 10, 23, 30, 
342, 55, 60, 34, 22, 4, 49, 10, 7, 14, 
342, 63, 54, 45, 54, 4, 49, 8, 23, 14, 
351, 23, 61, 39, 52, 4, 49, 10, 19, 14, 
348, 55, 62, 48, 54, 4, 17, 6, 22, 2, 
348, 47, 52, 44, 35, 4, 17, 10, 23, 7, 
348, 55, 60, 48, 54, 4, 49, 10, 23, 30, 
347, 45, 60, 34, 54, 4, 1, 10, 31, 63, 
364, 39, 52, 44, 50, 4, 49, 10, 23, 22, 
353, 55, 57, 44, 54, 0, 49, 2, 16, 10, 
351, 23, 61, 39, 52, 4, 49, 10, 22, 2, 
351, 23, 61, 39, 52, 4, 17, 10, 27, 63, 
348, 37, 60, 34, 54, 4, 48, 10, 19, 14, 
369, 39, 52, 44, 50, 4, 17, 8, 27, 63, 
364, 39, 52, 44, 52, 4, 49, 10, 22, 2, 
364, 39, 52, 44, 50, 4, 53, 10, 18, 2, 
351, 23, 60, 45, 54, 4, 33, 10, 23, 62, 
351, 23, 61, 39, 52, 4, 33, 10, 18, 42, 
372, 37, 52, 44, 52, 4, 49, 10, 18, 42, 
364, 39, 52, 44, 52, 4, 49, 10, 22, 2, 
364, 39, 52, 44, 52, 4, 49, 10, 22, 2, 
363, 39, 60, 44, 52, 4, 49, 10, 22, 34, 
362, 38, 52, 44, 50, 4, 53, 10, 23, 62, 
372, 37, 60, 44, 52, 4, 48, 10, 18, 42, 
372, 37, 60, 44, 52, 4, 49, 10, 22, 42, 
369, 37, 52, 44, 52, 4, 17, 10, 20, 0, 
369, 39, 52, 44, 52, 4, 17, 10, 22, 2, 
369, 39, 52, 44, 48, 4, 17, 10, 23, 38, 
372, 37, 60, 44, 52, 4, 48, 10, 26, 42, 
372, 37, 52, 44, 52, 4, 49, 10, 22, 42, 
369, 37, 60, 44, 60, 4, 36, 10, 18, 34, 
369, 37, 60, 44, 52, 4, 17, 10, 23, 6, 
369, 37, 52, 44, 48, 4, 17, 10, 19, 10, 
372, 37, 60, 44, 52, 4, 48, 10, 10, 42, 
372, 37, 60, 44, 60, 4, 57, 10, 22, 42, 
369, 37, 52, 44, 52, 4, 32, 10, 16, 42, 
369, 37, 52, 44, 60, 4, 36, 10, 18, 2, 
369, 37, 61, 44, 60, 4, 36, 10, 2, 38, 
372, 37, 52, 44, 60, 4, 48, 10, 18, 42, 
372, 37, 60, 44, 60, 4, 57, 10, 52, 34, 
372, 37, 52, 44, 60, 4, 52, 10, 22, 34, 
372, 37, 60, 44, 62, 4, 50, 10, 16, 34, 
372, 37, 52, 44, 60, 4, 52, 10, 2, 38, 
372, 37, 52, 44, 62, 4, 48, 10, 23, 42, 
372, 37, 60, 44, 62, 4, 50, 8, 16, 34, 
372, 37, 60, 44, 60, 4, 58, 10, 20, 34, 
372, 37, 60, 44, 60, 4, 57, 10, 51, 46, 
372, 37, 52, 44, 62, 4, 50, 10, 17, 38, 
372, 37, 52, 44, 62, 4, 49, 10, 51, 46, 
372, 37, 60, 44, 62, 4, 50, 8, 4, 34, 
372, 37, 60, 44, 46, 4, 57, 10, 51, 46, 
372, 37, 56, 44, 60, 4, 51, 10, 50, 46, 
372, 37, 52, 44, 58, 4, 58, 10, 16, 46, 
372, 37, 60, 44, 62, 4, 49, 10, 49, 46, 
372, 37, 60, 44, 46, 4, 49, 10, 50, 46, 
372, 37, 60, 44, 46, 4, 57, 10, 16, 46, 
372, 37, 52, 44, 58, 4, 58, 10, 50, 46, 
369, 37, 56, 44, 52, 4, 19, 10, 54, 46, 
372, 37, 60, 44, 62, 4, 49, 10, 58, 46, 
372, 37, 60, 44, 46, 4, 49, 10, 48, 42, 
372, 37, 60, 44, 46, 4, 57, 10, 16, 46, 
372, 37, 56, 44, 46, 4, 56, 10, 50, 46, 
372, 37, 60, 44, 46, 4, 56, 6, 48, 46, 
372, 37, 60, 44, 62, 4, 56, 10, 20, 46, 
372, 37, 56, 44, 62, 4, 56, 10, 50, 46, 
372, 37, 60, 44, 46, 4, 49, 10, 48, 46, 
372, 37, 60, 44, 46, 4, 56, 10, 16, 46, 
369, 37, 60, 44, 62, 4, 24, 10, 50, 46, 
372, 37, 61, 44, 62, 4, 56, 10, 50, 46, 
372, 37, 56, 44, 62, 4, 58, 10, 22, 46, 
372, 37, 62, 44, 54, 4, 60, 8, 50, 46, 
372, 37, 60, 44, 62, 4, 57, 10, 48, 46, 
372, 37, 60, 44, 46, 4, 49, 10, 18, 46, 
372, 37, 61, 44, 62, 4, 56, 10, 48, 46, 
372, 37, 61, 44, 54, 4, 49, 10, 18, 46, 
363, 39, 60, 44, 60, 4, 24, 10, 18, 62, 
363, 37, 56, 44, 62, 4, 56, 10, 18, 62, 
356, 36, 57, 40, 62, 4, 24, 10, 22, 46, 
372, 37, 61, 44, 54, 4, 49, 10, 22, 46, 
369, 37, 61, 44, 52, 4, 24, 10, 50, 62, 
365, 36, 61, 44, 54, 4, 24, 10, 6, 46, 
363, 39, 61, 44, 60, 4, 24, 10, 18, 46, 
363, 39, 61, 44, 62, 4, 24, 10, 18, 30, 
372, 37, 61, 44, 54, 4, 56, 10, 6, 46, 
372, 37, 61, 44, 54, 4, 56, 10, 6, 46, 
369, 37, 61, 44, 54, 4, 24, 10, 22, 46, 
369, 37, 61, 44, 52, 4, 24, 10, 50, 46, 
365, 36, 61, 44, 52, 4, 24, 10, 19, 46, 
372, 37, 61, 44, 54, 4, 56, 10, 6, 46, 
372, 37, 61, 44, 54, 4, 60, 10, 7, 46, 
369, 37, 52, 44, 54, 4, 24, 10, 27, 46, 
369, 37, 61, 44, 52, 4, 24, 10, 18, 46, 
369, 37, 61, 44, 52, 4, 24, 10, 19, 62, 
372, 37, 52, 44, 54, 4, 56, 10, 22, 46, 
369, 37, 60, 44, 54, 4, 24, 10, 19, 58, 
369, 37, 61, 44, 52, 4, 26, 10, 23, 46, 
369, 37, 52, 44, 54, 4, 24, 10, 27, 42, 
369, 37, 52, 44, 52, 4, 24, 10, 18, 38, 
372, 37, 52, 44, 53, 4, 56, 10, 23, 46, 
369, 37, 52, 44, 52, 4, 8, 10, 18, 38, 
369, 37, 60, 44, 54, 4, 24, 10, 27, 42, 
369, 37, 62, 44, 54, 4, 16, 10, 11, 42, 
369, 37, 52, 44, 55, 4, 24, 10, 51, 54, 
372, 37, 52, 44, 55, 4, 56, 10, 31, 42, 
372, 37, 52, 44, 53, 4, 56, 10, 55, 50, 
372, 37, 52, 44, 63, 4, 56, 10, 26, 46, 
369, 37, 55, 44, 60, 4, 8, 10, 18, 38, 
369, 37, 52, 44, 52, 4, 12, 10, 26, 46, 
369, 37, 52, 44, 54, 4, 24, 10, 14, 42, 
369, 37, 55, 44, 60, 4, 8, 10, 26, 46, 
369, 39, 52, 44, 60, 4, 4, 10, 26, 38, 
363, 37, 52, 44, 48, 4, 40, 10, 11, 54, 
362, 36, 52, 44, 55, 4, 40, 10, 23, 42, 
369, 37, 52, 44, 54, 4, 24, 10, 6, 46, 
369, 39, 52, 44, 55, 4, 40, 10, 22, 42, 
369, 39, 52, 44, 63, 4, 44, 10, 18, 34, 
369, 39, 52, 44, 55, 4, 32, 10, 55, 10, 
363, 37, 52, 44, 54, 4, 40, 10, 11, 50, 
369, 39, 52, 44, 63, 4, 12, 10, 2, 42, 
369, 37, 52, 44, 55, 4, 33, 10, 55, 10, 
369, 39, 52, 44, 63, 4, 44, 10, 16, 34, 
369, 37, 52, 44, 62, 4, 44, 8, 11, 62, 
369, 39, 52, 44, 55, 4, 40, 10, 14, 42, 
369, 39, 52, 44, 63, 4, 36, 10, 7, 42, 
369, 39, 52, 44, 63, 4, 46, 10, 16, 34, 
369, 39, 52, 44, 63, 4, 12, 10, 0, 34, 
369, 39, 52, 44, 63, 4, 12, 8, 9, 62, 
369, 39, 52, 44, 63, 4, 44, 10, 18, 58, 
370, 39, 52, 44, 47, 4, 46, 10, 16, 34, 
369, 39, 52, 44, 63, 4, 46, 10, 16, 34, 
369, 39, 52, 44, 63, 4, 4, 8, 43, 58, 
369, 39, 52, 44, 63, 4, 44, 10, 18, 50, 
369, 39, 52, 44, 63, 4, 36, 10, 3, 58, 
370, 39, 52, 44, 47, 4, 46, 8, 25, 34, 
369, 39, 52, 44, 63, 4, 36, 10, 3, 54, 
369, 39, 52, 44, 63, 4, 4, 8, 24, 58, 
369, 39, 52, 44, 63, 4, 44, 10, 16, 50, 
369, 39, 52, 44, 63, 4, 38, 10, 0, 58, 
370, 39, 52, 44, 63, 4, 60, 10, 16, 50, 
370, 39, 52, 44, 63, 4, 52, 10, 32, 50, 
369, 39, 52, 44, 43, 4, 12, 10, 16, 54, 
369, 39, 52, 44, 63, 4, 36, 10, 24, 54, 
369, 39, 52, 44, 63, 4, 44, 10, 24, 50, 
370, 39, 52, 44, 63, 4, 54, 10, 32, 50, 
370, 39, 52, 44, 63, 4, 60, 10, 0, 50, 
369, 39, 52, 44, 63, 4, 48, 10, 32, 50, 
369, 39, 52, 44, 63, 4, 12, 10, 0, 54, 
369, 39, 52, 44, 63, 4, 44, 10, 24, 50, 
370, 39, 52, 44, 63, 4, 62, 10, 32, 50, 
370, 39, 52, 44, 63, 4, 52, 10, 32, 48, 
369, 39, 52, 44, 63, 4, 48, 10, 32, 50, 
369, 37, 52, 44, 63, 4, 12, 10, 32, 54, 
369, 39, 52, 44, 63, 4, 48, 10, 32, 54, 
372, 37, 52, 44, 63, 4, 62, 10, 32, 50, 
370, 39, 52, 44, 63, 4, 54, 10, 32, 48, 
370, 39, 52, 44, 55, 4, 62, 10, 48, 54, 
369, 39, 52, 44, 63, 4, 48, 10, 48, 54, 
369, 39, 52, 44, 63, 4, 48, 10, 32, 50, 
370, 39, 52, 44, 62, 4, 60, 10, 33, 50, 
370, 39, 52, 44, 63, 4, 62, 10, 16, 54, 
370, 39, 52, 44, 63, 4, 56, 8, 32, 50, 
370, 39, 52, 44, 55, 4, 60, 10, 32, 50, 
369, 37, 52, 44, 63, 4, 48, 10, 48, 54, 
370, 39, 52, 44, 62, 4, 56, 8, 34, 34, 
370, 39, 52, 44, 63, 4, 60, 10, 35, 54, 
370, 39, 52, 44, 63, 4, 58, 8, 2, 54, 
370, 39, 52, 44, 63, 4, 56, 10, 32, 54, 
369, 39, 52, 44, 62, 4, 44, 10, 17, 54, 
372, 37, 52, 44, 62, 4, 58, 8, 2, 38, 
370, 39, 52, 44, 63, 4, 60, 10, 35, 54, 
370, 39, 52, 44, 63, 4, 60, 10, 6, 50, 
370, 39, 52, 44, 63, 4, 60, 8, 35, 52, 
370, 39, 52, 44, 63, 4, 58, 8, 3, 54, 
372, 37, 52, 44, 62, 4, 60, 10, 6, 50, 
372, 37, 52, 44, 62, 4, 60, 8, 2, 54, 
372, 37, 52, 44, 54, 4, 56, 8, 2, 38, 
370, 39, 52, 44, 59, 4, 60, 8, 43, 52, 
370, 39, 52, 44, 63, 4, 60, 10, 35, 52, 
372, 37, 52, 44, 62, 4, 60, 10, 6, 52, 
372, 37, 52, 44, 63, 6, 60, 8, 19, 56, 
372, 37, 52, 44, 54, 4, 56, 8, 2, 38, 
370, 39, 52, 44, 63, 4, 60, 10, 35, 52, 
370, 39, 52, 44, 59, 4, 60, 8, 43, 52, 
372, 37, 52, 44, 62, 4, 60, 10, 2, 56, 
372, 37, 52, 44, 54, 4, 56, 8, 2, 46, 
372, 37, 52, 44, 62, 4, 56, 8, 6, 54, 
372, 37, 52, 44, 54, 4, 56, 8, 18, 38, 
372, 37, 52, 44, 63, 4, 60, 8, 34, 52, 
372, 37, 52, 44, 54, 4, 56, 8, 2, 46, 
372, 37, 52, 44, 62, 4, 60, 10, 2, 42, 
372, 37, 52, 44, 56, 4, 56, 10, 6, 50, 
372, 37, 52, 44, 62, 4, 56, 8, 2, 38, 
372, 37, 52, 44, 62, 4, 60, 10, 38, 36, 
372, 37, 52, 44, 60, 4, 60, 10, 3, 42, 
372, 37, 52, 44, 54, 4, 56, 10, 6, 50, 
372, 37, 52, 44, 54, 4, 56, 10, 6, 50, 
372, 37, 60, 44, 52, 4, 57, 10, 6, 54, 
372, 37, 52, 44, 52, 4, 56, 8, 2, 38, 
372, 37, 52, 44, 52, 4, 61, 10, 7, 58, 
372, 37, 52, 44, 60, 4, 60, 8, 3, 42, 
372, 37, 52, 44, 54, 4, 56, 10, 6, 50, 
372, 37, 52, 44, 52, 4, 56, 8, 6, 50, 
372, 37, 60, 44, 54, 4, 56, 8, 2, 36, 
372, 37, 52, 44, 60, 6, 60, 8, 3, 59, 
372, 37, 52, 44, 60, 4, 60, 8, 7, 58, 
372, 37, 52, 44, 52, 4, 53, 10, 6, 50, 
372, 37, 52, 44, 52, 4, 61, 8, 6, 42, 
372, 37, 52, 44, 62, 4, 60, 8, 3, 51, 
372, 37, 52, 44, 60, 6, 60, 8, 7, 58, 
372, 37, 52, 44, 61, 6, 59, 8, 3, 34, 
372, 37, 52, 44, 56, 6, 60, 8, 3, 51, 
372, 37, 52, 44, 52, 4, 61, 8, 6, 42, 
372, 37, 60, 44, 60, 4, 60, 8, 3, 42, 
372, 37, 52, 44, 63, 6, 58, 8, 5, 58, 
372, 37, 60, 44, 56, 6, 60, 8, 3, 51, 
372, 37, 52, 44, 61, 4, 63, 8, 0, 34, 
372, 37, 52, 44, 61, 6, 63, 8, 3, 42, 
372, 37, 52, 44, 56, 4, 60, 8, 3, 58, 
372, 37, 52, 44, 61, 6, 60, 8, 3, 55, 
372, 37, 52, 44, 61, 4, 63, 8, 0, 34, 
372, 37, 52, 44, 63, 4, 63, 8, 0, 50, 
372, 37, 52, 44, 49, 4, 59, 8, 4, 42, 
372, 37, 52, 44, 60, 4, 60, 8, 3, 58, 
372, 37, 52, 44, 63, 4, 63, 8, 0, 50, 
372, 37, 52, 44, 61, 4, 61, 8, 4, 42, 
372, 37, 52, 44, 63, 6, 60, 8, 3, 54, 
372, 37, 52, 44, 61, 4, 60, 8, 3, 46, 
372, 37, 52, 44, 63, 4, 60, 8, 2, 42, 
372, 37, 52, 44, 63, 4, 60, 8, 2, 42, 
372, 37, 52, 44, 61, 6, 56, 8, 11, 46, 
372, 37, 52, 44, 61, 4, 60, 8, 0, 46, 
362, 36, 52, 44, 63, 4, 62, 8, 0, 50, 
362, 38, 52, 44, 61, 4, 54, 8, 2, 42, 
372, 37, 50, 44, 62, 4, 56, 8, 9, 46, 
372, 37, 52, 44, 61, 4, 60, 8, 18, 42, 
372, 37, 52, 44, 61, 4, 60, 8, 0, 46, 
372, 37, 52, 44, 63, 4, 62, 8, 0, 51, 
372, 37, 52, 44, 61, 4, 54, 8, 2, 40, 
372, 37, 52, 44, 61, 4, 60, 8, 0, 46, 
372, 37, 52, 44, 61, 4, 60, 8, 18, 42, 
372, 37, 52, 44, 53, 4, 44, 10, 18, 40, 
372, 37, 52, 44, 63, 4, 62, 8, 0, 34, 
372, 37, 52, 44, 63, 4, 62, 8, 0, 40, 
372, 37, 52, 44, 61, 4, 60, 8, 18, 42, 
372, 37, 52, 44, 61, 4, 60, 8, 20, 34, 
372, 37, 52, 44, 61, 4, 62, 8, 0, 34, 
372, 37, 52, 44, 61, 4, 60, 8, 0, 40, 
372, 37, 52, 44, 53, 4, 44, 10, 18, 40, 
372, 37, 52, 44, 61, 4, 60, 8, 22, 42, 
372, 37, 52, 44, 61, 4, 62, 8, 16, 34, 
372, 37, 52, 44, 61, 6, 60, 8, 18, 38, 
372, 37, 52, 44, 53, 4, 60, 8, 0, 40, 
372, 37, 52, 44, 61, 6, 60, 8, 2, 42, 
372, 37, 52, 44, 61, 6, 60, 8, 18, 38, 
372, 37, 52, 44, 53, 4, 61, 8, 0, 40, 
372, 37, 52, 44, 61, 4, 60, 8, 0, 32, 
372, 37, 52, 44, 61, 6, 60, 8, 6, 42, 
372, 37, 50, 44, 61, 6, 60, 8, 18, 39, 
372, 37, 52, 44, 53, 4, 45, 8, 2, 40, 
372, 37, 60, 44, 61, 6, 60, 8, 6, 42, 
372, 37, 60, 44, 61, 6, 56, 8, 18, 39, 
372, 37, 51, 44, 53, 4, 60, 8, 18, 37, 
370, 39, 52, 44, 53, 4, 60, 8, 0, 42, 
372, 37, 52, 44, 52, 4, 44, 8, 6, 42, 
372, 37, 52, 44, 53, 4, 56, 8, 18, 39, 
372, 37, 60, 44, 61, 6, 56, 8, 18, 39, 
372, 37, 60, 44, 61, 6, 56, 8, 18, 39, 
372, 37, 51, 44, 53, 4, 60, 8, 18, 37, 
372, 37, 52, 44, 52, 4, 44, 8, 18, 39, 
372, 37, 52, 44, 53, 4, 44, 8, 38, 39, 
372, 37, 52, 44, 61, 4, 56, 8, 18, 39, 
372, 37, 52, 44, 61, 6, 56, 8, 22, 55, 
372, 37, 60, 44, 53, 4, 60, 8, 18, 37, 
372, 37, 60, 44, 53, 4, 60, 8, 22, 37, 
372, 37, 52, 44, 53, 4, 40, 8, 34, 35, 
372, 37, 60, 44, 53, 4, 60, 8, 18, 37, 
372, 37, 52, 44, 53, 4, 60, 8, 50, 45, 
370, 39, 52, 44, 53, 4, 44, 8, 2, 39, 
372, 37, 52, 44, 53, 4, 40, 8, 36, 33, 
372, 37, 56, 44, 53, 4, 60, 8, 18, 37, 
372, 37, 52, 44, 52, 4, 44, 8, 18, 39, 
372, 37, 52, 44, 53, 4, 44, 8, 50, 37, 
372, 37, 52, 44, 53, 4, 60, 8, 50, 45, 
372, 37, 52, 44, 53, 4, 40, 8, 34, 37, 
372, 37, 52, 44, 52, 4, 45, 8, 48, 35, 
372, 37, 52, 44, 53, 4, 40, 8, 32, 33, 
372, 37, 56, 44, 53, 4, 60, 8, 50, 37, 
372, 37, 56, 44, 53, 4, 56, 8, 50, 45, 
372, 37, 52, 44, 53, 4, 40, 8, 32, 33, 
372, 37, 52, 44, 53, 4, 57, 8, 50, 45, 
370, 39, 52, 44, 52, 4, 45, 8, 48, 40, 
369, 37, 52, 44, 52, 4, 8, 8, 32, 33, 
369, 37, 52, 44, 54, 4, 8, 8, 42, 5, 
372, 37, 52, 44, 53, 4, 57, 8, 58, 47, 
370, 39, 52, 44, 52, 4, 44, 8, 36, 41, 
370, 39, 52, 44, 52, 4, 41, 8, 32, 41, 
369, 37, 52, 44, 53, 4, 8, 8, 40, 33, 
369, 37, 52, 44, 54, 4, 8, 8, 46, 5, 
372, 37, 52, 44, 53, 4, 44, 8, 52, 33, 
372, 37, 52, 44, 53, 6, 41, 8, 34, 41, 
372, 37, 60, 44, 53, 4, 40, 8, 62, 35, 
370, 39, 52, 44, 52, 4, 44, 8, 36, 43, 
370, 39, 52, 44, 52, 4, 40, 8, 40, 33, 
372, 37, 52, 44, 53, 4, 45, 8, 0, 43, 
372, 37, 52, 44, 53, 6, 41, 8, 34, 35, 
372, 37, 52, 44, 53, 6, 41, 8, 34, 43, 
370, 39, 52, 44, 53, 4, 40, 8, 36, 33, 
370, 39, 52, 44, 52, 4, 40, 8, 40, 33, 
372, 37, 52, 44, 49, 6, 41, 8, 0, 43, 
372, 37, 52, 44, 53, 4, 40, 8, 36, 35, 
370, 39, 52, 44, 53, 4, 40, 8, 40, 33, 
370, 39, 52, 44, 53, 4, 40, 8, 14, 33, 
362, 37, 54, 46, 53, 4, 41, 9, 36, 33, 
372, 37, 52, 44, 53, 4, 40, 8, 40, 33, 
372, 37, 52, 44, 49, 4, 41, 8, 36, 33, 
370, 39, 52, 44, 53, 4, 40, 8, 35, 35, 
370, 39, 52, 44, 53, 4, 40, 8, 14, 37, 
370, 39, 54, 46, 53, 4, 40, 9, 36, 33, 
370, 39, 52, 44, 53, 4, 40, 8, 47, 35, 
369, 37, 52, 44, 53, 4, 32, 8, 39, 39, 
369, 37, 52, 44, 49, 4, 33, 8, 10, 37, 
350, 37, 52, 44, 21, 6, 40, 8, 44, 37, 
345, 4, 60, 44, 53, 4, 40, 12, 30, 37, 
372, 37, 52, 44, 53, 4, 40, 8, 46, 33, 
369, 39, 52, 44, 55, 4, 32, 10, 38, 39, 
369, 37, 52, 44, 53, 4, 32, 8, 47, 37, 
369, 37, 60, 44, 53, 4, 32, 8, 46, 37, 
362, 35, 52, 44, 49, 4, 33, 8, 47, 33, 
372, 37, 52, 44, 53, 4, 40, 8, 46, 33, 
372, 37, 52, 44, 53, 4, 49, 8, 47, 32, 
369, 37, 52, 44, 54, 4, 32, 10, 38, 39, 
369, 37, 52, 44, 53, 4, 36, 8, 46, 37, 
369, 39, 52, 44, 55, 4, 32, 8, 46, 39, 
372, 37, 52, 44, 54, 4, 40, 8, 46, 35, 
372, 37, 52, 44, 49, 4, 40, 8, 42, 32, 
369, 37, 52, 44, 54, 6, 32, 8, 14, 39, 
369, 37, 52, 44, 55, 4, 32, 8, 38, 35, 
369, 37, 52, 44, 55, 4, 33, 8, 47, 37, 
372, 37, 52, 44, 54, 4, 40, 8, 46, 39, 
372, 37, 52, 44, 54, 4, 40, 8, 38, 35, 
372, 37, 52, 44, 54, 6, 40, 8, 46, 35, 
372, 37, 60, 44, 51, 4, 41, 8, 46, 35, 
372, 37, 52, 44, 51, 6, 42, 8, 42, 34, 
372, 37, 52, 44, 54, 4, 40, 8, 38, 34, 
372, 37, 52, 44, 54, 6, 40, 8, 62, 35, 
372, 37, 52, 44, 54, 6, 56, 8, 46, 41, 
372, 37, 52, 44, 51, 4, 41, 8, 44, 35, 
372, 37, 52, 44, 54, 6, 46, 8, 42, 38, 
372, 37, 52, 44, 54, 4, 56, 8, 38, 50, 
372, 37, 52, 44, 54, 6, 40, 8, 38, 34, 
372, 37, 52, 44, 55, 4, 41, 8, 60, 35, 
372, 37, 52, 44, 54, 6, 46, 8, 42, 38, 
372, 37, 52, 44, 54, 6, 46, 8, 43, 34, 
372, 37, 60, 44, 54, 4, 56, 8, 38, 34, 
372, 37, 52, 44, 55, 4, 41, 8, 60, 35, 
372, 37, 52, 44, 54, 4, 40, 8, 42, 38, 
372, 37, 52, 44, 54, 6, 46, 8, 40, 38, 
372, 37, 52, 44, 54, 4, 40, 8, 40, 34, 
372, 37, 60, 44, 54, 4, 56, 8, 42, 46, 
372, 37, 62, 44, 54, 4, 56, 8, 46, 34, 
372, 37, 60, 44, 54, 4, 40, 8, 44, 38, 
372, 37, 52, 44, 55, 6, 46, 8, 44, 35, 
372, 37, 52, 44, 54, 6, 44, 8, 40, 38, 
372, 37, 60, 44, 54, 4, 56, 8, 42, 35, 
372, 37, 60, 44, 54, 4, 58, 8, 46, 43, 
372, 37, 60, 44, 54, 4, 40, 8, 38, 34, 
372, 37, 60, 44, 54, 6, 44, 8, 40, 34, 
372, 37, 60, 44, 55, 6, 44, 8, 40, 34, 
372, 37, 60, 44, 54, 6, 44, 8, 40, 34, 
372, 37, 60, 44, 54, 6, 41, 8, 8, 34, 
372, 37, 60, 44, 55, 4, 60, 8, 42, 35, 
372, 37, 52, 44, 55, 6, 44, 8, 40, 34, 
372, 37, 60, 44, 50, 4, 56, 8, 46, 43, 
372, 37, 52, 44, 54, 6, 41, 8, 8, 34, 
372, 37, 60, 44, 54, 6, 44, 8, 8, 34, 
372, 37, 60, 44, 52, 6, 44, 8, 40, 34, 
372, 37, 60, 44, 54, 6, 44, 8, 40, 35, 
372, 37, 60, 44, 51, 4, 60, 8, 46, 43, 
372, 37, 60, 44, 54, 6, 44, 8, 24, 34, 
372, 37, 60, 44, 54, 6, 44, 8, 40, 42, 
372, 37, 60, 44, 54, 6, 44, 8, 40, 35, 
372, 37, 60, 44, 54, 6, 60, 8, 40, 43, 
364, 37, 52, 44, 46, 6, 45, 8, 40, 34, 
372, 37, 60, 44, 54, 6, 60, 8, 40, 42, 
372, 37, 60, 44, 62, 6, 46, 8, 8, 34, 
372, 37, 60, 44, 54, 6, 44, 8, 40, 43, 
372, 37, 62, 44, 54, 6, 45, 8, 41, 34, 
372, 37, 60, 44, 50, 6, 44, 8, 40, 35, 
372, 37, 62, 44, 50, 6, 47, 8, 8, 42, 
372, 37, 60, 44, 54, 6, 44, 8, 40, 43, 
372, 37, 62, 44, 54, 6, 60, 8, 10, 43, 
372, 37, 52, 44, 52, 6, 40, 8, 41, 32, 
372, 37, 60, 44, 54, 6, 45, 8, 40, 43, 
372, 37, 62, 44, 58, 6, 43, 8, 8, 40, 
372, 37, 60, 44, 50, 6, 47, 8, 8, 43, 
372, 37, 60, 44, 54, 6, 60, 8, 10, 43, 
372, 37, 60, 44, 54, 6, 45, 8, 40, 43, 
372, 37, 60, 44, 54, 6, 41, 8, 56, 43, 
372, 37, 60, 44, 54, 6, 60, 8, 26, 43, 
372, 37, 62, 44, 62, 6, 60, 8, 10, 43, 
372, 37, 62, 44, 56, 6, 59, 8, 40, 44, 
372, 37, 60, 44, 54, 6, 42, 8, 40, 43, 
372, 37, 52, 44, 54, 6, 44, 8, 40, 43, 
372, 37, 60, 44, 62, 6, 42, 8, 42, 43, 
372, 37, 62, 44, 62, 6, 44, 8, 32, 43, 
372, 37, 60, 44, 58, 6, 58, 8, 40, 40, 
372, 37, 60, 44, 50, 6, 42, 8, 40, 43, 
372, 37, 52, 44, 52, 6, 46, 8, 40, 43, 
372, 37, 56, 44, 46, 6, 44, 8, 32, 43, 
372, 37, 60, 44, 62, 6, 42, 8, 42, 42, 
372, 37, 60, 44, 62, 6, 42, 8, 40, 43, 
372, 37, 60, 44, 58, 6, 62, 8, 32, 40, 
372, 37, 60, 44, 50, 6, 40, 8, 32, 43, 
372, 37, 56, 44, 46, 6, 42, 8, 42, 42, 
372, 37, 56, 44, 62, 6, 44, 8, 34, 43, 
372, 37, 60, 44, 63, 6, 62, 8, 32, 43, 
372, 37, 60, 44, 59, 6, 62, 8, 32, 43, 
372, 37, 56, 44, 46, 6, 40, 8, 32, 43, 
372, 37, 56, 44, 46, 6, 42, 8, 42, 43, 
372, 37, 56, 44, 62, 6, 46, 8, 34, 43, 
372, 37, 56, 44, 63, 6, 63, 8, 48, 41, 
372, 37, 60, 44, 58, 6, 62, 8, 46, 42, 
372, 37, 60, 44, 63, 6, 54, 8, 32, 43, 
372, 37, 56, 44, 63, 6, 55, 8, 48, 41, 
372, 37, 56, 44, 59, 6, 63, 8, 48, 41, 
372, 37, 56, 44, 47, 6, 46, 8, 54, 41, 
372, 37, 56, 44, 46, 6, 42, 8, 56, 43, 
372, 37, 56, 44, 62, 6, 46, 8, 38, 42, 
372, 37, 56, 44, 57, 6, 63, 8, 48, 45, 
372, 37, 56, 44, 63, 6, 55, 8, 16, 41, 
372, 37, 60, 44, 63, 6, 55, 8, 48, 41, 
372, 37, 56, 44, 47, 6, 59, 8, 56, 57, 
372, 37, 57, 44, 62, 6, 46, 8, 38, 42, 
372, 37, 57, 44, 57, 6, 47, 8, 38, 46, 
372, 37, 56, 44, 62, 6, 55, 8, 48, 41, 
372, 37, 56, 44, 62, 6, 62, 8, 42, 40, 
372, 37, 60, 44, 63, 6, 53, 8, 38, 42, 
372, 37, 60, 44, 63, 6, 55, 8, 38, 46, 
372, 37, 57, 44, 57, 6, 47, 8, 48, 41, 
372, 37, 56, 44, 57, 6, 43, 8, 42, 44, 
372, 37, 57, 44, 58, 6, 55, 8, 38, 46, 
372, 37, 60, 44, 63, 6, 55, 8, 36, 46, 
372, 37, 61, 44, 62, 6, 53, 8, 38, 47, 
372, 37, 57, 44, 59, 6, 39, 8, 36, 41, 
372, 37, 60, 44, 57, 6, 47, 8, 34, 47, 
372, 37, 56, 44, 57, 6, 45, 8, 38, 47, 
372, 37, 61, 44, 58, 6, 53, 8, 34, 47, 
372, 37, 60, 44, 63, 4, 53, 8, 38, 46, 
372, 37, 60, 44, 57, 6, 45, 8, 38, 47, 
372, 37, 56, 44, 57, 6, 45, 8, 39, 47, 
372, 37, 61, 44, 57, 6, 45, 8, 2, 47, 
372, 37, 60, 44, 57, 6, 45, 8, 32, 39, 
372, 37, 60, 44, 56, 6, 53, 8, 35, 46, 
372, 37, 60, 44, 57, 6, 45, 8, 32, 39, 
372, 37, 56, 44, 57, 6, 45, 8, 34, 47, 
372, 37, 56, 44, 57, 6, 37, 8, 2, 39, 
372, 37, 56, 44, 57, 6, 45, 8, 34, 39, 
372, 37, 56, 44, 56, 6, 53, 8, 35, 46, 
372, 37, 62, 44, 57, 6, 45, 8, 34, 47, 
372, 37, 61, 44, 57, 6, 45, 8, 35, 46, 
372, 37, 60, 44, 56, 6, 53, 8, 35, 46, 
372, 37, 60, 44, 57, 6, 61, 8, 33, 45, 
372, 37, 56, 44, 57, 6, 37, 8, 2, 39, 
372, 37, 60, 44, 58, 6, 53, 8, 35, 46, 
372, 37, 62, 44, 56, 6, 37, 8, 35, 38, 
372, 37, 62, 44, 57, 6, 53, 8, 51, 44, 
372, 37, 62, 44, 57, 6, 45, 8, 33, 45, 
372, 37, 61, 44, 45, 6, 45, 8, 2, 39, 
372, 37, 60, 44, 58, 6, 53, 8, 35, 38, 
372, 37, 60, 44, 58, 6, 53, 8, 2, 39, 
372, 37, 62, 44, 56, 6, 45, 8, 33, 37, 
372, 37, 62, 44, 57, 6, 45, 8, 1, 45, 
372, 37, 62, 44, 53, 6, 41, 8, 2, 39, 
372, 37, 60, 44, 58, 6, 53, 8, 33, 37, 
372, 37, 61, 44, 58, 6, 45, 8, 37, 36, 
372, 37, 60, 44, 58, 6, 53, 8, 1, 45, 
372, 37, 60, 44, 58, 4, 53, 8, 1, 46, 
369, 37, 60, 44, 58, 6, 21, 8, 2, 47, 
372, 37, 61, 44, 58, 4, 45, 8, 36, 36, 
372, 37, 60, 44, 58, 6, 53, 8, 35, 47, 
372, 37, 60, 44, 58, 4, 53, 8, 1, 46, 
372, 37, 61, 44, 56, 6, 45, 8, 1, 44, 
372, 37, 60, 44, 58, 6, 53, 8, 1, 45, 
372, 37, 61, 44, 58, 4, 52, 8, 33, 46, 
372, 37, 61, 44, 58, 4, 45, 8, 36, 36, 
372, 37, 61, 44, 58, 4, 45, 8, 33, 44, 
372, 37, 61, 44, 58, 4, 45, 8, 0, 44, 
372, 37, 60, 44, 58, 6, 53, 8, 4, 37, 
372, 37, 61, 44, 58, 4, 45, 8, 36, 36, 
372, 37, 61, 44, 62, 6, 45, 8, 33, 44, 
372, 37, 61, 44, 58, 4, 52, 8, 0, 44, 
372, 37, 61, 44, 58, 4, 52, 8, 0, 44, 
372, 37, 61, 44, 58, 4, 60, 8, 40, 46, 
372, 37, 61, 44, 58, 6, 45, 8, 0, 32, 
372, 37, 61, 44, 58, 4, 60, 8, 40, 47, 
372, 37, 61, 44, 58, 4, 52, 8, 33, 40, 
372, 37, 61, 44, 58, 4, 53, 8, 40, 46, 
372, 37, 61, 44, 58, 4, 52, 8, 0, 42, 
372, 37, 61, 44, 58, 6, 45, 8, 0, 42, 
372, 37, 61, 44, 58, 4, 54, 8, 32, 41, 
372, 37, 57, 44, 50, 4, 52, 8, 40, 41, 
370, 39, 52, 44, 58, 4, 53, 8, 40, 46, 
369, 37, 61, 44, 58, 4, 29, 8, 33, 32, 
372, 37, 61, 44, 58, 4, 54, 8, 40, 41, 
372, 37, 60, 44, 58, 4, 52, 8, 32, 47, 
372, 37, 57, 44, 50, 4, 60, 8, 40, 46, 
372, 37, 57, 44, 50, 4, 52, 8, 33, 32, 
372, 37, 60, 44, 58, 4, 53, 10, 41, 36, 
372, 37, 45, 44, 58, 4, 52, 8, 40, 45, 
372, 37, 61, 44, 58, 4, 56, 8, 40, 46, 
372, 37, 57, 44, 58, 4, 52, 8, 33, 41, 
372, 37, 60, 44, 58, 4, 60, 8, 40, 47, 
372, 37, 57, 44, 50, 4, 52, 8, 3, 32, 
372, 37, 45, 44, 58, 4, 52, 8, 33, 41, 
372, 37, 57, 44, 58, 6, 53, 8, 40, 41, 
372, 37, 45, 44, 58, 4, 52, 8, 1, 41, 
372, 37, 45, 44, 58, 6, 60, 8, 40, 47, 
372, 37, 61, 44, 58, 4, 48, 8, 3, 32, 
372, 37, 45, 44, 58, 6, 52, 8, 9, 41, 
372, 37, 61, 44, 58, 4, 60, 8, 32, 43, 
372, 37, 57, 44, 58, 6, 52, 8, 40, 41, 
372, 37, 61, 44, 58, 4, 52, 8, 11, 32, 
372, 37, 57, 44, 58, 6, 53, 8, 44, 32, 
372, 37, 45, 44, 58, 6, 52, 8, 32, 43, 
372, 37, 45, 44, 58, 4, 52, 8, 11, 32, 
372, 37, 57, 44, 58, 6, 53, 8, 44, 32, 
372, 37, 61, 44, 58, 6, 52, 8, 45, 40, 
372, 37, 57, 44, 58, 4, 53, 8, 56, 43, 
372, 37, 45, 44, 59, 6, 52, 8, 27, 32, 
372, 37, 45, 44, 58, 4, 48, 8, 60, 33, 
372, 37, 57, 44, 58, 6, 53, 8, 46, 43, 
363, 37, 45, 44, 58, 4, 55, 8, 56, 59, 
362, 36, 57, 44, 58, 4, 37, 8, 56, 47, 
372, 37, 57, 44, 58, 6, 53, 8, 42, 41, 
372, 37, 45, 44, 58, 6, 54, 8, 56, 50, 
372, 37, 45, 44, 59, 6, 52, 8, 27, 47, 
372, 37, 45, 44, 58, 4, 52, 8, 56, 49, 
372, 37, 47, 44, 58, 4, 63, 8, 56, 59, 
372, 37, 57, 44, 58, 6, 52, 8, 26, 42, 
372, 37, 47, 44, 58, 4, 63, 8, 40, 61, 
372, 37, 45, 44, 59, 6, 52, 8, 27, 47, 
372, 37, 45, 44, 58, 6, 54, 8, 35, 50, 
372, 37, 45, 44, 58, 4, 63, 8, 56, 59, 
372, 37, 45, 44, 58, 4, 63, 8, 57, 59, 
364, 36, 45, 44, 43, 6, 52, 8, 48, 59, 
363, 37, 47, 44, 58, 6, 55, 8, 42, 63, 
363, 37, 47, 44, 62, 4, 55, 8, 41, 59, 
362, 36, 57, 44, 56, 6, 52, 8, 25, 46, 
364, 36, 45, 44, 43, 6, 52, 8, 25, 46, 
363, 37, 45, 44, 42, 4, 55, 8, 41, 59, 
363, 37, 46, 44, 58, 6, 55, 8, 42, 59, 
362, 36, 45, 44, 58, 4, 53, 8, 57, 62, 
362, 36, 47, 44, 58, 4, 55, 8, 42, 63, 
372, 37, 46, 44, 58, 6, 55, 8, 42, 58, 
369, 37, 46, 44, 58, 6, 23, 8, 42, 63, 
366, 36, 47, 38, 58, 6, 55, 8, 41, 62, 
364, 36, 45, 44, 42, 6, 52, 8, 41, 19, 
364, 36, 45, 44, 42, 6, 52, 8, 57, 62, 
369, 37, 46, 44, 58, 6, 23, 8, 43, 62, 
366, 37, 42, 38, 59, 6, 39, 8, 41, 62, 
366, 36, 45, 38, 58, 6, 53, 8, 41, 46, 
364, 36, 45, 44, 42, 6, 52, 8, 57, 62, 
363, 37, 45, 44, 42, 4, 52, 8, 40, 62, 
372, 37, 46, 44, 58, 6, 49, 8, 41, 46, 
366, 37, 42, 38, 58, 6, 37, 8, 40, 46, 
366, 36, 61, 39, 58, 4, 52, 8, 40, 60, 
365, 36, 45, 44, 58, 6, 20, 8, 57, 46, 
362, 36, 47, 44, 42, 4, 48, 8, 40, 62, 
372, 37, 46, 44, 56, 6, 49, 8, 41, 46, 
369, 37, 47, 44, 58, 6, 21, 8, 57, 46, 
364, 36, 46, 44, 42, 6, 57, 8, 41, 62, 
363, 37, 47, 44, 42, 4, 52, 8, 40, 62, 
361, 37, 40, 38, 58, 6, 44, 8, 57, 46, 
369, 37, 47, 44, 58, 6, 21, 8, 57, 46, 
369, 37, 46, 44, 59, 6, 33, 8, 41, 60, 
366, 37, 46, 38, 58, 4, 44, 8, 57, 46, 
364, 37, 47, 44, 42, 6, 21, 8, 40, 60, 
364, 36, 46, 44, 42, 6, 25, 8, 41, 46, 
369, 37, 47, 44, 58, 6, 1, 8, 41, 60, 
369, 37, 46, 44, 58, 4, 37, 8, 57, 46, 
369, 37, 46, 44, 59, 6, 33, 8, 41, 44, 
366, 37, 46, 38, 59, 4, 13, 8, 41, 36, 
366, 37, 46, 38, 42, 4, 21, 8, 40, 60, 
372, 37, 46, 44, 57, 6, 37, 8, 41, 38, 
369, 37, 47, 44, 58, 4, 5, 10, 41, 44, 
369, 37, 46, 44, 59, 6, 1, 8, 41, 56, 
369, 37, 47, 44, 59, 6, 5, 8, 41, 44, 
369, 37, 46, 44, 58, 4, 37, 8, 57, 36, 
372, 37, 47, 44, 58, 4, 45, 8, 57, 36, 
369, 37, 47, 44, 59, 4, 37, 10, 41, 44, 
369, 37, 46, 44, 57, 6, 9, 8, 41, 8, 
369, 37, 46, 44, 61, 6, 37, 8, 41, 56, 
369, 37, 46, 44, 56, 4, 37, 8, 57, 38, 
372, 37, 46, 44, 56, 4, 53, 8, 56, 38, 
369, 37, 47, 44, 58, 4, 33, 10, 57, 36, 
369, 37, 47, 44, 58, 4, 29, 8, 57, 39, 
369, 37, 47, 44, 59, 4, 37, 10, 41, 40, 
369, 37, 47, 44, 63, 4, 37, 8, 57, 6, 
372, 37, 47, 44, 56, 4, 49, 10, 56, 38, 
372, 37, 46, 44, 58, 4, 49, 8, 57, 38, 
372, 37, 46, 44, 62, 4, 53, 8, 58, 36, 
372, 37, 47, 44, 59, 4, 53, 10, 40, 44, 
372, 37, 47, 44, 58, 4, 45, 8, 33, 41, 
372, 37, 46, 44, 56, 4, 53, 10, 56, 32, 
372, 37, 47, 44, 56, 4, 57, 10, 24, 46, 
372, 37, 47, 44, 58, 4, 45, 8, 33, 33, 
372, 37, 47, 44, 58, 4, 49, 10, 41, 35, 
372, 37, 47, 44, 58, 4, 45, 10, 33, 41, 
372, 37, 47, 44, 58, 4, 57, 10, 41, 35, 
372, 37, 47, 44, 58, 4, 53, 10, 8, 32, 
372, 37, 46, 44, 58, 4, 45, 10, 51, 41, 
372, 37, 45, 44, 56, 4, 57, 10, 40, 42, 
372, 37, 47, 44, 59, 4, 45, 8, 33, 35, 
372, 37, 47, 44, 58, 4, 57, 10, 40, 42, 
372, 37, 47, 44, 59, 4, 61, 8, 33, 35, 
372, 37, 47, 44, 58, 4, 44, 8, 32, 33, 
372, 37, 46, 44, 58, 4, 45, 10, 51, 34, 
369, 37, 46, 44, 58, 4, 41, 10, 49, 35, 
372, 37, 47, 44, 56, 4, 57, 10, 40, 37, 
372, 37, 47, 44, 58, 4, 57, 10, 51, 43, 
372, 37, 47, 44, 63, 4, 61, 8, 49, 41, 
372, 37, 47, 44, 62, 4, 56, 10, 50, 34, 
370, 39, 47, 44, 58, 4, 45, 10, 58, 34, 
372, 37, 47, 44, 56, 4, 57, 10, 26, 37, 
372, 37, 47, 44, 59, 4, 57, 8, 51, 41, 
372, 37, 47, 44, 60, 4, 56, 8, 50, 34, 
372, 37, 45, 44, 62, 4, 56, 10, 50, 42, 
372, 37, 47, 44, 63, 4, 61, 8, 42, 32, 
372, 37, 47, 44, 63, 4, 57, 10, 19, 45, 
372, 37, 47, 44, 60, 4, 59, 10, 26, 34, 
372, 37, 47, 44, 60, 4, 57, 10, 22, 33, 
372, 37, 47, 44, 58, 4, 57, 8, 42, 32, 
372, 37, 47, 44, 60, 4, 56, 8, 50, 38, 
372, 37, 45, 44, 61, 4, 57, 10, 16, 35, 
372, 37, 45, 44, 62, 4, 56, 10, 34, 33, 
372, 37, 47, 44, 61, 6, 56, 8, 50, 37, 
372, 37, 47, 44, 60, 4, 57, 10, 22, 33, 
372, 37, 46, 44, 60, 4, 56, 8, 50, 38, 
372, 37, 45, 44, 61, 4, 57, 10, 54, 35, 
372, 37, 45, 44, 60, 4, 56, 8, 50, 38, 
372, 37, 47, 44, 61, 6, 56, 8, 51, 37, 
372, 37, 47, 44, 60, 4, 56, 8, 2, 38, 
372, 37, 47, 44, 61, 4, 56, 8, 51, 39, 
372, 37, 45, 44, 61, 4, 57, 10, 18, 38, 
372, 37, 45, 44, 60, 4, 57, 10, 54, 38, 
372, 37, 61, 44, 60, 4, 56, 10, 50, 38, 
372, 37, 45, 44, 60, 4, 56, 8, 49, 37, 
372, 37, 47, 44, 61, 4, 56, 8, 51, 39, 
372, 37, 45, 44, 61, 4, 57, 10, 22, 38, 
372, 37, 61, 44, 61, 4, 59, 10, 18, 38, 
372, 37, 45, 44, 60, 4, 57, 10, 49, 37, 
372, 37, 47, 44, 61, 4, 56, 10, 51, 38, 
372, 37, 45, 44, 61, 4, 57, 10, 19, 38, 
372, 37, 45, 44, 61, 4, 57, 10, 19, 39, 
372, 37, 61, 44, 60, 4, 57, 10, 49, 37, 
372, 37, 61, 44, 61, 4, 59, 8, 17, 37, 
372, 37, 45, 44, 61, 4, 59, 10, 16, 39, 
372, 37, 45, 44, 61, 4, 58, 10, 18, 38, 
372, 37, 45, 44, 61, 4, 57, 10, 17, 37, 
372, 37, 61, 44, 61, 6, 59, 8, 17, 37, 
372, 37, 45, 44, 61, 4, 57, 8, 18, 54, 
372, 37, 61, 44, 61, 4, 59, 10, 16, 39, 
372, 37, 61, 44, 61, 4, 51, 8, 17, 39, 
372, 37, 47, 44, 61, 6, 57, 8, 17, 45, 
372, 37, 45, 44, 61, 4, 57, 10, 18, 52, 
372, 37, 45, 44, 61, 4, 57, 8, 19, 54, 
372, 37, 47, 44, 61, 4, 57, 10, 0, 39, 
372, 37, 45, 44, 61, 4, 57, 10, 21, 39, 
372, 37, 47, 44, 61, 4, 57, 8, 19, 54, 
372, 37, 45, 44, 61, 6, 57, 8, 17, 52, 
372, 37, 46, 44, 53, 4, 41, 8, 19, 38, 
372, 37, 47, 44, 61, 6, 57, 8, 36, 37, 
372, 37, 47, 44, 53, 4, 56, 10, 1, 53, 
372, 37, 45, 44, 61, 6, 57, 8, 19, 52, 
372, 37, 46, 44, 61, 4, 57, 10, 49, 36, 
372, 37, 45, 44, 61, 4, 58, 10, 5, 53, 
372, 37, 46, 44, 55, 4, 41, 10, 36, 37, 
372, 37, 47, 44, 53, 4, 41, 8, 36, 37, 
372, 37, 45, 44, 61, 4, 61, 10, 49, 36, 
372, 37, 45, 44, 53, 4, 57, 8, 7, 36, 
372, 37, 62, 44, 60, 4, 57, 10, 49, 37, 
372, 37, 46, 44, 61, 4, 56, 10, 7, 53, 
372, 37, 46, 44, 53, 4, 41, 8, 36, 37, 
372, 37, 46, 44, 60, 4, 57, 10, 49, 37, 
372, 37, 46, 44, 61, 4, 61, 10, 48, 44, 
372, 37, 46, 44, 61, 4, 60, 10, 23, 54, 
372, 37, 46, 44, 53, 4, 43, 8, 36, 37, 
372, 37, 45, 44, 61, 4, 57, 10, 23, 36, 
372, 37, 46, 44, 61, 4, 61, 10, 48, 44, 
372, 37, 46, 44, 60, 4, 57, 10, 21, 36, 
372, 37, 45, 44, 61, 4, 57, 10, 23, 38, 
372, 37, 46, 44, 53, 4, 43, 8, 39, 36, 
369, 37, 46, 44, 63, 6, 28, 8, 23, 54, 
372, 37, 46, 44, 61, 4, 53, 10, 56, 44, 
372, 37, 46, 44, 61, 4, 61, 10, 48, 44, 
372, 37, 47, 44, 60, 4, 57, 10, 21, 36, 
372, 37, 46, 44, 52, 4, 43, 8, 5, 36, 
372, 37, 45, 44, 61, 4, 57, 8, 39, 36, 
372, 37, 46, 44, 45, 4, 53, 10, 48, 44, 
372, 37, 46, 44, 61, 4, 61, 10, 48, 44, 
372, 37, 45, 44, 60, 4, 49, 10, 53, 36, 
372, 37, 46, 44, 61, 4, 57, 10, 39, 36, 
372, 37, 46, 44, 61, 4, 57, 8, 39, 36, 
372, 37, 45, 44, 60, 4, 51, 10, 53, 36, 
372, 37, 46, 44, 60, 4, 57, 10, 39, 36, 
372, 37, 46, 44, 44, 4, 57, 4, 55, 36, 
372, 37, 46, 44, 61, 4, 57, 10, 39, 37, 
370, 39, 45, 44, 61, 4, 56, 8, 39, 36, 
372, 37, 46, 44, 52, 4, 57, 4, 55, 36, 
372, 37, 62, 44, 61, 6, 57, 8, 47, 37, 
372, 37, 46, 44, 61, 4, 57, 10, 39, 37, 
372, 37, 46, 44, 61, 4, 57, 10, 39, 37, 
372, 37, 45, 44, 61, 4, 56, 8, 39, 36, 
372, 37, 46, 44, 61, 4, 56, 8, 39, 36, 
372, 37, 62, 44, 52, 4, 56, 4, 55, 36, 
372, 37, 46, 44, 61, 4, 57, 8, 38, 36, 
372, 37, 62, 44, 61, 6, 57, 8, 47, 37, 
372, 37, 62, 44, 61, 4, 57, 8, 39, 37, 
372, 37, 46, 44, 53, 4, 56, 4, 39, 36, 
372, 37, 46, 44, 53, 4, 56, 4, 37, 36, 
372, 37, 46, 44, 61, 4, 57, 8, 38, 44, 
372, 37, 62, 44, 61, 4, 58, 8, 38, 36, 
372, 37, 46, 44, 61, 4, 57, 8, 39, 37, 
372, 37, 46, 44, 53, 4, 56, 4, 37, 36, 
372, 37, 46, 44, 53, 4, 56, 4, 39, 44, 
372, 37, 46, 44, 61, 4, 56, 8, 54, 36, 
372, 37, 46, 44, 55, 4, 56, 4, 37, 36, 
372, 37, 46, 44, 61, 4, 58, 8, 38, 36, 
372, 37, 46, 44, 53, 4, 56, 8, 54, 36, 
372, 37, 46, 44, 53, 4, 56, 8, 53, 36, 
372, 37, 46, 44, 53, 4, 58, 4, 36, 36, 
372, 37, 62, 44, 55, 4, 56, 8, 38, 36, 
368, 37, 46, 38, 53, 4, 24, 4, 39, 44, 
372, 37, 46, 44, 53, 4, 56, 8, 52, 52, 
372, 37, 46, 44, 53, 4, 56, 8, 55, 44, 
372, 37, 46, 44, 53, 4, 58, 4, 49, 36, 
369, 37, 46, 44, 53, 4, 24, 8, 53, 36, 
369, 37, 46, 44, 53, 4, 26, 4, 36, 44, 
372, 37, 46, 44, 53, 4, 56, 8, 55, 36, 
372, 37, 46, 44, 53, 4, 58, 4, 49, 36, 
372, 37, 46, 44, 53, 4, 48, 4, 49, 38, 
372, 37, 46, 44, 53, 4, 58, 4, 52, 36, 
369, 37, 46, 44, 39, 4, 24, 8, 53, 36, 
372, 37, 46, 44, 53, 4, 58, 4, 53, 36, 
372, 37, 46, 44, 53, 4, 57, 4, 51, 38, 
372, 37, 46, 44, 53, 4, 48, 4, 53, 38, 
372, 37, 46, 44, 53, 4, 58, 4, 52, 36, 
371, 37, 46, 44, 55, 6, 57, 4, 53, 52, 
372, 37, 62, 44, 53, 4, 59, 4, 51, 38, 
372, 37, 46, 44, 53, 4, 54, 4, 55, 36, 
372, 37, 62, 44, 53, 4, 52, 4, 53, 36, 
372, 37, 46, 44, 53, 4, 58, 4, 52, 36, 
372, 37, 47, 44, 53, 4, 58, 4, 52, 36, 
372, 37, 62, 44, 53, 6, 54, 4, 55, 36, 
372, 37, 62, 44, 53, 4, 59, 4, 63, 36, 
372, 37, 46, 44, 53, 4, 54, 4, 53, 44, 
372, 37, 46, 44, 53, 4, 58, 4, 52, 37, 
372, 37, 47, 44, 37, 4, 42, 4, 54, 36, 
372, 37, 60, 44, 53, 4, 58, 4, 52, 37, 
372, 37, 62, 44, 53, 4, 54, 4, 53, 44, 
372, 37, 62, 44, 53, 4, 63, 4, 63, 44, 
372, 37, 46, 44, 53, 4, 54, 4, 53, 44, 
372, 37, 46, 44, 53, 4, 54, 4, 37, 36, 
372, 37, 60, 44, 51, 4, 54, 4, 53, 44, 
372, 37, 52, 44, 53, 4, 62, 4, 52, 37, 
372, 37, 60, 44, 53, 4, 58, 4, 53, 44, 
372, 37, 62, 44, 61, 4, 62, 4, 53, 36, 
372, 37, 62, 44, 55, 4, 62, 4, 53, 44, 
372, 37, 52, 44, 53, 4, 62, 4, 52, 44, 
372, 37, 60, 44, 51, 4, 50, 4, 53, 44, 
372, 37, 60, 44, 47, 4, 54, 4, 53, 44, 
372, 37, 52, 44, 53, 4, 58, 4, 52, 44, 
372, 37, 62, 44, 61, 4, 62, 4, 53, 45, 
372, 37, 60, 44, 55, 4, 62, 4, 53, 44, 
372, 37, 52, 44, 53, 4, 62, 4, 52, 36, 
372, 37, 52, 44, 53, 4, 62, 4, 53, 45, 
372, 37, 60, 44, 53, 4, 62, 4, 52, 44, 
372, 37, 60, 44, 53, 4, 58, 4, 52, 44, 
372, 37, 60, 44, 53, 4, 62, 4, 53, 36, 
372, 37, 52, 44, 53, 4, 62, 4, 60, 46, 
372, 37, 60, 44, 55, 4, 58, 4, 52, 45, 
372, 37, 60, 44, 50, 4, 58, 4, 52, 44, 
372, 37, 52, 44, 39, 4, 62, 4, 53, 45, 
372, 37, 60, 44, 53, 4, 62, 4, 52, 61, 
372, 37, 60, 44, 53, 4, 42, 4, 52, 44, 
372, 37, 60, 44, 51, 4, 62, 4, 53, 44, 
372, 37, 52, 44, 53, 4, 62, 4, 60, 40, 
372, 37, 60, 44, 54, 4, 58, 6, 52, 44, 
372, 37, 56, 44, 53, 4, 62, 6, 52, 44, 
372, 37, 60, 44, 53, 4, 62, 4, 53, 44, 
372, 37, 60, 44, 53, 4, 62, 4, 60, 41, 
372, 37, 60, 44, 61, 4, 61, 4, 60, 40, 
372, 37, 52, 44, 53, 4, 59, 6, 52, 44, 
372, 37, 56, 44, 53, 4, 62, 4, 37, 44, 
372, 37, 60, 44, 53, 4, 62, 4, 60, 44, 
372, 37, 56, 44, 53, 4, 59, 6, 54, 44, 
372, 37, 52, 44, 53, 4, 54, 6, 60, 44, 
372, 37, 60, 44, 61, 4, 54, 4, 52, 40, 
372, 37, 60, 44, 53, 4, 62, 4, 44, 44, 
372, 37, 56, 44, 53, 4, 62, 4, 60, 44, 
372, 37, 60, 44, 53, 6, 62, 6, 52, 44, 
372, 37, 52, 44, 61, 4, 62, 4, 60, 44, 
372, 37, 52, 44, 53, 4, 62, 6, 60, 44, 
372, 37, 60, 44, 53, 4, 62, 4, 44, 44, 
372, 37, 56, 44, 53, 4, 62, 4, 61, 44, 
372, 37, 60, 44, 53, 4, 62, 4, 4, 44, 
372, 37, 60, 44, 53, 4, 62, 6, 60, 44, 
372, 37, 60, 44, 53, 4, 62, 4, 60, 44, 
372, 37, 56, 44, 53, 4, 62, 4, 4, 46, 
372, 37, 56, 44, 53, 4, 62, 4, 44, 44, 
372, 37, 60, 44, 49, 4, 62, 6, 52, 44, 
372, 37, 60, 44, 53, 4, 46, 4, 28, 44, 
372, 37, 62, 44, 53, 4, 54, 4, 44, 44, 
372, 37, 52, 44, 52, 4, 62, 6, 36, 58, 
372, 37, 60, 44, 53, 4, 62, 4, 20, 44, 
372, 37, 60, 44, 53, 4, 62, 4, 8, 44, 
372, 37, 56, 44, 53, 4, 62, 4, 44, 44, 
372, 37, 56, 44, 53, 4, 62, 6, 52, 60, 
372, 37, 52, 44, 61, 4, 62, 4, 20, 44, 
372, 37, 52, 44, 52, 4, 62, 4, 20, 46, 
372, 37, 52, 44, 53, 4, 62, 6, 12, 42, 
372, 37, 56, 44, 52, 4, 62, 6, 36, 62, 
372, 37, 52, 44, 52, 4, 62, 6, 36, 60, 
372, 37, 52, 44, 52, 4, 62, 6, 36, 46, 
372, 37, 52, 44, 61, 4, 63, 6, 36, 60, 
372, 37, 52, 44, 60, 4, 62, 6, 12, 58, 
372, 37, 56, 44, 52, 4, 62, 4, 36, 62, 
372, 37, 52, 44, 37, 4, 60, 6, 44, 52, 
372, 37, 52, 44, 57, 6, 63, 6, 36, 44, 
372, 37, 52, 44, 52, 4, 63, 6, 32, 60, 
372, 37, 52, 44, 60, 4, 62, 6, 36, 44, 
372, 37, 52, 44, 61, 4, 63, 6, 36, 62, 
372, 37, 60, 44, 53, 4, 63, 6, 36, 62, 
372, 37, 52, 44, 57, 6, 63, 6, 36, 44, 
372, 37, 52, 44, 57, 6, 63, 6, 36, 62, 
372, 37, 56, 44, 61, 4, 63, 6, 36, 46, 
372, 37, 60, 44, 53, 4, 63, 6, 36, 44, 
372, 37, 52, 44, 52, 4, 63, 6, 44, 62, 
372, 37, 60, 44, 57, 6, 43, 6, 36, 44, 
372, 37, 52, 44, 57, 4, 63, 6, 4, 44, 
372, 37, 52, 44, 57, 2, 63, 6, 36, 44, 
372, 37, 52, 44, 52, 4, 63, 6, 44, 62, 
372, 37, 52, 44, 52, 4, 63, 6, 44, 62, 
372, 37, 52, 44, 57, 6, 57, 6, 36, 60, 
372, 37, 60, 44, 53, 4, 43, 6, 36, 44, 
372, 37, 60, 44, 49, 4, 59, 6, 44, 45, 
372, 37, 52, 44, 60, 2, 63, 6, 4, 44, 
372, 37, 52, 44, 57, 6, 55, 6, 36, 44, 
372, 37, 60, 44, 57, 4, 59, 6, 44, 45, 
372, 37, 52, 44, 57, 6, 57, 6, 36, 41, 
372, 37, 52, 44, 57, 6, 61, 6, 44, 44, 
372, 37, 60, 44, 53, 6, 54, 6, 36, 44, 
372, 37, 60, 44, 49, 2, 63, 6, 4, 44, 
372, 37, 60, 44, 53, 6, 54, 6, 36, 44, 
372, 37, 60, 44, 61, 6, 58, 6, 36, 45, 
372, 37, 52, 44, 57, 6, 45, 6, 46, 44, 
372, 37, 52, 44, 57, 6, 45, 6, 14, 44, 
372, 37, 52, 44, 57, 2, 57, 6, 44, 41, 
372, 37, 60, 44, 53, 2, 62, 6, 36, 45, 
372, 37, 60, 44, 53, 6, 61, 6, 47, 44, 
372, 37, 52, 44, 53, 6, 47, 6, 38, 46, 
372, 37, 60, 44, 61, 4, 52, 6, 44, 36, 
372, 37, 52, 44, 57, 6, 45, 6, 14, 47, 
372, 37, 60, 44, 61, 6, 62, 6, 39, 44, 
372, 37, 61, 44, 52, 2, 59, 6, 46, 44, 
372, 37, 60, 44, 61, 4, 52, 6, 44, 36, 
372, 37, 52, 44, 55, 6, 63, 6, 47, 44, 
372, 37, 60, 44, 61, 4, 61, 6, 47, 36, 
372, 37, 60, 44, 52, 6, 59, 6, 46, 60, 
372, 37, 60, 44, 52, 2, 58, 6, 38, 44, 
372, 37, 62, 44, 61, 6, 52, 6, 44, 37, 
372, 37, 60, 44, 61, 6, 63, 6, 39, 44, 
372, 37, 61, 44, 61, 4, 63, 6, 39, 36, 
372, 37, 60, 44, 52, 6, 58, 6, 38, 44, 
372, 37, 60, 44, 52, 2, 51, 6, 5, 44, 
372, 37, 60, 44, 60, 6, 63, 6, 39, 36, 
372, 37, 60, 44, 61, 6, 59, 6, 38, 60, 
372, 37, 61, 44, 62, 6, 59, 6, 39, 52, 
372, 37, 60, 44, 52, 6, 58, 6, 7, 46, 
372, 37, 56, 44, 61, 6, 62, 6, 39, 44, 
372, 37, 60, 44, 49, 2, 59, 6, 38, 52, 
372, 37, 61, 44, 60, 6, 59, 6, 38, 36, 
372, 37, 60, 44, 54, 2, 51, 6, 39, 36, 
372, 37, 56, 44, 61, 6, 62, 6, 39, 40, 
372, 37, 60, 44, 52, 2, 59, 6, 6, 55, 
372, 37, 60, 44, 60, 6, 58, 6, 39, 44, 
372, 37, 61, 44, 52, 2, 51, 6, 55, 32, 
372, 37, 61, 44, 54, 2, 51, 6, 39, 36, 
372, 37, 56, 44, 52, 6, 59, 6, 6, 55, 
372, 37, 60, 44, 61, 2, 58, 6, 38, 43, 
372, 37, 56, 44, 53, 6, 58, 6, 39, 44, 
372, 37, 56, 44, 45, 6, 46, 6, 39, 36, 
372, 37, 57, 44, 63, 2, 58, 6, 39, 36, 
372, 37, 56, 44, 45, 6, 46, 6, 39, 36, 
372, 37, 56, 44, 45, 6, 59, 6, 39, 53, 
372, 37, 57, 44, 60, 6, 59, 6, 38, 53, 
372, 37, 60, 44, 53, 6, 58, 6, 55, 44, 
372, 37, 56, 44, 53, 6, 26, 4, 39, 36, 
372, 37, 52, 44, 44, 6, 59, 6, 38, 53, 
372, 37, 56, 44, 52, 6, 59, 6, 39, 53, 
372, 37, 57, 44, 60, 6, 59, 6, 38, 45, 
372, 37, 56, 44, 45, 6, 56, 4, 39, 36, 
372, 37, 57, 44, 60, 6, 59, 4, 39, 36, 
372, 37, 52, 44, 60, 6, 56, 4, 39, 32, 
372, 37, 57, 44, 60, 6, 26, 4, 7, 36, 
372, 37, 57, 44, 62, 6, 59, 6, 38, 45, 
372, 37, 56, 44, 60, 6, 56, 6, 7, 36, 
372, 37, 56, 44, 45, 6, 57, 4, 39, 53, 
372, 37, 57, 44, 60, 6, 59, 6, 54, 36, 
372, 37, 57, 44, 62, 6, 59, 6, 38, 45, 
372, 37, 57, 44, 62, 6, 59, 4, 39, 45, 
372, 37, 57, 44, 60, 6, 26, 4, 7, 36, 
372, 37, 56, 44, 52, 6, 58, 4, 7, 36, 
372, 37, 57, 44, 62, 6, 59, 4, 54, 45, 
372, 37, 57, 44, 60, 6, 59, 6, 22, 45, 
372, 37, 57, 44, 62, 6, 59, 4, 37, 45, 
372, 37, 57, 44, 60, 6, 26, 4, 7, 36, 
372, 37, 57, 44, 60, 6, 59, 6, 23, 36, 
372, 37, 57, 44, 62, 6, 43, 4, 54, 61, 
372, 37, 61, 44, 62, 6, 59, 4, 37, 61, 
372, 37, 57, 44, 62, 6, 27, 4, 39, 45, 
372, 37, 57, 44, 60, 6, 3, 4, 7, 32, 
372, 37, 57, 44, 62, 6, 59, 4, 37, 45, 
372, 37, 57, 44, 62, 6, 43, 4, 37, 63, 
372, 37, 61, 44, 62, 6, 43, 4, 52, 61, 
372, 37, 57, 44, 62, 6, 43, 4, 39, 47, 
372, 37, 57, 44, 60, 6, 59, 4, 38, 63, 
372, 37, 57, 44, 60, 6, 3, 4, 7, 32, 
372, 36, 57, 44, 30, 6, 43, 4, 39, 47, 
372, 37, 57, 44, 62, 6, 43, 4, 39, 47, 
372, 37, 57, 44, 60, 6, 59, 4, 38, 63, 
372, 37, 57, 44, 62, 6, 43, 4, 55, 43, 
372, 37, 61, 44, 60, 6, 59, 4, 38, 63, 
372, 36, 57, 44, 28, 6, 59, 4, 39, 63, 
372, 37, 57, 44, 60, 6, 27, 4, 34, 63, 
372, 37, 57, 44, 60, 6, 58, 4, 39, 47, 
372, 37, 57, 44, 62, 6, 43, 4, 55, 35, 
372, 37, 57, 44, 63, 6, 43, 4, 63, 11, 
372, 37, 57, 44, 62, 6, 43, 4, 39, 39, 
372, 37, 57, 44, 60, 6, 47, 4, 39, 39, 
372, 37, 57, 44, 60, 6, 27, 4, 63, 15, 
372, 37, 57, 44, 60, 6, 27, 4, 59, 27, 
372, 37, 51, 44, 60, 6, 59, 4, 39, 35, 
