22, 49, 19, 32, 47, 33, 52, 13, 3, 9, 
21, 45, 3, 41, 58, 34, 49, 1, 43, 8, 
20, 44, 43, 41, 33, 32, 51, 0, 43, 7, 
19, 49, 25, 35, 10, 60, 36, 5, 32, 4, 
18, 54, 23, 36, 47, 58, 21, 13, 43, 24, 
323, 49, 23, 40, 47, 1, 52, 5, 18, 15, 
156, 45, 3, 41, 62, 34, 21, 13, 43, 24, 
24, 44, 43, 43, 33, 32, 51, 0, 43, 4, 
21, 49, 19, 41, 56, 34, 49, 11, 43, 8, 
21, 53, 19, 41, 43, 37, 48, 1, 43, 25, 
313, 57, 19, 40, 57, 5, 1, 9, 10, 15, 
24, 49, 43, 43, 41, 32, 59, 0, 43, 4, 
24, 37, 19, 41, 47, 37, 48, 1, 47, 27, 
21, 40, 51, 41, 47, 0, 54, 5, 42, 15, 
21, 53, 19, 41, 43, 37, 50, 1, 43, 27, 
332, 44, 19, 41, 63, 4, 52, 1, 46, 11, 
33, 41, 19, 43, 41, 32, 57, 0, 47, 4, 
31, 57, 19, 48, 56, 7, 1, 9, 10, 11, 
30, 40, 51, 41, 47, 4, 50, 1, 43, 10, 
28, 45, 19, 40, 59, 5, 32, 9, 14, 27, 
352, 60, 19, 48, 60, 6, 37, 1, 10, 11, 
332, 44, 19, 41, 63, 4, 34, 1, 43, 10, 
327, 61, 19, 40, 59, 7, 8, 9, 7, 27, 
326, 44, 19, 41, 47, 5, 48, 1, 46, 43, 
39, 40, 19, 49, 57, 4, 50, 1, 46, 2, 
326, 44, 19, 41, 47, 5, 50, 1, 47, 42, 
314, 44, 19, 41, 41, 4, 50, 9, 46, 2, 
31, 44, 19, 45, 61, 4, 16, 1, 38, 43, 
25, 44, 19, 33, 41, 5, 32, 1, 46, 43, 
24, 44, 59, 41, 57, 53, 34, 1, 42, 10, 
337, 44, 19, 41, 61, 4, 16, 1, 38, 43, 
331, 45, 19, 41, 45, 4, 16, 1, 39, 42, 
326, 44, 19, 41, 47, 7, 50, 1, 47, 42, 
318, 44, 23, 41, 61, 0, 51, 1, 39, 43, 
314, 44, 18, 41, 41, 4, 50, 9, 46, 43, 
350, 44, 23, 41, 47, 2, 50, 1, 37, 42, 
340, 44, 17, 41, 47, 6, 58, 1, 47, 43, 
337, 44, 19, 41, 61, 4, 17, 1, 39, 42, 
337, 44, 19, 41, 61, 4, 16, 1, 47, 42, 
332, 44, 19, 41, 61, 4, 50, 1, 39, 43, 
350, 44, 23, 41, 47, 2, 50, 1, 45, 43, 
350, 44, 19, 43, 61, 2, 48, 1, 39, 42, 
350, 44, 23, 41, 63, 2, 50, 1, 35, 42, 
340, 44, 17, 41, 47, 6, 62, 1, 47, 42, 
340, 44, 20, 41, 46, 6, 58, 1, 47, 43, 
350, 44, 23, 41, 47, 2, 50, 1, 39, 42, 
350, 44, 23, 41, 47, 2, 50, 1, 39, 58, 
350, 44, 23, 41, 47, 2, 50, 1, 43, 42, 
350, 44, 23, 41, 47, 2, 50, 1, 43, 42, 
350, 44, 23, 41, 47, 2, 50, 1, 47, 47, 
350, 44, 23, 41, 39, 2, 18, 1, 43, 42, 
350, 44, 23, 41, 47, 2, 58, 1, 35, 42, 
350, 44, 23, 41, 47, 2, 50, 1, 43, 42, 
350, 44, 19, 41, 47, 2, 50, 1, 43, 42, 
350, 44, 23, 41, 9, 2, 50, 1, 42, 42, 
350, 44, 23, 41, 39, 2, 50, 1, 43, 42, 
350, 44, 23, 41, 47, 2, 48, 1, 43, 42, 
350, 44, 23, 41, 15, 2, 58, 1, 35, 40, 
350, 44, 19, 41, 47, 2, 58, 1, 43, 42, 
350, 44, 23, 41, 11, 2, 50, 1, 14, 42, 
350, 44, 23, 43, 39, 2, 50, 1, 43, 42, 
350, 44, 23, 41, 7, 2, 59, 1, 43, 42, 
350, 44, 23, 41, 51, 2, 50, 1, 11, 40, 
350, 44, 19, 41, 47, 2, 58, 1, 40, 42, 
350, 44, 23, 41, 39, 2, 52, 1, 46, 42, 
350, 44, 23, 41, 51, 2, 50, 1, 15, 40, 
350, 44, 23, 41, 43, 2, 42, 1, 40, 43, 
350, 44, 23, 43, 39, 2, 54, 1, 47, 42, 
350, 44, 23, 41, 15, 2, 59, 1, 40, 42, 
350, 44, 23, 41, 51, 2, 54, 1, 10, 40, 
350, 44, 23, 41, 35, 2, 26, 1, 6, 41, 
350, 44, 23, 41, 39, 2, 54, 1, 46, 42, 
350, 44, 23, 41, 35, 2, 30, 1, 47, 42, 
350, 44, 23, 41, 51, 2, 54, 1, 10, 40, 
350, 44, 23, 41, 63, 2, 46, 1, 42, 43, 
350, 44, 23, 41, 34, 2, 30, 1, 6, 34, 
350, 44, 19, 41, 39, 2, 46, 1, 34, 11, 
350, 46, 19, 41, 43, 2, 30, 1, 47, 42, 
350, 44, 23, 41, 35, 2, 54, 1, 10, 43, 
350, 44, 23, 41, 35, 2, 54, 1, 10, 32, 
350, 46, 19, 41, 39, 2, 46, 1, 34, 11, 
350, 44, 19, 41, 34, 2, 14, 1, 39, 11, 
350, 46, 23, 41, 42, 2, 30, 1, 39, 34, 
350, 44, 23, 41, 34, 2, 30, 1, 10, 43, 
350, 44, 23, 41, 34, 2, 30, 1, 6, 34, 
350, 46, 19, 41, 34, 2, 15, 1, 39, 11, 
350, 42, 19, 41, 47, 2, 62, 1, 34, 15, 
350, 44, 19, 41, 34, 2, 22, 1, 2, 11, 
350, 44, 23, 41, 42, 2, 14, 1, 55, 46, 
350, 44, 23, 41, 34, 2, 62, 1, 55, 38, 
350, 47, 19, 41, 34, 2, 22, 1, 2, 11, 
350, 44, 23, 41, 38, 2, 46, 1, 35, 11, 
350, 46, 23, 41, 42, 2, 14, 1, 55, 42, 
350, 46, 19, 41, 34, 2, 63, 1, 55, 38, 
350, 44, 23, 41, 34, 2, 14, 1, 39, 6, 
350, 47, 23, 41, 34, 2, 54, 1, 35, 43, 
350, 47, 19, 41, 36, 2, 22, 1, 7, 42, 
350, 47, 19, 42, 34, 2, 23, 1, 32, 38, 
350, 47, 18, 41, 34, 2, 22, 1, 34, 6, 
350, 44, 23, 41, 38, 2, 46, 1, 51, 42, 
350, 47, 23, 41, 36, 2, 22, 1, 7, 34, 
350, 46, 23, 41, 34, 2, 22, 1, 34, 6, 
350, 47, 19, 41, 34, 2, 54, 1, 34, 6, 
350, 47, 18, 41, 34, 2, 22, 1, 34, 34, 
350, 47, 19, 41, 38, 2, 44, 1, 49, 46, 
350, 47, 23, 43, 36, 2, 22, 1, 10, 6, 
350, 46, 23, 41, 38, 2, 22, 1, 2, 6, 
350, 47, 23, 41, 36, 2, 23, 1, 15, 34, 
350, 47, 19, 41, 38, 2, 54, 1, 6, 42, 
350, 45, 23, 41, 38, 2, 20, 1, 21, 34, 
350, 47, 23, 43, 38, 2, 22, 1, 2, 6, 
350, 46, 23, 41, 38, 2, 22, 1, 2, 6, 
350, 47, 23, 43, 44, 2, 6, 1, 11, 34, 
350, 47, 23, 41, 39, 2, 54, 1, 6, 42, 
350, 46, 23, 41, 36, 2, 23, 1, 15, 34, 
350, 47, 23, 43, 38, 2, 54, 1, 2, 10, 
350, 47, 23, 43, 38, 2, 22, 1, 6, 58, 
350, 47, 23, 41, 7, 2, 54, 1, 6, 42, 
350, 47, 19, 41, 39, 2, 22, 1, 6, 2, 
350, 47, 23, 43, 38, 2, 23, 1, 15, 2, 
350, 47, 23, 41, 7, 2, 54, 1, 6, 10, 
350, 47, 23, 43, 38, 2, 54, 1, 6, 2, 
350, 47, 23, 43, 38, 2, 54, 1, 15, 3, 
350, 47, 23, 46, 38, 2, 22, 1, 20, 42, 
350, 47, 23, 43, 38, 2, 22, 1, 2, 2, 
350, 46, 23, 43, 7, 2, 48, 1, 6, 2, 
350, 47, 23, 41, 38, 2, 54, 1, 4, 6, 
350, 47, 23, 41, 47, 2, 54, 1, 15, 2, 
350, 47, 23, 41, 7, 2, 54, 1, 14, 2, 
350, 47, 23, 45, 7, 2, 18, 1, 22, 10, 
350, 46, 23, 43, 15, 2, 54, 1, 14, 8, 
350, 46, 23, 41, 7, 2, 50, 1, 22, 2, 
350, 47, 23, 41, 7, 2, 48, 1, 6, 26, 
350, 47, 23, 41, 38, 2, 54, 1, 7, 10, 
350, 47, 23, 41, 54, 2, 54, 1, 15, 2, 
350, 46, 23, 41, 45, 2, 48, 1, 18, 2, 
350, 46, 23, 41, 7, 2, 48, 1, 34, 26, 
350, 47, 23, 41, 39, 2, 54, 1, 63, 2, 
350, 46, 23, 41, 38, 2, 54, 1, 6, 2, 
350, 46, 23, 41, 54, 2, 54, 1, 14, 2, 
350, 46, 23, 45, 15, 2, 48, 1, 18, 26, 
350, 44, 23, 41, 12, 2, 16, 1, 26, 3, 
350, 46, 23, 43, 45, 2, 38, 1, 59, 2, 
350, 47, 23, 41, 45, 2, 54, 1, 6, 2, 
350, 44, 23, 41, 55, 2, 50, 1, 14, 18, 
350, 46, 23, 44, 15, 2, 48, 1, 18, 3, 
350, 46, 23, 45, 30, 2, 48, 1, 26, 11, 
350, 46, 23, 45, 23, 2, 50, 1, 14, 26, 
350, 46, 23, 43, 12, 2, 50, 1, 26, 10, 
350, 44, 23, 41, 12, 2, 16, 1, 20, 2, 
350, 46, 23, 44, 31, 2, 48, 1, 26, 3, 
350, 46, 23, 44, 15, 2, 52, 1, 23, 26, 
350, 46, 23, 44, 31, 2, 48, 1, 22, 2, 
350, 46, 23, 44, 15, 2, 48, 1, 18, 14, 
350, 47, 19, 46, 14, 2, 50, 1, 26, 2, 
350, 46, 23, 44, 63, 2, 52, 1, 26, 3, 
350, 46, 23, 44, 31, 2, 48, 1, 22, 2, 
350, 46, 23, 44, 15, 2, 52, 1, 22, 30, 
350, 47, 19, 46, 15, 2, 48, 1, 23, 10, 
350, 46, 23, 44, 15, 2, 48, 1, 22, 10, 
350, 46, 23, 44, 31, 2, 48, 1, 30, 34, 
350, 46, 23, 44, 15, 2, 20, 1, 18, 19, 
350, 46, 23, 40, 63, 2, 52, 1, 23, 10, 
350, 47, 23, 45, 31, 2, 48, 1, 22, 11, 
350, 46, 23, 44, 47, 2, 48, 1, 22, 2, 
350, 46, 23, 44, 31, 2, 52, 1, 23, 10, 
350, 46, 23, 44, 15, 2, 48, 1, 30, 2, 
350, 46, 23, 40, 63, 2, 52, 1, 23, 10, 
350, 46, 23, 45, 11, 2, 48, 1, 18, 11, 
350, 47, 23, 44, 63, 2, 16, 1, 38, 2, 
350, 46, 23, 44, 63, 2, 54, 1, 30, 10, 
350, 46, 23, 44, 63, 2, 48, 1, 23, 26, 
350, 46, 19, 44, 31, 2, 52, 1, 18, 11, 
350, 46, 23, 45, 27, 2, 49, 1, 16, 10, 
350, 46, 23, 44, 63, 2, 16, 1, 40, 34, 
350, 46, 23, 44, 31, 2, 54, 1, 22, 11, 
350, 46, 23, 44, 27, 2, 52, 1, 18, 26, 
350, 46, 23, 45, 63, 2, 50, 1, 18, 10, 
350, 46, 23, 44, 61, 2, 16, 1, 40, 34, 
350, 46, 23, 44, 63, 2, 52, 1, 23, 27, 
350, 44, 23, 44, 27, 2, 52, 1, 50, 26, 
350, 46, 23, 45, 63, 2, 55, 1, 18, 10, 
350, 46, 23, 44, 31, 2, 54, 1, 0, 42, 
350, 46, 23, 44, 61, 2, 18, 1, 44, 34, 
350, 46, 23, 44, 53, 2, 20, 1, 56, 34, 
350, 45, 23, 44, 27, 2, 54, 1, 2, 59, 
350, 44, 23, 44, 31, 2, 50, 1, 58, 0, 
350, 46, 23, 44, 59, 2, 18, 1, 34, 18, 
350, 44, 23, 44, 63, 2, 52, 1, 58, 10, 
350, 46, 23, 44, 61, 2, 18, 1, 44, 34, 
350, 45, 23, 40, 31, 2, 50, 1, 58, 0, 
350, 45, 23, 44, 27, 2, 18, 1, 34, 18, 
350, 47, 23, 44, 57, 2, 50, 1, 46, 42, 
350, 44, 23, 44, 31, 2, 34, 1, 58, 2, 
350, 46, 23, 44, 63, 2, 50, 1, 50, 0, 
350, 45, 23, 40, 63, 2, 50, 1, 58, 10, 
350, 47, 23, 44, 59, 2, 50, 1, 34, 40, 
350, 45, 23, 44, 29, 2, 50, 1, 57, 2, 
350, 44, 23, 44, 31, 2, 18, 1, 58, 2, 
350, 46, 23, 44, 31, 2, 50, 1, 50, 1, 
350, 45, 23, 44, 55, 2, 50, 1, 34, 10, 
350, 45, 23, 44, 29, 2, 50, 1, 49, 2, 
350, 45, 23, 40, 61, 2, 48, 1, 57, 2, 
350, 44, 23, 44, 31, 2, 18, 1, 62, 2, 
350, 44, 23, 44, 31, 2, 58, 1, 58, 2, 
350, 45, 23, 44, 29, 2, 50, 1, 49, 2, 
350, 45, 23, 44, 55, 2, 18, 1, 62, 2, 
350, 44, 19, 44, 31, 2, 18, 1, 62, 10, 
350, 45, 23, 44, 31, 2, 58, 1, 1, 10, 
350, 47, 23, 44, 29, 2, 48, 1, 57, 2, 
350, 45, 23, 44, 21, 2, 18, 1, 62, 0, 
350, 45, 19, 44, 55, 2, 18, 1, 60, 2, 
350, 45, 23, 44, 31, 2, 18, 1, 58, 10, 
350, 45, 23, 44, 31, 2, 58, 1, 57, 0, 
350, 47, 23, 45, 29, 2, 48, 1, 57, 2, 
350, 47, 23, 45, 53, 2, 50, 1, 62, 2, 
350, 33, 23, 44, 21, 2, 18, 1, 50, 10, 
350, 45, 23, 44, 21, 2, 58, 1, 61, 1, 
350, 45, 23, 40, 61, 2, 48, 1, 57, 10, 
350, 37, 23, 44, 17, 2, 18, 1, 56, 3, 
350, 47, 23, 45, 21, 2, 18, 1, 50, 11, 
350, 47, 23, 45, 53, 2, 34, 1, 62, 6, 
350, 45, 23, 44, 53, 2, 50, 1, 50, 10, 
350, 37, 23, 44, 21, 2, 18, 1, 56, 10, 
350, 45, 23, 44, 53, 2, 16, 1, 43, 11, 
350, 47, 23, 45, 53, 2, 59, 1, 62, 38, 
350, 47, 23, 45, 21, 2, 18, 1, 56, 11, 
350, 47, 23, 45, 21, 2, 18, 1, 50, 11, 
350, 47, 23, 44, 53, 2, 16, 1, 59, 43, 
350, 47, 23, 44, 53, 2, 50, 1, 50, 26, 
350, 47, 23, 45, 52, 2, 43, 1, 56, 11, 
350, 47, 23, 45, 21, 2, 18, 1, 50, 34, 
350, 47, 23, 44, 53, 2, 49, 1, 62, 35, 
350, 47, 23, 44, 53, 2, 27, 1, 62, 42, 
350, 47, 23, 45, 53, 2, 59, 1, 50, 26, 
350, 47, 23, 45, 21, 2, 26, 1, 50, 43, 
350, 47, 23, 45, 53, 2, 43, 1, 58, 11, 
350, 47, 23, 45, 52, 2, 43, 1, 14, 51, 
350, 47, 23, 44, 53, 2, 18, 1, 62, 42, 
350, 47, 23, 45, 53, 2, 11, 1, 61, 43, 
350, 47, 23, 45, 21, 2, 10, 1, 51, 11, 
350, 47, 23, 45, 53, 2, 11, 1, 58, 43, 
350, 47, 23, 45, 17, 2, 18, 1, 54, 34, 
350, 47, 23, 44, 53, 2, 11, 1, 61, 43, 
350, 47, 23, 45, 60, 2, 43, 1, 62, 59, 
350, 47, 23, 44, 53, 2, 11, 1, 58, 43, 
350, 47, 23, 45, 21, 2, 22, 1, 54, 34, 
350, 47, 23, 45, 21, 2, 43, 1, 63, 59, 
350, 47, 23, 45, 53, 2, 11, 1, 29, 47, 
350, 47, 23, 45, 53, 2, 11, 1, 31, 38, 
350, 47, 23, 45, 53, 2, 43, 1, 54, 43, 
350, 45, 23, 44, 21, 2, 43, 1, 62, 59, 
350, 47, 23, 44, 53, 2, 3, 1, 63, 47, 
350, 47, 23, 45, 53, 2, 11, 1, 31, 46, 
350, 43, 23, 41, 55, 2, 11, 1, 63, 38, 
350, 47, 23, 44, 53, 2, 39, 1, 62, 41, 
350, 47, 23, 45, 53, 2, 11, 1, 31, 46, 
350, 47, 23, 45, 37, 2, 11, 1, 54, 43, 
350, 45, 23, 44, 21, 2, 43, 1, 55, 39, 
350, 45, 23, 44, 21, 2, 35, 1, 63, 47, 
350, 47, 23, 45, 53, 2, 11, 1, 61, 47, 
350, 47, 23, 44, 52, 2, 47, 1, 15, 46, 
350, 47, 23, 45, 37, 2, 11, 1, 54, 43, 
350, 47, 23, 44, 37, 2, 43, 1, 62, 43, 
350, 45, 23, 44, 28, 2, 33, 1, 54, 35, 
350, 47, 23, 45, 61, 2, 26, 1, 60, 11, 
350, 47, 23, 45, 53, 2, 27, 1, 54, 43, 
350, 47, 23, 44, 37, 2, 11, 1, 63, 47, 
350, 47, 23, 44, 28, 2, 33, 1, 52, 35, 
350, 47, 23, 44, 52, 2, 15, 1, 54, 43, 
350, 47, 23, 45, 61, 2, 27, 1, 54, 43, 
350, 47, 23, 45, 45, 2, 59, 1, 62, 43, 
350, 47, 23, 44, 37, 2, 11, 1, 63, 47, 
350, 47, 23, 45, 37, 2, 27, 1, 63, 43, 
350, 47, 23, 45, 53, 2, 11, 1, 52, 11, 
350, 47, 23, 45, 61, 2, 27, 1, 58, 43, 
350, 47, 23, 45, 45, 2, 59, 1, 62, 42, 
350, 47, 23, 46, 53, 2, 27, 1, 55, 47, 
350, 47, 23, 44, 61, 2, 31, 1, 55, 43, 
350, 47, 23, 45, 53, 2, 27, 1, 52, 11, 
350, 47, 23, 46, 60, 2, 27, 1, 59, 47, 
350, 47, 23, 45, 61, 2, 29, 1, 55, 43, 
350, 47, 23, 45, 61, 2, 23, 1, 55, 43, 
350, 47, 23, 45, 61, 2, 15, 1, 51, 43, 
350, 47, 23, 45, 60, 2, 27, 1, 52, 11, 
350, 47, 23, 44, 60, 2, 25, 1, 51, 47, 
350, 47, 23, 45, 57, 2, 23, 1, 23, 43, 
350, 47, 23, 45, 61, 2, 23, 1, 55, 43, 
350, 47, 23, 45, 61, 2, 13, 1, 19, 43, 
350, 47, 23, 45, 60, 2, 10, 1, 55, 11, 
350, 46, 23, 44, 60, 2, 25, 1, 19, 46, 
350, 47, 23, 45, 61, 2, 23, 1, 51, 43, 
350, 47, 23, 45, 53, 2, 29, 1, 59, 47, 
350, 47, 23, 45, 28, 2, 17, 1, 51, 43, 
350, 45, 23, 44, 60, 2, 29, 1, 19, 35, 
350, 47, 23, 44, 53, 2, 9, 1, 51, 47, 
350, 46, 23, 44, 60, 2, 25, 1, 19, 59, 
350, 47, 23, 45, 28, 2, 25, 1, 51, 43, 
350, 47, 23, 44, 60, 2, 25, 1, 51, 47, 
350, 47, 23, 45, 12, 2, 17, 1, 51, 43, 
350, 46, 23, 44, 53, 2, 29, 1, 51, 57, 
350, 47, 23, 44, 53, 2, 9, 1, 51, 43, 
350, 47, 23, 44, 21, 2, 9, 1, 51, 41, 
350, 47, 23, 44, 20, 2, 9, 1, 51, 47, 
350, 47, 23, 44, 53, 2, 17, 1, 51, 43, 
350, 46, 23, 45, 55, 2, 61, 1, 51, 13, 
350, 46, 23, 44, 21, 2, 11, 1, 51, 41, 
350, 46, 23, 44, 20, 2, 9, 1, 51, 47, 
350, 46, 23, 44, 21, 2, 11, 1, 51, 59, 
350, 46, 23, 44, 53, 2, 17, 1, 51, 43, 
350, 47, 23, 45, 55, 2, 61, 1, 51, 15, 
350, 46, 23, 40, 55, 2, 61, 1, 51, 59, 
350, 46, 23, 44, 53, 2, 41, 1, 51, 47, 
350, 44, 23, 37, 55, 2, 61, 1, 51, 15, 
350, 46, 23, 45, 63, 2, 17, 1, 35, 43, 
350, 47, 23, 46, 55, 2, 41, 1, 51, 15, 
350, 47, 23, 45, 55, 2, 61, 1, 51, 15, 
350, 47, 23, 45, 55, 2, 61, 1, 35, 43, 
350, 46, 23, 45, 63, 2, 53, 1, 35, 15, 
350, 46, 23, 40, 39, 2, 61, 1, 51, 47, 
350, 47, 23, 45, 55, 2, 61, 1, 51, 47, 
350, 47, 23, 46, 55, 2, 41, 1, 55, 31, 
350, 47, 23, 45, 55, 2, 49, 1, 35, 15, 
350, 47, 23, 46, 39, 2, 60, 1, 51, 47, 
350, 47, 23, 45, 55, 2, 61, 1, 35, 47, 
350, 47, 23, 45, 63, 2, 32, 1, 55, 31, 
350, 47, 23, 45, 55, 2, 45, 1, 51, 13, 
350, 47, 23, 45, 55, 2, 60, 1, 54, 31, 
350, 47, 23, 45, 55, 2, 19, 1, 35, 15, 
350, 47, 19, 45, 55, 2, 60, 1, 19, 47, 
350, 47, 19, 45, 63, 2, 32, 1, 55, 29, 
350, 47, 23, 45, 55, 2, 45, 1, 59, 13, 
350, 47, 23, 45, 51, 2, 60, 1, 51, 39, 
350, 47, 23, 45, 63, 2, 46, 1, 23, 55, 
350, 47, 23, 45, 55, 2, 61, 1, 54, 31, 
350, 47, 23, 45, 55, 2, 45, 1, 51, 29, 
350, 47, 19, 45, 63, 2, 34, 1, 23, 7, 
350, 47, 23, 45, 51, 2, 44, 1, 51, 37, 
350, 47, 23, 45, 55, 2, 53, 1, 59, 5, 
350, 47, 23, 45, 55, 2, 45, 1, 59, 15, 
350, 47, 23, 45, 51, 2, 44, 1, 55, 37, 
350, 47, 23, 45, 23, 2, 47, 1, 51, 29, 
350, 47, 19, 45, 63, 2, 21, 1, 59, 5, 
350, 47, 19, 45, 55, 2, 37, 1, 27, 47, 
350, 47, 23, 45, 51, 2, 44, 1, 25, 7, 
350, 47, 19, 45, 51, 2, 47, 1, 51, 29, 
350, 47, 23, 45, 51, 2, 44, 1, 59, 5, 
350, 47, 23, 45, 51, 2, 40, 1, 38, 63, 
350, 47, 23, 45, 19, 2, 44, 1, 59, 47, 
350, 47, 18, 45, 51, 2, 36, 1, 53, 47, 
350, 47, 19, 45, 51, 2, 44, 1, 59, 5, 
350, 47, 23, 45, 35, 2, 44, 1, 51, 5, 
350, 47, 19, 45, 51, 2, 47, 1, 51, 5, 
350, 47, 19, 45, 51, 2, 47, 1, 49, 31, 
350, 47, 19, 45, 50, 2, 46, 1, 55, 31, 
350, 47, 19, 45, 35, 2, 44, 1, 51, 37, 
350, 47, 23, 45, 51, 2, 44, 1, 51, 37, 
350, 47, 19, 45, 51, 2, 47, 1, 35, 5, 
350, 47, 19, 45, 35, 2, 44, 1, 56, 31, 
350, 47, 19, 45, 51, 2, 46, 1, 55, 31, 
350, 47, 19, 45, 35, 2, 44, 1, 51, 37, 
350, 47, 19, 45, 35, 2, 47, 1, 35, 5, 
350, 47, 19, 45, 35, 2, 45, 1, 51, 37, 
350, 47, 19, 41, 35, 2, 40, 1, 56, 31, 
350, 47, 18, 45, 19, 2, 46, 1, 55, 15, 
350, 47, 19, 45, 35, 2, 47, 1, 35, 5, 
350, 47, 19, 45, 35, 2, 47, 1, 34, 5, 
350, 47, 19, 45, 39, 2, 45, 1, 51, 39, 
350, 47, 19, 45, 35, 2, 45, 1, 51, 37, 
350, 47, 19, 44, 34, 2, 47, 1, 51, 7, 
350, 47, 19, 45, 35, 2, 46, 1, 34, 37, 
350, 47, 19, 45, 35, 2, 46, 1, 34, 5, 
350, 47, 19, 44, 55, 2, 45, 1, 35, 39, 
350, 47, 19, 45, 35, 2, 43, 1, 34, 37, 
350, 45, 19, 44, 34, 2, 47, 1, 51, 39, 
350, 47, 19, 45, 35, 2, 46, 1, 34, 5, 
350, 47, 19, 45, 34, 2, 15, 1, 51, 23, 
350, 47, 19, 45, 23, 2, 46, 1, 35, 7, 
350, 45, 19, 44, 35, 2, 40, 1, 35, 39, 
350, 47, 19, 45, 35, 2, 43, 1, 2, 5, 
350, 47, 23, 45, 33, 2, 15, 1, 35, 21, 
350, 47, 18, 41, 35, 2, 14, 1, 35, 21, 
350, 47, 19, 45, 35, 2, 46, 1, 34, 7, 
350, 47, 19, 45, 34, 2, 47, 1, 35, 7, 
350, 47, 19, 45, 23, 2, 40, 1, 43, 55, 
350, 47, 19, 45, 35, 2, 15, 1, 35, 21, 
350, 47, 23, 45, 34, 2, 47, 1, 35, 7, 
350, 47, 19, 45, 37, 2, 42, 1, 35, 21, 
350, 47, 19, 45, 35, 2, 46, 1, 34, 7, 
350, 46, 18, 41, 51, 2, 14, 1, 35, 6, 
350, 47, 19, 45, 35, 2, 47, 1, 35, 7, 
350, 47, 23, 45, 35, 2, 11, 1, 35, 21, 
350, 45, 19, 41, 35, 2, 14, 1, 34, 5, 
350, 46, 19, 45, 35, 2, 5, 1, 35, 22, 
350, 47, 19, 45, 35, 2, 11, 1, 35, 4, 
350, 47, 19, 45, 35, 2, 47, 1, 43, 21, 
350, 47, 19, 41, 11, 2, 63, 1, 3, 39, 
350, 47, 19, 45, 35, 2, 45, 1, 35, 7, 
350, 46, 19, 41, 33, 2, 1, 1, 35, 22, 
350, 47, 23, 45, 35, 2, 11, 1, 49, 5, 
350, 42, 23, 41, 11, 2, 63, 1, 19, 6, 
350, 43, 19, 41, 33, 2, 47, 1, 11, 21, 
350, 47, 19, 45, 35, 2, 47, 1, 9, 7, 
350, 47, 19, 45, 35, 2, 39, 1, 59, 37, 
350, 47, 19, 45, 35, 2, 47, 1, 3, 39, 
350, 42, 23, 41, 35, 2, 38, 1, 59, 37, 
350, 43, 19, 41, 35, 2, 47, 1, 9, 17, 
350, 47, 19, 41, 49, 2, 43, 1, 11, 23, 
350, 47, 19, 45, 35, 2, 15, 1, 15, 7, 
350, 47, 18, 45, 35, 2, 39, 1, 59, 55, 
350, 47, 19, 41, 49, 2, 43, 1, 11, 23, 
350, 43, 19, 43, 33, 2, 39, 1, 59, 39, 
350, 47, 19, 41, 51, 2, 43, 1, 15, 7, 
350, 47, 19, 41, 57, 2, 47, 1, 11, 55, 
350, 47, 18, 45, 35, 2, 15, 1, 59, 39, 
350, 47, 19, 41, 49, 2, 39, 1, 43, 39, 
350, 43, 19, 41, 51, 2, 43, 1, 31, 7, 
350, 47, 19, 41, 56, 2, 43, 1, 11, 23, 
350, 47, 23, 41, 49, 2, 43, 1, 11, 55, 
350, 47, 19, 41, 49, 2, 42, 1, 11, 23, 
350, 47, 19, 41, 51, 2, 39, 1, 46, 39, 
350, 47, 19, 41, 49, 2, 39, 1, 15, 23, 
350, 45, 19, 41, 56, 2, 43, 1, 11, 23, 
350, 47, 23, 43, 48, 2, 43, 1, 11, 55, 
350, 43, 19, 41, 17, 2, 34, 1, 9, 23, 
350, 46, 19, 41, 50, 2, 35, 1, 46, 63, 
350, 47, 23, 43, 32, 2, 11, 1, 11, 55, 
350, 43, 19, 41, 49, 2, 35, 1, 44, 51, 
350, 47, 19, 43, 57, 2, 7, 1, 13, 22, 
350, 45, 19, 41, 56, 2, 43, 1, 11, 55, 
350, 46, 23, 43, 32, 2, 27, 1, 11, 55, 
350, 46, 19, 41, 34, 2, 43, 1, 46, 55, 
350, 46, 19, 41, 50, 2, 43, 1, 44, 51, 
350, 47, 19, 45, 58, 2, 35, 1, 47, 55, 
350, 47, 23, 43, 40, 2, 43, 1, 11, 55, 
350, 46, 23, 43, 35, 2, 27, 1, 15, 47, 
350, 46, 23, 43, 34, 2, 43, 1, 44, 51, 
350, 47, 19, 45, 40, 2, 27, 1, 11, 55, 
350, 46, 23, 43, 32, 2, 59, 1, 13, 54, 
350, 46, 23, 42, 32, 2, 31, 1, 11, 55, 
350, 46, 23, 43, 38, 2, 27, 1, 44, 51, 
350, 47, 18, 43, 43, 2, 27, 1, 15, 63, 
350, 46, 23, 42, 32, 2, 31, 1, 11, 55, 
350, 46, 23, 42, 32, 2, 31, 1, 11, 55, 
350, 47, 23, 45, 10, 2, 27, 1, 8, 51, 
350, 46, 23, 43, 38, 2, 27, 1, 46, 51, 
350, 46, 23, 43, 40, 2, 31, 1, 15, 63, 
350, 46, 19, 42, 43, 2, 27, 1, 15, 55, 
350, 47, 23, 45, 43, 2, 27, 1, 14, 53, 
350, 46, 19, 42, 32, 2, 31, 1, 11, 55, 
350, 47, 23, 41, 35, 2, 31, 1, 10, 49, 
350, 46, 23, 43, 38, 2, 27, 1, 11, 51, 
350, 46, 23, 43, 40, 2, 27, 1, 7, 47, 
350, 47, 23, 45, 43, 2, 27, 1, 14, 53, 
350, 46, 19, 41, 56, 2, 27, 1, 14, 61, 
350, 43, 23, 41, 40, 2, 27, 1, 7, 47, 
350, 46, 23, 41, 42, 2, 27, 1, 3, 53, 
350, 47, 23, 41, 11, 2, 27, 1, 26, 53, 
350, 47, 23, 41, 35, 2, 31, 1, 14, 61, 
350, 46, 19, 41, 50, 2, 27, 1, 14, 49, 
350, 43, 23, 41, 56, 2, 11, 1, 26, 53, 
350, 43, 23, 42, 35, 2, 31, 1, 14, 61, 
350, 47, 23, 41, 43, 2, 19, 1, 7, 60, 
350, 43, 23, 41, 42, 2, 30, 1, 6, 63, 
350, 43, 23, 43, 50, 2, 27, 1, 14, 49, 
350, 42, 23, 41, 24, 2, 11, 1, 46, 57, 
350, 47, 23, 41, 43, 2, 3, 1, 7, 60, 
350, 43, 23, 41, 59, 2, 27, 1, 14, 33, 
350, 43, 23, 41, 56, 2, 43, 1, 30, 49, 
350, 43, 19, 41, 56, 2, 27, 1, 10, 48, 
350, 42, 23, 41, 24, 2, 11, 1, 39, 60, 
350, 43, 23, 41, 56, 2, 43, 1, 14, 49, 
350, 42, 23, 40, 24, 2, 27, 1, 10, 48, 
350, 42, 19, 41, 56, 2, 27, 1, 37, 56, 
350, 47, 19, 41, 56, 2, 11, 1, 10, 48, 
350, 42, 23, 41, 56, 2, 26, 1, 37, 56, 
350, 42, 23, 41, 24, 2, 11, 1, 37, 56, 
350, 42, 23, 41, 24, 2, 11, 1, 10, 48, 
350, 47, 19, 41, 60, 2, 11, 1, 10, 48, 
350, 43, 19, 41, 56, 2, 11, 1, 39, 41, 
351, 40, 23, 33, 24, 2, 27, 1, 45, 56, 
350, 42, 23, 41, 56, 2, 58, 1, 37, 56, 
350, 42, 23, 41, 24, 2, 11, 1, 10, 48, 
350, 42, 19, 41, 24, 2, 11, 1, 10, 48, 
350, 42, 23, 41, 24, 2, 11, 1, 39, 56, 
351, 40, 23, 33, 56, 2, 50, 1, 45, 56, 
351, 40, 23, 33, 26, 2, 11, 1, 10, 48, 
351, 40, 23, 33, 24, 2, 47, 1, 15, 48, 
351, 40, 23, 33, 24, 2, 27, 1, 26, 48, 
351, 40, 23, 33, 24, 2, 27, 1, 45, 56, 
351, 40, 23, 33, 26, 2, 11, 1, 10, 32, 
351, 40, 23, 33, 62, 2, 27, 1, 40, 48, 
351, 40, 23, 33, 56, 2, 50, 1, 15, 48, 
351, 40, 23, 33, 26, 2, 27, 1, 45, 44, 
351, 40, 23, 33, 24, 2, 27, 1, 26, 48, 
351, 40, 23, 33, 27, 2, 27, 1, 40, 48, 
351, 40, 23, 33, 26, 2, 10, 1, 10, 56, 
351, 40, 23, 33, 11, 2, 27, 1, 10, 48, 
351, 40, 23, 33, 58, 2, 11, 1, 61, 44, 
351, 40, 23, 33, 26, 2, 11, 1, 45, 44, 
351, 40, 23, 33, 27, 2, 10, 1, 10, 56, 
351, 40, 23, 33, 26, 2, 26, 1, 40, 48, 
351, 40, 23, 33, 26, 2, 11, 1, 45, 36, 
351, 40, 23, 33, 11, 2, 27, 1, 40, 40, 
351, 40, 23, 33, 31, 2, 27, 1, 40, 4, 
351, 40, 23, 33, 26, 2, 26, 1, 8, 48, 
351, 40, 23, 33, 27, 2, 11, 1, 47, 36, 
351, 40, 23, 33, 26, 2, 11, 1, 37, 36, 
351, 40, 23, 33, 11, 2, 26, 1, 0, 24, 
351, 40, 23, 33, 27, 2, 10, 1, 8, 4, 
351, 40, 23, 33, 19, 2, 26, 1, 15, 48, 
351, 40, 23, 33, 18, 2, 11, 1, 37, 36, 
351, 40, 23, 33, 30, 2, 26, 1, 44, 36, 
351, 40, 23, 33, 26, 2, 26, 1, 2, 24, 
351, 40, 23, 33, 27, 2, 26, 1, 8, 0, 
351, 40, 23, 33, 18, 2, 7, 1, 37, 36, 
351, 40, 23, 33, 22, 2, 10, 1, 47, 32, 
351, 40, 23, 33, 26, 2, 30, 1, 6, 50, 
351, 40, 23, 33, 28, 2, 26, 1, 34, 24, 
351, 40, 23, 33, 26, 2, 26, 1, 36, 52, 
351, 40, 23, 33, 22, 2, 3, 1, 37, 32, 
351, 40, 23, 33, 26, 2, 6, 1, 35, 36, 
351, 40, 23, 33, 12, 2, 26, 1, 34, 56, 
351, 40, 23, 33, 16, 2, 26, 1, 40, 16, 
351, 40, 23, 33, 58, 2, 23, 1, 37, 36, 
351, 40, 23, 33, 22, 2, 11, 1, 34, 56, 
351, 40, 23, 33, 50, 2, 7, 1, 37, 0, 
351, 40, 23, 33, 58, 2, 23, 1, 37, 36, 
351, 40, 23, 33, 26, 2, 26, 1, 34, 56, 
351, 40, 23, 33, 26, 2, 18, 1, 33, 16, 
351, 40, 23, 33, 22, 2, 10, 1, 34, 56, 
351, 40, 23, 33, 50, 2, 23, 1, 37, 36, 
351, 40, 23, 33, 50, 2, 23, 1, 37, 44, 
351, 40, 23, 33, 58, 2, 3, 1, 37, 16, 
351, 40, 23, 33, 18, 2, 15, 1, 47, 8, 
351, 40, 23, 33, 22, 2, 21, 1, 37, 36, 
351, 40, 23, 33, 18, 2, 30, 1, 35, 56, 
351, 40, 23, 33, 18, 2, 2, 1, 42, 54, 
351, 40, 23, 33, 58, 2, 3, 1, 37, 16, 
351, 40, 23, 33, 22, 2, 10, 1, 47, 8, 
351, 40, 23, 33, 22, 2, 22, 1, 35, 56, 
351, 40, 23, 33, 18, 2, 5, 1, 39, 36, 
351, 40, 23, 33, 18, 2, 2, 1, 42, 54, 
351, 40, 23, 33, 18, 2, 3, 1, 37, 16, 
351, 40, 23, 33, 18, 2, 3, 1, 37, 16, 
351, 40, 23, 33, 22, 2, 54, 1, 3, 61, 
351, 40, 23, 34, 18, 2, 20, 1, 43, 32, 
351, 40, 23, 33, 22, 2, 22, 1, 38, 22, 
351, 40, 23, 33, 18, 2, 3, 1, 37, 18, 
351, 40, 23, 33, 18, 2, 3, 1, 39, 52, 
351, 40, 23, 33, 22, 2, 28, 1, 38, 54, 
351, 40, 23, 33, 18, 2, 50, 1, 1, 18, 
351, 40, 23, 33, 18, 2, 3, 1, 39, 52, 
351, 40, 23, 33, 22, 2, 3, 1, 37, 20, 
350, 40, 23, 35, 21, 2, 54, 1, 3, 54, 
351, 40, 23, 33, 22, 2, 28, 1, 38, 52, 
351, 40, 23, 33, 22, 2, 27, 1, 38, 54, 
351, 40, 23, 33, 22, 2, 24, 1, 45, 52, 
351, 40, 23, 33, 22, 2, 3, 1, 37, 20, 
351, 40, 23, 33, 18, 2, 3, 1, 39, 52, 
351, 40, 23, 33, 22, 2, 20, 1, 6, 54, 
351, 40, 23, 33, 22, 2, 28, 1, 36, 53, 
351, 40, 23, 33, 22, 2, 19, 1, 36, 20, 
351, 40, 23, 33, 22, 2, 19, 1, 38, 53, 
351, 40, 23, 33, 38, 2, 8, 1, 45, 52, 
351, 40, 23, 33, 22, 2, 17, 1, 46, 52, 
351, 40, 23, 33, 22, 2, 16, 1, 14, 55, 
351, 40, 23, 33, 22, 2, 20, 1, 36, 53, 
351, 40, 23, 33, 23, 2, 27, 1, 36, 53, 
351, 40, 23, 33, 22, 2, 18, 1, 38, 53, 
351, 40, 23, 33, 22, 2, 17, 1, 38, 53, 
351, 40, 23, 33, 38, 2, 24, 1, 44, 53, 
351, 40, 23, 33, 22, 2, 16, 1, 38, 53, 
351, 40, 23, 33, 22, 2, 27, 1, 36, 53, 
351, 40, 23, 33, 22, 2, 18, 1, 4, 53, 
351, 40, 23, 33, 22, 2, 17, 1, 39, 21, 
351, 40, 23, 33, 22, 2, 25, 1, 38, 53, 
351, 40, 23, 33, 38, 2, 18, 1, 5, 53, 
351, 40, 23, 33, 54, 2, 26, 1, 36, 53, 
351, 40, 23, 33, 54, 2, 27, 1, 44, 49, 
351, 40, 23, 33, 54, 2, 19, 1, 45, 21, 
351, 40, 23, 33, 22, 2, 17, 1, 36, 53, 
351, 40, 23, 33, 54, 2, 17, 1, 38, 60, 
351, 40, 23, 33, 46, 2, 24, 1, 36, 53, 
351, 40, 23, 33, 54, 2, 18, 1, 4, 53, 
351, 40, 23, 33, 54, 2, 19, 1, 45, 60, 
351, 40, 23, 33, 22, 2, 17, 1, 38, 53, 
351, 40, 23, 33, 22, 2, 24, 1, 36, 53, 
351, 40, 23, 33, 22, 2, 17, 1, 36, 52, 
351, 40, 23, 33, 54, 2, 18, 1, 36, 53, 
351, 40, 23, 33, 50, 2, 19, 1, 32, 21, 
351, 40, 23, 33, 54, 2, 26, 1, 45, 60, 
351, 40, 23, 33, 54, 2, 17, 1, 36, 52, 
351, 40, 23, 33, 54, 2, 19, 1, 36, 36, 
351, 40, 23, 33, 54, 2, 19, 1, 36, 53, 
351, 40, 23, 33, 50, 2, 17, 1, 38, 20, 
351, 40, 23, 33, 54, 2, 23, 1, 37, 21, 
351, 40, 23, 33, 42, 2, 19, 1, 36, 20, 
351, 40, 23, 33, 54, 2, 19, 1, 32, 36, 
351, 40, 23, 33, 50, 2, 19, 1, 0, 20, 
351, 40, 23, 33, 54, 2, 23, 1, 37, 21, 
351, 40, 23, 33, 52, 2, 21, 1, 37, 21, 
351, 40, 23, 33, 58, 2, 19, 1, 36, 20, 
351, 40, 23, 33, 50, 2, 11, 1, 32, 36, 
351, 40, 23, 33, 50, 2, 17, 1, 46, 52, 
351, 40, 23, 33, 58, 2, 23, 1, 36, 20, 
351, 40, 23, 33, 50, 2, 19, 1, 37, 4, 
351, 40, 23, 33, 50, 2, 21, 1, 46, 52, 
351, 40, 23, 33, 53, 2, 27, 1, 36, 20, 
351, 40, 23, 33, 52, 2, 11, 1, 32, 36, 
351, 40, 23, 33, 58, 2, 21, 1, 46, 52, 
351, 40, 23, 33, 59, 2, 31, 1, 36, 20, 
351, 40, 23, 33, 20, 2, 27, 1, 32, 20, 
351, 40, 23, 33, 56, 2, 11, 1, 36, 36, 
351, 40, 23, 33, 58, 2, 39, 1, 36, 20, 
351, 40, 23, 33, 20, 2, 27, 1, 32, 22, 
351, 40, 23, 33, 30, 2, 17, 1, 46, 52, 
351, 40, 23, 33, 58, 2, 53, 1, 32, 36, 
351, 40, 23, 33, 58, 2, 21, 1, 39, 16, 
351, 40, 23, 33, 58, 2, 21, 1, 44, 52, 
351, 40, 23, 33, 20, 2, 25, 1, 38, 54, 
351, 40, 23, 33, 28, 2, 27, 1, 32, 20, 
351, 40, 23, 33, 26, 2, 21, 1, 44, 52, 
351, 40, 23, 33, 58, 2, 52, 1, 46, 36, 
351, 40, 23, 33, 58, 2, 19, 1, 46, 52, 
351, 40, 23, 33, 48, 2, 25, 1, 38, 16, 
351, 40, 23, 33, 20, 2, 27, 1, 50, 54, 
351, 40, 23, 33, 30, 2, 29, 1, 60, 54, 
351, 40, 23, 33, 22, 2, 52, 1, 46, 36, 
351, 40, 23, 33, 62, 2, 18, 1, 38, 20, 
351, 40, 23, 33, 20, 2, 25, 1, 34, 18, 
351, 40, 23, 33, 54, 2, 60, 1, 46, 32, 
351, 40, 23, 33, 58, 2, 25, 1, 38, 20, 
351, 40, 23, 33, 22, 2, 52, 1, 46, 36, 
351, 40, 23, 33, 26, 2, 29, 1, 44, 38, 
351, 40, 23, 33, 50, 2, 25, 1, 39, 22, 
351, 40, 23, 33, 22, 2, 49, 1, 46, 36, 
351, 40, 23, 33, 22, 2, 48, 1, 40, 54, 
351, 40, 23, 33, 22, 2, 24, 1, 42, 54, 
351, 40, 23, 33, 50, 2, 25, 1, 38, 20, 
351, 40, 23, 33, 50, 2, 48, 1, 46, 36, 
351, 40, 23, 33, 22, 2, 48, 1, 40, 54, 
351, 40, 23, 33, 22, 2, 24, 1, 42, 55, 
351, 40, 23, 33, 50, 2, 24, 1, 39, 20, 
351, 40, 23, 33, 22, 2, 34, 1, 46, 38, 
351, 40, 23, 33, 54, 2, 48, 1, 36, 36, 
351, 40, 23, 33, 22, 2, 48, 1, 46, 45, 
351, 40, 23, 33, 50, 2, 56, 1, 46, 4, 
351, 40, 23, 33, 50, 2, 16, 1, 7, 4, 
351, 40, 23, 33, 50, 2, 16, 1, 46, 38, 
351, 40, 23, 33, 50, 2, 56, 1, 46, 5, 
351, 40, 23, 33, 54, 2, 56, 1, 46, 36, 
351, 40, 23, 33, 51, 2, 48, 1, 44, 44, 
351, 40, 23, 33, 55, 2, 24, 1, 14, 4, 
351, 40, 23, 33, 22, 2, 48, 1, 46, 45, 
351, 40, 23, 33, 54, 2, 58, 1, 46, 36, 
351, 40, 23, 33, 54, 2, 56, 1, 46, 5, 
351, 40, 23, 33, 62, 2, 56, 1, 42, 36, 
351, 40, 23, 33, 50, 2, 48, 1, 44, 44, 
351, 40, 23, 33, 50, 2, 56, 1, 45, 12, 
351, 40, 23, 33, 54, 2, 56, 1, 46, 5, 
351, 40, 23, 33, 50, 2, 56, 1, 45, 28, 
351, 40, 23, 33, 54, 2, 62, 1, 13, 44, 
351, 40, 23, 33, 62, 2, 56, 1, 42, 36, 
351, 40, 23, 33, 62, 2, 56, 1, 42, 36, 
351, 40, 23, 33, 50, 2, 56, 1, 45, 29, 
351, 40, 23, 33, 50, 2, 56, 1, 46, 5, 
351, 40, 23, 33, 54, 2, 60, 1, 10, 36, 
351, 40, 23, 33, 50, 2, 56, 1, 31, 44, 
351, 40, 23, 33, 62, 2, 8, 1, 43, 60, 
351, 40, 23, 33, 50, 2, 56, 1, 63, 12, 
351, 40, 23, 33, 50, 2, 58, 1, 45, 52, 
351, 40, 23, 33, 50, 2, 56, 1, 15, 44, 
351, 40, 23, 33, 54, 2, 40, 1, 42, 28, 
351, 40, 23, 33, 50, 2, 56, 1, 23, 60, 
351, 40, 23, 33, 58, 2, 58, 1, 45, 52, 
351, 40, 23, 33, 50, 2, 58, 1, 45, 48, 
351, 40, 23, 33, 50, 2, 58, 1, 46, 14, 
351, 40, 23, 33, 50, 2, 60, 1, 15, 44, 
351, 40, 23, 33, 50, 2, 56, 1, 7, 44, 
351, 40, 23, 33, 58, 2, 58, 1, 45, 20, 
351, 40, 23, 33, 51, 2, 58, 1, 46, 14, 
351, 40, 23, 33, 56, 2, 60, 1, 15, 44, 
351, 40, 23, 33, 50, 2, 58, 1, 47, 14, 
351, 40, 23, 33, 51, 2, 56, 1, 47, 46, 
351, 40, 23, 33, 59, 2, 58, 1, 45, 30, 
351, 40, 23, 33, 58, 2, 46, 1, 47, 14, 
351, 40, 23, 33, 58, 2, 58, 1, 15, 14, 
351, 40, 23, 33, 57, 2, 56, 1, 45, 46, 
351, 40, 23, 33, 50, 2, 26, 1, 47, 14, 
351, 40, 23, 33, 50, 2, 26, 1, 45, 14, 
351, 40, 23, 33, 59, 2, 42, 1, 13, 14, 
351, 40, 23, 33, 41, 2, 57, 1, 45, 46, 
351, 40, 23, 33, 62, 2, 2, 1, 15, 14, 
351, 40, 23, 33, 57, 2, 26, 1, 47, 14, 
351, 40, 23, 33, 50, 2, 18, 1, 13, 6, 
351, 40, 23, 33, 43, 2, 41, 1, 13, 14, 
351, 40, 23, 33, 48, 2, 25, 1, 45, 46, 
351, 40, 23, 33, 41, 2, 58, 1, 47, 14, 
350, 40, 23, 37, 59, 2, 34, 1, 14, 14, 
351, 40, 23, 33, 50, 2, 18, 1, 45, 42, 
351, 40, 23, 33, 48, 2, 17, 1, 13, 6, 
351, 40, 23, 33, 18, 2, 16, 1, 5, 12, 
351, 40, 23, 33, 33, 2, 58, 1, 15, 14, 
351, 40, 23, 33, 18, 2, 18, 1, 14, 14, 
351, 40, 23, 33, 18, 2, 16, 1, 5, 13, 
351, 40, 23, 33, 48, 2, 18, 1, 15, 14, 
351, 40, 23, 33, 18, 2, 18, 1, 46, 46, 
351, 40, 23, 33, 34, 2, 17, 1, 5, 6, 
351, 40, 23, 33, 52, 2, 18, 1, 6, 14, 
351, 40, 23, 33, 18, 2, 18, 1, 4, 46, 
351, 40, 23, 33, 34, 2, 17, 1, 53, 13, 
351, 40, 23, 33, 50, 2, 18, 1, 14, 46, 
351, 40, 23, 33, 48, 2, 18, 1, 6, 14, 
351, 40, 23, 33, 52, 2, 18, 1, 15, 12, 
351, 40, 23, 33, 58, 2, 18, 1, 12, 46, 
351, 40, 23, 33, 32, 2, 18, 1, 2, 30, 
351, 40, 23, 33, 26, 2, 18, 1, 4, 46, 
351, 40, 23, 33, 52, 2, 18, 1, 15, 12, 
351, 40, 23, 33, 50, 2, 1, 1, 53, 43, 
351, 40, 23, 33, 26, 2, 18, 1, 4, 46, 
351, 40, 23, 33, 18, 2, 1, 1, 53, 43, 
351, 40, 23, 33, 58, 2, 1, 1, 53, 43, 
351, 40, 23, 33, 40, 2, 18, 1, 0, 30, 
351, 40, 23, 33, 50, 2, 34, 1, 18, 58, 
351, 40, 23, 33, 58, 2, 0, 1, 21, 47, 
351, 40, 23, 33, 26, 2, 0, 1, 4, 20, 
351, 40, 23, 33, 40, 2, 18, 1, 2, 14, 
351, 40, 23, 33, 18, 2, 34, 1, 0, 42, 
351, 40, 23, 33, 50, 2, 0, 1, 52, 13, 
351, 40, 23, 33, 18, 2, 0, 1, 4, 30, 
351, 40, 23, 33, 58, 2, 0, 1, 16, 42, 
351, 40, 23, 33, 59, 2, 0, 1, 28, 13, 
351, 40, 23, 33, 50, 2, 34, 1, 2, 42, 
351, 40, 23, 33, 26, 2, 20, 1, 52, 7, 
351, 40, 23, 33, 18, 2, 0, 1, 16, 34, 
351, 40, 23, 33, 22, 2, 0, 1, 20, 14, 
351, 40, 23, 33, 19, 2, 20, 1, 20, 6, 
351, 40, 23, 33, 30, 2, 0, 1, 28, 13, 
351, 40, 23, 33, 43, 2, 0, 1, 28, 40, 
351, 40, 23, 33, 18, 2, 1, 1, 0, 14, 
351, 40, 23, 33, 22, 2, 0, 1, 16, 33, 
351, 40, 23, 33, 22, 2, 5, 1, 20, 6, 
351, 40, 23, 33, 22, 2, 16, 1, 28, 45, 
351, 40, 23, 33, 43, 2, 0, 1, 28, 44, 
351, 40, 23, 33, 23, 2, 1, 1, 0, 11, 
351, 40, 23, 33, 18, 2, 1, 1, 0, 44, 
351, 40, 23, 33, 34, 2, 17, 1, 20, 46, 
351, 40, 23, 33, 22, 2, 5, 1, 20, 38, 
351, 40, 23, 33, 22, 2, 0, 1, 20, 45, 
351, 40, 23, 33, 18, 2, 1, 1, 0, 45, 
351, 40, 23, 33, 21, 2, 0, 1, 0, 9, 
351, 40, 23, 33, 22, 2, 17, 1, 0, 13, 
351, 40, 23, 33, 22, 2, 1, 1, 20, 45, 
351, 40, 23, 33, 58, 2, 16, 1, 22, 41, 
351, 40, 23, 33, 19, 2, 1, 1, 0, 45, 
351, 40, 23, 33, 21, 2, 0, 1, 4, 13, 
351, 40, 23, 33, 22, 2, 1, 1, 20, 45, 
351, 40, 23, 33, 21, 2, 32, 1, 22, 41, 
351, 40, 23, 33, 61, 2, 0, 1, 22, 27, 
351, 40, 23, 33, 16, 2, 1, 1, 4, 13, 
351, 40, 23, 33, 19, 2, 37, 1, 20, 41, 
351, 40, 23, 33, 27, 2, 1, 1, 22, 27, 
351, 40, 23, 33, 22, 2, 1, 1, 20, 45, 
351, 40, 23, 33, 20, 2, 1, 1, 4, 45, 
351, 40, 23, 33, 19, 2, 37, 1, 20, 45, 
351, 40, 23, 33, 17, 2, 33, 1, 20, 45, 
351, 40, 23, 33, 28, 2, 1, 1, 0, 13, 
351, 40, 23, 33, 20, 2, 1, 1, 0, 45, 
351, 40, 23, 33, 31, 2, 1, 1, 4, 15, 
351, 40, 23, 33, 20, 2, 37, 1, 16, 44, 
351, 40, 23, 33, 31, 2, 37, 1, 1, 9, 
351, 40, 23, 33, 30, 2, 33, 1, 20, 13, 
351, 40, 23, 33, 20, 2, 1, 1, 0, 45, 
351, 40, 23, 33, 31, 2, 1, 1, 4, 15, 
351, 40, 23, 34, 29, 2, 37, 1, 0, 12, 
351, 40, 23, 33, 20, 2, 1, 1, 0, 45, 
351, 40, 23, 33, 20, 2, 37, 1, 20, 15, 
351, 40, 23, 33, 15, 2, 33, 1, 28, 5, 
351, 40, 23, 33, 31, 2, 33, 1, 20, 13, 
351, 40, 23, 34, 29, 2, 33, 1, 0, 45, 
351, 40, 23, 34, 21, 2, 37, 1, 1, 15, 
351, 40, 23, 33, 20, 2, 53, 1, 20, 15, 
351, 40, 23, 33, 30, 2, 41, 1, 20, 29, 
351, 40, 23, 33, 31, 2, 33, 1, 20, 45, 
351, 40, 23, 34, 21, 2, 37, 1, 9, 11, 
351, 40, 23, 34, 29, 2, 33, 1, 1, 13, 
351, 40, 23, 34, 21, 2, 37, 1, 30, 15, 
351, 40, 23, 33, 20, 2, 53, 1, 21, 15, 
351, 40, 23, 34, 21, 2, 41, 1, 20, 29, 
351, 41, 23, 34, 29, 2, 1, 1, 1, 13, 
351, 40, 23, 34, 21, 2, 39, 1, 30, 15, 
351, 40, 23, 34, 53, 2, 37, 1, 11, 11, 
351, 40, 23, 34, 20, 2, 37, 1, 21, 29, 
351, 40, 23, 33, 20, 2, 37, 1, 21, 14, 
351, 40, 23, 34, 29, 2, 17, 1, 28, 31, 
351, 41, 23, 34, 21, 2, 5, 1, 17, 29, 
351, 41, 23, 34, 29, 2, 37, 1, 21, 10, 
351, 40, 23, 33, 20, 2, 5, 1, 21, 14, 
351, 40, 23, 33, 20, 2, 35, 1, 29, 15, 
351, 41, 23, 34, 21, 2, 4, 1, 17, 29, 
351, 41, 23, 34, 29, 2, 1, 1, 28, 26, 
351, 40, 23, 34, 29, 2, 53, 1, 20, 27, 
351, 40, 23, 34, 21, 2, 5, 1, 21, 10, 
351, 41, 23, 34, 20, 2, 35, 1, 13, 15, 
351, 41, 23, 34, 21, 2, 13, 1, 16, 24, 
351, 41, 23, 34, 13, 2, 53, 1, 21, 27, 
351, 41, 23, 34, 25, 2, 61, 1, 28, 27, 
351, 41, 23, 34, 21, 2, 5, 1, 21, 10, 
351, 41, 23, 34, 20, 2, 38, 1, 9, 31, 
351, 41, 23, 34, 31, 2, 60, 1, 16, 24, 
351, 41, 23, 34, 29, 2, 61, 1, 20, 24, 
351, 41, 23, 34, 29, 2, 13, 1, 21, 9, 
351, 40, 23, 34, 29, 2, 61, 1, 29, 19, 
351, 41, 23, 34, 21, 2, 53, 1, 29, 11, 
351, 41, 23, 34, 31, 2, 60, 1, 21, 8, 
351, 41, 23, 34, 13, 2, 60, 1, 16, 24, 
351, 41, 23, 34, 13, 2, 60, 1, 48, 17, 
351, 41, 23, 34, 31, 2, 53, 1, 29, 11, 
351, 41, 23, 34, 29, 2, 61, 1, 20, 8, 
351, 41, 23, 34, 31, 2, 62, 1, 20, 40, 
351, 41, 23, 34, 31, 2, 52, 1, 29, 11, 
351, 41, 23, 34, 31, 2, 61, 1, 20, 8, 
351, 41, 23, 34, 29, 2, 61, 1, 21, 10, 
351, 41, 23, 34, 29, 2, 63, 1, 20, 8, 
351, 41, 23, 34, 31, 2, 52, 1, 31, 27, 
351, 41, 23, 34, 29, 2, 62, 1, 28, 40, 
351, 41, 23, 34, 31, 2, 16, 1, 29, 47, 
351, 41, 23, 34, 31, 2, 52, 1, 28, 8, 
351, 41, 23, 34, 31, 2, 61, 1, 29, 10, 
351, 41, 23, 34, 29, 2, 61, 1, 28, 8, 
351, 41, 23, 34, 31, 2, 50, 1, 20, 9, 
351, 41, 23, 34, 30, 2, 52, 1, 30, 8, 
329, 41, 55, 2, 28, 2, 48, 1, 28, 47, 
327, 41, 23, 34, 31, 6, 28, 0, 29, 7, 
351, 41, 23, 34, 27, 2, 48, 1, 30, 8, 
351, 41, 23, 34, 31, 2, 50, 1, 53, 15, 
351, 41, 23, 34, 30, 2, 32, 1, 28, 47, 
350, 41, 19, 35, 28, 2, 52, 1, 29, 7, 
329, 41, 55, 2, 29, 2, 51, 1, 28, 14, 
351, 41, 23, 34, 27, 2, 50, 1, 49, 15, 
351, 41, 23, 34, 27, 2, 48, 1, 55, 29, 
351, 41, 23, 34, 30, 2, 32, 1, 28, 9, 
351, 41, 23, 34, 26, 2, 52, 1, 29, 7, 
351, 41, 23, 34, 30, 2, 32, 1, 20, 43, 
351, 41, 23, 34, 26, 2, 52, 1, 29, 7, 
351, 41, 23, 34, 27, 2, 50, 1, 29, 7, 
351, 41, 23, 34, 27, 2, 62, 1, 53, 47, 
351, 41, 23, 34, 30, 2, 32, 1, 28, 9, 
351, 41, 23, 34, 31, 2, 48, 1, 23, 9, 
351, 41, 23, 34, 27, 2, 62, 1, 53, 47, 
351, 41, 23, 34, 26, 2, 60, 1, 29, 47, 
351, 41, 23, 34, 27, 2, 52, 1, 23, 9, 
351, 41, 23, 34, 26, 2, 48, 1, 23, 33, 
351, 41, 23, 34, 27, 2, 50, 1, 29, 15, 
351, 41, 23, 34, 26, 2, 62, 1, 21, 47, 
351, 41, 23, 34, 25, 2, 60, 1, 21, 45, 
351, 41, 23, 34, 27, 2, 62, 1, 55, 37, 
351, 41, 23, 34, 27, 2, 50, 1, 29, 31, 
351, 41, 23, 34, 27, 2, 50, 1, 21, 31, 
351, 41, 23, 34, 27, 2, 62, 1, 21, 45, 
351, 41, 23, 34, 27, 2, 60, 1, 23, 47, 
351, 41, 23, 34, 26, 2, 62, 1, 21, 44, 
351, 41, 23, 34, 27, 2, 54, 1, 53, 37, 
351, 41, 23, 34, 27, 2, 63, 1, 39, 37, 
351, 41, 23, 34, 25, 2, 63, 1, 17, 45, 
351, 41, 23, 34, 25, 2, 62, 1, 21, 37, 
351, 41, 23, 34, 27, 2, 62, 1, 21, 45, 
351, 41, 23, 34, 26, 2, 62, 1, 21, 44, 
351, 41, 23, 34, 27, 2, 52, 1, 55, 61, 
351, 41, 23, 34, 25, 2, 62, 1, 55, 39, 
351, 41, 23, 34, 25, 2, 62, 1, 17, 37, 
351, 40, 23, 34, 25, 2, 62, 1, 21, 45, 
351, 41, 23, 34, 24, 2, 62, 1, 17, 37, 
351, 41, 23, 34, 11, 2, 54, 1, 21, 45, 
351, 41, 23, 34, 28, 2, 62, 1, 17, 37, 
351, 41, 23, 34, 25, 2, 62, 1, 17, 37, 
351, 41, 23, 34, 24, 2, 62, 1, 17, 37, 
351, 40, 23, 34, 25, 2, 62, 1, 17, 45, 
350, 41, 23, 38, 25, 2, 30, 1, 21, 45, 
351, 41, 23, 34, 28, 2, 62, 1, 19, 37, 
351, 41, 23, 34, 60, 2, 54, 1, 17, 37, 
351, 41, 23, 34, 28, 2, 62, 1, 49, 13, 
351, 41, 23, 34, 9, 2, 62, 1, 19, 15, 
351, 41, 23, 34, 29, 2, 30, 1, 21, 45, 
351, 41, 23, 34, 30, 2, 22, 1, 17, 37, 
351, 41, 23, 34, 60, 2, 54, 1, 17, 45, 
351, 40, 23, 34, 60, 2, 30, 1, 17, 37, 
351, 41, 23, 34, 28, 2, 30, 1, 51, 45, 
351, 41, 23, 34, 21, 2, 22, 1, 21, 45, 
351, 41, 23, 34, 60, 2, 54, 1, 16, 45, 
351, 41, 23, 34, 30, 2, 22, 1, 21, 43, 
351, 41, 23, 34, 46, 2, 54, 1, 55, 45, 
351, 41, 23, 34, 28, 2, 54, 1, 21, 47, 
351, 41, 23, 34, 60, 2, 30, 1, 50, 45, 
351, 41, 23, 34, 60, 2, 54, 1, 21, 47, 
351, 41, 23, 34, 20, 2, 18, 1, 21, 47, 
351, 41, 23, 34, 30, 2, 22, 1, 25, 45, 
351, 41, 23, 34, 28, 2, 54, 1, 21, 47, 
351, 41, 23, 34, 60, 2, 30, 1, 54, 45, 
351, 41, 23, 34, 60, 2, 30, 1, 54, 45, 
351, 41, 23, 34, 20, 2, 22, 1, 25, 45, 
351, 41, 23, 34, 16, 2, 30, 1, 25, 44, 
351, 41, 23, 34, 28, 2, 22, 1, 25, 47, 
351, 41, 23, 34, 28, 2, 22, 1, 21, 47, 
351, 41, 23, 34, 20, 2, 30, 1, 48, 61, 
351, 41, 23, 34, 60, 2, 30, 1, 25, 44, 
351, 41, 23, 34, 60, 2, 30, 1, 9, 44, 
351, 41, 23, 34, 28, 2, 16, 1, 25, 47, 
351, 41, 23, 34, 20, 2, 26, 1, 25, 44, 
351, 41, 23, 34, 20, 2, 18, 1, 20, 63, 
351, 41, 23, 34, 20, 2, 30, 1, 25, 61, 
351, 41, 23, 34, 20, 2, 26, 1, 25, 36, 
351, 41, 23, 34, 60, 2, 62, 1, 25, 47, 
351, 41, 23, 34, 16, 2, 30, 1, 25, 44, 
351, 41, 23, 34, 20, 2, 30, 1, 24, 61, 
351, 41, 23, 34, 20, 2, 26, 1, 24, 51, 
351, 40, 23, 34, 20, 2, 62, 1, 25, 43, 
351, 41, 23, 34, 52, 2, 30, 1, 24, 63, 
351, 41, 23, 34, 16, 2, 30, 1, 25, 12, 
351, 41, 23, 34, 16, 2, 26, 1, 8, 49, 
351, 41, 23, 34, 28, 2, 18, 1, 24, 35, 
351, 40, 23, 34, 20, 2, 62, 1, 57, 43, 
351, 41, 23, 34, 20, 2, 30, 1, 17, 59, 
351, 41, 23, 34, 37, 2, 30, 1, 9, 12, 
351, 41, 23, 34, 28, 2, 18, 1, 24, 51, 
351, 41, 23, 34, 16, 2, 26, 1, 57, 11, 
351, 41, 23, 34, 16, 2, 26, 1, 1, 57, 
351, 41, 23, 34, 20, 2, 30, 1, 41, 43, 
351, 41, 23, 34, 20, 2, 18, 1, 59, 35, 
351, 41, 23, 34, 16, 2, 26, 1, 57, 11, 
351, 40, 23, 34, 52, 2, 30, 1, 41, 43, 
351, 41, 23, 34, 20, 2, 19, 1, 59, 35, 
351, 41, 23, 34, 20, 2, 18, 1, 18, 35, 
351, 41, 23, 34, 16, 2, 26, 1, 1, 57, 
351, 41, 23, 34, 16, 2, 26, 1, 41, 43, 
351, 41, 23, 34, 16, 2, 18, 1, 19, 3, 
350, 41, 23, 35, 16, 2, 27, 1, 59, 11, 
350, 41, 23, 38, 20, 2, 27, 1, 43, 35, 
37, 40, 30, 34, 48, 2, 18, 1, 18, 35, 
351, 41, 23, 34, 50, 2, 27, 1, 41, 43, 
351, 40, 23, 34, 52, 2, 19, 1, 34, 35, 
350, 41, 23, 35, 16, 2, 27, 1, 59, 11, 
350, 41, 23, 35, 20, 2, 26, 1, 11, 35, 
350, 41, 23, 38, 20, 2, 27, 1, 43, 35, 
351, 41, 23, 34, 60, 2, 25, 1, 34, 35, 
351, 40, 23, 34, 48, 2, 27, 1, 35, 43, 
351, 40, 23, 34, 53, 2, 43, 1, 11, 50, 
351, 40, 23, 34, 20, 2, 18, 1, 0, 35, 
351, 41, 23, 34, 24, 2, 27, 1, 42, 35, 
351, 41, 23, 34, 48, 2, 25, 1, 35, 43, 
351, 41, 23, 34, 60, 2, 25, 1, 42, 43, 
351, 41, 23, 34, 48, 2, 25, 1, 51, 35, 
351, 41, 23, 34, 20, 2, 18, 1, 0, 34, 
351, 40, 23, 34, 53, 2, 43, 1, 11, 50, 
351, 41, 23, 34, 48, 2, 25, 1, 50, 35, 
351, 41, 23, 34, 20, 2, 26, 1, 35, 43, 
351, 41, 23, 34, 52, 2, 43, 1, 11, 50, 
351, 41, 23, 34, 57, 2, 57, 1, 2, 63, 
351, 41, 23, 34, 21, 2, 18, 1, 0, 18, 
351, 41, 23, 34, 56, 2, 25, 1, 50, 43, 
351, 41, 23, 34, 52, 2, 27, 1, 35, 35, 
351, 41, 23, 34, 48, 2, 57, 1, 2, 63, 
351, 41, 23, 34, 24, 2, 27, 1, 32, 51, 
351, 41, 23, 34, 20, 2, 22, 1, 48, 2, 
351, 41, 23, 34, 32, 2, 27, 1, 59, 43, 
351, 41, 23, 34, 56, 2, 25, 1, 50, 46, 
351, 41, 23, 34, 56, 2, 22, 1, 48, 2, 
351, 41, 23, 34, 52, 2, 27, 1, 2, 63, 
351, 41, 23, 34, 24, 2, 27, 1, 40, 51, 
351, 40, 23, 34, 56, 2, 13, 1, 50, 46, 
351, 41, 23, 34, 56, 2, 25, 1, 54, 42, 
351, 41, 23, 34, 40, 2, 31, 1, 51, 42, 
351, 41, 23, 34, 28, 2, 27, 1, 59, 51, 
351, 41, 23, 34, 56, 2, 19, 1, 48, 46, 
351, 40, 23, 34, 56, 2, 25, 1, 54, 42, 
351, 40, 23, 34, 40, 2, 13, 1, 51, 46, 
351, 40, 23, 34, 56, 2, 31, 1, 51, 42, 
351, 40, 23, 34, 28, 2, 27, 1, 59, 34, 
351, 40, 23, 34, 56, 2, 11, 1, 59, 51, 
351, 40, 23, 34, 40, 2, 11, 1, 58, 51, 
351, 40, 23, 34, 56, 2, 25, 1, 62, 34, 
351, 40, 23, 34, 40, 2, 31, 1, 59, 46, 
351, 40, 23, 34, 28, 2, 27, 1, 59, 34, 
351, 40, 23, 34, 44, 2, 27, 1, 59, 34, 
351, 40, 23, 34, 40, 2, 11, 1, 59, 51, 
351, 40, 23, 34, 40, 2, 27, 1, 57, 42, 
351, 40, 23, 34, 8, 2, 11, 1, 58, 50, 
351, 40, 23, 34, 44, 2, 27, 1, 59, 42, 
351, 40, 23, 34, 40, 2, 25, 1, 57, 2, 
351, 40, 23, 34, 40, 2, 11, 1, 57, 42, 
351, 40, 23, 34, 40, 2, 27, 1, 59, 51, 
351, 40, 23, 34, 28, 2, 11, 1, 62, 51, 
351, 40, 23, 34, 8, 2, 11, 1, 58, 50, 
351, 40, 23, 34, 40, 2, 11, 1, 62, 51, 
351, 40, 23, 34, 40, 2, 11, 1, 57, 43, 
351, 40, 23, 34, 8, 2, 11, 1, 58, 50, 
351, 40, 23, 34, 10, 2, 27, 1, 58, 51, 
351, 40, 23, 34, 40, 2, 11, 1, 62, 51, 
351, 40, 23, 34, 56, 2, 11, 1, 62, 49, 
