42, 50, 7, 52, 41, 33, 60, 8, 46, 48, 
37, 50, 37, 10, 43, 1, 47, 13, 15, 49, 
35, 19, 17, 20, 51, 61, 41, 1, 47, 63, 
32, 39, 57, 21, 22, 45, 56, 1, 41, 37, 
30, 18, 28, 38, 17, 58, 4, 1, 46, 39, 
350, 50, 37, 42, 25, 2, 4, 1, 46, 39, 
46, 50, 7, 52, 41, 32, 62, 8, 46, 55, 
46, 51, 7, 60, 45, 33, 60, 8, 62, 39, 
45, 50, 37, 10, 55, 29, 41, 1, 47, 63, 
41, 48, 37, 2, 43, 1, 63, 13, 14, 39, 
362, 50, 39, 40, 41, 1, 52, 9, 47, 39, 
46, 51, 7, 52, 41, 33, 62, 8, 46, 55, 
46, 50, 6, 12, 61, 1, 40, 1, 47, 63, 
44, 50, 39, 19, 53, 5, 60, 9, 46, 63, 
42, 50, 7, 52, 41, 33, 56, 8, 63, 39, 
350, 51, 4, 28, 61, 1, 40, 1, 47, 63, 
344, 50, 22, 12, 61, 1, 36, 0, 45, 63, 
195, 50, 6, 44, 61, 0, 52, 1, 46, 63, 
46, 51, 7, 54, 41, 33, 62, 8, 46, 21, 
46, 50, 7, 19, 53, 5, 60, 9, 42, 63, 
363, 19, 20, 28, 61, 0, 52, 1, 46, 61, 
351, 50, 6, 14, 61, 1, 50, 1, 47, 59, 
351, 50, 22, 12, 29, 1, 62, 8, 46, 21, 
331, 50, 6, 62, 57, 0, 62, 8, 46, 29, 
184, 51, 5, 20, 61, 1, 56, 1, 42, 63, 
346, 51, 5, 20, 63, 1, 56, 1, 42, 59, 
346, 51, 7, 20, 56, 3, 60, 1, 42, 61, 
345, 58, 6, 12, 29, 1, 54, 1, 47, 29, 
339, 34, 21, 12, 28, 1, 58, 0, 46, 23, 
330, 19, 28, 28, 56, 0, 62, 8, 46, 29, 
377, 34, 7, 28, 28, 1, 38, 1, 42, 31, 
346, 51, 5, 20, 63, 1, 54, 1, 47, 28, 
345, 59, 7, 22, 31, 1, 56, 1, 46, 31, 
338, 59, 22, 12, 24, 1, 50, 0, 39, 21, 
335, 51, 4, 20, 56, 0, 62, 3, 46, 61, 
352, 59, 23, 20, 28, 1, 50, 0, 39, 28, 
346, 51, 5, 20, 63, 1, 56, 1, 46, 31, 
346, 59, 6, 20, 28, 3, 56, 1, 39, 23, 
341, 27, 7, 22, 31, 1, 56, 1, 46, 27, 
340, 59, 4, 28, 56, 0, 50, 2, 39, 53, 
377, 27, 6, 20, 29, 1, 48, 1, 39, 21, 
352, 59, 23, 20, 28, 3, 58, 0, 36, 62, 
352, 59, 23, 20, 28, 1, 51, 0, 47, 53, 
346, 59, 6, 20, 21, 3, 56, 1, 39, 21, 
346, 51, 5, 20, 60, 3, 56, 1, 39, 55, 
355, 59, 6, 20, 13, 7, 59, 1, 47, 21, 
352, 59, 23, 20, 28, 3, 54, 0, 37, 54, 
352, 59, 23, 20, 12, 3, 58, 0, 39, 20, 
352, 59, 39, 20, 28, 3, 62, 0, 52, 47, 
346, 59, 6, 20, 29, 3, 56, 1, 35, 54, 
363, 59, 23, 4, 12, 3, 50, 0, 37, 6, 
363, 59, 23, 4, 15, 3, 62, 0, 60, 47, 
359, 59, 23, 28, 28, 3, 62, 0, 39, 20, 
355, 59, 6, 20, 13, 7, 58, 1, 47, 38, 
355, 59, 6, 20, 13, 7, 43, 1, 47, 22, 
363, 59, 23, 4, 12, 3, 50, 0, 60, 47, 
363, 59, 23, 4, 12, 1, 50, 0, 39, 20, 
363, 59, 23, 4, 12, 3, 51, 0, 47, 22, 
363, 59, 23, 12, 12, 3, 62, 0, 37, 45, 
359, 59, 23, 28, 28, 3, 63, 0, 39, 20, 
365, 59, 21, 4, 12, 11, 63, 8, 39, 28, 
363, 59, 23, 4, 12, 1, 50, 0, 39, 52, 
363, 59, 23, 4, 12, 3, 62, 0, 37, 45, 
363, 59, 23, 12, 9, 3, 62, 0, 36, 45, 
363, 59, 19, 20, 28, 7, 62, 0, 39, 20, 
363, 59, 23, 5, 12, 3, 62, 0, 37, 45, 
363, 59, 23, 6, 12, 3, 42, 0, 39, 52, 
363, 59, 23, 4, 12, 1, 54, 0, 39, 60, 
363, 59, 23, 4, 12, 5, 50, 0, 36, 44, 
363, 59, 23, 4, 12, 1, 54, 0, 47, 20, 
363, 59, 19, 5, 12, 3, 62, 0, 39, 60, 
363, 59, 23, 5, 12, 3, 62, 0, 39, 37, 
363, 59, 23, 4, 28, 5, 50, 0, 36, 44, 
363, 59, 23, 4, 12, 5, 54, 0, 37, 45, 
363, 59, 23, 6, 12, 3, 42, 0, 36, 41, 
363, 59, 19, 4, 20, 3, 50, 0, 39, 60, 
363, 59, 23, 4, 12, 5, 54, 0, 37, 60, 
363, 59, 19, 5, 12, 3, 62, 0, 39, 61, 
363, 59, 23, 5, 28, 3, 62, 0, 39, 36, 
363, 59, 23, 20, 12, 5, 38, 0, 36, 45, 
363, 59, 19, 0, 28, 3, 50, 0, 38, 36, 
363, 59, 19, 4, 20, 3, 51, 0, 39, 60, 
363, 59, 19, 4, 20, 3, 50, 0, 36, 44, 
363, 59, 19, 4, 22, 3, 50, 0, 36, 44, 
363, 59, 23, 4, 8, 1, 62, 0, 39, 38, 
363, 59, 19, 0, 28, 3, 50, 0, 39, 60, 
363, 59, 19, 0, 20, 7, 50, 0, 37, 4, 
363, 59, 19, 4, 30, 3, 54, 0, 36, 44, 
363, 59, 19, 12, 20, 3, 50, 0, 32, 13, 
363, 59, 19, 0, 22, 3, 58, 0, 4, 44, 
363, 59, 19, 0, 30, 7, 50, 0, 37, 4, 
363, 59, 19, 32, 28, 7, 50, 0, 38, 60, 
363, 59, 19, 0, 30, 3, 58, 0, 37, 44, 
363, 59, 19, 0, 20, 7, 50, 0, 37, 4, 
363, 59, 19, 4, 28, 3, 48, 0, 37, 44, 
363, 59, 19, 16, 30, 7, 50, 0, 38, 60, 
363, 59, 19, 1, 30, 7, 58, 0, 39, 36, 
363, 59, 19, 32, 30, 7, 58, 0, 53, 28, 
363, 59, 23, 16, 20, 7, 50, 0, 5, 21, 
363, 59, 19, 0, 20, 7, 34, 0, 37, 4, 
363, 59, 19, 0, 30, 7, 48, 0, 38, 28, 
363, 59, 19, 16, 30, 7, 50, 0, 5, 21, 
363, 59, 23, 16, 20, 7, 50, 0, 5, 29, 
363, 59, 19, 32, 30, 7, 58, 0, 51, 28, 
363, 59, 19, 1, 30, 7, 58, 0, 39, 21, 
363, 59, 19, 0, 30, 7, 49, 0, 1, 29, 
363, 59, 23, 0, 21, 7, 50, 0, 2, 29, 
363, 59, 19, 4, 22, 7, 56, 0, 55, 28, 
363, 59, 19, 16, 26, 7, 54, 0, 5, 21, 
363, 59, 23, 16, 30, 7, 58, 0, 51, 28, 
363, 59, 19, 0, 28, 7, 48, 0, 11, 29, 
363, 59, 19, 16, 26, 7, 54, 0, 21, 21, 
363, 59, 19, 1, 14, 5, 49, 0, 1, 17, 
363, 59, 19, 0, 26, 7, 54, 0, 1, 29, 
363, 59, 23, 16, 30, 7, 58, 0, 51, 28, 
363, 59, 19, 32, 26, 7, 54, 0, 21, 23, 
363, 59, 19, 0, 28, 7, 58, 0, 59, 28, 
363, 58, 23, 0, 30, 7, 50, 0, 35, 29, 
363, 59, 19, 18, 26, 7, 38, 0, 1, 29, 
363, 59, 19, 16, 22, 7, 58, 0, 51, 28, 
363, 59, 19, 0, 28, 7, 58, 0, 59, 28, 
363, 59, 19, 0, 24, 7, 50, 0, 31, 29, 
363, 58, 19, 0, 22, 7, 50, 0, 33, 31, 
363, 59, 19, 18, 26, 7, 38, 0, 9, 29, 
363, 59, 19, 32, 26, 7, 54, 0, 21, 21, 
363, 59, 19, 0, 24, 7, 50, 0, 31, 29, 
363, 59, 19, 0, 22, 7, 58, 0, 39, 61, 
363, 59, 23, 0, 24, 7, 58, 0, 59, 29, 
363, 58, 19, 3, 26, 7, 42, 0, 57, 28, 
363, 59, 19, 20, 26, 7, 54, 0, 20, 20, 
363, 59, 19, 0, 24, 7, 50, 0, 63, 21, 
363, 59, 19, 4, 25, 7, 58, 0, 59, 29, 
363, 59, 19, 2, 24, 7, 57, 0, 62, 29, 
363, 59, 23, 16, 26, 7, 50, 0, 28, 29, 
363, 58, 19, 0, 22, 7, 58, 0, 59, 29, 
363, 59, 19, 0, 25, 7, 50, 0, 59, 29, 
363, 58, 19, 2, 24, 7, 57, 0, 62, 19, 
363, 59, 19, 0, 24, 7, 51, 0, 63, 21, 
363, 59, 19, 2, 24, 3, 51, 0, 63, 21, 
363, 59, 23, 16, 26, 5, 58, 0, 28, 29, 
363, 59, 19, 0, 24, 7, 57, 0, 62, 30, 
363, 58, 19, 0, 24, 7, 56, 0, 50, 29, 
363, 59, 19, 0, 24, 7, 51, 0, 63, 5, 
363, 59, 19, 0, 25, 5, 58, 0, 28, 29, 
363, 58, 19, 0, 24, 1, 50, 0, 16, 29, 
363, 59, 19, 2, 24, 7, 57, 0, 50, 29, 
363, 58, 19, 0, 24, 7, 57, 0, 54, 30, 
363, 59, 19, 0, 24, 7, 56, 0, 62, 29, 
363, 59, 19, 32, 24, 7, 51, 0, 63, 29, 
363, 59, 19, 0, 24, 1, 50, 0, 16, 21, 
363, 59, 19, 3, 24, 7, 57, 0, 54, 30, 
363, 58, 19, 2, 28, 7, 57, 0, 50, 30, 
363, 58, 19, 0, 24, 7, 57, 0, 54, 30, 
363, 59, 19, 17, 24, 7, 56, 0, 62, 29, 
363, 59, 19, 2, 24, 7, 56, 0, 62, 29, 
363, 59, 19, 3, 24, 7, 61, 0, 54, 30, 
363, 59, 19, 3, 24, 7, 57, 0, 54, 30, 
363, 58, 19, 2, 28, 7, 57, 0, 54, 30, 
363, 59, 19, 7, 24, 7, 56, 0, 62, 61, 
363, 59, 19, 17, 24, 7, 56, 0, 62, 15, 
363, 59, 23, 11, 24, 7, 56, 0, 54, 30, 
363, 59, 19, 3, 28, 7, 61, 0, 54, 30, 
363, 58, 19, 2, 29, 7, 57, 0, 54, 30, 
363, 59, 19, 7, 24, 7, 56, 0, 28, 61, 
363, 59, 19, 3, 24, 7, 57, 0, 62, 31, 
363, 59, 23, 11, 25, 7, 40, 0, 54, 30, 
363, 59, 23, 3, 24, 7, 57, 0, 60, 31, 
363, 59, 23, 27, 24, 7, 57, 0, 62, 31, 
363, 59, 19, 3, 24, 7, 57, 0, 62, 31, 
363, 59, 19, 3, 25, 7, 56, 0, 54, 31, 
363, 59, 23, 23, 24, 7, 49, 0, 60, 30, 
363, 59, 23, 11, 25, 7, 41, 0, 52, 26, 
363, 59, 23, 11, 25, 7, 40, 0, 62, 27, 
363, 59, 23, 10, 24, 3, 57, 0, 62, 15, 
363, 59, 23, 25, 25, 7, 48, 0, 54, 31, 
363, 59, 23, 23, 24, 7, 61, 0, 62, 26, 
363, 59, 23, 11, 25, 7, 41, 0, 60, 26, 
363, 59, 19, 11, 24, 7, 41, 0, 46, 27, 
363, 59, 23, 27, 24, 7, 48, 0, 60, 31, 
363, 59, 23, 23, 25, 7, 48, 0, 54, 31, 
363, 59, 23, 11, 25, 7, 41, 0, 60, 26, 
363, 59, 19, 7, 24, 7, 57, 0, 62, 58, 
363, 59, 23, 19, 24, 7, 60, 0, 60, 26, 
363, 59, 23, 23, 25, 7, 48, 0, 62, 31, 
363, 59, 23, 27, 25, 7, 48, 0, 60, 30, 
363, 59, 23, 3, 25, 7, 41, 0, 62, 58, 
363, 59, 23, 19, 24, 7, 60, 0, 60, 26, 
363, 59, 23, 9, 17, 5, 32, 0, 62, 31, 
363, 59, 23, 11, 25, 7, 48, 0, 62, 31, 
363, 59, 23, 7, 29, 7, 49, 0, 62, 31, 
363, 59, 23, 19, 25, 7, 41, 0, 62, 50, 
363, 59, 23, 19, 24, 7, 57, 0, 52, 26, 
363, 58, 23, 11, 25, 7, 40, 0, 58, 27, 
363, 59, 23, 3, 25, 7, 41, 0, 58, 63, 
363, 59, 23, 7, 29, 7, 57, 0, 62, 62, 
363, 59, 23, 19, 25, 5, 41, 0, 60, 58, 
363, 59, 23, 19, 24, 7, 56, 0, 54, 50, 
363, 59, 23, 19, 19, 7, 41, 0, 62, 62, 
363, 59, 23, 23, 29, 7, 57, 0, 62, 54, 
363, 59, 23, 23, 25, 7, 56, 0, 62, 62, 
363, 59, 23, 23, 19, 7, 41, 0, 62, 62, 
363, 59, 23, 23, 29, 7, 57, 0, 63, 54, 
363, 59, 23, 23, 25, 7, 43, 0, 58, 54, 
363, 59, 23, 19, 17, 7, 40, 0, 62, 62, 
363, 59, 23, 19, 29, 7, 56, 0, 54, 54, 
363, 59, 23, 23, 25, 7, 43, 0, 58, 62, 
363, 59, 23, 23, 28, 5, 43, 0, 58, 54, 
363, 59, 23, 23, 29, 7, 57, 0, 63, 46, 
363, 59, 23, 19, 28, 7, 57, 0, 63, 63, 
363, 59, 23, 23, 21, 7, 49, 0, 62, 54, 
363, 59, 23, 23, 25, 7, 57, 0, 62, 46, 
363, 59, 23, 23, 24, 7, 41, 0, 63, 55, 
363, 59, 23, 23, 29, 7, 57, 0, 31, 46, 
363, 59, 23, 23, 28, 7, 43, 0, 63, 38, 
363, 59, 23, 23, 28, 7, 49, 0, 62, 54, 
363, 59, 23, 63, 29, 7, 57, 0, 31, 46, 
363, 59, 23, 31, 29, 7, 57, 0, 30, 46, 
363, 59, 23, 19, 25, 7, 59, 0, 46, 38, 
363, 59, 23, 23, 25, 7, 57, 0, 58, 62, 
363, 59, 23, 23, 25, 7, 59, 0, 55, 39, 
363, 59, 23, 3, 25, 7, 58, 0, 42, 54, 
363, 59, 23, 63, 29, 7, 57, 0, 55, 46, 
363, 59, 23, 25, 21, 7, 59, 0, 46, 38, 
363, 59, 23, 31, 29, 7, 59, 0, 46, 38, 
363, 59, 23, 19, 25, 7, 57, 0, 59, 63, 
363, 59, 23, 3, 25, 7, 56, 0, 55, 46, 
363, 59, 23, 3, 25, 7, 58, 0, 46, 2, 
363, 59, 23, 19, 25, 7, 56, 0, 43, 63, 
363, 59, 23, 27, 21, 7, 59, 0, 46, 38, 
363, 59, 23, 23, 29, 7, 57, 0, 23, 30, 
363, 59, 23, 3, 17, 7, 56, 0, 46, 10, 
363, 59, 23, 19, 25, 7, 58, 0, 62, 50, 
363, 59, 23, 3, 17, 5, 60, 0, 63, 10, 
363, 59, 23, 3, 25, 7, 60, 0, 43, 63, 
363, 58, 23, 1, 29, 7, 51, 0, 46, 38, 
363, 59, 23, 3, 17, 5, 60, 0, 62, 10, 
363, 59, 23, 3, 21, 5, 60, 0, 63, 10, 
363, 59, 23, 3, 17, 7, 51, 0, 46, 38, 
363, 59, 23, 3, 17, 5, 44, 0, 63, 14, 
363, 59, 23, 19, 25, 7, 60, 0, 42, 62, 
363, 59, 23, 3, 21, 5, 60, 0, 30, 10, 
363, 59, 23, 3, 17, 7, 51, 0, 42, 38, 
363, 59, 23, 3, 25, 7, 60, 0, 58, 62, 
363, 59, 23, 3, 25, 7, 51, 0, 46, 38, 
363, 59, 23, 3, 21, 7, 51, 0, 63, 14, 
363, 59, 19, 3, 25, 7, 60, 0, 62, 58, 
363, 59, 23, 3, 21, 7, 60, 0, 42, 62, 
363, 59, 23, 3, 25, 5, 51, 0, 62, 38, 
363, 59, 23, 3, 25, 7, 61, 0, 58, 62, 
363, 59, 23, 3, 17, 7, 51, 0, 14, 38, 
363, 59, 23, 19, 25, 5, 61, 0, 46, 46, 
363, 59, 23, 3, 25, 7, 57, 0, 58, 58, 
363, 59, 23, 3, 25, 7, 60, 0, 58, 58, 
363, 58, 19, 3, 25, 7, 61, 0, 58, 58, 
363, 59, 23, 11, 17, 7, 51, 0, 14, 6, 
363, 59, 23, 18, 25, 7, 57, 0, 58, 58, 
363, 59, 23, 11, 25, 5, 61, 0, 42, 42, 
363, 59, 19, 3, 25, 7, 61, 0, 42, 58, 
363, 59, 23, 19, 25, 5, 61, 0, 46, 42, 
363, 59, 23, 19, 25, 7, 51, 0, 46, 6, 
363, 59, 23, 18, 25, 7, 57, 0, 58, 58, 
363, 59, 23, 10, 25, 5, 49, 0, 58, 59, 
363, 59, 19, 19, 25, 7, 61, 0, 42, 58, 
363, 59, 19, 19, 25, 7, 53, 0, 62, 58, 
363, 59, 23, 23, 25, 7, 57, 0, 42, 42, 
363, 59, 23, 10, 25, 7, 49, 0, 58, 31, 
363, 59, 23, 18, 25, 7, 55, 0, 62, 58, 
363, 59, 23, 19, 25, 7, 53, 0, 62, 58, 
363, 59, 19, 18, 27, 7, 49, 0, 62, 58, 
363, 59, 23, 18, 25, 7, 59, 0, 34, 58, 
363, 59, 23, 10, 25, 5, 53, 0, 60, 58, 
363, 59, 23, 18, 25, 7, 59, 0, 34, 58, 
363, 59, 23, 26, 25, 7, 57, 0, 50, 30, 
363, 59, 23, 22, 25, 7, 55, 0, 62, 42, 
363, 59, 23, 18, 25, 7, 54, 0, 62, 58, 
363, 59, 23, 26, 25, 7, 59, 0, 34, 50, 
363, 59, 23, 10, 25, 5, 57, 0, 58, 30, 
363, 59, 23, 10, 25, 5, 45, 0, 54, 42, 
363, 59, 23, 30, 25, 7, 52, 0, 62, 58, 
363, 59, 23, 14, 25, 5, 55, 0, 54, 58, 
363, 59, 23, 26, 29, 7, 59, 0, 58, 30, 
363, 59, 23, 30, 25, 7, 56, 0, 2, 58, 
363, 59, 23, 10, 25, 7, 61, 0, 58, 42, 
363, 59, 19, 60, 25, 7, 52, 0, 63, 26, 
363, 59, 23, 30, 25, 7, 52, 0, 54, 58, 
363, 59, 19, 26, 29, 7, 59, 0, 6, 62, 
363, 59, 23, 30, 29, 7, 58, 0, 50, 26, 
363, 59, 23, 10, 25, 7, 63, 0, 58, 10, 
363, 59, 23, 26, 29, 7, 59, 0, 47, 26, 
363, 59, 23, 12, 25, 7, 52, 0, 63, 26, 
363, 59, 19, 30, 29, 7, 50, 0, 50, 26, 
363, 59, 23, 26, 29, 7, 63, 0, 54, 58, 
363, 59, 19, 26, 21, 7, 53, 0, 63, 26, 
363, 59, 19, 26, 25, 7, 52, 0, 61, 26, 
363, 59, 23, 26, 25, 7, 54, 0, 6, 58, 
363, 59, 19, 26, 29, 7, 51, 0, 42, 26, 
363, 59, 19, 30, 29, 7, 54, 0, 63, 26, 
363, 59, 23, 26, 29, 7, 63, 0, 14, 58, 
363, 59, 19, 30, 25, 7, 61, 0, 63, 26, 
363, 59, 19, 10, 23, 7, 50, 0, 6, 58, 
363, 59, 19, 26, 31, 7, 54, 0, 63, 26, 
363, 58, 19, 26, 29, 7, 54, 0, 43, 26, 
363, 59, 19, 26, 21, 7, 51, 0, 42, 10, 
363, 59, 19, 26, 29, 7, 63, 0, 14, 58, 
363, 59, 19, 18, 29, 7, 55, 0, 46, 58, 
363, 59, 19, 26, 31, 7, 54, 0, 43, 26, 
363, 58, 19, 26, 31, 7, 54, 0, 59, 26, 
363, 59, 19, 26, 31, 7, 54, 0, 63, 62, 
363, 59, 19, 26, 27, 7, 54, 0, 62, 58, 
363, 59, 19, 19, 29, 7, 63, 0, 14, 26, 
363, 59, 19, 26, 31, 7, 55, 0, 61, 62, 
363, 59, 19, 26, 27, 7, 54, 0, 46, 18, 
363, 59, 19, 30, 27, 7, 54, 0, 62, 58, 
363, 58, 19, 26, 27, 7, 54, 0, 59, 58, 
363, 58, 19, 26, 29, 7, 63, 0, 14, 26, 
363, 59, 19, 26, 23, 7, 54, 0, 62, 50, 
363, 58, 19, 22, 27, 7, 55, 0, 63, 58, 
363, 59, 19, 26, 30, 7, 63, 0, 30, 26, 
363, 59, 19, 30, 27, 7, 55, 0, 14, 26, 
363, 59, 19, 26, 27, 7, 54, 0, 46, 10, 
363, 59, 19, 26, 23, 7, 54, 0, 62, 58, 
363, 59, 19, 26, 30, 7, 63, 0, 30, 26, 
363, 59, 19, 26, 19, 7, 63, 0, 28, 62, 
363, 59, 19, 26, 31, 7, 54, 0, 46, 42, 
363, 58, 19, 22, 27, 7, 63, 0, 30, 26, 
363, 59, 19, 26, 23, 7, 54, 0, 60, 62, 
363, 59, 19, 19, 19, 7, 62, 0, 62, 26, 
363, 59, 19, 26, 23, 7, 62, 0, 28, 58, 
363, 59, 19, 26, 31, 7, 54, 0, 30, 50, 
363, 59, 19, 26, 30, 7, 54, 0, 36, 42, 
363, 59, 19, 27, 23, 7, 54, 0, 62, 26, 
363, 59, 19, 26, 31, 7, 60, 0, 28, 62, 
363, 59, 19, 24, 30, 7, 54, 0, 62, 54, 
363, 59, 19, 26, 31, 7, 50, 0, 36, 42, 
363, 59, 19, 26, 31, 7, 54, 0, 63, 46, 
363, 59, 19, 26, 31, 7, 58, 0, 24, 58, 
363, 59, 19, 26, 27, 7, 52, 0, 62, 30, 
363, 59, 19, 27, 22, 7, 54, 0, 58, 22, 
363, 59, 19, 24, 22, 7, 55, 0, 58, 58, 
363, 59, 19, 27, 23, 7, 50, 0, 36, 42, 
363, 59, 19, 24, 31, 7, 58, 0, 62, 30, 
363, 59, 19, 27, 22, 7, 52, 0, 58, 54, 
363, 59, 19, 26, 21, 7, 58, 0, 26, 22, 
363, 59, 19, 19, 31, 7, 50, 0, 26, 30, 
363, 59, 19, 26, 22, 7, 54, 0, 24, 54, 
363, 59, 19, 24, 31, 7, 58, 0, 62, 30, 
363, 59, 19, 27, 29, 7, 50, 0, 26, 30, 
363, 59, 19, 26, 27, 7, 50, 0, 58, 20, 
363, 59, 19, 1, 31, 7, 62, 0, 30, 30, 
363, 59, 19, 26, 22, 7, 54, 0, 8, 54, 
363, 59, 19, 24, 30, 7, 58, 0, 62, 20, 
363, 59, 19, 24, 31, 7, 58, 0, 62, 22, 
363, 59, 19, 30, 31, 7, 50, 0, 44, 54, 
363, 59, 19, 27, 31, 7, 58, 0, 58, 14, 
363, 59, 19, 27, 29, 7, 62, 0, 26, 30, 
363, 59, 19, 30, 31, 7, 50, 0, 44, 38, 
363, 59, 19, 31, 31, 7, 58, 0, 44, 4, 
363, 59, 19, 26, 30, 7, 58, 0, 58, 20, 
363, 59, 19, 30, 29, 7, 58, 0, 44, 22, 
363, 59, 19, 26, 31, 7, 58, 0, 58, 14, 
363, 59, 19, 30, 31, 7, 52, 0, 44, 38, 
363, 59, 19, 10, 22, 7, 58, 0, 58, 52, 
363, 59, 19, 26, 31, 7, 58, 0, 42, 20, 
363, 59, 19, 27, 46, 7, 58, 0, 40, 36, 
363, 59, 19, 30, 31, 7, 58, 0, 40, 4, 
363, 59, 19, 27, 38, 7, 58, 0, 40, 36, 
363, 59, 19, 14, 23, 3, 42, 0, 42, 4, 
363, 59, 19, 25, 38, 7, 56, 0, 56, 48, 
363, 59, 19, 26, 30, 7, 58, 0, 40, 36, 
363, 59, 19, 30, 31, 7, 58, 0, 42, 20, 
363, 59, 19, 31, 38, 7, 56, 0, 0, 48, 
363, 59, 19, 27, 38, 7, 58, 0, 40, 36, 
363, 59, 19, 14, 23, 3, 42, 0, 42, 48, 
363, 59, 19, 22, 31, 7, 59, 0, 42, 20, 
363, 59, 19, 29, 38, 7, 58, 0, 40, 36, 
363, 59, 19, 30, 38, 7, 58, 0, 32, 52, 
363, 59, 19, 31, 38, 7, 58, 0, 41, 40, 
363, 59, 19, 31, 38, 7, 56, 0, 10, 48, 
363, 59, 19, 31, 36, 7, 56, 0, 42, 20, 
363, 59, 19, 23, 39, 7, 56, 0, 0, 52, 
363, 59, 19, 31, 38, 7, 56, 0, 10, 48, 
363, 59, 19, 30, 34, 7, 48, 0, 32, 52, 
363, 59, 19, 30, 38, 7, 56, 0, 32, 52, 
363, 59, 19, 31, 38, 7, 56, 0, 10, 48, 
363, 59, 19, 25, 39, 7, 56, 0, 0, 36, 
363, 59, 19, 31, 38, 7, 56, 0, 16, 52, 
363, 59, 19, 30, 34, 7, 48, 0, 10, 16, 
363, 59, 19, 30, 42, 7, 56, 0, 0, 53, 
363, 59, 19, 27, 34, 7, 56, 0, 0, 48, 
363, 59, 19, 31, 38, 7, 56, 0, 32, 32, 
363, 59, 19, 31, 38, 7, 56, 0, 16, 52, 
363, 59, 19, 30, 42, 7, 56, 0, 33, 53, 
363, 59, 19, 31, 34, 7, 56, 0, 0, 16, 
363, 59, 19, 27, 34, 7, 48, 0, 0, 48, 
363, 59, 19, 31, 35, 7, 56, 0, 32, 33, 
363, 59, 19, 31, 34, 7, 56, 0, 0, 49, 
363, 59, 19, 22, 43, 7, 56, 0, 36, 16, 
363, 59, 19, 27, 34, 7, 56, 0, 0, 16, 
363, 59, 19, 31, 33, 7, 48, 0, 36, 37, 
363, 59, 19, 14, 43, 7, 56, 0, 32, 33, 
363, 59, 19, 22, 42, 7, 56, 0, 0, 48, 
363, 59, 19, 31, 42, 7, 56, 0, 0, 16, 
363, 59, 19, 31, 35, 7, 48, 0, 0, 37, 
363, 59, 19, 14, 35, 7, 56, 0, 32, 33, 
363, 59, 19, 22, 42, 7, 56, 0, 36, 37, 
363, 59, 19, 30, 42, 7, 56, 0, 8, 16, 
363, 59, 19, 22, 42, 7, 56, 0, 0, 32, 
363, 59, 19, 22, 42, 7, 57, 0, 36, 53, 
363, 59, 19, 31, 42, 7, 56, 0, 1, 45, 
363, 59, 19, 30, 35, 7, 56, 0, 33, 41, 
363, 59, 19, 30, 42, 7, 56, 0, 8, 32, 
363, 59, 19, 30, 42, 7, 56, 0, 36, 53, 
363, 59, 19, 30, 42, 7, 57, 0, 36, 28, 
363, 59, 19, 30, 35, 7, 56, 0, 33, 33, 
363, 59, 19, 27, 42, 7, 56, 0, 9, 40, 
363, 59, 19, 30, 42, 7, 56, 0, 12, 53, 
363, 59, 19, 30, 42, 7, 56, 0, 4, 46, 
363, 59, 19, 30, 42, 7, 57, 0, 8, 4, 
363, 59, 19, 28, 42, 7, 57, 0, 32, 60, 
363, 59, 19, 30, 35, 7, 56, 0, 9, 33, 
363, 59, 23, 30, 42, 7, 56, 0, 4, 46, 
363, 49, 19, 30, 42, 7, 56, 0, 8, 4, 
363, 59, 19, 28, 34, 7, 56, 0, 8, 53, 
363, 59, 19, 26, 42, 7, 56, 0, 8, 46, 
363, 59, 19, 28, 42, 7, 61, 0, 32, 60, 
363, 49, 23, 30, 42, 7, 60, 0, 4, 36, 
363, 59, 23, 30, 26, 7, 56, 0, 4, 37, 
363, 59, 19, 24, 35, 7, 56, 0, 4, 37, 
363, 59, 19, 30, 42, 7, 56, 0, 2, 10, 
363, 59, 23, 30, 42, 7, 56, 0, 12, 47, 
386, 59, 23, 30, 10, 6, 56, 0, 12, 45, 
363, 49, 23, 30, 26, 7, 62, 0, 4, 37, 
363, 49, 23, 22, 42, 7, 56, 0, 4, 45, 
363, 59, 23, 30, 42, 7, 56, 0, 12, 47, 
363, 59, 19, 26, 43, 7, 56, 0, 6, 3, 
393, 51, 23, 30, 42, 6, 56, 0, 44, 37, 
386, 59, 23, 30, 10, 6, 56, 0, 14, 3, 
363, 59, 19, 26, 43, 7, 56, 0, 14, 11, 
363, 49, 23, 30, 26, 7, 62, 0, 4, 45, 
363, 49, 23, 30, 26, 7, 60, 0, 12, 47, 
393, 51, 23, 30, 42, 6, 48, 0, 7, 11, 
393, 51, 23, 30, 43, 6, 24, 0, 44, 43, 
393, 51, 23, 30, 42, 6, 51, 0, 60, 5, 
390, 51, 23, 30, 26, 6, 60, 0, 12, 1, 
390, 53, 23, 30, 10, 6, 56, 0, 6, 33, 
393, 51, 23, 30, 42, 6, 33, 0, 15, 9, 
393, 51, 23, 30, 42, 6, 16, 0, 22, 33, 
393, 51, 23, 30, 47, 6, 28, 0, 44, 35, 
393, 51, 23, 30, 43, 6, 24, 0, 44, 33, 
393, 51, 23, 30, 42, 6, 62, 0, 28, 5, 
393, 51, 23, 30, 42, 6, 28, 0, 44, 35, 
393, 51, 23, 30, 58, 6, 32, 0, 44, 43, 
393, 51, 23, 30, 58, 6, 62, 0, 28, 5, 
393, 51, 23, 30, 42, 6, 63, 0, 12, 17, 
393, 51, 23, 30, 46, 6, 28, 0, 44, 35, 
393, 51, 23, 30, 46, 6, 40, 0, 44, 35, 
393, 51, 23, 30, 58, 6, 62, 0, 28, 5, 
393, 51, 23, 30, 58, 6, 62, 0, 12, 5, 
393, 51, 23, 30, 42, 6, 60, 0, 12, 4, 
385, 51, 23, 30, 34, 6, 12, 0, 44, 11, 
393, 51, 23, 30, 62, 6, 60, 0, 44, 35, 
393, 51, 23, 30, 42, 6, 56, 0, 12, 3, 
385, 51, 23, 30, 34, 6, 12, 0, 44, 11, 
357, 51, 63, 30, 42, 2, 62, 0, 28, 5, 
350, 51, 23, 14, 42, 6, 60, 2, 12, 5, 
393, 51, 23, 30, 60, 6, 60, 0, 36, 43, 
386, 51, 63, 31, 58, 2, 62, 0, 12, 13, 
357, 51, 63, 30, 42, 2, 58, 0, 24, 1, 
353, 51, 63, 14, 42, 6, 62, 0, 28, 37, 
343, 35, 23, 30, 42, 7, 28, 0, 44, 51, 
393, 51, 23, 30, 46, 6, 62, 0, 28, 37, 
393, 50, 23, 30, 48, 6, 60, 0, 44, 43, 
386, 51, 63, 31, 58, 2, 62, 0, 20, 37, 
386, 51, 63, 31, 58, 2, 60, 0, 44, 17, 
375, 19, 63, 31, 60, 2, 62, 0, 14, 45, 
393, 50, 23, 30, 50, 6, 60, 0, 44, 37, 
393, 51, 23, 30, 38, 6, 60, 0, 44, 39, 
390, 51, 23, 30, 14, 6, 62, 0, 44, 17, 
386, 51, 63, 31, 58, 2, 62, 0, 44, 17, 
386, 51, 63, 31, 58, 2, 62, 0, 15, 47, 
393, 50, 23, 30, 50, 6, 44, 0, 44, 17, 
393, 51, 23, 30, 38, 6, 56, 0, 44, 47, 
390, 51, 23, 30, 8, 6, 30, 0, 44, 17, 
390, 51, 23, 30, 14, 6, 62, 0, 12, 23, 
350, 59, 23, 30, 18, 6, 62, 1, 45, 5, 
393, 51, 23, 30, 52, 6, 62, 0, 44, 19, 
393, 50, 23, 30, 50, 6, 44, 0, 44, 23, 
393, 50, 23, 30, 38, 6, 56, 0, 12, 55, 
393, 51, 23, 30, 38, 6, 62, 0, 12, 7, 
393, 51, 23, 30, 55, 6, 58, 0, 44, 15, 
393, 50, 23, 30, 52, 6, 44, 0, 37, 23, 
393, 51, 23, 30, 52, 6, 60, 0, 12, 55, 
393, 51, 23, 30, 60, 6, 60, 0, 14, 7, 
393, 51, 23, 30, 54, 6, 62, 0, 14, 23, 
393, 51, 23, 30, 52, 6, 63, 0, 28, 3, 
393, 51, 23, 30, 53, 6, 60, 0, 12, 55, 
393, 50, 23, 30, 52, 6, 60, 0, 4, 23, 
393, 50, 23, 30, 54, 6, 44, 0, 54, 6, 
393, 50, 23, 30, 52, 6, 60, 0, 12, 6, 
393, 50, 23, 30, 52, 6, 44, 0, 33, 23, 
393, 51, 23, 30, 53, 6, 60, 0, 12, 55, 
393, 51, 23, 30, 52, 6, 60, 0, 36, 51, 
393, 50, 23, 30, 53, 6, 44, 0, 24, 55, 
393, 50, 23, 30, 54, 6, 46, 0, 54, 6, 
393, 50, 23, 30, 52, 6, 60, 0, 14, 6, 
393, 51, 23, 30, 53, 6, 60, 0, 36, 51, 
393, 51, 23, 30, 52, 6, 60, 0, 36, 51, 
393, 51, 23, 30, 53, 6, 44, 0, 24, 19, 
393, 51, 23, 30, 53, 6, 60, 0, 54, 6, 
393, 50, 23, 30, 54, 6, 46, 0, 55, 6, 
393, 51, 23, 30, 61, 6, 60, 0, 20, 51, 
393, 51, 23, 30, 38, 6, 46, 0, 55, 6, 
393, 50, 23, 30, 53, 6, 44, 0, 24, 19, 
393, 50, 23, 30, 51, 6, 44, 0, 28, 18, 
393, 50, 23, 30, 52, 6, 46, 0, 55, 6, 
393, 51, 23, 30, 61, 6, 29, 0, 24, 17, 
393, 50, 23, 30, 53, 6, 44, 0, 28, 54, 
393, 51, 23, 30, 61, 6, 42, 0, 55, 6, 
393, 50, 23, 30, 53, 6, 62, 0, 16, 34, 
393, 51, 23, 30, 62, 6, 46, 0, 44, 18, 
393, 50, 23, 30, 53, 6, 44, 0, 26, 20, 
393, 51, 23, 30, 61, 6, 13, 0, 23, 6, 
393, 51, 23, 30, 61, 6, 0, 0, 29, 2, 
393, 51, 23, 30, 61, 6, 29, 0, 24, 18, 
393, 50, 23, 30, 61, 6, 42, 0, 55, 6, 
393, 50, 23, 30, 53, 6, 12, 0, 58, 6, 
393, 50, 23, 30, 61, 6, 16, 0, 29, 2, 
393, 51, 23, 30, 61, 6, 29, 0, 26, 18, 
393, 50, 23, 30, 53, 6, 46, 0, 51, 4, 
393, 51, 23, 30, 60, 6, 13, 0, 4, 18, 
393, 50, 23, 30, 53, 6, 29, 0, 58, 2, 
393, 50, 23, 30, 53, 6, 28, 0, 19, 4, 
393, 51, 23, 30, 37, 6, 14, 0, 63, 4, 
393, 50, 23, 30, 53, 6, 13, 0, 4, 18, 
393, 50, 23, 30, 61, 6, 17, 0, 50, 4, 
393, 50, 23, 30, 53, 6, 29, 0, 44, 2, 
393, 50, 23, 30, 53, 6, 28, 0, 19, 6, 
393, 50, 23, 30, 60, 6, 21, 0, 3, 4, 
393, 51, 23, 30, 37, 6, 14, 0, 53, 18, 
393, 50, 23, 30, 53, 6, 43, 0, 22, 16, 
393, 50, 23, 30, 62, 6, 21, 0, 3, 20, 
393, 50, 23, 30, 55, 6, 29, 0, 53, 18, 
393, 50, 23, 30, 53, 6, 31, 0, 36, 2, 
393, 50, 23, 30, 55, 6, 59, 0, 30, 48, 
393, 50, 23, 30, 53, 6, 29, 0, 3, 4, 
393, 50, 23, 30, 51, 6, 29, 0, 53, 18, 
393, 50, 23, 30, 62, 6, 21, 0, 7, 16, 
393, 50, 23, 30, 60, 6, 23, 0, 36, 2, 
393, 50, 23, 30, 63, 6, 13, 0, 12, 5, 
393, 50, 23, 30, 62, 6, 3, 0, 11, 0, 
393, 50, 23, 30, 63, 6, 44, 0, 12, 5, 
393, 50, 23, 30, 55, 6, 29, 0, 17, 5, 
393, 50, 23, 30, 58, 6, 17, 0, 15, 4, 
393, 50, 23, 30, 46, 6, 21, 0, 12, 1, 
393, 50, 23, 30, 62, 6, 3, 0, 11, 4, 
393, 50, 23, 30, 58, 6, 21, 0, 11, 4, 
393, 50, 23, 30, 63, 6, 46, 0, 11, 5, 
393, 50, 23, 30, 55, 6, 23, 0, 15, 6, 
393, 50, 23, 30, 55, 6, 21, 0, 12, 1, 
393, 50, 23, 30, 58, 6, 17, 0, 12, 4, 
393, 50, 23, 30, 63, 6, 46, 0, 11, 5, 
393, 50, 23, 30, 55, 6, 21, 0, 12, 1, 
393, 50, 23, 30, 59, 6, 21, 0, 9, 4, 
393, 50, 23, 30, 62, 6, 21, 0, 11, 0, 
393, 50, 23, 30, 55, 6, 31, 0, 15, 6, 
393, 50, 23, 30, 63, 6, 37, 0, 41, 5, 
393, 50, 23, 30, 63, 6, 29, 0, 11, 0, 
393, 50, 23, 30, 46, 6, 20, 0, 43, 1, 
393, 50, 23, 30, 62, 6, 46, 0, 11, 1, 
393, 50, 23, 30, 55, 6, 21, 0, 11, 0, 
393, 50, 23, 30, 63, 6, 45, 0, 11, 0, 
393, 50, 23, 30, 46, 6, 22, 0, 43, 0, 
393, 50, 23, 30, 63, 6, 39, 0, 41, 5, 
393, 50, 23, 30, 63, 6, 37, 0, 11, 0, 
393, 50, 23, 30, 63, 6, 53, 0, 3, 4, 
393, 50, 23, 30, 63, 6, 14, 0, 47, 32, 
393, 50, 23, 30, 46, 6, 44, 0, 43, 0, 
393, 50, 23, 30, 62, 6, 39, 0, 57, 5, 
393, 48, 23, 30, 63, 6, 47, 0, 41, 5, 
393, 50, 23, 30, 63, 6, 39, 0, 9, 4, 
393, 50, 23, 30, 46, 6, 44, 0, 61, 5, 
393, 50, 23, 30, 42, 6, 36, 0, 57, 0, 
393, 50, 23, 30, 46, 6, 39, 0, 9, 5, 
393, 50, 23, 30, 46, 6, 46, 0, 11, 0, 
393, 50, 23, 30, 63, 6, 39, 0, 9, 4, 
393, 50, 23, 30, 46, 6, 62, 0, 11, 0, 
393, 50, 23, 30, 42, 6, 44, 0, 42, 5, 
393, 50, 23, 30, 46, 6, 46, 0, 25, 5, 
393, 50, 23, 30, 42, 6, 38, 0, 25, 1, 
393, 50, 23, 30, 46, 6, 46, 0, 11, 0, 
393, 50, 23, 30, 44, 6, 46, 0, 25, 4, 
393, 51, 23, 30, 62, 6, 62, 0, 11, 5, 
393, 50, 23, 30, 47, 6, 62, 0, 27, 4, 
393, 50, 23, 30, 42, 6, 38, 0, 25, 1, 
393, 50, 23, 30, 42, 6, 46, 0, 11, 3, 
393, 50, 23, 30, 62, 6, 46, 0, 59, 4, 
393, 51, 23, 30, 55, 6, 46, 0, 19, 40, 
393, 51, 23, 30, 46, 6, 34, 0, 25, 1, 
393, 51, 23, 30, 62, 6, 62, 0, 15, 3, 
393, 50, 23, 30, 40, 6, 54, 0, 25, 0, 
393, 51, 23, 30, 62, 6, 47, 0, 59, 36, 
393, 48, 23, 30, 62, 6, 46, 0, 43, 0, 
393, 51, 23, 30, 40, 6, 52, 0, 25, 0, 
393, 51, 23, 30, 57, 6, 38, 0, 9, 44, 
393, 51, 23, 30, 46, 6, 34, 0, 25, 0, 
393, 51, 23, 30, 62, 6, 46, 0, 43, 0, 
393, 51, 23, 30, 44, 6, 52, 0, 25, 0, 
393, 48, 23, 30, 58, 6, 38, 0, 41, 4, 
393, 51, 23, 30, 40, 6, 60, 0, 9, 4, 
393, 51, 23, 30, 42, 6, 54, 0, 25, 0, 
393, 51, 23, 30, 44, 6, 52, 0, 25, 0, 
393, 48, 23, 30, 54, 6, 38, 0, 43, 4, 
393, 51, 23, 30, 42, 6, 46, 0, 33, 32, 
393, 51, 23, 30, 42, 6, 54, 0, 25, 1, 
393, 51, 23, 30, 43, 6, 54, 0, 11, 0, 
393, 51, 23, 30, 42, 6, 54, 0, 25, 1, 
393, 51, 23, 30, 61, 6, 52, 0, 11, 0, 
393, 51, 23, 30, 43, 6, 54, 0, 11, 0, 
393, 51, 23, 30, 45, 6, 52, 0, 25, 0, 
393, 51, 23, 30, 38, 6, 46, 0, 41, 36, 
393, 51, 23, 30, 46, 6, 20, 0, 11, 0, 
393, 51, 23, 30, 43, 6, 54, 0, 11, 32, 
393, 51, 23, 30, 42, 6, 54, 0, 25, 16, 
393, 51, 23, 30, 42, 6, 54, 0, 25, 0, 
393, 51, 23, 30, 42, 6, 54, 0, 25, 0, 
393, 51, 23, 30, 62, 6, 20, 0, 24, 17, 
393, 51, 23, 30, 42, 6, 54, 0, 25, 0, 
393, 51, 23, 30, 58, 6, 54, 0, 9, 0, 
393, 51, 23, 30, 43, 6, 54, 0, 25, 0, 
393, 51, 23, 30, 42, 6, 54, 0, 25, 32, 
393, 51, 23, 30, 42, 6, 60, 0, 24, 48, 
393, 51, 23, 30, 42, 6, 54, 0, 9, 0, 
393, 51, 23, 30, 42, 6, 54, 0, 29, 1, 
393, 51, 23, 30, 58, 6, 54, 0, 25, 0, 
393, 51, 23, 30, 58, 6, 54, 0, 57, 0, 
393, 51, 23, 30, 42, 6, 54, 0, 20, 9, 
393, 51, 23, 30, 42, 6, 22, 0, 56, 0, 
393, 51, 23, 30, 58, 6, 54, 0, 41, 0, 
393, 51, 23, 30, 42, 6, 54, 0, 27, 0, 
393, 51, 23, 30, 40, 6, 54, 0, 61, 9, 
393, 51, 23, 30, 42, 6, 22, 0, 56, 9, 
393, 51, 23, 30, 58, 6, 54, 0, 41, 0, 
393, 51, 23, 30, 42, 6, 54, 0, 53, 9, 
393, 51, 23, 30, 42, 6, 54, 0, 17, 0, 
393, 51, 23, 30, 46, 6, 54, 0, 30, 8, 
393, 51, 23, 30, 58, 6, 54, 0, 57, 0, 
393, 51, 23, 30, 42, 6, 6, 0, 41, 0, 
393, 51, 23, 30, 62, 6, 54, 0, 17, 0, 
393, 51, 23, 30, 58, 6, 22, 0, 49, 1, 
393, 51, 23, 30, 42, 6, 54, 0, 30, 8, 
393, 51, 23, 30, 62, 6, 54, 0, 28, 0, 
393, 50, 23, 30, 42, 6, 54, 0, 30, 12, 
393, 51, 23, 30, 42, 6, 38, 0, 61, 8, 
393, 51, 23, 30, 58, 6, 22, 0, 49, 4, 
393, 51, 23, 30, 42, 6, 22, 0, 30, 0, 
393, 50, 23, 30, 42, 6, 54, 0, 28, 20, 
393, 51, 23, 30, 62, 6, 55, 0, 20, 1, 
393, 50, 23, 30, 42, 6, 54, 0, 63, 0, 
393, 51, 23, 30, 42, 6, 22, 0, 49, 12, 
393, 51, 23, 30, 62, 6, 22, 0, 55, 4, 
393, 50, 23, 30, 46, 6, 50, 0, 12, 1, 
393, 50, 23, 30, 62, 6, 54, 0, 55, 8, 
393, 51, 23, 30, 62, 6, 55, 0, 49, 12, 
393, 51, 23, 30, 44, 6, 23, 0, 52, 9, 
393, 51, 23, 30, 62, 6, 23, 0, 55, 4, 
393, 50, 23, 30, 46, 6, 50, 0, 37, 1, 
393, 50, 23, 30, 46, 6, 50, 0, 53, 9, 
393, 51, 23, 30, 62, 6, 35, 0, 46, 3, 
393, 50, 23, 30, 62, 6, 19, 0, 36, 5, 
393, 50, 23, 30, 63, 6, 62, 0, 51, 8, 
393, 50, 23, 30, 46, 6, 48, 0, 53, 9, 
393, 50, 23, 30, 46, 6, 50, 0, 37, 0, 
393, 50, 23, 30, 46, 6, 35, 0, 46, 3, 
393, 50, 23, 30, 62, 6, 26, 0, 51, 9, 
393, 50, 23, 30, 63, 6, 58, 0, 53, 1, 
393, 50, 23, 30, 42, 6, 52, 0, 55, 42, 
393, 50, 23, 30, 46, 6, 35, 0, 46, 19, 
393, 50, 23, 30, 46, 6, 35, 0, 46, 3, 
393, 50, 23, 30, 46, 6, 58, 0, 35, 9, 
393, 50, 23, 30, 63, 6, 62, 0, 53, 1, 
393, 50, 23, 30, 42, 6, 35, 0, 46, 3, 
393, 50, 23, 30, 46, 6, 58, 0, 39, 9, 
393, 50, 23, 30, 46, 6, 35, 0, 14, 19, 
393, 48, 23, 30, 46, 6, 35, 0, 32, 1, 
393, 50, 23, 30, 46, 6, 42, 0, 62, 3, 
393, 50, 23, 30, 46, 6, 59, 0, 39, 9, 
393, 50, 23, 30, 42, 6, 35, 0, 46, 1, 
393, 50, 23, 30, 42, 6, 35, 0, 8, 3, 
393, 50, 23, 30, 42, 6, 34, 0, 46, 7, 
393, 50, 23, 30, 46, 6, 35, 0, 14, 17, 
393, 50, 23, 30, 46, 6, 59, 0, 46, 9, 
393, 50, 23, 30, 46, 6, 50, 0, 8, 3, 
393, 50, 23, 30, 46, 6, 50, 0, 42, 11, 
393, 48, 23, 30, 46, 6, 33, 0, 14, 17, 
393, 48, 23, 30, 42, 6, 34, 0, 46, 51, 
393, 50, 23, 30, 46, 6, 50, 0, 8, 2, 
393, 50, 23, 30, 46, 6, 59, 0, 58, 3, 
393, 50, 23, 30, 46, 6, 50, 0, 8, 11, 
393, 50, 23, 30, 42, 6, 50, 0, 10, 2, 
393, 50, 23, 30, 46, 6, 34, 0, 43, 11, 
393, 50, 23, 30, 42, 6, 58, 0, 58, 3, 
393, 50, 23, 30, 43, 6, 50, 0, 8, 11, 
393, 50, 23, 30, 42, 6, 34, 0, 8, 8, 
393, 50, 23, 30, 46, 6, 59, 0, 8, 35, 
393, 50, 23, 30, 44, 6, 19, 0, 58, 11, 
393, 50, 23, 30, 42, 6, 58, 0, 24, 11, 
393, 50, 23, 30, 42, 6, 58, 0, 58, 7, 
393, 50, 23, 30, 42, 6, 26, 0, 56, 11, 
393, 50, 23, 30, 43, 6, 59, 0, 8, 11, 
393, 50, 23, 30, 42, 6, 59, 0, 8, 43, 
393, 50, 23, 30, 42, 6, 58, 0, 24, 11, 
393, 50, 23, 30, 42, 6, 58, 0, 56, 14, 
393, 50, 23, 30, 40, 6, 58, 0, 8, 43, 
393, 51, 23, 30, 40, 6, 58, 0, 24, 11, 
393, 50, 23, 30, 40, 6, 26, 0, 56, 11, 
393, 50, 23, 30, 42, 6, 58, 0, 56, 14, 
393, 50, 23, 30, 42, 6, 59, 0, 24, 11, 
393, 50, 23, 30, 40, 6, 24, 0, 56, 11, 
393, 50, 23, 30, 40, 6, 58, 0, 24, 11, 
393, 50, 23, 30, 40, 6, 58, 0, 25, 11, 
393, 50, 23, 30, 42, 6, 58, 0, 57, 11, 
393, 50, 23, 30, 42, 6, 58, 0, 56, 10, 
393, 50, 23, 30, 42, 6, 59, 0, 56, 11, 
393, 50, 23, 30, 40, 6, 26, 0, 16, 11, 
393, 50, 23, 30, 40, 6, 58, 0, 57, 11, 
393, 50, 23, 30, 42, 6, 58, 0, 56, 10, 
393, 50, 23, 30, 42, 6, 50, 0, 57, 11, 
393, 50, 23, 30, 40, 6, 58, 0, 57, 11, 
393, 50, 23, 30, 42, 6, 58, 0, 57, 43, 
393, 50, 23, 30, 42, 6, 59, 0, 56, 11, 
393, 50, 23, 30, 42, 6, 58, 0, 57, 10, 
393, 50, 23, 30, 42, 6, 58, 0, 56, 43, 
393, 50, 23, 30, 46, 6, 59, 0, 56, 10, 
393, 50, 23, 30, 42, 6, 50, 0, 57, 11, 
393, 50, 23, 30, 40, 6, 58, 0, 57, 11, 
393, 50, 23, 30, 42, 6, 58, 0, 56, 35, 
393, 48, 23, 30, 42, 6, 58, 0, 48, 10, 
393, 50, 23, 30, 46, 6, 42, 0, 59, 10, 
393, 50, 23, 30, 44, 6, 59, 0, 56, 42, 
393, 50, 23, 30, 42, 6, 50, 0, 57, 11, 
393, 50, 23, 30, 42, 6, 58, 0, 34, 42, 
393, 50, 23, 30, 44, 6, 59, 0, 56, 46, 
393, 50, 23, 30, 46, 6, 58, 0, 56, 46, 
393, 48, 23, 30, 42, 6, 56, 0, 57, 11, 
393, 48, 23, 30, 42, 6, 58, 0, 59, 10, 
393, 50, 23, 30, 42, 6, 58, 0, 42, 58, 
393, 50, 23, 30, 42, 6, 26, 0, 52, 42, 
393, 48, 23, 30, 42, 6, 58, 0, 59, 10, 
393, 50, 23, 30, 42, 6, 58, 0, 59, 10, 
393, 48, 23, 30, 42, 6, 58, 0, 47, 10, 
393, 50, 23, 30, 42, 6, 58, 0, 60, 46, 
393, 50, 23, 30, 42, 6, 26, 0, 59, 42, 
393, 48, 23, 30, 46, 6, 42, 0, 7, 10, 
393, 50, 23, 30, 42, 6, 42, 0, 54, 8, 
393, 50, 23, 30, 42, 6, 27, 0, 63, 9, 
393, 50, 23, 30, 42, 6, 26, 0, 59, 41, 
393, 50, 23, 30, 42, 6, 43, 0, 1, 10, 
393, 50, 23, 30, 58, 6, 26, 0, 59, 40, 
393, 51, 23, 30, 46, 6, 42, 0, 34, 8, 
393, 48, 23, 30, 46, 6, 42, 0, 54, 8, 
393, 50, 23, 30, 56, 6, 26, 0, 58, 40, 
393, 48, 23, 30, 42, 6, 26, 0, 59, 41, 
393, 50, 23, 30, 46, 6, 40, 0, 54, 8, 
393, 50, 23, 30, 42, 6, 26, 0, 43, 32, 
393, 50, 23, 30, 42, 6, 59, 0, 49, 42, 
393, 50, 23, 30, 56, 6, 27, 0, 58, 41, 
393, 50, 23, 30, 40, 6, 26, 0, 43, 32, 
393, 50, 23, 30, 42, 6, 59, 0, 49, 42, 
393, 50, 23, 30, 42, 6, 27, 0, 58, 42, 
393, 50, 23, 30, 56, 6, 59, 0, 51, 42, 
393, 50, 23, 30, 58, 6, 30, 0, 43, 48, 
393, 50, 23, 30, 56, 6, 59, 0, 49, 42, 
393, 50, 23, 30, 56, 6, 27, 0, 58, 42, 
393, 50, 23, 30, 56, 6, 59, 0, 59, 32, 
393, 50, 23, 30, 40, 6, 59, 0, 57, 32, 
393, 50, 23, 30, 58, 6, 27, 0, 43, 48, 
393, 50, 23, 30, 58, 6, 59, 0, 57, 32, 
393, 50, 23, 30, 40, 6, 58, 0, 59, 32, 
393, 51, 23, 30, 56, 6, 59, 0, 49, 32, 
393, 50, 23, 30, 56, 6, 59, 0, 59, 32, 
393, 48, 23, 30, 58, 6, 11, 0, 59, 32, 
393, 50, 23, 30, 43, 6, 59, 0, 59, 32, 
393, 50, 23, 30, 56, 6, 59, 0, 49, 32, 
393, 50, 23, 30, 40, 6, 58, 0, 57, 32, 
393, 50, 23, 30, 57, 6, 59, 0, 49, 37, 
393, 48, 23, 30, 58, 6, 56, 0, 63, 32, 
393, 50, 23, 30, 43, 6, 27, 0, 37, 32, 
393, 50, 23, 30, 56, 6, 59, 0, 57, 32, 
393, 50, 23, 30, 57, 6, 51, 0, 49, 45, 
393, 50, 23, 30, 57, 6, 59, 0, 49, 33, 
393, 48, 23, 30, 43, 6, 31, 0, 45, 32, 
393, 48, 23, 30, 56, 6, 59, 0, 53, 32, 
393, 48, 23, 30, 57, 6, 58, 0, 59, 33, 
393, 50, 23, 30, 58, 6, 57, 0, 57, 49, 
393, 50, 23, 30, 43, 6, 27, 0, 49, 37, 
393, 48, 23, 30, 43, 6, 29, 0, 61, 32, 
393, 48, 23, 30, 56, 6, 63, 0, 47, 32, 
393, 48, 23, 30, 43, 6, 31, 0, 59, 33, 
393, 48, 23, 30, 57, 6, 62, 0, 27, 1, 
393, 50, 23, 30, 62, 6, 25, 0, 57, 49, 
393, 48, 23, 30, 43, 6, 63, 0, 39, 32, 
393, 48, 23, 30, 43, 6, 27, 0, 59, 32, 
393, 48, 23, 30, 57, 6, 62, 0, 27, 1, 
393, 50, 23, 30, 46, 6, 25, 0, 25, 49, 
393, 48, 23, 30, 56, 6, 47, 0, 63, 33, 
393, 48, 23, 30, 43, 6, 54, 0, 55, 32, 
393, 48, 23, 30, 43, 6, 63, 0, 39, 33, 
393, 48, 23, 30, 43, 6, 47, 0, 55, 1, 
393, 48, 23, 30, 49, 6, 62, 0, 19, 1, 
393, 48, 23, 30, 59, 6, 59, 0, 27, 33, 
393, 48, 23, 30, 43, 6, 62, 0, 54, 33, 
393, 48, 23, 30, 57, 6, 62, 0, 19, 1, 
393, 48, 23, 30, 43, 6, 54, 0, 55, 33, 
393, 48, 23, 30, 42, 6, 54, 0, 55, 34, 
393, 50, 23, 30, 43, 6, 34, 0, 27, 33, 
393, 48, 23, 30, 57, 6, 62, 0, 23, 1, 
393, 50, 23, 30, 59, 6, 62, 0, 54, 1, 
393, 48, 23, 30, 43, 6, 54, 0, 37, 34, 
393, 50, 23, 30, 43, 6, 34, 0, 59, 32, 
393, 48, 23, 30, 43, 6, 34, 0, 55, 40, 
393, 48, 23, 30, 57, 6, 62, 0, 23, 1, 
393, 48, 23, 30, 43, 6, 54, 0, 54, 34, 
393, 48, 23, 30, 57, 6, 34, 0, 55, 9, 
393, 50, 23, 30, 43, 6, 38, 0, 55, 56, 
393, 48, 23, 30, 43, 6, 46, 0, 55, 8, 
393, 50, 23, 30, 57, 6, 34, 0, 54, 9, 
393, 48, 23, 30, 57, 6, 38, 0, 23, 11, 
393, 48, 23, 30, 43, 6, 38, 0, 55, 56, 
393, 48, 23, 30, 57, 6, 38, 0, 54, 32, 
393, 48, 23, 30, 57, 6, 46, 0, 55, 34, 
393, 50, 23, 30, 56, 6, 38, 0, 54, 32, 
393, 50, 23, 30, 49, 6, 34, 0, 54, 34, 
393, 48, 23, 30, 57, 6, 46, 0, 31, 34, 
393, 50, 23, 30, 59, 6, 38, 0, 55, 10, 
393, 48, 23, 30, 60, 6, 38, 0, 54, 43, 
393, 50, 23, 30, 57, 6, 46, 0, 31, 34, 
393, 50, 23, 30, 59, 6, 38, 0, 55, 10, 
393, 50, 23, 30, 59, 6, 38, 0, 54, 2, 
393, 50, 23, 30, 58, 6, 38, 0, 52, 0, 
393, 51, 23, 30, 49, 6, 42, 0, 31, 34, 
393, 50, 23, 30, 57, 6, 46, 0, 22, 2, 
393, 51, 23, 30, 57, 6, 38, 0, 62, 34, 
393, 50, 23, 30, 58, 6, 38, 0, 52, 8, 
393, 50, 23, 30, 57, 6, 38, 0, 61, 35, 
393, 51, 23, 30, 49, 6, 46, 0, 31, 34, 
393, 51, 23, 30, 57, 6, 44, 0, 62, 34, 
393, 50, 23, 30, 57, 6, 46, 0, 61, 43, 
393, 50, 23, 30, 61, 6, 38, 0, 45, 35, 
393, 51, 23, 30, 57, 6, 46, 0, 29, 34, 
393, 51, 23, 30, 49, 6, 38, 0, 23, 34, 
393, 50, 23, 30, 61, 6, 38, 0, 45, 35, 
393, 51, 23, 30, 57, 6, 46, 0, 29, 34, 
393, 51, 23, 30, 57, 6, 44, 0, 63, 34, 
393, 51, 23, 30, 57, 6, 44, 0, 13, 2, 
393, 51, 23, 30, 53, 6, 38, 0, 56, 34, 
393, 50, 23, 30, 61, 6, 36, 0, 63, 34, 
393, 50, 23, 30, 61, 6, 39, 0, 13, 2, 
393, 51, 23, 30, 60, 6, 38, 0, 45, 3, 
393, 51, 23, 30, 57, 6, 44, 0, 61, 34, 
393, 51, 23, 30, 57, 6, 44, 0, 57, 34, 
393, 50, 23, 30, 61, 6, 39, 0, 13, 2, 
393, 50, 23, 30, 61, 6, 5, 0, 15, 34, 
393, 50, 23, 30, 61, 6, 44, 0, 61, 51, 
393, 50, 23, 30, 61, 6, 44, 0, 47, 34, 
393, 50, 23, 30, 57, 6, 47, 0, 29, 10, 
393, 51, 23, 30, 61, 6, 44, 0, 61, 51, 
393, 50, 23, 30, 53, 6, 33, 0, 45, 2, 
393, 50, 23, 30, 61, 6, 7, 0, 47, 2, 
393, 48, 23, 30, 57, 6, 47, 0, 29, 10, 
393, 50, 23, 30, 63, 6, 39, 0, 29, 42, 
393, 50, 23, 30, 37, 6, 33, 0, 45, 2, 
393, 51, 23, 30, 53, 6, 36, 0, 61, 35, 
393, 51, 23, 30, 52, 6, 41, 0, 41, 50, 
393, 51, 23, 30, 61, 6, 45, 0, 46, 34, 
393, 51, 23, 30, 61, 6, 60, 0, 60, 10, 
393, 50, 23, 30, 37, 6, 37, 0, 63, 11, 
393, 50, 23, 30, 37, 6, 33, 0, 45, 18, 
393, 51, 23, 30, 45, 6, 45, 0, 61, 2, 
393, 51, 23, 30, 52, 6, 36, 0, 43, 35, 
393, 51, 23, 30, 61, 6, 37, 0, 12, 35, 
393, 50, 23, 30, 39, 6, 41, 0, 47, 59, 
393, 51, 23, 30, 37, 6, 45, 0, 60, 35, 
393, 50, 23, 30, 45, 6, 45, 0, 61, 2, 
393, 51, 23, 30, 53, 6, 37, 0, 41, 2, 
393, 51, 23, 30, 61, 6, 37, 0, 28, 35, 
393, 50, 23, 30, 37, 6, 45, 0, 60, 43, 
393, 51, 23, 30, 37, 6, 45, 0, 62, 11, 
393, 50, 23, 30, 39, 6, 41, 0, 61, 2, 
393, 50, 23, 30, 61, 6, 37, 0, 28, 35, 
393, 50, 23, 30, 55, 6, 45, 0, 31, 51, 
393, 51, 23, 30, 45, 6, 45, 0, 62, 31, 
393, 50, 23, 30, 37, 6, 57, 0, 53, 3, 
393, 50, 23, 30, 37, 6, 37, 0, 28, 35, 
393, 50, 23, 30, 39, 6, 45, 0, 15, 51, 
393, 51, 23, 30, 37, 6, 45, 0, 28, 35, 
393, 50, 23, 30, 37, 6, 41, 0, 7, 3, 
393, 51, 23, 30, 39, 6, 57, 0, 22, 3, 
393, 50, 23, 30, 37, 6, 5, 0, 15, 51, 
393, 51, 23, 30, 39, 6, 45, 0, 29, 43, 
378, 50, 23, 30, 33, 6, 57, 0, 60, 15, 
393, 50, 23, 30, 37, 6, 41, 0, 6, 3, 
393, 50, 23, 30, 37, 6, 9, 0, 15, 3, 
393, 50, 23, 30, 37, 6, 9, 0, 7, 18, 
393, 50, 23, 30, 37, 6, 43, 0, 5, 43, 
393, 51, 23, 30, 39, 6, 45, 0, 37, 35, 
393, 50, 23, 30, 37, 6, 9, 0, 15, 3, 
393, 48, 23, 30, 53, 6, 9, 0, 14, 3, 
393, 50, 23, 30, 37, 6, 9, 0, 7, 18, 
393, 50, 23, 30, 39, 6, 61, 0, 53, 35, 
393, 50, 23, 30, 37, 6, 9, 0, 7, 2, 
393, 50, 23, 30, 53, 6, 9, 0, 14, 3, 
393, 50, 23, 30, 37, 6, 9, 0, 15, 18, 
393, 50, 23, 30, 37, 6, 9, 0, 7, 3, 
393, 48, 23, 30, 53, 6, 9, 0, 14, 18, 
393, 48, 23, 30, 53, 6, 0, 0, 14, 3, 
393, 50, 23, 30, 37, 6, 9, 0, 14, 18, 
393, 48, 23, 30, 37, 6, 13, 0, 30, 3, 
393, 50, 23, 30, 37, 6, 9, 0, 1, 3, 
393, 51, 23, 30, 37, 6, 9, 0, 15, 3, 
393, 50, 23, 30, 53, 6, 20, 0, 14, 7, 
393, 50, 23, 30, 37, 6, 13, 0, 30, 3, 
393, 50, 23, 30, 37, 6, 9, 0, 5, 11, 
393, 50, 23, 30, 37, 6, 5, 0, 30, 3, 
393, 48, 23, 30, 37, 6, 13, 0, 15, 2, 
393, 50, 23, 30, 53, 6, 13, 0, 30, 3, 
393, 50, 23, 30, 37, 6, 5, 0, 5, 11, 
393, 50, 23, 30, 37, 6, 13, 0, 14, 3, 
393, 50, 23, 30, 53, 6, 15, 0, 15, 3, 
393, 48, 23, 30, 37, 6, 13, 0, 15, 3, 
393, 50, 23, 30, 37, 6, 9, 0, 20, 11, 
393, 50, 23, 30, 37, 6, 5, 0, 5, 11, 
393, 50, 23, 30, 37, 6, 9, 0, 20, 11, 
393, 50, 23, 30, 37, 6, 9, 0, 13, 11, 
393, 48, 23, 30, 37, 6, 13, 0, 14, 3, 
393, 50, 23, 30, 37, 6, 13, 0, 28, 2, 
393, 50, 23, 30, 37, 6, 9, 0, 20, 11, 
393, 51, 23, 30, 37, 6, 5, 0, 5, 40, 
393, 50, 23, 30, 37, 6, 29, 0, 46, 3, 
393, 50, 23, 30, 37, 6, 13, 0, 5, 11, 
393, 48, 23, 30, 45, 6, 11, 0, 13, 3, 
393, 50, 23, 30, 37, 6, 29, 0, 42, 3, 
393, 50, 23, 30, 37, 6, 29, 0, 4, 3, 
393, 50, 23, 30, 37, 6, 13, 0, 5, 11, 
393, 48, 23, 30, 37, 6, 9, 0, 29, 11, 
393, 51, 23, 30, 37, 6, 5, 0, 5, 11, 
393, 50, 23, 30, 37, 6, 28, 0, 20, 3, 
393, 48, 23, 30, 37, 6, 13, 0, 15, 3, 
393, 50, 23, 30, 37, 6, 13, 0, 5, 11, 
393, 51, 23, 30, 37, 6, 5, 0, 5, 2, 
393, 50, 23, 30, 37, 6, 5, 0, 5, 11, 
393, 51, 23, 30, 37, 6, 13, 0, 15, 3, 
393, 48, 23, 30, 37, 6, 28, 0, 7, 3, 
393, 50, 23, 30, 37, 6, 4, 0, 5, 2, 
393, 50, 23, 30, 37, 6, 28, 0, 28, 3, 
393, 50, 23, 30, 37, 6, 12, 0, 21, 2, 
393, 51, 23, 30, 37, 6, 13, 0, 7, 3, 
393, 51, 23, 30, 37, 6, 61, 0, 7, 3, 
393, 51, 23, 30, 37, 6, 36, 0, 7, 2, 
393, 51, 23, 30, 37, 6, 12, 0, 14, 3, 
393, 48, 23, 30, 45, 6, 28, 0, 23, 3, 
393, 51, 23, 30, 53, 6, 29, 0, 7, 3, 
393, 51, 23, 30, 37, 6, 36, 0, 7, 2, 
393, 51, 23, 30, 37, 6, 13, 0, 14, 0, 
393, 51, 23, 30, 45, 6, 30, 0, 63, 3, 
393, 51, 23, 30, 37, 6, 36, 0, 23, 2, 
393, 51, 23, 30, 53, 6, 36, 0, 7, 2, 
393, 51, 23, 30, 53, 6, 20, 0, 13, 3, 
393, 51, 23, 30, 53, 6, 13, 0, 15, 3, 
393, 51, 23, 30, 53, 6, 30, 0, 63, 3, 
393, 51, 23, 30, 45, 6, 30, 0, 39, 3, 
393, 51, 23, 30, 53, 6, 20, 0, 5, 3, 
393, 51, 23, 30, 53, 6, 20, 0, 7, 3, 
393, 51, 23, 30, 53, 6, 36, 0, 7, 2, 
393, 51, 23, 30, 53, 6, 54, 0, 7, 2, 
393, 51, 23, 30, 53, 6, 13, 0, 15, 3, 
393, 50, 23, 30, 53, 6, 20, 0, 13, 3, 
393, 50, 23, 30, 55, 6, 20, 0, 7, 2, 
393, 51, 23, 30, 55, 6, 13, 0, 31, 3, 
393, 51, 23, 30, 53, 6, 4, 0, 7, 3, 
393, 50, 23, 30, 53, 6, 29, 0, 15, 7, 
393, 51, 23, 30, 55, 6, 5, 0, 9, 2, 
393, 51, 23, 30, 53, 6, 18, 0, 5, 3, 
393, 50, 23, 30, 55, 6, 21, 0, 15, 7, 
393, 50, 23, 30, 53, 6, 20, 0, 13, 13, 
393, 50, 23, 30, 53, 6, 20, 0, 7, 6, 
393, 51, 23, 30, 55, 6, 5, 0, 11, 7, 
393, 51, 23, 30, 55, 6, 13, 0, 13, 13, 
393, 51, 23, 30, 53, 6, 18, 0, 7, 6, 
393, 51, 23, 30, 55, 6, 19, 0, 15, 3, 
393, 51, 23, 30, 53, 6, 18, 0, 5, 2, 
393, 51, 23, 30, 55, 6, 16, 0, 7, 7, 
393, 51, 23, 30, 61, 6, 18, 0, 4, 6, 
393, 51, 23, 30, 55, 6, 22, 0, 3, 2, 
393, 51, 23, 30, 55, 6, 18, 0, 5, 6, 
393, 51, 23, 30, 61, 6, 27, 0, 8, 6, 
393, 51, 23, 30, 61, 6, 25, 0, 14, 6, 
393, 51, 23, 30, 53, 6, 16, 0, 1, 6, 
393, 51, 23, 30, 61, 6, 18, 0, 3, 0, 
393, 51, 23, 30, 45, 6, 50, 0, 1, 2, 
393, 51, 23, 30, 53, 6, 18, 0, 5, 2, 
