178, 30, 56, 58, 17, 20, 11, 53, 1, 16, 
39, 39, 55, 10, 28, 42, 37, 16, 29, 62, 
38, 4, 50, 47, 38, 62, 21, 44, 63, 14, 
37, 5, 46, 17, 61, 42, 3, 36, 59, 6, 
36, 43, 3, 17, 28, 50, 37, 18, 61, 60, 
181, 6, 63, 58, 20, 42, 27, 37, 59, 18, 
39, 39, 55, 10, 28, 50, 37, 18, 45, 60, 
38, 4, 58, 47, 38, 62, 21, 44, 61, 60, 
37, 5, 46, 17, 29, 43, 3, 36, 59, 6, 
36, 39, 3, 19, 28, 50, 37, 18, 60, 60, 
181, 6, 63, 58, 20, 42, 31, 37, 57, 60, 
41, 6, 46, 21, 23, 35, 3, 36, 57, 6, 
38, 6, 63, 58, 20, 42, 21, 44, 61, 60, 
38, 4, 58, 45, 38, 62, 21, 44, 60, 60, 
38, 36, 59, 47, 36, 63, 21, 44, 61, 54, 
181, 6, 61, 58, 20, 42, 31, 37, 59, 60, 
38, 5, 51, 42, 38, 46, 23, 44, 61, 60, 
38, 6, 63, 47, 44, 63, 17, 44, 57, 54, 
38, 6, 62, 21, 20, 42, 21, 44, 61, 60, 
38, 6, 46, 41, 34, 62, 23, 40, 60, 60, 
181, 6, 61, 58, 22, 42, 31, 39, 59, 56, 
181, 6, 61, 42, 20, 42, 31, 37, 59, 60, 
181, 7, 61, 26, 4, 42, 31, 37, 27, 60, 
38, 6, 61, 49, 20, 42, 21, 44, 53, 28, 
38, 5, 55, 42, 36, 62, 21, 44, 61, 52, 
181, 6, 45, 42, 22, 58, 31, 37, 59, 44, 
181, 6, 61, 58, 22, 42, 31, 37, 27, 60, 
181, 6, 61, 26, 6, 42, 31, 37, 27, 56, 
181, 14, 61, 42, 20, 42, 29, 37, 27, 60, 
181, 6, 53, 42, 20, 42, 31, 37, 59, 56, 
181, 38, 45, 43, 22, 58, 31, 37, 19, 60, 
181, 6, 61, 26, 6, 42, 23, 37, 26, 56, 
181, 7, 45, 42, 22, 58, 59, 37, 19, 56, 
181, 14, 61, 42, 20, 42, 29, 37, 27, 60, 
181, 6, 61, 42, 20, 42, 31, 37, 27, 45, 
181, 38, 61, 42, 20, 42, 29, 37, 11, 60, 
181, 38, 45, 35, 22, 58, 31, 37, 51, 61, 
181, 38, 45, 43, 22, 62, 31, 37, 27, 61, 
181, 38, 45, 40, 22, 58, 31, 37, 17, 45, 
181, 6, 61, 26, 6, 42, 23, 37, 26, 45, 
181, 38, 61, 33, 22, 42, 31, 37, 59, 60, 
181, 38, 63, 42, 22, 42, 29, 37, 11, 45, 
181, 38, 61, 42, 20, 42, 31, 37, 27, 57, 
181, 38, 61, 42, 4, 42, 28, 37, 11, 13, 
181, 6, 61, 42, 20, 42, 23, 37, 26, 45, 
181, 46, 63, 42, 18, 42, 29, 37, 11, 45, 
181, 39, 61, 34, 21, 40, 63, 33, 27, 48, 
181, 38, 61, 43, 22, 42, 29, 37, 27, 61, 
181, 38, 61, 42, 12, 42, 28, 37, 11, 15, 
181, 38, 61, 58, 20, 42, 31, 37, 27, 57, 
181, 39, 63, 34, 16, 40, 61, 33, 27, 45, 
181, 38, 63, 59, 18, 42, 29, 37, 11, 61, 
181, 46, 63, 42, 50, 42, 61, 37, 11, 15, 
181, 37, 61, 34, 21, 40, 47, 33, 27, 45, 
181, 39, 61, 34, 17, 40, 63, 35, 31, 14, 
181, 39, 63, 59, 18, 42, 29, 37, 43, 61, 
181, 39, 63, 59, 18, 42, 29, 37, 11, 61, 
181, 45, 63, 59, 19, 40, 61, 37, 31, 39, 
181, 35, 63, 41, 50, 42, 61, 37, 15, 15, 
181, 38, 63, 34, 50, 42, 61, 37, 27, 14, 
181, 35, 63, 59, 19, 40, 29, 37, 31, 39, 
181, 37, 63, 27, 18, 42, 53, 33, 27, 53, 
181, 39, 63, 59, 16, 42, 63, 37, 15, 15, 
181, 35, 63, 57, 35, 42, 29, 37, 55, 47, 
181, 39, 63, 59, 50, 42, 29, 37, 39, 61, 
181, 37, 59, 27, 18, 34, 55, 33, 27, 53, 
181, 35, 63, 59, 18, 40, 29, 37, 31, 55, 
181, 35, 63, 59, 19, 40, 29, 37, 15, 63, 
181, 39, 63, 59, 18, 40, 61, 37, 30, 7, 
181, 35, 63, 41, 3, 42, 29, 37, 35, 47, 
181, 35, 59, 27, 22, 40, 25, 33, 31, 63, 
181, 37, 63, 59, 18, 34, 31, 33, 10, 63, 
181, 35, 63, 59, 18, 40, 29, 37, 15, 63, 
181, 35, 63, 59, 19, 40, 29, 37, 15, 63, 
181, 35, 63, 59, 18, 40, 29, 37, 15, 55, 
181, 35, 59, 26, 23, 40, 31, 33, 10, 63, 
181, 35, 59, 27, 22, 56, 29, 37, 47, 55, 
181, 35, 63, 59, 18, 40, 29, 37, 15, 54, 
181, 35, 63, 59, 19, 40, 29, 37, 7, 63, 
181, 35, 63, 59, 19, 40, 29, 37, 15, 31, 
181, 35, 59, 30, 23, 40, 31, 37, 15, 54, 
181, 35, 61, 58, 18, 40, 29, 37, 10, 62, 
181, 35, 63, 26, 20, 40, 29, 37, 10, 55, 
181, 34, 63, 58, 23, 40, 29, 37, 4, 31, 
181, 35, 63, 27, 18, 40, 29, 37, 63, 55, 
181, 7, 59, 30, 18, 40, 29, 37, 10, 62, 
181, 35, 61, 58, 18, 40, 29, 37, 42, 62, 
181, 34, 59, 30, 23, 40, 30, 37, 11, 51, 
181, 35, 59, 30, 20, 44, 29, 37, 11, 54, 
181, 35, 59, 30, 20, 40, 47, 37, 15, 54, 
181, 23, 61, 31, 18, 40, 29, 33, 42, 62, 
181, 7, 59, 30, 23, 40, 26, 37, 11, 51, 
181, 2, 59, 26, 22, 40, 63, 37, 3, 63, 
181, 1, 59, 30, 20, 44, 29, 37, 11, 54, 
181, 7, 59, 30, 20, 46, 29, 37, 11, 54, 
181, 7, 63, 30, 7, 44, 26, 37, 42, 51, 
181, 23, 59, 30, 18, 44, 27, 33, 11, 27, 
181, 23, 61, 21, 18, 40, 63, 37, 3, 63, 
181, 5, 61, 27, 18, 44, 29, 37, 11, 62, 
181, 19, 61, 31, 20, 46, 29, 37, 3, 54, 
181, 5, 59, 30, 18, 44, 27, 33, 3, 27, 
181, 7, 55, 30, 5, 60, 26, 37, 3, 63, 
181, 6, 63, 21, 2, 44, 26, 37, 11, 63, 
181, 23, 63, 22, 27, 44, 19, 33, 11, 63, 
181, 7, 61, 27, 26, 44, 25, 37, 11, 54, 
181, 5, 57, 30, 18, 44, 26, 37, 3, 63, 
181, 6, 51, 30, 6, 44, 26, 33, 2, 31, 
181, 5, 59, 30, 22, 44, 59, 33, 3, 31, 
181, 6, 59, 28, 2, 44, 31, 33, 3, 63, 
181, 5, 59, 22, 31, 44, 19, 33, 11, 63, 
181, 5, 57, 30, 6, 44, 26, 37, 10, 31, 
181, 7, 57, 30, 2, 44, 26, 33, 3, 30, 
181, 1, 57, 30, 23, 44, 30, 37, 3, 31, 
181, 5, 57, 22, 18, 44, 26, 37, 3, 55, 
181, 5, 59, 30, 19, 40, 31, 33, 3, 63, 
181, 5, 57, 30, 2, 44, 26, 33, 3, 30, 
181, 5, 57, 22, 6, 44, 26, 39, 14, 31, 
181, 1, 57, 30, 18, 44, 58, 37, 42, 31, 
181, 7, 57, 30, 22, 44, 30, 37, 3, 30, 
181, 1, 57, 30, 29, 44, 30, 37, 3, 23, 
181, 5, 57, 30, 2, 44, 50, 39, 14, 27, 
181, 5, 57, 30, 22, 44, 30, 39, 12, 31, 
181, 5, 57, 30, 2, 44, 22, 35, 19, 31, 
181, 5, 59, 30, 18, 44, 58, 37, 8, 31, 
181, 35, 61, 30, 2, 44, 62, 39, 34, 31, 
181, 4, 59, 30, 2, 44, 50, 39, 4, 29, 
181, 21, 57, 31, 22, 60, 54, 39, 40, 30, 
181, 21, 57, 30, 3, 44, 54, 39, 2, 27, 
181, 5, 49, 30, 18, 44, 50, 37, 10, 31, 
181, 13, 57, 31, 2, 44, 62, 39, 34, 31, 
325, 21, 59, 30, 6, 56, 55, 7, 8, 30, 
181, 21, 57, 31, 22, 60, 54, 39, 8, 30, 
181, 4, 59, 30, 2, 44, 42, 39, 4, 30, 
181, 7, 57, 30, 2, 60, 50, 39, 36, 29, 
181, 4, 43, 30, 2, 40, 50, 39, 0, 31, 
325, 23, 59, 30, 6, 56, 55, 7, 56, 23, 
325, 21, 59, 30, 6, 56, 23, 7, 0, 23, 
181, 21, 51, 31, 6, 60, 54, 39, 40, 30, 
181, 21, 57, 31, 22, 56, 54, 47, 24, 30, 
181, 21, 59, 30, 6, 56, 58, 39, 20, 14, 
336, 23, 59, 14, 6, 24, 55, 7, 20, 31, 
333, 31, 59, 31, 22, 40, 55, 7, 48, 23, 
325, 23, 59, 30, 2, 44, 55, 7, 56, 22, 
325, 21, 59, 30, 6, 56, 23, 7, 48, 46, 
181, 23, 51, 30, 6, 56, 54, 39, 40, 30, 
336, 23, 59, 14, 6, 24, 23, 7, 48, 47, 
333, 23, 59, 30, 6, 24, 55, 7, 16, 7, 
333, 23, 59, 24, 6, 24, 55, 7, 16, 62, 
328, 20, 59, 22, 6, 44, 23, 7, 40, 58, 
327, 23, 59, 14, 6, 56, 63, 7, 16, 14, 
336, 23, 58, 14, 6, 27, 23, 7, 17, 7, 
336, 23, 59, 14, 6, 24, 23, 7, 48, 15, 
336, 23, 59, 12, 6, 24, 51, 7, 16, 62, 
336, 23, 59, 14, 4, 24, 55, 7, 16, 54, 
336, 23, 59, 14, 6, 28, 55, 7, 16, 15, 
336, 23, 59, 14, 2, 26, 19, 7, 48, 15, 
336, 23, 58, 14, 6, 59, 23, 7, 48, 62, 
336, 22, 59, 14, 6, 26, 55, 7, 16, 39, 
336, 23, 58, 14, 6, 27, 23, 7, 16, 54, 
336, 22, 58, 14, 6, 25, 23, 7, 16, 15, 
336, 23, 58, 14, 6, 59, 23, 7, 48, 62, 
336, 23, 59, 14, 2, 26, 23, 7, 48, 62, 
336, 23, 58, 14, 2, 26, 55, 7, 48, 47, 
336, 23, 59, 14, 6, 26, 22, 7, 16, 63, 
336, 23, 59, 14, 2, 26, 25, 7, 16, 54, 
339, 23, 59, 14, 6, 10, 23, 3, 48, 62, 
336, 23, 58, 14, 2, 26, 23, 7, 48, 62, 
336, 22, 58, 14, 6, 27, 55, 7, 48, 47, 
336, 23, 58, 14, 22, 59, 22, 7, 16, 31, 
336, 23, 58, 14, 6, 59, 23, 7, 48, 62, 
336, 22, 58, 14, 23, 27, 55, 7, 48, 63, 
336, 23, 58, 14, 22, 59, 22, 7, 16, 29, 
336, 23, 58, 14, 0, 26, 23, 7, 48, 62, 
336, 23, 58, 14, 2, 59, 23, 7, 33, 62, 
336, 23, 58, 14, 6, 27, 22, 7, 16, 15, 
336, 22, 58, 14, 22, 59, 38, 7, 48, 29, 
336, 22, 58, 15, 23, 25, 54, 7, 48, 61, 
336, 22, 58, 14, 23, 27, 55, 7, 48, 60, 
336, 23, 56, 15, 23, 27, 55, 7, 49, 62, 
336, 23, 58, 14, 19, 59, 23, 7, 48, 63, 
336, 22, 58, 14, 54, 59, 38, 7, 52, 60, 
336, 22, 58, 14, 22, 59, 38, 7, 48, 63, 
336, 22, 58, 15, 19, 25, 55, 7, 48, 60, 
336, 22, 58, 15, 21, 24, 62, 7, 48, 60, 
336, 22, 56, 15, 23, 27, 53, 7, 51, 62, 
336, 22, 58, 14, 22, 59, 34, 7, 52, 61, 
336, 22, 58, 14, 54, 59, 38, 7, 48, 62, 
336, 22, 58, 15, 19, 25, 55, 7, 32, 60, 
336, 22, 58, 15, 16, 57, 38, 7, 52, 61, 
336, 22, 58, 11, 55, 26, 52, 7, 50, 60, 
336, 22, 58, 14, 54, 59, 34, 7, 48, 52, 
336, 22, 58, 15, 20, 59, 28, 7, 52, 63, 
336, 22, 58, 14, 23, 26, 52, 7, 50, 60, 
336, 18, 58, 15, 51, 25, 38, 7, 48, 60, 
336, 22, 58, 14, 52, 27, 38, 7, 48, 61, 
336, 22, 58, 14, 23, 26, 52, 7, 50, 44, 
336, 22, 58, 14, 54, 59, 34, 7, 50, 28, 
336, 22, 58, 15, 55, 25, 38, 7, 48, 28, 
336, 20, 58, 14, 54, 57, 34, 7, 32, 44, 
336, 22, 58, 15, 50, 27, 46, 7, 48, 52, 
336, 22, 58, 14, 23, 59, 34, 7, 51, 28, 
336, 22, 58, 14, 23, 27, 60, 7, 50, 44, 
336, 22, 58, 15, 55, 25, 38, 7, 48, 30, 
336, 22, 58, 15, 51, 26, 54, 7, 50, 60, 
336, 22, 58, 14, 54, 27, 38, 7, 48, 28, 
336, 23, 58, 15, 55, 25, 46, 7, 48, 30, 
336, 22, 58, 14, 55, 59, 34, 7, 49, 30, 
336, 22, 58, 15, 23, 27, 49, 7, 49, 30, 
336, 22, 58, 15, 51, 26, 38, 7, 50, 60, 
336, 22, 58, 14, 23, 26, 54, 7, 50, 60, 
336, 23, 58, 15, 55, 25, 46, 7, 56, 28, 
336, 7, 56, 12, 23, 26, 58, 7, 50, 30, 
336, 22, 58, 14, 54, 59, 49, 7, 49, 30, 
336, 23, 58, 14, 23, 27, 32, 7, 49, 30, 
336, 22, 58, 14, 55, 27, 38, 7, 48, 61, 
336, 23, 58, 15, 55, 26, 58, 7, 50, 30, 
336, 7, 58, 15, 23, 26, 58, 7, 50, 62, 
336, 23, 58, 15, 55, 25, 46, 7, 49, 22, 
336, 20, 58, 14, 55, 25, 38, 7, 56, 30, 
336, 23, 58, 15, 23, 25, 44, 7, 48, 28, 
336, 23, 58, 11, 51, 26, 56, 7, 50, 62, 
336, 23, 58, 15, 7, 26, 58, 7, 18, 30, 
336, 7, 58, 7, 37, 26, 58, 7, 50, 62, 
336, 22, 58, 15, 55, 26, 58, 7, 50, 30, 
336, 23, 58, 13, 55, 26, 58, 7, 16, 22, 
336, 23, 58, 15, 51, 26, 62, 7, 18, 30, 
336, 23, 58, 15, 19, 26, 57, 7, 50, 54, 
336, 7, 58, 7, 37, 26, 62, 7, 51, 62, 
336, 23, 58, 11, 19, 26, 58, 7, 50, 62, 
336, 19, 58, 15, 45, 26, 56, 7, 58, 60, 
342, 23, 58, 15, 55, 26, 56, 15, 42, 60, 
336, 22, 58, 15, 51, 26, 57, 7, 50, 54, 
336, 23, 58, 13, 51, 26, 63, 7, 50, 62, 
336, 7, 58, 15, 35, 26, 62, 7, 18, 62, 
336, 23, 58, 9, 51, 26, 58, 7, 50, 30, 
336, 19, 58, 15, 55, 26, 57, 7, 50, 54, 
336, 23, 58, 15, 39, 26, 57, 7, 50, 50, 
336, 23, 58, 13, 51, 26, 58, 7, 50, 60, 
336, 23, 58, 15, 51, 26, 62, 7, 18, 62, 
336, 23, 59, 15, 51, 26, 52, 7, 10, 28, 
336, 19, 58, 15, 23, 26, 56, 7, 50, 50, 
336, 19, 58, 15, 55, 26, 57, 7, 35, 60, 
336, 19, 58, 14, 51, 26, 59, 7, 48, 60, 
336, 22, 58, 15, 51, 26, 57, 7, 48, 51, 
336, 23, 58, 14, 55, 24, 63, 7, 50, 50, 
336, 19, 58, 15, 23, 26, 57, 7, 48, 60, 
336, 19, 58, 15, 23, 24, 63, 7, 50, 34, 
336, 23, 59, 15, 23, 26, 58, 7, 50, 50, 
336, 19, 58, 15, 55, 26, 59, 7, 48, 60, 
336, 19, 58, 15, 63, 26, 57, 7, 52, 60, 
336, 19, 58, 15, 23, 24, 63, 7, 50, 34, 
336, 19, 58, 15, 23, 26, 63, 7, 48, 46, 
336, 19, 58, 15, 3, 26, 57, 7, 48, 34, 
336, 23, 57, 15, 23, 26, 26, 7, 50, 50, 
336, 19, 58, 15, 22, 27, 56, 7, 51, 54, 
336, 19, 58, 15, 23, 26, 63, 7, 48, 46, 
336, 19, 59, 11, 23, 24, 63, 7, 48, 14, 
336, 19, 58, 15, 23, 26, 63, 7, 50, 34, 
336, 19, 58, 15, 11, 26, 57, 7, 48, 34, 
336, 3, 58, 15, 23, 24, 31, 7, 50, 51, 
336, 19, 58, 15, 23, 24, 63, 7, 49, 14, 
336, 19, 58, 11, 23, 24, 63, 7, 48, 46, 
336, 19, 58, 11, 23, 26, 59, 7, 48, 12, 
336, 19, 58, 15, 23, 26, 63, 7, 50, 46, 
336, 19, 58, 13, 23, 26, 59, 7, 48, 38, 
336, 19, 58, 11, 22, 24, 63, 7, 51, 62, 
336, 19, 58, 15, 31, 26, 62, 7, 48, 14, 
336, 19, 56, 15, 23, 24, 59, 7, 50, 38, 
336, 19, 58, 15, 7, 27, 31, 7, 34, 46, 
336, 19, 58, 15, 23, 24, 59, 7, 49, 46, 
336, 19, 58, 11, 23, 24, 63, 7, 50, 47, 
336, 18, 58, 9, 23, 24, 41, 7, 50, 38, 
336, 18, 58, 11, 20, 24, 63, 7, 50, 38, 
336, 19, 58, 11, 23, 24, 63, 7, 54, 58, 
336, 2, 58, 15, 2, 26, 29, 7, 50, 62, 
336, 19, 58, 1, 23, 24, 63, 7, 50, 47, 
336, 19, 58, 11, 23, 24, 63, 7, 50, 58, 
336, 18, 58, 10, 23, 24, 63, 7, 50, 47, 
336, 19, 60, 11, 23, 24, 63, 7, 54, 58, 
336, 19, 58, 11, 55, 24, 47, 7, 50, 62, 
336, 19, 58, 1, 23, 24, 63, 7, 50, 47, 
336, 19, 58, 0, 19, 24, 55, 7, 50, 15, 
336, 18, 58, 11, 21, 24, 63, 7, 42, 47, 
336, 19, 58, 1, 21, 24, 63, 7, 54, 42, 
336, 19, 58, 11, 23, 24, 47, 7, 50, 42, 
336, 23, 58, 1, 21, 24, 63, 7, 50, 47, 
336, 19, 58, 17, 23, 24, 63, 7, 54, 47, 
336, 26, 58, 0, 23, 24, 63, 7, 42, 47, 
336, 18, 58, 16, 17, 24, 63, 7, 50, 15, 
336, 19, 58, 0, 19, 24, 55, 7, 50, 42, 
336, 22, 58, 1, 23, 24, 63, 7, 54, 47, 
336, 23, 58, 1, 21, 24, 63, 7, 54, 45, 
336, 23, 58, 1, 20, 24, 63, 7, 42, 47, 
336, 22, 58, 1, 23, 24, 63, 7, 42, 47, 
336, 7, 58, 1, 17, 24, 63, 7, 50, 13, 
336, 22, 58, 1, 23, 24, 63, 7, 42, 47, 
336, 22, 58, 1, 7, 24, 63, 7, 47, 47, 
336, 22, 58, 1, 23, 24, 55, 7, 34, 46, 
336, 22, 58, 1, 23, 24, 63, 7, 42, 47, 
336, 22, 58, 1, 23, 24, 63, 7, 42, 47, 
336, 22, 58, 1, 23, 24, 63, 7, 47, 47, 
336, 22, 58, 1, 21, 24, 63, 7, 46, 43, 
336, 7, 58, 1, 19, 24, 63, 7, 58, 46, 
336, 22, 58, 1, 23, 24, 63, 7, 42, 47, 
336, 22, 56, 1, 23, 24, 63, 7, 42, 47, 
336, 23, 58, 1, 23, 24, 63, 7, 46, 43, 
336, 22, 58, 1, 21, 24, 63, 7, 46, 47, 
336, 20, 58, 3, 7, 24, 63, 7, 47, 46, 
336, 7, 58, 1, 27, 24, 63, 7, 46, 47, 
336, 22, 58, 1, 23, 24, 63, 7, 59, 46, 
336, 19, 58, 1, 21, 26, 31, 7, 47, 47, 
336, 18, 58, 17, 29, 24, 63, 7, 46, 43, 
336, 23, 58, 3, 7, 24, 63, 7, 47, 46, 
336, 7, 58, 1, 23, 24, 63, 7, 47, 46, 
336, 21, 58, 3, 23, 24, 63, 7, 46, 42, 
336, 18, 58, 17, 21, 26, 63, 7, 46, 11, 
336, 19, 58, 9, 6, 24, 62, 7, 47, 46, 
336, 19, 58, 3, 7, 24, 31, 7, 47, 47, 
336, 19, 58, 3, 13, 24, 29, 7, 43, 38, 
336, 19, 58, 1, 21, 26, 31, 7, 47, 46, 
336, 2, 58, 17, 7, 24, 31, 7, 31, 39, 
336, 18, 59, 17, 7, 26, 31, 7, 47, 15, 
336, 19, 58, 1, 23, 26, 31, 7, 45, 47, 
336, 18, 58, 1, 21, 26, 29, 7, 47, 38, 
336, 18, 58, 17, 21, 26, 61, 7, 43, 36, 
336, 2, 58, 17, 7, 26, 31, 7, 47, 11, 
336, 2, 56, 17, 7, 26, 31, 7, 45, 47, 
336, 3, 58, 1, 23, 26, 31, 7, 29, 47, 
336, 2, 58, 1, 21, 26, 29, 7, 63, 36, 
336, 19, 56, 17, 23, 26, 15, 7, 45, 46, 
336, 2, 58, 17, 7, 26, 31, 7, 45, 47, 
336, 2, 58, 1, 23, 26, 22, 7, 29, 46, 
336, 18, 58, 17, 15, 26, 31, 7, 29, 47, 
336, 2, 58, 1, 22, 26, 31, 7, 13, 43, 
336, 2, 58, 17, 23, 26, 29, 7, 45, 12, 
336, 2, 58, 1, 23, 26, 22, 7, 29, 42, 
336, 2, 58, 0, 23, 26, 29, 7, 61, 30, 
336, 2, 58, 17, 15, 26, 15, 7, 21, 47, 
336, 2, 58, 1, 3, 26, 31, 7, 15, 43, 
336, 2, 58, 17, 6, 26, 31, 7, 13, 43, 
336, 2, 58, 1, 23, 26, 31, 7, 61, 62, 
336, 2, 58, 1, 31, 26, 15, 7, 21, 47, 
336, 2, 58, 0, 31, 26, 15, 7, 21, 47, 
336, 2, 56, 1, 3, 26, 31, 7, 15, 43, 
336, 2, 58, 1, 7, 26, 30, 7, 31, 11, 
336, 2, 58, 0, 31, 24, 15, 7, 21, 43, 
336, 2, 58, 1, 15, 26, 27, 7, 29, 62, 
336, 2, 58, 1, 23, 26, 15, 7, 61, 47, 
336, 6, 58, 4, 63, 26, 15, 7, 21, 47, 
336, 2, 58, 0, 31, 26, 31, 7, 29, 46, 
336, 2, 58, 4, 23, 24, 15, 7, 29, 62, 
336, 10, 58, 0, 15, 24, 27, 7, 21, 59, 
336, 2, 58, 1, 31, 24, 27, 7, 29, 59, 
336, 6, 56, 0, 63, 26, 15, 7, 21, 43, 
336, 2, 58, 0, 31, 26, 31, 7, 29, 46, 
336, 2, 58, 4, 15, 24, 27, 7, 21, 31, 
336, 6, 58, 0, 15, 24, 27, 7, 5, 58, 
336, 10, 58, 0, 31, 24, 11, 7, 23, 62, 
336, 34, 58, 4, 23, 24, 31, 7, 29, 63, 
336, 6, 58, 6, 23, 26, 15, 7, 17, 43, 
336, 35, 56, 4, 15, 24, 27, 7, 5, 58, 
336, 10, 58, 4, 15, 24, 27, 7, 5, 27, 
336, 2, 58, 12, 31, 24, 27, 7, 23, 31, 
336, 3, 58, 4, 31, 24, 27, 7, 21, 31, 
336, 2, 58, 4, 62, 24, 31, 7, 21, 59, 
336, 3, 56, 4, 11, 24, 26, 7, 23, 27, 
336, 35, 58, 4, 62, 24, 26, 7, 5, 57, 
336, 2, 58, 4, 47, 24, 27, 7, 21, 59, 
336, 11, 59, 4, 11, 24, 11, 7, 5, 27, 
336, 2, 58, 4, 31, 24, 27, 7, 23, 59, 
336, 2, 56, 4, 47, 24, 27, 7, 21, 59, 
336, 3, 56, 4, 11, 24, 26, 7, 23, 27, 
336, 11, 59, 4, 11, 28, 11, 7, 5, 27, 
336, 3, 56, 4, 14, 24, 26, 7, 23, 59, 
336, 34, 58, 4, 47, 24, 19, 7, 21, 59, 
336, 6, 60, 4, 43, 24, 27, 7, 53, 51, 
336, 10, 59, 4, 43, 28, 27, 7, 17, 59, 
336, 16, 56, 4, 47, 24, 27, 7, 21, 59, 
336, 2, 56, 4, 47, 24, 19, 7, 21, 43, 
336, 2, 56, 4, 47, 24, 27, 7, 29, 59, 
336, 6, 60, 6, 43, 24, 27, 7, 49, 43, 
336, 6, 60, 4, 47, 24, 27, 7, 49, 59, 
336, 6, 60, 4, 43, 28, 27, 7, 21, 59, 
336, 6, 60, 4, 42, 24, 25, 7, 23, 59, 
336, 6, 60, 4, 59, 24, 27, 7, 21, 59, 
342, 6, 60, 4, 47, 24, 27, 15, 17, 59, 
336, 6, 60, 6, 43, 24, 30, 7, 49, 59, 
336, 6, 60, 4, 47, 28, 27, 7, 29, 58, 
336, 7, 60, 4, 43, 28, 27, 7, 23, 59, 
336, 6, 60, 6, 43, 24, 27, 7, 21, 59, 
336, 6, 60, 4, 47, 24, 27, 7, 23, 59, 
336, 6, 60, 4, 43, 28, 27, 7, 21, 59, 
336, 6, 60, 6, 14, 28, 31, 7, 29, 56, 
336, 6, 60, 6, 47, 24, 19, 7, 29, 58, 
336, 6, 60, 6, 43, 28, 27, 7, 23, 51, 
342, 6, 60, 4, 43, 28, 27, 15, 28, 58, 
336, 6, 60, 4, 41, 24, 11, 7, 23, 59, 
336, 6, 60, 4, 46, 24, 31, 7, 29, 56, 
336, 6, 60, 5, 46, 28, 31, 7, 23, 43, 
336, 6, 60, 4, 47, 24, 31, 7, 29, 58, 
342, 6, 60, 4, 43, 28, 31, 15, 24, 56, 
336, 2, 60, 4, 57, 24, 11, 7, 23, 59, 
336, 6, 60, 4, 41, 24, 27, 7, 29, 43, 
336, 2, 60, 4, 43, 28, 27, 7, 28, 58, 
336, 0, 60, 4, 47, 24, 27, 7, 15, 58, 
342, 6, 60, 4, 57, 24, 27, 15, 29, 43, 
336, 8, 60, 4, 41, 24, 31, 7, 30, 59, 
336, 6, 60, 4, 10, 24, 27, 7, 21, 35, 
336, 2, 60, 4, 43, 28, 15, 7, 24, 58, 
336, 38, 60, 4, 43, 24, 27, 7, 15, 58, 
336, 6, 60, 6, 59, 24, 27, 7, 21, 43, 
336, 6, 60, 4, 57, 24, 27, 7, 15, 58, 
336, 4, 60, 4, 9, 24, 31, 7, 20, 43, 
336, 8, 60, 4, 41, 24, 31, 7, 24, 58, 
336, 0, 60, 4, 35, 28, 31, 7, 24, 43, 
336, 6, 60, 2, 58, 24, 27, 7, 15, 62, 
336, 22, 60, 6, 59, 24, 27, 7, 5, 58, 
336, 0, 60, 4, 9, 24, 31, 7, 20, 43, 
336, 5, 60, 4, 41, 24, 27, 7, 17, 47, 
336, 0, 60, 4, 35, 28, 31, 7, 24, 43, 
336, 6, 60, 2, 58, 24, 27, 7, 7, 62, 
336, 36, 60, 2, 59, 24, 27, 7, 7, 58, 
336, 2, 60, 6, 25, 24, 31, 7, 28, 59, 
336, 2, 60, 0, 26, 24, 31, 7, 13, 15, 
336, 6, 60, 6, 41, 28, 27, 7, 17, 47, 
336, 4, 60, 2, 58, 24, 27, 7, 15, 58, 
336, 38, 60, 2, 58, 24, 11, 7, 7, 58, 
336, 6, 60, 2, 59, 26, 27, 7, 7, 59, 
336, 38, 60, 6, 25, 24, 31, 7, 24, 59, 
336, 6, 60, 2, 58, 24, 27, 7, 12, 13, 
336, 37, 60, 2, 58, 24, 11, 7, 15, 58, 
336, 0, 60, 2, 50, 24, 19, 7, 15, 27, 
336, 4, 60, 3, 57, 26, 27, 7, 13, 31, 
336, 4, 60, 6, 25, 24, 63, 7, 25, 59, 
336, 12, 60, 2, 25, 24, 27, 7, 25, 58, 
336, 5, 60, 2, 58, 24, 11, 7, 25, 59, 
336, 4, 60, 7, 26, 28, 47, 7, 25, 56, 
336, 36, 60, 0, 24, 24, 63, 7, 13, 58, 
336, 37, 60, 2, 58, 24, 27, 7, 31, 56, 
336, 4, 60, 3, 59, 26, 27, 7, 13, 29, 
336, 29, 60, 2, 58, 24, 43, 7, 9, 56, 
336, 36, 60, 0, 24, 24, 63, 7, 13, 59, 
336, 5, 60, 3, 59, 26, 27, 7, 44, 29, 
336, 5, 60, 2, 59, 26, 27, 7, 25, 60, 
336, 20, 60, 0, 24, 28, 63, 7, 13, 58, 
345, 29, 60, 3, 58, 18, 9, 7, 9, 25, 
336, 29, 60, 2, 58, 24, 63, 7, 13, 56, 
336, 13, 60, 0, 40, 24, 47, 7, 9, 25, 
336, 29, 60, 10, 59, 26, 27, 7, 44, 21, 
336, 30, 60, 2, 58, 24, 35, 7, 8, 61, 
345, 29, 60, 2, 59, 18, 11, 7, 9, 17, 
342, 29, 60, 3, 56, 16, 13, 7, 11, 25, 
336, 29, 60, 3, 58, 28, 63, 7, 5, 56, 
336, 29, 60, 3, 56, 28, 63, 7, 25, 25, 
336, 29, 60, 3, 42, 26, 27, 7, 44, 21, 
342, 29, 60, 2, 59, 16, 13, 7, 11, 25, 
342, 29, 60, 3, 56, 16, 13, 7, 11, 25, 
342, 29, 60, 3, 56, 16, 11, 7, 45, 20, 
336, 29, 60, 2, 58, 28, 61, 7, 5, 42, 
336, 29, 60, 11, 42, 26, 19, 7, 60, 21, 
342, 29, 60, 2, 59, 16, 15, 7, 11, 25, 
342, 29, 60, 2, 63, 16, 11, 7, 45, 20, 
342, 29, 60, 2, 57, 16, 9, 7, 15, 25, 
342, 29, 60, 2, 58, 16, 13, 7, 60, 21, 
342, 29, 60, 3, 56, 16, 13, 7, 11, 20, 
345, 29, 56, 0, 63, 18, 11, 7, 45, 20, 
342, 29, 60, 2, 63, 16, 11, 7, 45, 25, 
342, 29, 60, 3, 59, 16, 13, 7, 43, 20, 
342, 29, 60, 2, 59, 16, 13, 7, 60, 21, 
342, 29, 60, 7, 56, 16, 9, 7, 15, 16, 
345, 29, 56, 3, 59, 18, 9, 7, 42, 20, 
345, 29, 56, 0, 63, 18, 11, 7, 15, 16, 
342, 29, 60, 3, 58, 16, 13, 7, 42, 20, 
342, 29, 60, 2, 59, 16, 13, 7, 45, 21, 
342, 29, 60, 2, 63, 16, 11, 7, 44, 21, 
349, 29, 60, 3, 58, 16, 7, 7, 45, 21, 
345, 29, 56, 3, 59, 18, 9, 7, 31, 20, 
345, 29, 56, 0, 59, 18, 9, 7, 47, 16, 
345, 29, 60, 19, 59, 18, 9, 7, 11, 21, 
345, 29, 60, 2, 59, 18, 9, 7, 41, 21, 
349, 29, 60, 3, 58, 16, 7, 7, 37, 5, 
345, 29, 60, 3, 59, 18, 9, 7, 15, 20, 
345, 29, 60, 3, 59, 18, 9, 7, 11, 21, 
345, 29, 56, 3, 59, 18, 11, 7, 47, 16, 
345, 29, 56, 2, 58, 18, 9, 7, 15, 16, 
345, 29, 56, 2, 58, 16, 15, 7, 5, 0, 
345, 31, 60, 3, 59, 18, 9, 7, 43, 21, 
345, 29, 56, 7, 59, 18, 9, 7, 7, 20, 
345, 29, 60, 3, 59, 18, 11, 7, 46, 16, 
345, 29, 60, 2, 59, 18, 9, 7, 11, 20, 
345, 29, 60, 7, 59, 18, 9, 7, 3, 20, 
345, 29, 60, 3, 59, 18, 8, 7, 3, 20, 
345, 31, 60, 3, 59, 18, 9, 7, 43, 4, 
345, 31, 60, 3, 59, 18, 9, 7, 35, 20, 
345, 29, 56, 3, 59, 18, 9, 7, 6, 20, 
349, 31, 60, 3, 59, 18, 8, 7, 43, 4, 
345, 29, 60, 7, 59, 18, 9, 7, 1, 22, 
345, 31, 60, 3, 59, 18, 9, 7, 35, 1, 
345, 30, 60, 7, 59, 18, 9, 7, 35, 20, 
345, 29, 56, 3, 59, 18, 8, 7, 3, 20, 
349, 31, 60, 23, 59, 18, 8, 7, 43, 20, 
349, 31, 60, 3, 59, 18, 8, 7, 1, 4, 
349, 31, 60, 3, 59, 18, 8, 7, 39, 9, 
345, 29, 60, 3, 59, 18, 9, 7, 43, 6, 
345, 31, 60, 3, 59, 18, 9, 7, 39, 20, 
349, 31, 60, 7, 57, 18, 8, 7, 33, 20, 
349, 31, 60, 7, 59, 18, 8, 7, 55, 1, 
349, 31, 56, 23, 59, 18, 8, 7, 43, 6, 
345, 31, 60, 19, 59, 18, 9, 7, 43, 20, 
345, 29, 60, 19, 59, 18, 8, 7, 39, 9, 
349, 31, 60, 7, 57, 18, 8, 7, 55, 5, 
349, 31, 60, 7, 61, 18, 8, 7, 42, 20, 
349, 31, 60, 7, 57, 18, 8, 7, 34, 9, 
349, 31, 60, 23, 59, 18, 8, 7, 59, 1, 
349, 31, 56, 23, 62, 18, 8, 7, 39, 11, 
349, 31, 60, 7, 59, 18, 8, 7, 34, 9, 
349, 31, 60, 7, 63, 18, 8, 7, 42, 20, 
349, 31, 60, 7, 57, 18, 8, 7, 39, 27, 
349, 31, 56, 23, 63, 18, 8, 7, 37, 9, 
349, 31, 60, 7, 63, 18, 8, 7, 35, 10, 
349, 31, 60, 5, 59, 18, 8, 7, 37, 1, 
349, 31, 58, 23, 62, 18, 8, 7, 35, 11, 
349, 31, 60, 7, 59, 18, 8, 7, 35, 10, 
349, 31, 60, 7, 63, 18, 8, 7, 35, 11, 
349, 31, 60, 5, 63, 18, 8, 7, 46, 16, 
349, 31, 60, 5, 62, 18, 8, 7, 35, 31, 
349, 31, 58, 5, 58, 18, 8, 7, 37, 1, 
349, 31, 56, 1, 59, 18, 8, 7, 35, 26, 
349, 31, 60, 5, 59, 18, 8, 7, 37, 1, 
349, 31, 60, 7, 59, 18, 8, 7, 43, 9, 
349, 31, 58, 5, 58, 18, 8, 7, 53, 3, 
349, 30, 60, 5, 60, 18, 8, 7, 37, 29, 
349, 31, 60, 7, 62, 18, 8, 7, 35, 26, 
349, 31, 60, 1, 58, 18, 8, 7, 35, 31, 
349, 31, 60, 7, 58, 18, 8, 7, 39, 9, 
349, 31, 58, 7, 58, 18, 8, 7, 43, 9, 
349, 31, 58, 5, 58, 18, 8, 7, 35, 31, 
349, 31, 56, 5, 63, 18, 8, 7, 33, 19, 
349, 31, 56, 13, 58, 18, 8, 7, 37, 22, 
349, 31, 60, 7, 62, 18, 8, 7, 39, 26, 
349, 31, 58, 7, 58, 18, 8, 7, 41, 19, 
349, 31, 56, 1, 63, 18, 8, 7, 33, 19, 
349, 31, 56, 7, 62, 18, 8, 7, 33, 3, 
349, 31, 58, 1, 58, 18, 8, 7, 37, 22, 
349, 31, 56, 15, 58, 18, 8, 7, 39, 23, 
349, 31, 58, 19, 58, 18, 8, 7, 41, 19, 
349, 31, 56, 1, 63, 18, 8, 7, 37, 22, 
349, 31, 56, 1, 63, 18, 8, 7, 35, 23, 
349, 31, 58, 7, 62, 18, 8, 7, 39, 23, 
349, 31, 58, 0, 58, 18, 8, 7, 39, 23, 
349, 31, 58, 16, 51, 18, 8, 7, 41, 19, 
349, 31, 58, 19, 58, 18, 8, 7, 35, 7, 
349, 31, 58, 19, 63, 18, 8, 7, 35, 27, 
349, 31, 58, 7, 62, 18, 8, 7, 39, 23, 
349, 31, 58, 11, 63, 18, 8, 7, 41, 23, 
349, 31, 58, 19, 58, 18, 8, 7, 33, 23, 
349, 31, 58, 16, 51, 18, 8, 7, 41, 27, 
349, 31, 58, 19, 63, 18, 8, 7, 41, 27, 
349, 31, 58, 16, 59, 18, 8, 7, 45, 23, 
349, 31, 58, 11, 63, 18, 8, 7, 57, 23, 
349, 31, 58, 17, 63, 18, 8, 7, 9, 27, 
349, 31, 58, 19, 59, 18, 8, 7, 45, 27, 
349, 31, 58, 19, 62, 18, 8, 7, 57, 15, 
349, 31, 56, 3, 58, 18, 8, 7, 44, 21, 
349, 31, 58, 19, 58, 18, 8, 7, 44, 23, 
349, 31, 58, 19, 59, 18, 8, 7, 45, 27, 
349, 31, 58, 17, 63, 18, 8, 7, 44, 21, 
349, 31, 58, 3, 58, 18, 8, 7, 44, 23, 
349, 31, 58, 17, 59, 18, 8, 7, 40, 31, 
349, 31, 58, 19, 59, 18, 8, 7, 57, 15, 
349, 31, 58, 21, 51, 18, 8, 7, 44, 21, 
349, 31, 58, 19, 54, 18, 8, 7, 13, 25, 
349, 31, 58, 11, 58, 18, 8, 7, 44, 31, 
349, 31, 58, 17, 59, 18, 8, 7, 40, 31, 
349, 31, 58, 19, 57, 18, 8, 7, 45, 15, 
349, 31, 58, 17, 55, 18, 8, 7, 45, 21, 
349, 31, 58, 17, 51, 18, 8, 7, 44, 21, 
349, 31, 58, 19, 59, 18, 8, 7, 36, 21, 
349, 31, 58, 11, 63, 18, 8, 7, 13, 26, 
349, 31, 58, 17, 59, 18, 8, 7, 40, 31, 
349, 30, 58, 17, 55, 18, 8, 7, 60, 21, 
349, 31, 58, 1, 55, 18, 8, 7, 45, 21, 
349, 30, 58, 17, 51, 18, 8, 7, 8, 31, 
349, 31, 58, 17, 51, 18, 8, 7, 58, 21, 
349, 30, 58, 19, 63, 18, 8, 7, 5, 26, 
349, 30, 58, 19, 55, 18, 8, 7, 56, 21, 
349, 31, 58, 17, 54, 18, 8, 7, 13, 23, 
349, 31, 58, 17, 51, 18, 8, 7, 59, 5, 
349, 30, 58, 17, 55, 18, 8, 7, 58, 21, 
349, 30, 58, 19, 63, 18, 8, 7, 13, 26, 
349, 31, 58, 21, 55, 18, 8, 7, 56, 21, 
349, 31, 58, 17, 51, 18, 8, 7, 59, 21, 
349, 31, 58, 17, 51, 18, 8, 7, 13, 26, 
349, 30, 58, 16, 55, 18, 8, 7, 15, 30, 
345, 31, 58, 17, 54, 18, 9, 7, 45, 5, 
349, 31, 58, 21, 51, 18, 8, 7, 56, 21, 
349, 31, 58, 21, 55, 18, 8, 7, 30, 27, 
349, 31, 58, 21, 55, 18, 8, 7, 9, 23, 
349, 30, 58, 16, 55, 18, 8, 7, 15, 30, 
349, 31, 58, 16, 55, 18, 8, 7, 15, 22, 
349, 31, 58, 21, 55, 18, 8, 7, 30, 27, 
349, 31, 58, 21, 51, 18, 8, 7, 9, 23, 
349, 31, 58, 21, 55, 18, 8, 7, 9, 23, 
349, 31, 58, 21, 51, 18, 8, 7, 14, 22, 
349, 31, 58, 20, 55, 18, 8, 7, 62, 22, 
349, 31, 56, 21, 55, 18, 8, 7, 29, 21, 
349, 31, 58, 21, 55, 18, 8, 7, 30, 22, 
349, 31, 58, 21, 51, 16, 8, 7, 14, 22, 
349, 31, 58, 21, 55, 18, 8, 7, 46, 18, 
349, 31, 58, 21, 55, 18, 8, 7, 62, 7, 
349, 31, 58, 21, 54, 18, 8, 7, 30, 23, 
349, 31, 56, 20, 62, 18, 8, 7, 14, 22, 
349, 31, 56, 21, 63, 18, 8, 7, 46, 18, 
349, 31, 58, 21, 55, 18, 8, 7, 46, 7, 
349, 31, 56, 21, 55, 18, 8, 7, 28, 5, 
349, 31, 56, 21, 54, 16, 8, 7, 30, 23, 
349, 31, 60, 20, 54, 18, 8, 7, 14, 23, 
349, 30, 58, 21, 63, 18, 8, 7, 43, 18, 
349, 31, 58, 21, 54, 18, 8, 7, 46, 3, 
349, 31, 56, 21, 55, 18, 8, 7, 24, 5, 
349, 31, 56, 17, 54, 18, 8, 7, 28, 23, 
349, 30, 58, 17, 63, 18, 8, 7, 40, 5, 
349, 31, 58, 21, 55, 18, 8, 7, 13, 1, 
342, 29, 60, 20, 54, 16, 8, 7, 11, 18, 
331, 31, 56, 21, 62, 16, 8, 7, 63, 22, 
349, 31, 58, 1, 59, 18, 8, 7, 40, 5, 
349, 31, 58, 1, 55, 18, 8, 7, 40, 21, 
349, 30, 58, 21, 54, 18, 8, 7, 28, 3, 
349, 31, 56, 17, 54, 18, 8, 7, 28, 22, 
349, 31, 58, 21, 63, 18, 8, 7, 40, 5, 
349, 31, 58, 1, 59, 18, 8, 7, 8, 5, 
349, 31, 58, 23, 63, 18, 8, 7, 40, 5, 
349, 31, 58, 9, 62, 18, 8, 7, 28, 3, 
349, 30, 58, 1, 54, 18, 8, 7, 56, 18, 
349, 31, 58, 17, 55, 16, 8, 7, 40, 22, 
349, 31, 58, 5, 59, 18, 8, 7, 40, 5, 
349, 31, 58, 1, 59, 18, 8, 7, 40, 7, 
349, 31, 58, 6, 63, 18, 8, 7, 8, 5, 
349, 31, 58, 9, 63, 18, 8, 11, 8, 22, 
349, 31, 58, 0, 54, 18, 8, 7, 56, 18, 
349, 31, 58, 1, 49, 16, 8, 7, 40, 7, 
349, 31, 58, 21, 62, 18, 8, 7, 56, 18, 
349, 31, 58, 5, 59, 18, 8, 7, 56, 18, 
349, 31, 58, 4, 54, 18, 8, 7, 42, 7, 
347, 31, 58, 7, 59, 18, 14, 11, 8, 23, 
349, 31, 58, 1, 49, 16, 8, 7, 40, 18, 
349, 31, 58, 1, 50, 16, 8, 7, 58, 5, 
349, 31, 58, 21, 62, 18, 8, 7, 42, 7, 
349, 31, 58, 5, 59, 18, 8, 7, 56, 19, 
347, 31, 58, 7, 59, 18, 14, 11, 8, 23, 
349, 31, 58, 1, 49, 16, 8, 7, 40, 5, 
349, 31, 58, 1, 51, 16, 8, 7, 58, 7, 
349, 31, 58, 17, 58, 18, 8, 7, 58, 5, 
344, 30, 58, 5, 59, 18, 14, 11, 8, 22, 
336, 31, 42, 5, 48, 16, 12, 7, 56, 18, 
349, 31, 56, 3, 53, 16, 8, 7, 40, 7, 
349, 31, 58, 1, 49, 16, 8, 7, 40, 22, 
349, 31, 58, 1, 49, 16, 8, 7, 56, 22, 
349, 31, 58, 17, 59, 18, 8, 7, 56, 2, 
345, 31, 58, 16, 63, 18, 12, 7, 26, 0, 
349, 31, 56, 1, 53, 16, 8, 7, 40, 22, 
349, 31, 58, 3, 53, 16, 8, 7, 56, 20, 
349, 31, 56, 5, 49, 16, 8, 7, 56, 7, 
349, 31, 58, 1, 49, 16, 8, 7, 59, 22, 
349, 31, 58, 17, 59, 18, 8, 7, 56, 3, 
349, 31, 60, 1, 53, 16, 8, 7, 56, 20, 
349, 31, 58, 3, 53, 16, 8, 7, 57, 23, 
349, 31, 58, 3, 59, 18, 8, 7, 56, 3, 
349, 31, 56, 5, 49, 16, 8, 7, 57, 22, 
349, 31, 58, 21, 51, 18, 8, 7, 56, 3, 
349, 31, 56, 1, 53, 16, 8, 7, 56, 3, 
349, 31, 56, 3, 51, 16, 8, 7, 56, 2, 
349, 31, 56, 21, 51, 18, 8, 7, 56, 5, 
349, 31, 60, 9, 53, 18, 8, 7, 56, 7, 
349, 31, 58, 3, 59, 18, 8, 7, 56, 3, 
349, 30, 56, 13, 53, 18, 8, 7, 56, 3, 
349, 31, 56, 1, 53, 16, 8, 7, 56, 7, 
349, 31, 56, 19, 51, 16, 8, 7, 56, 1, 
349, 31, 56, 17, 51, 16, 8, 7, 56, 3, 
349, 31, 60, 9, 53, 18, 8, 7, 56, 3, 
349, 31, 56, 1, 53, 16, 8, 7, 56, 3, 
349, 31, 56, 21, 51, 18, 8, 7, 56, 3, 
349, 30, 56, 5, 53, 18, 8, 7, 56, 3, 
349, 31, 56, 1, 52, 16, 8, 7, 56, 1, 
349, 31, 56, 1, 51, 16, 8, 7, 58, 1, 
349, 31, 56, 1, 53, 16, 8, 7, 56, 1, 
349, 31, 56, 5, 51, 16, 8, 7, 56, 33, 
349, 30, 56, 21, 55, 18, 8, 7, 56, 3, 
349, 30, 56, 21, 55, 18, 8, 7, 56, 3, 
349, 31, 56, 21, 51, 18, 8, 7, 56, 0, 
349, 31, 56, 9, 55, 16, 8, 7, 56, 3, 
349, 31, 56, 1, 53, 18, 8, 7, 56, 1, 
349, 30, 56, 1, 53, 16, 8, 7, 61, 0, 
349, 31, 56, 5, 55, 18, 8, 7, 56, 3, 
349, 31, 56, 5, 51, 18, 8, 7, 56, 32, 
349, 31, 56, 9, 55, 16, 8, 7, 56, 35, 
349, 31, 56, 9, 55, 16, 8, 7, 60, 0, 
349, 30, 56, 1, 53, 16, 8, 7, 61, 0, 
349, 31, 56, 4, 59, 18, 8, 7, 40, 32, 
349, 31, 56, 13, 55, 18, 8, 7, 56, 1, 
349, 30, 56, 1, 53, 16, 8, 7, 61, 0, 
349, 31, 56, 0, 59, 18, 8, 7, 40, 32, 
349, 31, 56, 1, 55, 18, 8, 7, 56, 1, 
349, 31, 56, 4, 59, 18, 8, 7, 58, 0, 
349, 31, 56, 9, 53, 16, 8, 7, 56, 1, 
349, 30, 56, 0, 53, 18, 8, 7, 62, 0, 
349, 30, 56, 1, 53, 16, 8, 7, 56, 1, 
349, 31, 56, 4, 59, 18, 8, 7, 58, 0, 
336, 31, 56, 0, 59, 22, 8, 7, 56, 1, 
336, 29, 56, 4, 59, 26, 8, 7, 56, 0, 
349, 31, 56, 0, 55, 16, 8, 7, 62, 0, 
349, 30, 56, 4, 63, 18, 8, 7, 58, 0, 
349, 31, 58, 0, 53, 18, 8, 7, 58, 32, 
349, 31, 56, 1, 55, 18, 8, 7, 58, 1, 
349, 30, 56, 0, 53, 16, 8, 11, 56, 1, 
349, 30, 60, 4, 55, 16, 8, 7, 62, 0, 
349, 30, 56, 4, 55, 16, 8, 11, 56, 9, 
349, 31, 58, 0, 53, 16, 8, 11, 56, 1, 
349, 30, 56, 0, 53, 16, 8, 11, 40, 3, 
349, 31, 56, 5, 53, 16, 8, 11, 58, 1, 
349, 30, 56, 4, 55, 16, 8, 11, 60, 9, 
349, 31, 60, 4, 55, 16, 8, 11, 56, 1, 
349, 30, 56, 0, 53, 16, 8, 11, 40, 3, 
349, 30, 60, 5, 55, 16, 8, 7, 56, 0, 
349, 30, 56, 12, 54, 16, 8, 11, 56, 33, 
349, 30, 58, 4, 55, 16, 8, 11, 40, 1, 
349, 30, 60, 5, 55, 16, 8, 7, 60, 1, 
349, 30, 56, 4, 54, 16, 8, 11, 60, 1, 
349, 31, 56, 0, 55, 16, 10, 11, 56, 1, 
349, 30, 56, 12, 54, 16, 8, 11, 56, 33, 
349, 30, 58, 4, 55, 16, 8, 7, 52, 1, 
349, 30, 58, 4, 55, 16, 8, 7, 60, 1, 
349, 30, 56, 4, 55, 16, 10, 11, 24, 1, 
349, 31, 58, 0, 55, 16, 10, 11, 40, 2, 
349, 30, 60, 5, 55, 16, 8, 11, 56, 33, 
349, 30, 58, 4, 55, 16, 8, 7, 60, 1, 
349, 30, 58, 0, 54, 16, 10, 11, 40, 2, 
349, 30, 58, 4, 55, 16, 8, 11, 56, 33, 
349, 31, 58, 4, 51, 16, 10, 11, 25, 1, 
349, 31, 56, 4, 55, 16, 8, 11, 56, 32, 
349, 30, 56, 4, 55, 16, 8, 7, 24, 1, 
349, 30, 58, 12, 53, 18, 8, 11, 26, 33, 
349, 31, 56, 17, 63, 16, 10, 11, 27, 1, 
349, 30, 56, 0, 54, 16, 8, 11, 40, 0, 
349, 29, 58, 4, 59, 16, 8, 11, 25, 1, 
349, 30, 56, 0, 55, 16, 8, 7, 26, 33, 
349, 30, 56, 4, 55, 16, 8, 7, 17, 1, 
349, 30, 56, 12, 49, 16, 10, 11, 27, 1, 
349, 30, 58, 12, 53, 18, 8, 11, 8, 0, 
349, 30, 56, 1, 38, 16, 8, 11, 8, 0, 
349, 30, 56, 0, 55, 16, 8, 11, 8, 0, 
349, 30, 56, 12, 49, 16, 8, 11, 8, 2, 
345, 30, 56, 12, 55, 16, 9, 7, 16, 1, 
345, 30, 56, 0, 55, 16, 12, 7, 26, 32, 
341, 30, 58, 12, 53, 16, 0, 11, 24, 0, 
349, 30, 56, 12, 49, 16, 8, 11, 8, 2, 
349, 28, 56, 12, 54, 16, 10, 11, 8, 2, 
349, 30, 56, 12, 51, 16, 8, 11, 24, 0, 
347, 30, 56, 14, 49, 16, 12, 11, 8, 2, 
345, 30, 56, 0, 55, 16, 13, 7, 24, 33, 
349, 30, 56, 12, 49, 16, 8, 11, 24, 0, 
349, 30, 56, 12, 51, 16, 8, 11, 8, 2, 
349, 30, 56, 8, 49, 16, 8, 11, 40, 2, 
349, 28, 56, 12, 51, 16, 8, 11, 24, 0, 
349, 28, 56, 12, 55, 16, 10, 11, 8, 0, 
349, 30, 56, 4, 49, 16, 8, 11, 24, 2, 
349, 30, 56, 12, 57, 16, 8, 11, 27, 0, 
349, 28, 56, 13, 55, 16, 10, 11, 10, 0, 
349, 30, 56, 8, 49, 16, 8, 11, 40, 0, 
349, 30, 56, 8, 50, 16, 10, 11, 8, 2, 
349, 30, 56, 4, 56, 16, 8, 11, 27, 0, 
349, 30, 56, 4, 59, 16, 10, 11, 25, 2, 
349, 30, 56, 4, 49, 16, 10, 11, 10, 32, 
349, 30, 56, 8, 49, 16, 8, 11, 8, 2, 
349, 30, 56, 14, 57, 16, 10, 11, 27, 0, 
349, 30, 56, 5, 59, 18, 10, 11, 25, 2, 
349, 30, 56, 12, 56, 16, 10, 11, 10, 52, 
349, 30, 56, 4, 49, 16, 8, 11, 10, 32, 
349, 30, 56, 8, 49, 16, 8, 11, 8, 18, 
349, 30, 56, 4, 49, 16, 8, 11, 9, 34, 
349, 30, 56, 13, 57, 16, 10, 11, 9, 2, 
349, 30, 56, 5, 49, 18, 10, 11, 27, 6, 
349, 30, 56, 0, 49, 16, 8, 11, 8, 18, 
349, 30, 56, 2, 49, 16, 10, 11, 8, 18, 
349, 30, 56, 8, 41, 18, 8, 11, 16, 18, 
349, 30, 56, 13, 57, 16, 8, 11, 40, 2, 
349, 30, 56, 13, 57, 16, 10, 11, 8, 18, 
349, 30, 56, 11, 49, 16, 10, 11, 9, 2, 
349, 30, 56, 13, 41, 16, 10, 11, 16, 30, 
349, 30, 56, 13, 57, 16, 10, 11, 9, 2, 
349, 30, 56, 11, 57, 16, 8, 11, 11, 2, 
349, 30, 56, 13, 33, 16, 10, 11, 16, 30, 
349, 30, 56, 13, 57, 16, 10, 11, 9, 18, 
349, 30, 56, 13, 57, 16, 8, 11, 41, 2, 
349, 30, 56, 13, 61, 16, 10, 11, 29, 2, 
349, 30, 56, 11, 57, 16, 8, 11, 11, 14, 
349, 30, 56, 11, 57, 16, 8, 11, 8, 18, 
349, 30, 56, 9, 57, 16, 8, 11, 9, 2, 
349, 30, 56, 9, 34, 16, 10, 11, 9, 18, 
349, 30, 56, 13, 43, 16, 10, 11, 17, 22, 
349, 30, 56, 11, 57, 16, 8, 11, 8, 26, 
349, 30, 56, 3, 56, 16, 8, 11, 9, 18, 
349, 30, 56, 9, 57, 18, 8, 11, 9, 38, 
349, 30, 56, 9, 57, 16, 8, 11, 9, 6, 
349, 30, 56, 9, 57, 16, 8, 11, 1, 6, 
349, 30, 60, 3, 57, 16, 8, 11, 13, 18, 
349, 30, 56, 11, 57, 16, 8, 11, 9, 38, 
349, 30, 60, 11, 57, 18, 9, 11, 10, 34, 
349, 30, 56, 11, 57, 16, 8, 11, 0, 2, 
349, 30, 56, 11, 59, 16, 10, 11, 25, 22, 
349, 30, 60, 3, 59, 16, 8, 11, 1, 6, 
349, 30, 56, 2, 57, 16, 8, 11, 12, 2, 
349, 30, 60, 3, 57, 16, 8, 11, 25, 23, 
349, 30, 56, 11, 57, 16, 9, 11, 14, 34, 
349, 30, 56, 11, 57, 16, 9, 11, 11, 32, 
349, 30, 60, 3, 59, 16, 8, 11, 5, 2, 
349, 30, 56, 3, 57, 16, 8, 11, 43, 6, 
349, 30, 60, 3, 57, 16, 8, 11, 25, 23, 
349, 30, 56, 3, 57, 16, 9, 11, 3, 4, 
349, 30, 60, 3, 57, 16, 8, 11, 15, 0, 
349, 30, 60, 3, 43, 16, 8, 11, 43, 6, 
349, 30, 56, 3, 59, 16, 8, 11, 15, 6, 
349, 30, 60, 3, 57, 16, 8, 11, 25, 23, 
349, 30, 56, 3, 57, 16, 8, 11, 25, 23, 
349, 30, 56, 11, 56, 16, 8, 11, 57, 22, 
349, 30, 56, 11, 59, 16, 8, 11, 59, 30, 
349, 30, 60, 3, 57, 16, 8, 11, 9, 23, 
349, 30, 56, 3, 57, 16, 8, 11, 25, 23, 
349, 30, 56, 11, 58, 16, 8, 11, 59, 6, 
349, 30, 60, 11, 57, 18, 8, 11, 57, 23, 
349, 30, 60, 3, 57, 16, 8, 11, 9, 23, 
349, 30, 56, 11, 59, 16, 8, 11, 27, 31, 
349, 30, 56, 11, 57, 16, 8, 11, 57, 22, 
349, 30, 56, 11, 56, 16, 10, 11, 25, 22, 
349, 30, 56, 11, 57, 16, 8, 11, 25, 23, 
349, 30, 60, 11, 59, 18, 8, 11, 25, 31, 
349, 30, 60, 3, 56, 16, 10, 11, 49, 22, 
349, 30, 56, 15, 58, 16, 8, 11, 9, 23, 
349, 30, 60, 3, 57, 16, 8, 11, 25, 23, 
349, 30, 56, 11, 51, 16, 8, 11, 61, 22, 
349, 30, 60, 11, 58, 18, 10, 11, 49, 29, 
349, 30, 60, 3, 57, 16, 8, 11, 25, 23, 
349, 30, 60, 3, 58, 16, 8, 11, 9, 23, 
349, 31, 60, 3, 56, 16, 10, 11, 24, 23, 
349, 30, 60, 7, 57, 16, 8, 11, 25, 23, 
349, 30, 60, 11, 58, 18, 10, 11, 25, 23, 
349, 30, 60, 11, 62, 18, 8, 11, 9, 23, 
349, 31, 60, 3, 56, 16, 10, 11, 24, 23, 
349, 30, 60, 3, 57, 16, 8, 11, 9, 23, 
349, 30, 60, 3, 49, 16, 10, 11, 24, 23, 
349, 30, 60, 11, 60, 18, 8, 11, 24, 54, 
349, 31, 60, 9, 50, 16, 10, 11, 24, 23, 
349, 30, 60, 3, 57, 16, 8, 11, 9, 23, 
349, 31, 60, 3, 56, 16, 10, 11, 24, 23, 
349, 30, 60, 3, 33, 16, 10, 11, 24, 7, 
349, 30, 60, 11, 60, 18, 10, 11, 24, 23, 
349, 30, 60, 3, 57, 16, 8, 11, 1, 23, 
349, 30, 60, 11, 56, 18, 8, 11, 8, 23, 
349, 31, 60, 9, 54, 16, 10, 11, 24, 23, 
349, 30, 60, 3, 48, 16, 8, 11, 24, 23, 
349, 30, 60, 10, 56, 18, 8, 11, 16, 23, 
349, 30, 60, 9, 60, 18, 10, 11, 12, 23, 
349, 30, 60, 11, 60, 18, 11, 11, 16, 23, 
349, 30, 56, 3, 57, 16, 8, 11, 2, 23, 
349, 30, 60, 3, 57, 16, 8, 11, 24, 23, 
349, 30, 60, 11, 56, 18, 10, 11, 18, 23, 
349, 30, 60, 6, 58, 16, 8, 11, 34, 31, 
349, 30, 60, 10, 48, 18, 8, 11, 16, 31, 
349, 30, 58, 1, 56, 16, 10, 11, 12, 55, 
349, 30, 56, 11, 57, 16, 11, 11, 0, 7, 
349, 30, 60, 11, 56, 18, 8, 11, 16, 31, 
349, 30, 56, 10, 48, 18, 10, 11, 18, 23, 
349, 30, 56, 11, 57, 16, 11, 11, 8, 7, 
349, 30, 60, 6, 58, 18, 8, 11, 16, 31, 
349, 30, 60, 10, 58, 18, 8, 11, 0, 31, 
349, 30, 60, 11, 56, 18, 8, 11, 8, 29, 
349, 30, 56, 8, 49, 16, 11, 11, 8, 6, 
349, 30, 60, 10, 50, 18, 10, 11, 0, 23, 
349, 30, 56, 11, 56, 18, 8, 11, 24, 31, 
349, 30, 56, 6, 58, 18, 8, 11, 16, 31, 
349, 30, 60, 11, 56, 18, 8, 11, 48, 31, 
349, 30, 56, 6, 58, 18, 8, 11, 16, 30, 
349, 30, 60, 8, 50, 16, 11, 11, 4, 7, 
349, 30, 60, 8, 48, 16, 11, 11, 24, 6, 
349, 30, 56, 6, 50, 18, 8, 11, 16, 7, 
349, 30, 60, 11, 56, 18, 8, 11, 48, 31, 
349, 30, 60, 11, 56, 18, 8, 11, 48, 7, 
349, 30, 60, 8, 48, 18, 10, 11, 4, 7, 
349, 30, 60, 8, 56, 16, 11, 11, 24, 6, 
349, 30, 60, 11, 56, 18, 8, 11, 16, 17, 
349, 30, 60, 9, 56, 16, 10, 11, 56, 30, 
349, 30, 60, 11, 56, 18, 8, 11, 16, 1, 
349, 30, 60, 8, 56, 16, 10, 11, 8, 7, 
349, 30, 60, 11, 56, 18, 9, 11, 24, 5, 
349, 30, 60, 8, 58, 16, 8, 11, 16, 19, 
349, 30, 60, 9, 56, 16, 10, 11, 8, 3, 
349, 30, 60, 8, 58, 16, 8, 11, 16, 19, 
349, 30, 60, 8, 56, 16, 10, 11, 12, 6, 
349, 30, 60, 10, 58, 18, 8, 11, 0, 7, 
349, 30, 60, 11, 56, 18, 9, 11, 24, 5, 
349, 30, 60, 10, 58, 18, 8, 11, 16, 7, 
349, 30, 60, 9, 56, 16, 11, 11, 24, 1, 
349, 30, 56, 8, 58, 16, 8, 11, 12, 2, 
349, 30, 60, 8, 58, 18, 10, 11, 16, 7, 
349, 30, 60, 10, 56, 18, 8, 11, 0, 6, 
349, 30, 60, 8, 58, 18, 9, 11, 24, 4, 
349, 30, 60, 10, 40, 18, 10, 11, 0, 7, 
349, 30, 56, 8, 58, 16, 8, 11, 0, 6, 
349, 30, 56, 8, 56, 18, 8, 11, 8, 2, 
349, 28, 60, 10, 56, 16, 8, 11, 0, 2, 
349, 30, 60, 8, 58, 16, 8, 11, 0, 6, 
349, 30, 56, 10, 48, 18, 8, 11, 8, 36, 
349, 30, 56, 8, 58, 18, 10, 11, 1, 6, 
349, 31, 56, 8, 40, 16, 10, 11, 32, 7, 
349, 30, 60, 10, 40, 16, 10, 11, 4, 3, 
349, 30, 60, 8, 58, 16, 8, 11, 0, 38, 
349, 30, 56, 10, 59, 16, 10, 11, 5, 6, 
349, 30, 56, 10, 49, 18, 8, 11, 8, 19, 
349, 30, 56, 11, 40, 16, 8, 11, 12, 5, 
349, 28, 56, 8, 58, 16, 10, 11, 0, 7, 
349, 30, 60, 8, 59, 16, 10, 11, 5, 6, 
349, 30, 60, 8, 58, 16, 10, 11, 1, 38, 
349, 30, 60, 3, 40, 16, 8, 11, 12, 5, 
349, 28, 56, 10, 49, 18, 8, 11, 8, 19, 
349, 30, 56, 14, 58, 16, 10, 11, 0, 7, 
349, 30, 60, 8, 57, 16, 10, 11, 1, 38, 
349, 30, 60, 10, 58, 16, 10, 11, 1, 6, 
349, 30, 60, 10, 42, 16, 8, 11, 13, 4, 
349, 30, 56, 8, 51, 16, 8, 11, 12, 3, 
349, 30, 60, 8, 56, 16, 10, 11, 12, 5, 
349, 30, 60, 10, 58, 16, 10, 11, 35, 4, 
349, 31, 60, 8, 57, 16, 8, 11, 12, 3, 
349, 30, 60, 8, 57, 16, 10, 11, 12, 5, 
349, 30, 60, 8, 57, 16, 10, 11, 13, 38, 
349, 30, 60, 10, 42, 16, 8, 11, 1, 4, 
349, 30, 60, 8, 57, 16, 8, 11, 12, 3, 
349, 31, 60, 8, 58, 16, 8, 11, 32, 19, 
349, 30, 60, 8, 59, 16, 8, 11, 14, 6, 
349, 30, 60, 8, 59, 16, 10, 11, 11, 6, 
349, 30, 60, 10, 35, 16, 10, 11, 1, 4, 
349, 30, 60, 8, 58, 16, 8, 11, 32, 19, 
349, 30, 60, 8, 57, 16, 8, 11, 8, 3, 
349, 30, 60, 8, 57, 16, 10, 11, 8, 7, 
349, 30, 60, 8, 58, 16, 8, 11, 0, 18, 
349, 29, 60, 8, 59, 16, 10, 11, 2, 19, 
349, 30, 60, 8, 58, 16, 8, 11, 40, 3, 
349, 30, 60, 8, 56, 16, 8, 11, 32, 19, 
349, 30, 60, 8, 57, 16, 10, 11, 8, 7, 
349, 30, 60, 8, 58, 16, 8, 11, 40, 18, 
349, 30, 60, 8, 58, 16, 8, 11, 33, 19, 
349, 30, 60, 8, 56, 16, 8, 11, 32, 19, 
349, 30, 60, 8, 58, 16, 8, 11, 40, 7, 
349, 30, 60, 8, 59, 16, 10, 11, 40, 7, 
349, 30, 60, 8, 56, 16, 8, 11, 40, 50, 
349, 30, 60, 8, 62, 16, 8, 11, 40, 51, 
349, 30, 60, 8, 57, 16, 10, 11, 32, 3, 
349, 30, 56, 0, 56, 16, 8, 11, 40, 50, 
349, 30, 60, 8, 56, 16, 8, 11, 40, 18, 
349, 30, 60, 8, 56, 16, 8, 11, 40, 51, 
349, 30, 60, 8, 62, 16, 8, 11, 40, 51, 
349, 30, 60, 10, 57, 16, 10, 11, 32, 50, 
349, 28, 60, 8, 57, 16, 8, 11, 40, 18, 
349, 30, 60, 8, 56, 16, 8, 11, 41, 3, 
349, 30, 60, 2, 60, 16, 10, 11, 40, 3, 
349, 31, 60, 8, 59, 16, 8, 11, 32, 34, 
349, 30, 60, 8, 56, 16, 8, 11, 41, 19, 
349, 30, 60, 10, 40, 16, 10, 11, 40, 50, 
349, 28, 60, 8, 57, 16, 8, 11, 41, 15, 
349, 28, 60, 8, 57, 16, 8, 11, 32, 34, 
349, 30, 60, 9, 56, 16, 8, 11, 41, 3, 
349, 31, 60, 8, 58, 16, 8, 11, 40, 50, 
349, 30, 60, 8, 56, 16, 8, 11, 41, 3, 
349, 30, 60, 10, 40, 16, 10, 11, 32, 34, 
320, 28, 60, 32, 61, 16, 9, 9, 41, 3, 
46, 28, 60, 8, 56, 16, 4, 11, 41, 7, 
349, 30, 60, 8, 56, 16, 8, 11, 57, 2, 
349, 31, 60, 8, 40, 16, 10, 11, 32, 34, 
349, 30, 60, 8, 56, 16, 8, 11, 32, 34, 
349, 28, 60, 8, 56, 16, 8, 11, 41, 3, 
347, 30, 60, 8, 56, 16, 12, 11, 40, 22, 
349, 30, 60, 8, 56, 16, 10, 11, 32, 34, 
349, 30, 60, 10, 56, 16, 8, 11, 48, 2, 
349, 30, 60, 8, 56, 16, 8, 11, 32, 38, 
349, 31, 60, 8, 40, 16, 10, 11, 32, 2, 
349, 28, 60, 8, 40, 16, 8, 11, 41, 19, 
349, 30, 60, 8, 56, 16, 10, 11, 32, 38, 
349, 30, 60, 8, 56, 16, 8, 11, 40, 38, 
349, 30, 60, 8, 56, 16, 10, 11, 33, 2, 
349, 30, 56, 8, 40, 16, 10, 11, 32, 38, 
349, 31, 60, 8, 56, 16, 10, 11, 32, 32, 
349, 30, 60, 8, 56, 16, 8, 11, 32, 38, 
349, 30, 56, 8, 56, 18, 10, 11, 32, 36, 
349, 30, 60, 8, 56, 16, 10, 11, 48, 38, 
349, 30, 60, 8, 56, 16, 10, 11, 16, 38, 
349, 31, 60, 8, 56, 16, 10, 11, 32, 38, 
349, 30, 60, 8, 56, 16, 9, 11, 0, 37, 
349, 30, 60, 10, 56, 18, 10, 11, 32, 36, 
349, 30, 60, 8, 56, 16, 8, 11, 49, 38, 
349, 30, 60, 8, 56, 16, 10, 11, 32, 38, 
349, 28, 60, 8, 56, 16, 10, 11, 32, 38, 
