361, 57, 55, 38, 29, 15, 57, 2, 44, 20, 
339, 57, 11, 36, 4, 14, 16, 30, 38, 28, 
53, 62, 53, 37, 46, 41, 25, 32, 40, 26, 
52, 35, 51, 54, 5, 14, 33, 23, 36, 4, 
51, 27, 50, 39, 29, 18, 6, 28, 54, 48, 
354, 59, 51, 36, 36, 25, 9, 0, 36, 28, 
350, 59, 51, 35, 29, 3, 18, 4, 44, 48, 
347, 57, 39, 46, 29, 13, 57, 6, 38, 12, 
346, 49, 34, 6, 4, 14, 24, 16, 36, 28, 
342, 46, 52, 55, 47, 14, 33, 23, 38, 36, 
357, 63, 51, 37, 13, 9, 16, 0, 44, 30, 
354, 59, 51, 36, 36, 25, 8, 0, 45, 48, 
351, 59, 51, 35, 61, 3, 18, 16, 40, 28, 
350, 59, 51, 35, 29, 3, 18, 4, 42, 12, 
348, 59, 51, 35, 25, 7, 49, 6, 38, 48, 
357, 63, 51, 37, 13, 11, 16, 0, 45, 48, 
357, 59, 51, 32, 60, 3, 8, 0, 40, 60, 
354, 59, 51, 35, 21, 7, 48, 26, 2, 48, 
351, 59, 51, 35, 45, 3, 22, 16, 36, 30, 
351, 59, 35, 35, 61, 0, 16, 0, 45, 28, 
361, 63, 50, 36, 15, 3, 16, 0, 34, 49, 
359, 63, 51, 37, 45, 15, 16, 0, 34, 30, 
358, 59, 51, 41, 45, 2, 3, 0, 32, 28, 
357, 63, 51, 37, 29, 11, 17, 0, 40, 56, 
357, 63, 51, 37, 45, 11, 24, 0, 37, 52, 
361, 63, 50, 36, 15, 3, 16, 0, 38, 58, 
361, 63, 50, 36, 15, 3, 16, 0, 40, 56, 
361, 63, 50, 39, 15, 3, 16, 0, 34, 57, 
361, 63, 50, 36, 15, 3, 56, 0, 36, 48, 
359, 63, 51, 32, 47, 15, 16, 0, 3, 49, 
364, 63, 50, 5, 15, 7, 56, 0, 36, 48, 
363, 62, 50, 36, 15, 3, 16, 0, 3, 49, 
363, 62, 50, 37, 13, 3, 16, 0, 54, 56, 
363, 55, 50, 5, 15, 3, 57, 0, 51, 49, 
362, 63, 34, 36, 15, 3, 16, 16, 38, 56, 
364, 63, 50, 4, 31, 3, 16, 0, 3, 49, 
364, 62, 50, 5, 11, 3, 56, 0, 54, 48, 
364, 63, 50, 5, 15, 3, 57, 0, 51, 49, 
364, 62, 50, 5, 15, 5, 57, 0, 51, 49, 
363, 62, 50, 36, 13, 3, 16, 0, 54, 56, 
364, 63, 50, 4, 31, 3, 16, 0, 2, 48, 
364, 62, 50, 4, 31, 3, 24, 0, 43, 48, 
364, 63, 50, 4, 15, 3, 57, 0, 35, 49, 
364, 62, 50, 5, 15, 1, 57, 0, 51, 49, 
364, 63, 50, 4, 11, 3, 57, 0, 51, 49, 
364, 63, 50, 4, 15, 3, 24, 0, 43, 48, 
364, 63, 50, 4, 23, 3, 16, 0, 2, 49, 
364, 63, 50, 12, 31, 3, 58, 0, 34, 48, 
364, 63, 50, 4, 31, 3, 24, 0, 34, 49, 
364, 63, 50, 4, 11, 3, 56, 0, 51, 49, 
364, 63, 50, 4, 23, 3, 24, 0, 34, 48, 
364, 63, 50, 4, 15, 3, 24, 0, 43, 49, 
364, 63, 50, 4, 15, 3, 24, 0, 42, 49, 
364, 63, 50, 4, 63, 3, 24, 0, 34, 48, 
364, 57, 50, 4, 15, 3, 56, 0, 43, 49, 
364, 62, 50, 4, 23, 3, 24, 0, 43, 49, 
364, 63, 50, 4, 7, 3, 24, 0, 35, 49, 
364, 63, 50, 4, 21, 1, 24, 0, 35, 48, 
364, 63, 50, 4, 31, 3, 24, 0, 42, 49, 
364, 63, 50, 4, 7, 3, 16, 0, 34, 48, 
368, 63, 42, 4, 23, 10, 24, 0, 42, 48, 
364, 62, 50, 4, 55, 3, 24, 0, 3, 17, 
364, 63, 50, 4, 23, 3, 24, 0, 59, 49, 
364, 63, 50, 4, 19, 3, 24, 0, 47, 53, 
364, 62, 50, 4, 23, 3, 24, 0, 42, 33, 
368, 55, 42, 4, 7, 10, 24, 0, 47, 49, 
364, 55, 50, 4, 23, 3, 24, 0, 59, 49, 
364, 55, 50, 4, 23, 3, 24, 0, 42, 48, 
364, 62, 50, 4, 55, 3, 24, 0, 3, 17, 
364, 62, 50, 4, 23, 3, 16, 0, 59, 49, 
368, 55, 42, 4, 23, 10, 48, 0, 43, 49, 
368, 55, 42, 4, 23, 10, 24, 0, 47, 49, 
366, 55, 58, 4, 7, 10, 18, 1, 27, 49, 
364, 55, 34, 4, 23, 2, 24, 0, 43, 49, 
364, 55, 50, 4, 23, 3, 56, 0, 3, 49, 
368, 51, 42, 5, 23, 10, 24, 0, 47, 49, 
368, 55, 42, 0, 23, 10, 56, 0, 43, 49, 
368, 63, 42, 4, 23, 10, 48, 0, 3, 49, 
366, 55, 58, 0, 3, 10, 18, 1, 11, 49, 
364, 53, 42, 4, 21, 2, 25, 0, 47, 49, 
368, 55, 42, 0, 23, 10, 32, 0, 1, 49, 
368, 55, 42, 0, 19, 10, 50, 0, 11, 57, 
368, 63, 42, 4, 23, 10, 32, 0, 3, 1, 
368, 55, 42, 4, 23, 10, 25, 0, 63, 49, 
364, 49, 42, 5, 23, 2, 25, 0, 63, 49, 
376, 55, 47, 16, 27, 10, 32, 0, 11, 49, 
376, 55, 43, 4, 23, 11, 25, 0, 63, 49, 
368, 55, 42, 16, 22, 10, 32, 0, 19, 1, 
368, 55, 42, 0, 23, 10, 36, 0, 3, 1, 
368, 55, 42, 0, 23, 10, 32, 0, 3, 33, 
376, 55, 47, 16, 27, 10, 32, 0, 27, 1, 
376, 55, 47, 16, 27, 10, 32, 0, 1, 1, 
376, 55, 47, 0, 23, 10, 32, 0, 7, 32, 
376, 55, 47, 8, 31, 10, 32, 0, 3, 32, 
376, 55, 43, 6, 23, 11, 25, 0, 63, 17, 
376, 55, 47, 16, 27, 10, 32, 0, 1, 1, 
376, 55, 47, 16, 27, 10, 36, 0, 1, 1, 
376, 55, 47, 0, 19, 10, 32, 0, 7, 2, 
376, 55, 47, 24, 31, 10, 25, 0, 63, 17, 
376, 55, 47, 0, 11, 10, 40, 0, 1, 33, 
376, 55, 47, 18, 27, 10, 32, 0, 1, 1, 
376, 55, 47, 16, 27, 10, 32, 0, 1, 3, 
376, 55, 47, 16, 27, 10, 37, 0, 7, 6, 
376, 55, 47, 0, 27, 10, 32, 0, 7, 3, 
376, 55, 47, 16, 27, 10, 32, 0, 62, 17, 
376, 55, 47, 16, 27, 10, 32, 0, 1, 5, 
376, 55, 47, 16, 27, 10, 39, 0, 6, 6, 
376, 55, 47, 16, 27, 10, 45, 0, 1, 3, 
376, 55, 47, 0, 27, 10, 32, 0, 39, 3, 
376, 55, 47, 16, 31, 10, 34, 0, 51, 19, 
376, 55, 47, 16, 27, 10, 39, 0, 6, 14, 
376, 55, 47, 17, 27, 10, 38, 0, 22, 4, 
376, 55, 47, 16, 19, 10, 34, 0, 1, 4, 
376, 55, 47, 16, 27, 10, 34, 0, 35, 7, 
376, 55, 47, 16, 27, 10, 45, 0, 35, 15, 
376, 55, 47, 16, 26, 10, 47, 0, 30, 36, 
376, 55, 47, 16, 19, 10, 38, 0, 1, 4, 
376, 55, 47, 20, 27, 10, 45, 0, 35, 47, 
376, 55, 47, 0, 27, 10, 45, 0, 38, 15, 
376, 55, 47, 17, 27, 10, 34, 0, 16, 5, 
376, 55, 47, 16, 26, 10, 46, 0, 5, 4, 
376, 55, 47, 20, 27, 10, 47, 0, 23, 12, 
376, 55, 47, 17, 27, 10, 34, 0, 16, 5, 
376, 55, 47, 17, 27, 10, 34, 0, 24, 37, 
376, 55, 47, 16, 27, 10, 39, 0, 28, 36, 
376, 55, 47, 16, 26, 10, 47, 0, 23, 12, 
376, 55, 47, 16, 26, 10, 35, 0, 16, 5, 
376, 55, 47, 16, 26, 10, 47, 0, 21, 4, 
376, 55, 47, 20, 27, 10, 47, 0, 23, 6, 
376, 55, 47, 20, 27, 10, 35, 0, 30, 4, 
376, 55, 47, 24, 26, 10, 47, 0, 21, 4, 
376, 55, 47, 19, 26, 10, 47, 0, 23, 4, 
376, 55, 47, 16, 27, 10, 47, 0, 23, 6, 
376, 55, 47, 16, 26, 10, 43, 0, 31, 12, 
376, 55, 47, 16, 24, 10, 34, 0, 23, 6, 
376, 55, 47, 16, 25, 10, 46, 0, 23, 4, 
376, 55, 47, 24, 26, 10, 47, 0, 31, 8, 
376, 55, 47, 24, 26, 10, 43, 0, 31, 12, 
376, 55, 47, 24, 26, 10, 47, 0, 21, 5, 
376, 55, 47, 19, 58, 10, 43, 0, 31, 12, 
376, 55, 47, 16, 26, 10, 43, 0, 31, 10, 
376, 55, 47, 17, 27, 10, 43, 0, 55, 4, 
376, 55, 47, 16, 24, 10, 47, 0, 31, 0, 
376, 55, 47, 16, 26, 10, 43, 0, 31, 13, 
376, 55, 47, 24, 24, 10, 47, 0, 31, 13, 
376, 55, 47, 17, 27, 10, 43, 0, 55, 4, 
376, 55, 47, 16, 26, 10, 43, 0, 31, 6, 
376, 55, 47, 16, 18, 10, 43, 0, 27, 0, 
376, 55, 47, 16, 26, 10, 42, 0, 31, 12, 
376, 55, 47, 17, 30, 10, 47, 0, 23, 4, 
376, 55, 47, 17, 27, 10, 43, 0, 55, 7, 
376, 55, 47, 18, 27, 10, 43, 0, 31, 6, 
376, 55, 47, 17, 27, 10, 43, 0, 55, 4, 
376, 55, 47, 17, 25, 10, 42, 0, 31, 12, 
376, 55, 47, 18, 58, 10, 43, 0, 55, 45, 
376, 55, 47, 18, 27, 10, 42, 0, 31, 6, 
376, 55, 47, 17, 27, 10, 43, 0, 55, 20, 
376, 55, 47, 17, 27, 10, 47, 0, 55, 20, 
376, 55, 47, 17, 26, 10, 43, 0, 55, 6, 
376, 55, 47, 17, 27, 10, 41, 0, 63, 6, 
376, 55, 47, 18, 27, 10, 43, 0, 55, 20, 
376, 55, 47, 18, 27, 10, 47, 0, 63, 4, 
376, 55, 47, 18, 27, 10, 42, 0, 23, 4, 
376, 55, 47, 16, 26, 10, 43, 0, 55, 6, 
376, 55, 47, 19, 26, 10, 43, 0, 62, 6, 
376, 55, 47, 18, 31, 10, 47, 0, 63, 4, 
376, 55, 47, 18, 27, 10, 43, 0, 53, 36, 
376, 55, 47, 18, 27, 10, 59, 0, 55, 4, 
376, 55, 47, 19, 26, 10, 43, 0, 38, 4, 
376, 55, 47, 18, 27, 10, 63, 0, 63, 4, 
376, 55, 47, 2, 30, 10, 47, 0, 53, 36, 
376, 55, 47, 18, 31, 10, 47, 0, 45, 12, 
376, 55, 47, 18, 29, 10, 43, 0, 63, 4, 
376, 55, 47, 18, 27, 10, 43, 0, 62, 4, 
376, 55, 47, 18, 31, 10, 47, 0, 6, 4, 
376, 55, 47, 2, 30, 10, 46, 0, 53, 44, 
376, 55, 47, 2, 28, 10, 47, 0, 53, 36, 
376, 23, 47, 2, 30, 10, 43, 0, 62, 4, 
376, 23, 47, 2, 30, 10, 47, 0, 6, 4, 
376, 55, 47, 2, 15, 10, 51, 0, 61, 33, 
376, 55, 47, 2, 20, 10, 42, 0, 49, 48, 
376, 55, 47, 2, 30, 10, 46, 0, 53, 36, 
376, 55, 47, 2, 28, 10, 43, 0, 58, 4, 
376, 23, 47, 2, 28, 10, 45, 0, 36, 36, 
376, 23, 47, 2, 30, 10, 35, 0, 55, 4, 
376, 55, 47, 2, 22, 10, 46, 0, 53, 32, 
376, 55, 47, 2, 20, 10, 43, 0, 50, 4, 
376, 55, 47, 2, 28, 10, 45, 0, 32, 36, 
376, 55, 47, 3, 28, 10, 45, 0, 36, 20, 
376, 55, 47, 2, 30, 10, 42, 0, 55, 0, 
376, 55, 47, 2, 22, 10, 43, 0, 50, 4, 
376, 55, 47, 6, 4, 10, 46, 0, 50, 0, 
376, 55, 47, 2, 52, 10, 47, 0, 32, 52, 
376, 55, 47, 2, 20, 14, 46, 0, 48, 36, 
376, 55, 47, 3, 28, 10, 36, 0, 32, 20, 
376, 55, 47, 2, 22, 10, 47, 0, 32, 52, 
376, 54, 39, 2, 30, 10, 43, 0, 32, 52, 
376, 55, 47, 2, 22, 10, 43, 0, 34, 37, 
376, 55, 47, 2, 22, 10, 43, 0, 50, 4, 
376, 55, 47, 4, 22, 10, 45, 0, 32, 4, 
376, 55, 47, 4, 22, 10, 43, 0, 0, 52, 
376, 55, 47, 2, 22, 10, 43, 0, 34, 36, 
376, 55, 47, 2, 22, 10, 47, 0, 32, 53, 
376, 55, 47, 2, 30, 10, 43, 0, 34, 36, 
376, 54, 39, 2, 22, 10, 47, 0, 50, 4, 
376, 52, 47, 4, 22, 10, 43, 0, 34, 36, 
376, 55, 47, 4, 22, 10, 47, 0, 32, 53, 
376, 55, 47, 2, 22, 10, 47, 0, 0, 60, 
376, 55, 47, 2, 22, 10, 47, 0, 0, 36, 
376, 55, 47, 4, 30, 10, 43, 0, 6, 52, 
376, 52, 47, 2, 22, 10, 47, 0, 0, 52, 
376, 52, 47, 10, 22, 10, 63, 0, 0, 36, 
376, 52, 47, 4, 22, 10, 42, 0, 51, 36, 
376, 55, 47, 5, 22, 10, 47, 0, 0, 36, 
376, 55, 47, 0, 22, 10, 47, 0, 32, 37, 
376, 52, 47, 4, 18, 10, 42, 0, 51, 36, 
376, 52, 47, 2, 22, 10, 47, 0, 0, 52, 
376, 52, 47, 0, 22, 10, 47, 0, 32, 37, 
376, 55, 47, 0, 22, 14, 47, 0, 33, 37, 
376, 52, 47, 4, 22, 10, 42, 0, 51, 4, 
376, 52, 47, 0, 54, 10, 46, 0, 48, 37, 
376, 52, 47, 4, 22, 10, 40, 0, 54, 4, 
376, 52, 47, 4, 22, 10, 46, 0, 32, 5, 
376, 52, 47, 0, 6, 10, 43, 0, 35, 5, 
376, 55, 47, 4, 22, 10, 42, 0, 19, 6, 
376, 52, 47, 0, 54, 10, 42, 0, 54, 6, 
376, 52, 47, 0, 54, 14, 60, 0, 56, 36, 
376, 52, 47, 0, 6, 10, 43, 0, 35, 5, 
376, 52, 47, 0, 6, 10, 41, 0, 17, 5, 
376, 52, 47, 4, 22, 10, 44, 0, 38, 4, 
376, 52, 47, 0, 22, 10, 40, 0, 50, 5, 
376, 52, 47, 16, 54, 10, 41, 0, 17, 5, 
376, 52, 47, 0, 36, 10, 43, 0, 23, 4, 
376, 52, 47, 0, 54, 14, 59, 0, 35, 5, 
376, 52, 47, 0, 54, 14, 60, 0, 35, 5, 
376, 52, 47, 0, 22, 10, 40, 0, 17, 5, 
376, 52, 47, 0, 50, 14, 57, 0, 35, 5, 
376, 52, 47, 16, 55, 10, 59, 0, 35, 5, 
376, 52, 47, 16, 54, 10, 41, 0, 19, 5, 
376, 52, 47, 16, 54, 10, 60, 0, 51, 5, 
376, 52, 47, 0, 22, 10, 44, 0, 35, 5, 
376, 52, 47, 0, 54, 10, 41, 0, 35, 5, 
376, 52, 47, 0, 23, 10, 59, 0, 1, 5, 
376, 52, 47, 2, 54, 10, 46, 0, 19, 5, 
376, 52, 47, 16, 39, 10, 59, 0, 35, 5, 
376, 20, 47, 1, 22, 10, 45, 0, 35, 5, 
376, 52, 47, 4, 22, 10, 62, 0, 1, 5, 
376, 52, 47, 0, 22, 10, 46, 0, 51, 21, 
376, 52, 47, 0, 54, 10, 59, 0, 1, 5, 
376, 52, 47, 0, 55, 10, 56, 0, 35, 5, 
376, 20, 47, 1, 22, 10, 45, 0, 33, 5, 
376, 52, 47, 0, 20, 10, 46, 0, 37, 4, 
376, 20, 47, 0, 20, 10, 46, 0, 51, 49, 
376, 52, 47, 9, 22, 10, 44, 0, 35, 5, 
376, 20, 47, 3, 54, 10, 59, 0, 1, 37, 
376, 20, 47, 1, 20, 10, 46, 0, 37, 4, 
376, 23, 47, 1, 22, 10, 61, 0, 33, 4, 
376, 52, 47, 20, 23, 10, 45, 0, 33, 5, 
376, 20, 47, 1, 22, 10, 45, 0, 1, 37, 
376, 20, 47, 1, 22, 10, 43, 0, 33, 13, 
376, 20, 47, 1, 4, 10, 63, 0, 33, 4, 
376, 23, 47, 1, 2, 10, 47, 0, 33, 4, 
376, 20, 47, 1, 20, 10, 45, 0, 1, 37, 
376, 22, 47, 0, 20, 10, 44, 0, 1, 36, 
376, 20, 47, 1, 20, 10, 47, 0, 33, 45, 
376, 20, 47, 1, 0, 10, 46, 0, 41, 4, 
376, 20, 47, 1, 6, 10, 63, 0, 37, 36, 
376, 22, 47, 1, 20, 10, 60, 0, 0, 12, 
376, 23, 47, 1, 11, 10, 47, 0, 33, 23, 
376, 23, 47, 1, 24, 10, 47, 0, 33, 4, 
376, 16, 47, 1, 6, 10, 63, 0, 37, 36, 
376, 20, 47, 1, 6, 10, 62, 0, 37, 4, 
376, 20, 47, 1, 0, 10, 47, 0, 1, 22, 
376, 52, 47, 1, 20, 10, 60, 0, 0, 12, 
376, 20, 47, 1, 4, 10, 61, 0, 56, 52, 
376, 16, 47, 1, 6, 10, 62, 0, 37, 4, 
376, 16, 47, 1, 6, 10, 62, 0, 37, 36, 
376, 20, 47, 1, 22, 10, 62, 0, 0, 12, 
376, 17, 47, 1, 4, 10, 63, 0, 58, 52, 
376, 20, 47, 1, 4, 10, 63, 0, 46, 36, 
376, 16, 47, 1, 6, 10, 62, 0, 36, 12, 
376, 17, 47, 1, 4, 10, 47, 0, 58, 52, 
376, 16, 47, 1, 6, 10, 62, 0, 58, 52, 
376, 16, 47, 1, 22, 10, 62, 0, 37, 44, 
376, 16, 47, 1, 14, 10, 63, 0, 58, 52, 
376, 16, 47, 5, 6, 10, 62, 0, 59, 60, 
376, 16, 47, 1, 6, 10, 62, 0, 37, 44, 
376, 16, 47, 1, 6, 10, 22, 0, 36, 44, 
376, 16, 47, 1, 4, 10, 46, 0, 26, 52, 
376, 17, 47, 1, 0, 10, 45, 0, 37, 36, 
376, 16, 47, 1, 6, 10, 22, 0, 36, 44, 
376, 16, 47, 1, 55, 10, 20, 0, 61, 61, 
376, 16, 47, 5, 6, 10, 14, 0, 26, 36, 
376, 20, 47, 3, 0, 10, 41, 0, 37, 36, 
376, 52, 47, 0, 2, 14, 62, 0, 37, 60, 
376, 16, 47, 1, 55, 10, 20, 0, 61, 60, 
376, 16, 47, 5, 6, 10, 22, 0, 50, 36, 
376, 32, 47, 1, 2, 10, 54, 0, 4, 45, 
376, 16, 47, 1, 55, 10, 20, 0, 37, 36, 
376, 16, 47, 3, 33, 10, 44, 0, 53, 53, 
376, 16, 47, 5, 7, 10, 22, 0, 49, 52, 
376, 16, 47, 1, 38, 10, 55, 0, 60, 61, 
376, 20, 47, 3, 55, 10, 36, 0, 53, 53, 
376, 16, 47, 5, 5, 10, 20, 0, 37, 36, 
376, 16, 47, 5, 6, 10, 18, 0, 53, 53, 
376, 16, 47, 3, 6, 10, 55, 0, 60, 61, 
376, 16, 47, 3, 7, 10, 55, 0, 61, 53, 
376, 20, 47, 1, 51, 10, 36, 0, 53, 55, 
376, 20, 47, 5, 23, 10, 54, 0, 37, 52, 
376, 16, 47, 5, 6, 10, 22, 0, 21, 36, 
376, 20, 47, 1, 51, 10, 36, 0, 53, 55, 
376, 20, 47, 1, 39, 10, 38, 0, 53, 39, 
376, 16, 47, 3, 6, 10, 55, 0, 21, 36, 
376, 20, 47, 3, 23, 10, 55, 0, 37, 53, 
376, 16, 47, 3, 23, 10, 22, 0, 29, 4, 
376, 20, 47, 5, 39, 10, 38, 0, 55, 7, 
376, 20, 47, 1, 51, 10, 55, 0, 21, 4, 
376, 20, 47, 1, 51, 10, 36, 0, 53, 53, 
376, 20, 47, 0, 63, 10, 55, 0, 45, 54, 
376, 52, 47, 1, 39, 10, 55, 0, 53, 38, 
376, 20, 47, 4, 39, 10, 38, 0, 53, 4, 
376, 20, 47, 5, 51, 10, 44, 0, 49, 37, 
376, 20, 43, 5, 39, 9, 38, 0, 48, 54, 
376, 20, 47, 3, 39, 10, 55, 0, 21, 36, 
376, 20, 47, 0, 63, 10, 55, 0, 45, 54, 
376, 20, 47, 5, 51, 10, 44, 0, 53, 37, 
376, 20, 47, 7, 39, 10, 52, 0, 53, 4, 
376, 16, 47, 4, 39, 10, 38, 0, 53, 54, 
376, 20, 47, 5, 51, 10, 44, 0, 25, 54, 
376, 20, 47, 0, 31, 10, 55, 0, 45, 54, 
376, 20, 47, 5, 51, 10, 44, 0, 55, 36, 
376, 30, 47, 5, 39, 10, 38, 0, 53, 36, 
376, 20, 47, 5, 48, 10, 44, 0, 57, 54, 
376, 20, 47, 4, 49, 10, 44, 0, 25, 55, 
376, 20, 47, 7, 7, 10, 38, 0, 57, 54, 
376, 26, 47, 5, 39, 10, 38, 0, 53, 36, 
376, 22, 47, 4, 51, 10, 44, 0, 29, 37, 
376, 26, 47, 7, 23, 10, 36, 0, 57, 54, 
376, 23, 47, 7, 7, 10, 38, 0, 56, 54, 
376, 20, 47, 5, 48, 10, 44, 0, 57, 47, 
376, 26, 47, 5, 39, 10, 38, 0, 29, 37, 
376, 26, 47, 5, 39, 10, 38, 0, 53, 38, 
376, 26, 47, 5, 39, 10, 38, 0, 57, 45, 
376, 23, 47, 7, 23, 10, 46, 0, 24, 53, 
376, 22, 47, 4, 48, 10, 44, 0, 57, 47, 
376, 26, 47, 5, 7, 10, 54, 0, 52, 38, 
376, 26, 47, 7, 39, 10, 36, 0, 49, 37, 
376, 26, 47, 5, 7, 10, 38, 0, 21, 36, 
376, 26, 47, 5, 39, 10, 38, 0, 25, 45, 
376, 30, 47, 5, 39, 10, 38, 0, 25, 45, 
376, 26, 47, 5, 7, 10, 53, 0, 52, 39, 
376, 26, 47, 5, 7, 10, 38, 0, 17, 36, 
376, 26, 47, 5, 7, 10, 54, 0, 28, 38, 
376, 25, 47, 5, 7, 10, 22, 0, 52, 53, 
376, 26, 47, 5, 23, 10, 54, 0, 16, 37, 
376, 26, 47, 5, 7, 10, 44, 0, 28, 6, 
376, 26, 47, 5, 7, 10, 53, 0, 52, 37, 
376, 26, 47, 5, 7, 10, 22, 0, 60, 53, 
376, 26, 47, 5, 7, 10, 54, 0, 16, 33, 
376, 26, 47, 5, 23, 10, 38, 0, 17, 37, 
376, 26, 47, 1, 7, 10, 53, 0, 52, 37, 
376, 26, 47, 5, 5, 10, 53, 0, 53, 33, 
376, 26, 47, 5, 23, 10, 44, 0, 60, 53, 
376, 26, 47, 5, 7, 10, 60, 0, 28, 4, 
376, 26, 47, 1, 7, 10, 44, 0, 16, 32, 
376, 30, 47, 9, 7, 10, 53, 0, 53, 32, 
376, 26, 47, 5, 7, 10, 53, 0, 39, 39, 
376, 26, 47, 1, 3, 10, 53, 0, 20, 4, 
376, 26, 47, 1, 7, 10, 57, 0, 60, 53, 
376, 26, 47, 1, 7, 10, 36, 0, 16, 32, 
376, 30, 47, 5, 7, 10, 53, 0, 39, 39, 
376, 30, 47, 9, 7, 10, 53, 0, 39, 39, 
376, 30, 47, 9, 3, 10, 53, 0, 20, 6, 
376, 30, 47, 9, 7, 10, 53, 0, 53, 32, 
376, 26, 47, 9, 7, 10, 57, 0, 53, 36, 
376, 30, 47, 9, 5, 10, 53, 0, 7, 39, 
376, 30, 47, 5, 3, 10, 61, 0, 20, 6, 
376, 26, 47, 1, 3, 10, 53, 0, 5, 7, 
376, 30, 47, 5, 7, 10, 49, 0, 37, 32, 
376, 30, 47, 9, 7, 10, 53, 0, 39, 6, 
376, 30, 47, 9, 7, 10, 53, 0, 28, 6, 
376, 30, 47, 9, 5, 10, 53, 0, 5, 15, 
376, 30, 47, 9, 5, 10, 27, 0, 5, 50, 
376, 30, 47, 9, 5, 10, 53, 0, 39, 39, 
376, 30, 47, 4, 1, 10, 53, 0, 6, 7, 
376, 30, 47, 9, 7, 10, 53, 0, 5, 15, 
376, 30, 47, 9, 21, 10, 53, 0, 28, 14, 
376, 62, 47, 9, 39, 10, 53, 0, 61, 48, 
376, 30, 47, 9, 23, 10, 18, 0, 13, 22, 
376, 30, 47, 9, 5, 10, 53, 0, 5, 2, 
376, 30, 47, 9, 21, 10, 53, 0, 13, 18, 
376, 30, 47, 9, 39, 10, 53, 0, 53, 48, 
376, 62, 47, 9, 7, 10, 21, 0, 13, 23, 
376, 30, 47, 9, 7, 10, 53, 0, 5, 39, 
376, 30, 47, 9, 31, 10, 49, 0, 28, 14, 
376, 30, 47, 1, 20, 10, 53, 0, 60, 14, 
376, 30, 47, 9, 31, 10, 61, 0, 29, 22, 
376, 30, 47, 9, 39, 10, 21, 0, 21, 50, 
376, 30, 47, 8, 39, 10, 53, 0, 21, 22, 
376, 30, 47, 9, 23, 10, 53, 0, 13, 7, 
376, 30, 47, 1, 20, 10, 53, 0, 21, 22, 
376, 30, 47, 9, 31, 10, 61, 0, 28, 15, 
376, 30, 47, 9, 55, 10, 53, 0, 29, 6, 
376, 30, 47, 1, 52, 10, 53, 0, 60, 14, 
376, 30, 47, 1, 23, 10, 53, 0, 29, 54, 
376, 30, 47, 8, 30, 10, 53, 0, 21, 23, 
376, 30, 47, 9, 28, 10, 56, 0, 21, 14, 
376, 30, 47, 1, 20, 10, 53, 0, 29, 4, 
376, 30, 47, 9, 55, 10, 37, 0, 29, 6, 
376, 30, 47, 1, 23, 10, 53, 0, 21, 22, 
376, 30, 47, 0, 28, 10, 36, 0, 5, 14, 
376, 30, 47, 9, 28, 10, 53, 0, 21, 22, 
376, 30, 47, 0, 30, 10, 49, 0, 29, 7, 
376, 30, 47, 8, 62, 10, 53, 0, 61, 6, 
376, 30, 47, 12, 31, 10, 53, 0, 21, 22, 
376, 30, 47, 8, 28, 10, 36, 0, 21, 14, 
376, 30, 47, 0, 28, 10, 55, 0, 21, 22, 
376, 26, 47, 4, 30, 10, 36, 0, 5, 6, 
376, 30, 47, 0, 30, 10, 50, 0, 29, 22, 
376, 30, 47, 9, 30, 10, 49, 0, 20, 5, 
376, 30, 47, 8, 12, 10, 38, 0, 21, 30, 
376, 30, 47, 1, 30, 10, 36, 0, 5, 6, 
376, 62, 47, 8, 28, 10, 36, 0, 21, 6, 
376, 26, 47, 0, 30, 10, 36, 0, 21, 30, 
376, 30, 47, 8, 30, 10, 50, 0, 29, 22, 
376, 30, 47, 0, 28, 10, 36, 0, 21, 6, 
376, 30, 47, 0, 60, 10, 38, 0, 21, 31, 
376, 30, 47, 8, 12, 10, 50, 0, 29, 22, 
376, 30, 47, 8, 12, 10, 38, 0, 28, 22, 
376, 30, 47, 0, 28, 10, 52, 0, 21, 6, 
376, 30, 47, 0, 28, 10, 36, 0, 29, 13, 
376, 22, 47, 0, 28, 10, 32, 0, 21, 14, 
376, 30, 47, 0, 28, 10, 38, 0, 29, 22, 
376, 30, 47, 0, 30, 10, 38, 0, 28, 22, 
376, 30, 47, 0, 28, 10, 52, 0, 53, 4, 
376, 30, 47, 0, 28, 10, 32, 0, 21, 14, 
376, 30, 47, 8, 28, 10, 52, 0, 53, 4, 
376, 26, 47, 0, 24, 10, 32, 0, 23, 4, 
376, 22, 47, 0, 28, 10, 36, 0, 20, 22, 
376, 22, 47, 8, 30, 10, 38, 0, 28, 22, 
376, 30, 47, 8, 28, 10, 52, 0, 55, 4, 
376, 30, 47, 0, 28, 10, 34, 0, 23, 6, 
376, 30, 47, 0, 28, 10, 36, 0, 21, 6, 
376, 22, 47, 0, 30, 10, 32, 0, 21, 30, 
376, 30, 47, 8, 24, 10, 48, 0, 23, 4, 
376, 30, 47, 9, 28, 10, 34, 0, 23, 6, 
376, 30, 47, 8, 28, 10, 36, 0, 20, 6, 
376, 30, 47, 1, 28, 10, 52, 0, 21, 4, 
376, 30, 47, 8, 28, 10, 60, 0, 21, 30, 
376, 22, 47, 0, 12, 10, 48, 0, 23, 30, 
376, 30, 47, 9, 28, 10, 42, 0, 20, 6, 
376, 30, 47, 9, 28, 10, 34, 0, 23, 6, 
376, 30, 47, 9, 28, 10, 42, 0, 55, 0, 
376, 30, 47, 9, 28, 10, 52, 0, 21, 4, 
376, 30, 47, 9, 28, 10, 34, 0, 21, 30, 
376, 30, 47, 9, 28, 10, 34, 0, 31, 6, 
376, 30, 47, 9, 28, 10, 58, 0, 63, 4, 
376, 30, 39, 1, 28, 10, 42, 0, 21, 6, 
376, 30, 39, 1, 28, 10, 34, 0, 53, 6, 
376, 30, 47, 9, 28, 10, 60, 0, 21, 4, 
376, 30, 47, 9, 44, 10, 34, 0, 21, 7, 
376, 30, 47, 9, 28, 10, 42, 0, 29, 14, 
376, 30, 47, 9, 28, 10, 34, 0, 29, 14, 
376, 30, 47, 1, 28, 10, 35, 0, 49, 6, 
376, 30, 47, 9, 28, 10, 52, 0, 17, 4, 
376, 30, 47, 9, 12, 10, 42, 0, 21, 14, 
376, 27, 47, 9, 44, 10, 34, 0, 29, 14, 
376, 30, 47, 1, 20, 10, 35, 0, 21, 6, 
376, 30, 47, 9, 44, 10, 35, 0, 17, 5, 
376, 30, 47, 9, 44, 10, 32, 0, 17, 36, 
376, 30, 47, 9, 44, 10, 42, 0, 17, 36, 
376, 30, 39, 9, 44, 8, 34, 0, 17, 46, 
376, 27, 47, 9, 36, 10, 35, 0, 13, 6, 
376, 27, 47, 1, 36, 10, 35, 0, 7, 30, 
376, 27, 47, 9, 44, 10, 34, 0, 29, 13, 
376, 30, 39, 3, 44, 8, 34, 0, 16, 14, 
376, 27, 47, 9, 36, 10, 35, 0, 13, 22, 
376, 30, 47, 9, 33, 10, 43, 0, 13, 6, 
376, 30, 39, 9, 44, 8, 34, 0, 17, 45, 
376, 27, 47, 9, 44, 10, 35, 0, 39, 30, 
376, 30, 39, 1, 60, 10, 32, 0, 39, 18, 
376, 31, 39, 11, 44, 8, 38, 0, 17, 45, 
376, 27, 47, 9, 44, 10, 35, 0, 39, 30, 
376, 30, 47, 9, 49, 10, 35, 0, 39, 30, 
376, 26, 39, 9, 45, 8, 34, 0, 55, 14, 
376, 30, 39, 1, 44, 8, 38, 0, 17, 45, 
376, 26, 47, 9, 49, 10, 35, 0, 37, 30, 
376, 30, 39, 1, 60, 10, 32, 0, 55, 14, 
376, 30, 39, 3, 44, 10, 32, 0, 55, 22, 
376, 27, 47, 9, 40, 10, 35, 0, 39, 31, 
376, 30, 39, 0, 44, 8, 38, 0, 37, 30, 
376, 30, 39, 1, 12, 10, 33, 0, 50, 14, 
376, 22, 39, 1, 60, 8, 38, 0, 53, 46, 
376, 30, 39, 1, 60, 8, 36, 0, 56, 55, 
376, 30, 39, 1, 44, 8, 35, 0, 39, 31, 
376, 23, 39, 0, 44, 10, 35, 0, 48, 14, 
376, 30, 39, 1, 12, 10, 34, 0, 51, 31, 
376, 30, 39, 1, 12, 10, 38, 0, 34, 23, 
376, 30, 39, 0, 44, 8, 34, 0, 53, 46, 
376, 30, 39, 0, 12, 8, 39, 0, 39, 31, 
376, 23, 39, 0, 44, 10, 35, 0, 51, 31, 
376, 31, 39, 0, 44, 10, 34, 0, 33, 46, 
376, 31, 39, 0, 12, 10, 47, 0, 35, 31, 
376, 30, 39, 1, 12, 10, 38, 0, 35, 30, 
376, 30, 39, 1, 12, 10, 34, 0, 42, 15, 
376, 23, 39, 0, 45, 10, 35, 0, 35, 46, 
376, 30, 39, 0, 44, 10, 40, 0, 51, 15, 
376, 22, 39, 0, 44, 10, 35, 0, 51, 31, 
376, 22, 47, 0, 12, 10, 47, 0, 59, 31, 
376, 23, 39, 0, 44, 10, 38, 0, 35, 62, 
376, 23, 39, 0, 45, 10, 34, 0, 51, 15, 
376, 23, 39, 0, 45, 10, 39, 0, 59, 63, 
376, 30, 47, 2, 28, 10, 47, 0, 58, 31, 
376, 22, 39, 0, 44, 10, 36, 0, 50, 62, 
376, 22, 39, 0, 44, 10, 35, 0, 34, 62, 
376, 23, 39, 0, 44, 10, 47, 0, 58, 31, 
376, 23, 39, 0, 45, 10, 34, 0, 49, 62, 
376, 23, 39, 0, 44, 10, 32, 0, 50, 15, 
376, 23, 39, 0, 45, 10, 39, 0, 43, 27, 
376, 23, 39, 0, 13, 10, 43, 0, 59, 15, 
376, 23, 39, 0, 46, 10, 34, 0, 57, 62, 
376, 23, 39, 0, 40, 10, 35, 0, 59, 27, 
376, 23, 39, 0, 37, 10, 34, 0, 58, 11, 
376, 23, 39, 0, 44, 10, 32, 0, 50, 15, 
376, 30, 39, 0, 45, 10, 32, 0, 49, 15, 
376, 23, 39, 0, 15, 10, 51, 0, 63, 31, 
376, 23, 39, 0, 58, 10, 38, 0, 57, 59, 
376, 23, 39, 0, 46, 10, 34, 0, 42, 11, 
376, 23, 39, 0, 46, 10, 34, 0, 57, 31, 
376, 23, 39, 0, 36, 10, 35, 0, 58, 27, 
376, 23, 39, 0, 15, 8, 55, 0, 59, 59, 
376, 23, 39, 0, 30, 10, 35, 0, 61, 31, 
376, 23, 39, 0, 46, 10, 50, 0, 58, 27, 
376, 23, 55, 0, 15, 11, 51, 0, 63, 27, 
376, 23, 39, 0, 44, 10, 35, 0, 58, 27, 
376, 23, 39, 0, 30, 10, 35, 0, 53, 25, 
376, 23, 39, 0, 31, 8, 35, 0, 59, 27, 
376, 23, 37, 0, 45, 8, 55, 0, 59, 59, 
376, 23, 39, 8, 47, 8, 50, 0, 59, 59, 
376, 31, 39, 0, 12, 10, 35, 0, 58, 27, 
376, 23, 39, 0, 30, 10, 34, 0, 51, 27, 
376, 23, 39, 0, 31, 10, 35, 0, 61, 29, 
376, 23, 39, 0, 14, 10, 35, 0, 58, 17, 
376, 23, 39, 0, 20, 10, 35, 0, 58, 27, 
376, 31, 39, 1, 12, 10, 35, 0, 60, 25, 
376, 23, 39, 0, 30, 10, 35, 0, 61, 29, 
376, 23, 39, 0, 30, 10, 35, 0, 45, 27, 
376, 23, 39, 0, 15, 10, 35, 0, 58, 17, 
376, 23, 39, 0, 28, 10, 38, 0, 59, 27, 
376, 31, 39, 1, 14, 10, 35, 0, 62, 27, 
376, 23, 39, 0, 30, 10, 35, 0, 45, 27, 
376, 23, 39, 0, 62, 10, 35, 0, 61, 27, 
376, 23, 39, 0, 22, 10, 39, 0, 62, 27, 
376, 31, 39, 0, 30, 10, 34, 0, 62, 25, 
376, 31, 39, 2, 31, 10, 35, 0, 50, 51, 
376, 23, 39, 0, 62, 8, 35, 0, 61, 27, 
376, 23, 39, 0, 62, 10, 35, 0, 61, 27, 
376, 23, 39, 0, 30, 10, 39, 0, 62, 27, 
376, 23, 39, 0, 23, 10, 33, 0, 63, 11, 
376, 31, 39, 0, 30, 10, 35, 0, 17, 31, 
376, 23, 39, 0, 58, 8, 35, 0, 45, 27, 
376, 23, 39, 0, 62, 10, 35, 0, 61, 27, 
376, 23, 47, 0, 62, 10, 35, 0, 61, 27, 
376, 23, 39, 0, 62, 10, 35, 0, 61, 19, 
376, 23, 39, 4, 30, 8, 35, 0, 57, 31, 
376, 23, 39, 0, 62, 8, 51, 0, 45, 59, 
376, 23, 39, 0, 62, 10, 33, 0, 45, 27, 
376, 23, 39, 0, 62, 8, 35, 0, 45, 19, 
376, 23, 39, 0, 62, 10, 51, 0, 45, 27, 
376, 23, 47, 0, 46, 10, 35, 0, 61, 19, 
376, 23, 39, 0, 62, 10, 33, 0, 45, 27, 
376, 23, 39, 0, 62, 10, 35, 0, 44, 59, 
376, 23, 39, 0, 62, 8, 35, 0, 45, 19, 
376, 23, 39, 2, 62, 8, 35, 0, 45, 27, 
376, 23, 39, 0, 62, 8, 35, 0, 45, 59, 
376, 23, 39, 0, 62, 10, 35, 0, 45, 59, 
376, 23, 39, 0, 60, 8, 35, 0, 45, 19, 
376, 23, 39, 0, 62, 10, 33, 0, 45, 27, 
376, 19, 39, 0, 62, 8, 34, 0, 45, 19, 
376, 23, 39, 2, 62, 8, 35, 0, 45, 27, 
376, 23, 39, 0, 60, 10, 34, 0, 45, 19, 
376, 23, 39, 0, 44, 8, 35, 0, 45, 19, 
376, 31, 39, 0, 62, 8, 32, 0, 47, 19, 
376, 23, 39, 2, 54, 8, 35, 0, 41, 59, 
376, 23, 39, 10, 62, 8, 35, 0, 45, 27, 
376, 23, 39, 0, 60, 10, 34, 0, 45, 19, 
376, 23, 39, 0, 62, 8, 32, 0, 47, 19, 
376, 23, 39, 0, 28, 10, 35, 0, 43, 51, 
376, 23, 39, 0, 61, 10, 35, 0, 45, 27, 
376, 23, 39, 2, 63, 8, 34, 0, 45, 17, 
376, 23, 39, 0, 60, 10, 32, 0, 11, 19, 
376, 23, 47, 0, 60, 10, 32, 0, 45, 17, 
376, 23, 39, 0, 60, 10, 35, 0, 45, 19, 
376, 23, 39, 2, 63, 8, 34, 0, 61, 17, 
376, 31, 39, 2, 61, 10, 35, 0, 43, 19, 
376, 23, 47, 0, 60, 10, 34, 0, 61, 23, 
376, 23, 39, 0, 46, 10, 34, 0, 63, 25, 
376, 23, 39, 2, 61, 8, 35, 0, 61, 17, 
376, 23, 39, 2, 63, 8, 34, 0, 43, 19, 
360, 21, 39, 9, 60, 10, 33, 0, 61, 21, 
376, 23, 39, 0, 47, 10, 35, 0, 61, 17, 
376, 21, 39, 0, 47, 8, 34, 0, 43, 19, 
376, 23, 39, 2, 61, 8, 34, 0, 41, 19, 
376, 23, 39, 6, 59, 8, 34, 0, 43, 3, 
369, 21, 39, 4, 63, 18, 34, 0, 63, 25, 
376, 23, 39, 0, 63, 10, 35, 0, 47, 19, 
376, 31, 39, 0, 47, 8, 34, 0, 43, 3, 
376, 23, 39, 0, 47, 10, 35, 0, 63, 17, 
376, 30, 39, 4, 47, 10, 34, 0, 49, 3, 
376, 21, 39, 0, 47, 8, 34, 0, 41, 19, 
376, 31, 39, 0, 63, 8, 50, 0, 47, 27, 
376, 23, 47, 6, 63, 10, 35, 0, 46, 17, 
376, 23, 39, 0, 63, 10, 34, 0, 49, 1, 
376, 21, 39, 0, 47, 8, 35, 0, 41, 19, 
376, 31, 39, 0, 47, 8, 42, 0, 53, 3, 
376, 31, 39, 0, 63, 8, 35, 0, 46, 17, 
376, 29, 39, 0, 63, 8, 38, 0, 61, 9, 
376, 31, 39, 0, 47, 8, 35, 0, 57, 19, 
376, 31, 39, 0, 63, 8, 54, 0, 39, 17, 
376, 19, 39, 0, 47, 8, 42, 0, 53, 3, 
376, 31, 39, 0, 13, 8, 38, 0, 63, 9, 
376, 31, 39, 2, 45, 8, 35, 0, 25, 19, 
376, 31, 39, 0, 59, 8, 35, 0, 41, 21, 
376, 31, 39, 8, 63, 8, 35, 0, 46, 17, 
376, 31, 39, 2, 63, 8, 34, 0, 34, 25, 
376, 31, 39, 0, 13, 8, 35, 0, 25, 19, 
376, 61, 39, 0, 13, 8, 34, 0, 26, 25, 
376, 31, 39, 0, 45, 8, 35, 0, 57, 1, 
376, 31, 39, 4, 25, 8, 39, 0, 57, 5, 
376, 31, 39, 0, 31, 8, 35, 0, 46, 16, 
376, 31, 39, 0, 45, 8, 39, 0, 25, 11, 
376, 31, 39, 0, 13, 8, 35, 0, 9, 37, 
376, 31, 39, 0, 13, 8, 35, 0, 25, 53, 
376, 31, 39, 0, 13, 8, 35, 0, 57, 17, 
376, 61, 39, 0, 13, 8, 34, 0, 26, 25, 
376, 31, 39, 0, 15, 8, 35, 0, 25, 15, 
376, 23, 39, 0, 13, 8, 35, 0, 57, 19, 
376, 31, 39, 1, 47, 8, 35, 0, 57, 17, 
376, 31, 39, 2, 61, 8, 34, 0, 26, 25, 
376, 29, 39, 0, 13, 8, 34, 0, 25, 37, 
376, 31, 39, 0, 15, 8, 35, 0, 57, 19, 
376, 31, 39, 9, 63, 8, 39, 0, 57, 21, 
376, 30, 39, 1, 15, 8, 35, 0, 25, 5, 
376, 31, 39, 1, 15, 8, 35, 0, 24, 29, 
376, 23, 39, 0, 28, 8, 39, 0, 58, 57, 
376, 31, 39, 0, 15, 10, 35, 0, 57, 24, 
376, 26, 39, 1, 31, 8, 39, 0, 57, 33, 
376, 30, 39, 1, 15, 8, 35, 0, 29, 5, 
376, 31, 39, 0, 15, 8, 33, 0, 25, 21, 
376, 31, 39, 0, 15, 8, 35, 0, 24, 23, 
376, 26, 47, 1, 31, 10, 35, 0, 57, 41, 
376, 31, 39, 0, 11, 10, 43, 0, 29, 5, 
376, 31, 39, 0, 15, 10, 39, 0, 61, 5, 
376, 31, 39, 0, 15, 10, 35, 0, 24, 23, 
376, 31, 39, 0, 15, 10, 35, 0, 57, 27, 
376, 24, 47, 1, 31, 10, 35, 0, 57, 5, 
376, 26, 47, 1, 31, 10, 35, 0, 57, 27, 
376, 31, 39, 0, 47, 10, 39, 0, 60, 27, 
376, 31, 39, 2, 13, 10, 55, 0, 49, 29, 
376, 31, 39, 0, 15, 10, 35, 0, 57, 31, 
376, 24, 47, 1, 31, 10, 35, 0, 57, 27, 
376, 24, 47, 1, 31, 10, 35, 0, 57, 27, 
376, 26, 47, 1, 31, 10, 35, 0, 56, 17, 
376, 24, 47, 1, 63, 10, 35, 0, 49, 13, 
376, 24, 47, 1, 27, 10, 43, 0, 57, 3, 
376, 24, 47, 1, 31, 10, 35, 0, 57, 27, 
376, 24, 47, 1, 63, 10, 35, 0, 49, 13, 
376, 24, 47, 5, 31, 10, 35, 0, 57, 27, 
376, 42, 47, 1, 27, 10, 43, 0, 59, 3, 
376, 24, 47, 1, 19, 10, 43, 0, 57, 3, 
376, 24, 47, 1, 15, 10, 35, 0, 49, 13, 
376, 24, 47, 1, 31, 10, 35, 0, 57, 27, 
376, 24, 47, 1, 31, 10, 35, 0, 59, 3, 
376, 24, 47, 1, 31, 10, 51, 0, 49, 15, 
376, 16, 47, 1, 63, 10, 51, 0, 57, 27, 
376, 24, 39, 1, 15, 10, 42, 0, 57, 27, 
376, 24, 47, 1, 31, 10, 59, 0, 59, 3, 
376, 17, 47, 1, 30, 10, 35, 0, 41, 31, 
376, 16, 47, 1, 31, 10, 35, 0, 59, 27, 
376, 24, 47, 1, 31, 10, 51, 0, 49, 13, 
376, 24, 39, 1, 15, 8, 50, 0, 59, 2, 
376, 24, 47, 1, 27, 10, 59, 0, 57, 19, 
376, 24, 39, 1, 47, 10, 46, 0, 41, 27, 
376, 24, 39, 1, 15, 10, 35, 0, 41, 31, 
376, 24, 39, 1, 15, 10, 43, 0, 59, 27, 
376, 24, 39, 5, 27, 8, 56, 0, 57, 27, 
376, 24, 39, 1, 13, 8, 50, 0, 41, 27, 
376, 24, 39, 1, 47, 10, 50, 0, 59, 9, 
376, 24, 39, 1, 15, 8, 33, 0, 41, 15, 
376, 24, 39, 1, 14, 8, 59, 0, 59, 26, 
376, 24, 39, 5, 27, 8, 56, 0, 57, 27, 
376, 24, 39, 5, 27, 8, 58, 0, 59, 9, 
376, 24, 39, 5, 27, 8, 50, 0, 59, 9, 
376, 24, 39, 5, 31, 8, 37, 0, 57, 26, 
376, 24, 39, 1, 14, 8, 27, 0, 59, 58, 
376, 24, 37, 5, 27, 8, 59, 0, 57, 11, 
376, 24, 39, 1, 27, 8, 50, 0, 58, 25, 
376, 24, 39, 1, 27, 8, 26, 0, 57, 2, 
376, 24, 39, 5, 10, 8, 59, 0, 49, 27, 
376, 26, 39, 7, 27, 8, 58, 0, 51, 9, 
376, 24, 37, 5, 27, 8, 59, 0, 58, 29, 
376, 24, 37, 5, 27, 8, 59, 0, 58, 25, 
376, 24, 37, 5, 27, 8, 59, 0, 57, 9, 
376, 24, 37, 1, 27, 8, 59, 0, 57, 10, 
376, 24, 37, 5, 27, 8, 27, 0, 57, 10, 
376, 24, 37, 5, 27, 8, 59, 0, 50, 25, 
376, 24, 37, 5, 27, 8, 59, 0, 57, 17, 
376, 24, 39, 5, 27, 8, 63, 0, 57, 10, 
376, 26, 37, 5, 25, 8, 27, 0, 56, 29, 
376, 26, 37, 0, 25, 8, 27, 0, 56, 9, 
376, 25, 37, 5, 27, 8, 59, 0, 61, 17, 
376, 24, 37, 5, 27, 8, 59, 0, 50, 25, 
376, 24, 39, 1, 26, 8, 59, 0, 57, 17, 
376, 24, 37, 5, 26, 8, 63, 0, 12, 26, 
376, 24, 37, 4, 27, 8, 59, 0, 56, 9, 
376, 25, 37, 5, 11, 8, 27, 0, 50, 25, 
376, 24, 37, 5, 27, 8, 58, 0, 61, 1, 
376, 25, 37, 5, 27, 8, 51, 0, 57, 17, 
376, 24, 37, 5, 26, 8, 63, 0, 29, 26, 
376, 25, 37, 4, 27, 8, 59, 0, 57, 29, 
376, 24, 37, 5, 15, 8, 27, 0, 61, 9, 
376, 27, 37, 5, 27, 8, 51, 0, 59, 17, 
376, 25, 37, 4, 27, 8, 19, 0, 59, 17, 
376, 25, 37, 5, 27, 8, 43, 0, 49, 24, 
376, 24, 37, 5, 27, 8, 58, 0, 61, 17, 
376, 24, 37, 5, 27, 8, 50, 0, 58, 17, 
376, 26, 37, 5, 23, 8, 19, 0, 59, 9, 
376, 26, 37, 4, 31, 8, 59, 0, 59, 16, 
376, 24, 37, 5, 31, 8, 19, 0, 11, 25, 
376, 24, 37, 4, 31, 8, 19, 0, 59, 9, 
376, 26, 37, 5, 27, 8, 50, 0, 58, 9, 
376, 26, 37, 4, 31, 8, 27, 0, 59, 16, 
376, 24, 37, 5, 31, 8, 19, 0, 11, 25, 
376, 24, 37, 5, 27, 8, 19, 0, 59, 9, 
376, 24, 37, 5, 63, 8, 51, 0, 58, 33, 
376, 26, 37, 4, 31, 8, 27, 0, 42, 16, 
376, 26, 37, 4, 31, 8, 27, 0, 59, 16, 
376, 26, 37, 1, 27, 8, 51, 0, 11, 25, 
376, 24, 37, 5, 27, 8, 19, 0, 27, 9, 
376, 24, 37, 5, 27, 8, 16, 0, 59, 8, 
376, 26, 37, 4, 31, 8, 23, 0, 58, 16, 
376, 26, 37, 4, 27, 8, 19, 0, 46, 17, 
376, 26, 37, 5, 18, 8, 59, 0, 11, 24, 
376, 26, 37, 4, 29, 8, 27, 0, 42, 29, 
376, 24, 37, 6, 31, 8, 27, 0, 11, 9, 
376, 26, 39, 0, 31, 8, 23, 0, 62, 49, 
376, 26, 37, 4, 31, 8, 23, 0, 11, 24, 
376, 26, 37, 4, 31, 8, 23, 0, 58, 29, 
376, 26, 37, 4, 31, 8, 19, 0, 58, 25, 
376, 26, 37, 4, 28, 8, 27, 0, 43, 29, 
376, 26, 39, 0, 31, 8, 23, 0, 11, 24, 
376, 26, 39, 0, 31, 8, 23, 0, 11, 26, 
376, 26, 37, 4, 31, 8, 23, 0, 15, 25, 
376, 30, 39, 4, 31, 8, 23, 0, 58, 49, 
376, 26, 37, 4, 31, 8, 19, 0, 58, 25, 
376, 24, 39, 0, 47, 8, 31, 0, 9, 27, 
376, 19, 39, 0, 27, 8, 22, 0, 10, 24, 
376, 26, 37, 0, 7, 8, 23, 0, 12, 25, 
376, 26, 39, 4, 15, 8, 23, 0, 58, 49, 
376, 30, 39, 2, 31, 8, 23, 0, 26, 57, 
376, 24, 37, 0, 7, 8, 23, 0, 12, 25, 
376, 24, 37, 0, 47, 8, 31, 0, 12, 27, 
376, 24, 39, 0, 5, 8, 30, 0, 8, 26, 
376, 26, 39, 0, 47, 8, 23, 0, 43, 17, 
376, 26, 39, 4, 47, 8, 31, 0, 41, 19, 
376, 25, 37, 4, 7, 8, 31, 0, 12, 27, 
376, 26, 39, 0, 5, 8, 23, 0, 12, 24, 
376, 24, 39, 4, 47, 8, 31, 0, 41, 19, 
376, 24, 39, 0, 13, 8, 30, 0, 8, 19, 
376, 24, 37, 0, 47, 8, 30, 0, 12, 19, 
376, 25, 45, 4, 5, 9, 23, 0, 12, 24, 
376, 24, 37, 4, 13, 8, 29, 0, 8, 19, 
376, 25, 37, 4, 7, 8, 30, 0, 14, 23, 
376, 24, 37, 4, 7, 8, 31, 0, 12, 27, 
376, 24, 39, 0, 45, 8, 22, 0, 13, 26, 
376, 17, 45, 6, 21, 9, 23, 0, 40, 19, 
376, 17, 45, 4, 5, 9, 55, 0, 12, 25, 
376, 25, 45, 4, 5, 9, 7, 0, 12, 8, 
376, 25, 37, 6, 45, 8, 22, 0, 13, 59, 
376, 24, 37, 4, 13, 8, 29, 0, 2, 19, 
376, 17, 45, 6, 21, 9, 55, 0, 12, 25, 
376, 17, 45, 6, 29, 9, 53, 0, 8, 27, 
376, 17, 37, 4, 13, 8, 29, 0, 34, 18, 
376, 17, 45, 4, 7, 9, 23, 0, 44, 24, 
376, 17, 45, 4, 5, 9, 54, 0, 13, 59, 
376, 17, 45, 6, 21, 9, 61, 0, 34, 18, 
376, 17, 45, 6, 23, 9, 55, 0, 12, 57, 
376, 17, 45, 4, 5, 9, 53, 0, 41, 24, 
376, 25, 45, 6, 29, 9, 53, 0, 13, 59, 
376, 17, 45, 7, 13, 9, 55, 0, 9, 59, 
376, 17, 45, 6, 21, 9, 51, 0, 44, 57, 
376, 17, 45, 6, 29, 9, 45, 0, 4, 19, 
376, 19, 45, 6, 21, 9, 61, 0, 15, 57, 
376, 25, 45, 7, 13, 9, 55, 0, 9, 59, 
376, 17, 41, 4, 5, 9, 53, 0, 41, 59, 
376, 17, 45, 4, 29, 9, 50, 0, 44, 57, 
376, 17, 45, 7, 12, 9, 55, 0, 9, 59, 
376, 25, 45, 6, 13, 9, 47, 0, 13, 27, 
376, 17, 45, 5, 13, 9, 61, 0, 37, 58, 
376, 17, 45, 6, 1, 9, 45, 0, 21, 27, 
376, 17, 45, 4, 29, 9, 47, 0, 13, 59, 
376, 25, 45, 6, 13, 9, 59, 0, 36, 24, 
376, 19, 41, 4, 29, 9, 57, 0, 44, 59, 
376, 17, 45, 4, 13, 9, 22, 0, 45, 56, 
376, 17, 45, 6, 19, 9, 56, 0, 45, 25, 
376, 17, 45, 4, 29, 9, 57, 0, 44, 59, 
376, 19, 45, 4, 29, 9, 63, 0, 13, 27, 
376, 17, 45, 4, 29, 9, 15, 0, 13, 56, 
376, 17, 45, 4, 27, 9, 56, 0, 61, 25, 
376, 17, 45, 4, 23, 9, 41, 0, 45, 57, 
376, 26, 45, 4, 29, 9, 63, 0, 15, 27, 
376, 17, 45, 0, 29, 9, 15, 0, 13, 56, 
376, 17, 45, 4, 27, 9, 57, 0, 44, 59, 
376, 19, 45, 5, 61, 9, 63, 0, 9, 25, 
376, 17, 45, 4, 31, 9, 60, 0, 5, 25, 
376, 26, 45, 4, 29, 9, 45, 0, 45, 56, 
376, 27, 45, 1, 29, 9, 47, 0, 5, 27, 
376, 26, 45, 4, 15, 9, 57, 0, 44, 59, 
376, 27, 45, 4, 31, 9, 57, 0, 46, 59, 
376, 26, 45, 4, 21, 9, 63, 0, 15, 25, 
376, 10, 45, 0, 31, 9, 61, 0, 13, 27, 
376, 27, 45, 0, 29, 9, 29, 0, 37, 26, 
376, 26, 45, 4, 15, 9, 61, 0, 45, 59, 
376, 26, 45, 4, 15, 9, 53, 0, 44, 25, 
376, 27, 45, 4, 31, 9, 57, 0, 38, 59, 
376, 10, 45, 0, 25, 9, 25, 0, 37, 26, 
376, 34, 45, 0, 31, 9, 60, 0, 1, 26, 
376, 10, 45, 0, 31, 9, 61, 0, 45, 57, 
376, 26, 45, 0, 31, 9, 61, 0, 45, 27, 
376, 10, 45, 0, 15, 9, 61, 0, 12, 59, 
376, 10, 45, 0, 27, 9, 57, 0, 41, 18, 
376, 10, 45, 0, 25, 9, 27, 0, 36, 29, 
376, 10, 45, 0, 25, 9, 25, 0, 45, 27, 
376, 10, 45, 0, 31, 9, 61, 0, 45, 27, 
376, 27, 45, 0, 13, 11, 53, 0, 28, 59, 
376, 14, 45, 2, 27, 9, 57, 0, 41, 19, 
376, 10, 45, 0, 29, 9, 61, 0, 47, 27, 
376, 10, 45, 1, 27, 9, 61, 0, 45, 18, 
376, 10, 45, 0, 25, 9, 19, 0, 45, 19, 
376, 10, 45, 0, 25, 9, 25, 0, 47, 27, 
376, 44, 45, 2, 26, 9, 19, 0, 45, 19, 
376, 14, 45, 2, 27, 9, 59, 0, 41, 27, 
376, 14, 45, 2, 27, 9, 19, 0, 33, 51, 
376, 14, 45, 4, 29, 9, 25, 0, 46, 25, 
376, 10, 45, 0, 25, 9, 17, 0, 47, 27, 
376, 14, 45, 2, 27, 9, 19, 0, 45, 27, 
376, 44, 45, 2, 18, 11, 25, 0, 46, 25, 
376, 14, 45, 4, 27, 9, 9, 0, 47, 1, 
376, 14, 45, 2, 27, 9, 49, 0, 33, 51, 
376, 14, 45, 2, 19, 9, 59, 0, 46, 25, 
376, 30, 45, 2, 26, 9, 49, 0, 33, 51, 
376, 14, 45, 6, 27, 9, 49, 0, 33, 51, 
376, 14, 45, 2, 11, 9, 23, 0, 40, 19, 
376, 14, 45, 2, 19, 9, 59, 0, 46, 25, 
376, 44, 45, 10, 18, 11, 25, 0, 46, 25, 
376, 30, 45, 6, 25, 9, 49, 0, 33, 51, 
376, 14, 45, 2, 26, 9, 49, 0, 33, 50, 
376, 30, 45, 6, 27, 9, 49, 0, 33, 51, 
376, 30, 45, 2, 26, 9, 49, 0, 33, 51, 
376, 14, 45, 2, 19, 9, 59, 0, 47, 25, 
376, 30, 45, 6, 25, 9, 49, 0, 33, 51, 
376, 30, 45, 6, 25, 9, 59, 0, 39, 25, 
376, 14, 45, 3, 27, 9, 49, 0, 57, 51, 
376, 14, 45, 2, 27, 9, 59, 0, 47, 25, 
376, 30, 45, 2, 27, 9, 49, 0, 37, 51, 
376, 30, 45, 6, 25, 9, 27, 0, 39, 24, 
376, 30, 45, 6, 25, 9, 59, 0, 39, 3, 
376, 14, 41, 2, 10, 9, 49, 0, 11, 48, 
376, 30, 45, 14, 27, 9, 53, 0, 37, 51, 
376, 30, 45, 2, 25, 9, 33, 0, 32, 51, 
376, 30, 45, 6, 25, 9, 27, 0, 39, 10, 
376, 30, 45, 6, 29, 9, 27, 0, 39, 24, 
376, 14, 45, 6, 25, 9, 27, 0, 35, 3, 
376, 30, 45, 6, 25, 9, 27, 0, 39, 56, 
376, 30, 45, 6, 25, 9, 27, 0, 43, 48, 
376, 30, 45, 6, 29, 9, 27, 0, 39, 56, 
376, 30, 45, 6, 29, 9, 31, 0, 39, 24, 
376, 30, 45, 6, 25, 9, 27, 0, 43, 32, 
376, 30, 45, 6, 27, 9, 27, 0, 39, 40, 
376, 14, 45, 4, 13, 9, 27, 0, 35, 0, 
376, 30, 45, 6, 29, 9, 31, 0, 63, 32, 
376, 30, 45, 6, 29, 9, 31, 0, 38, 40, 
376, 30, 45, 6, 9, 9, 27, 0, 55, 40, 
376, 14, 45, 6, 29, 9, 27, 0, 35, 0, 
376, 14, 45, 4, 29, 9, 27, 0, 39, 32, 
376, 30, 45, 2, 29, 9, 31, 0, 46, 40, 
376, 30, 45, 6, 29, 9, 31, 0, 63, 40, 
376, 30, 45, 6, 29, 9, 31, 0, 63, 32, 
376, 14, 45, 6, 29, 9, 11, 0, 39, 48, 
376, 30, 45, 6, 9, 9, 23, 0, 55, 40, 
376, 26, 45, 6, 29, 9, 31, 0, 63, 32, 
376, 30, 45, 6, 29, 9, 15, 0, 63, 32, 
376, 30, 45, 2, 29, 9, 31, 0, 55, 10, 
376, 30, 45, 6, 29, 9, 31, 0, 63, 36, 
376, 14, 45, 6, 29, 9, 31, 0, 63, 40, 
376, 30, 41, 2, 29, 9, 31, 0, 63, 10, 
376, 26, 45, 6, 61, 9, 31, 0, 63, 36, 
376, 14, 45, 6, 29, 9, 30, 0, 63, 44, 
376, 30, 45, 2, 29, 9, 29, 0, 54, 10, 
376, 30, 45, 6, 29, 9, 15, 0, 63, 10, 
376, 30, 41, 2, 29, 9, 31, 0, 63, 32, 
376, 30, 45, 6, 29, 9, 31, 0, 63, 42, 
376, 26, 45, 2, 25, 9, 29, 0, 54, 26, 
376, 30, 45, 6, 29, 9, 29, 0, 54, 34, 
376, 14, 45, 2, 29, 9, 29, 0, 54, 10, 
376, 30, 45, 6, 29, 9, 15, 0, 63, 42, 
376, 14, 45, 2, 25, 9, 29, 0, 62, 2, 
376, 14, 45, 2, 25, 9, 31, 0, 31, 42, 
376, 30, 45, 6, 13, 9, 31, 0, 62, 34, 
376, 30, 45, 2, 29, 9, 29, 0, 54, 10, 
376, 30, 45, 2, 25, 9, 29, 0, 62, 18, 
376, 30, 45, 6, 29, 9, 15, 0, 31, 42, 
376, 30, 45, 2, 25, 9, 15, 0, 63, 42, 
376, 14, 45, 6, 29, 9, 15, 0, 31, 42, 
376, 30, 45, 6, 61, 9, 31, 0, 62, 34, 
376, 30, 45, 2, 25, 9, 29, 0, 62, 42, 
376, 30, 41, 2, 25, 9, 12, 0, 46, 42, 
376, 30, 41, 6, 29, 9, 29, 0, 62, 34, 
376, 30, 45, 6, 13, 9, 15, 0, 31, 42, 
376, 30, 45, 6, 25, 9, 31, 0, 31, 42, 
376, 30, 45, 2, 25, 9, 13, 0, 62, 34, 
376, 30, 41, 2, 25, 9, 12, 0, 44, 42, 
376, 26, 41, 6, 29, 9, 29, 0, 62, 34, 
376, 30, 45, 2, 25, 9, 29, 0, 62, 34, 
376, 30, 41, 2, 29, 9, 29, 0, 63, 42, 
376, 30, 45, 3, 25, 9, 12, 0, 44, 42, 
376, 30, 45, 10, 25, 9, 12, 0, 44, 42, 
376, 30, 41, 10, 24, 9, 12, 0, 62, 0, 
376, 30, 45, 2, 25, 9, 44, 0, 63, 34, 
376, 30, 41, 6, 9, 9, 29, 0, 63, 42, 
376, 26, 45, 11, 25, 9, 12, 0, 44, 42, 
376, 30, 45, 3, 25, 9, 36, 0, 47, 34, 
376, 30, 45, 2, 25, 9, 12, 0, 59, 34, 
376, 30, 45, 10, 25, 9, 12, 0, 46, 40, 
376, 30, 45, 10, 25, 9, 12, 0, 63, 34, 
376, 24, 45, 11, 25, 9, 12, 0, 45, 42, 
376, 26, 45, 11, 25, 9, 12, 0, 46, 40, 
376, 30, 41, 11, 17, 9, 12, 0, 44, 34, 
376, 30, 45, 3, 25, 9, 61, 0, 11, 50, 
376, 30, 45, 3, 25, 9, 36, 0, 43, 34, 
376, 24, 45, 3, 25, 9, 12, 0, 13, 50, 
376, 26, 45, 11, 9, 9, 12, 0, 46, 42, 
376, 26, 45, 11, 57, 9, 44, 0, 58, 10, 
376, 30, 41, 11, 17, 9, 45, 0, 10, 34, 
376, 30, 45, 3, 25, 9, 44, 0, 35, 34, 
376, 24, 45, 3, 25, 9, 13, 0, 10, 37, 
376, 30, 41, 11, 57, 9, 41, 0, 10, 34, 
376, 26, 45, 11, 9, 9, 28, 0, 44, 43, 
376, 26, 45, 11, 9, 9, 12, 0, 46, 42, 
376, 26, 45, 10, 17, 9, 45, 0, 42, 34, 
376, 24, 45, 3, 25, 9, 41, 0, 10, 35, 
376, 24, 45, 11, 25, 9, 28, 0, 46, 35, 
376, 24, 45, 3, 9, 9, 12, 0, 46, 42, 
376, 25, 45, 3, 25, 9, 13, 0, 10, 42, 
376, 25, 45, 3, 25, 9, 13, 0, 10, 34, 
376, 24, 45, 3, 25, 9, 42, 0, 14, 35, 
376, 24, 45, 3, 24, 9, 9, 0, 10, 40, 
376, 24, 45, 3, 24, 9, 57, 0, 10, 38, 
376, 25, 45, 3, 9, 9, 13, 0, 10, 34, 
376, 24, 45, 7, 9, 9, 8, 0, 46, 42, 
376, 24, 45, 3, 9, 9, 42, 0, 42, 40, 
376, 24, 45, 3, 9, 9, 13, 0, 10, 34, 
376, 24, 45, 3, 25, 9, 15, 0, 10, 34, 
376, 24, 45, 7, 27, 9, 40, 0, 42, 42, 
376, 24, 45, 2, 9, 9, 43, 0, 14, 34, 
376, 24, 45, 3, 9, 9, 15, 0, 10, 32, 
376, 24, 45, 7, 9, 9, 42, 0, 11, 34, 
376, 24, 45, 7, 29, 9, 40, 0, 42, 42, 
376, 26, 45, 3, 8, 9, 59, 0, 10, 32, 
376, 24, 45, 3, 11, 9, 15, 0, 2, 34, 
376, 24, 45, 2, 11, 9, 46, 0, 11, 34, 
376, 24, 45, 4, 9, 9, 42, 0, 11, 34, 
376, 24, 45, 3, 9, 9, 56, 0, 42, 42, 
376, 24, 45, 3, 40, 9, 63, 0, 42, 40, 
376, 24, 45, 3, 8, 9, 63, 0, 10, 32, 
376, 24, 45, 0, 11, 9, 46, 0, 11, 34, 
376, 24, 45, 10, 9, 9, 63, 0, 15, 32, 
376, 24, 45, 0, 11, 9, 42, 0, 10, 32, 
376, 24, 45, 2, 8, 9, 63, 0, 42, 0, 
376, 24, 45, 4, 9, 9, 56, 0, 42, 42, 
376, 24, 45, 10, 11, 9, 45, 0, 11, 34, 
376, 24, 45, 0, 11, 9, 42, 0, 11, 40, 
376, 24, 41, 2, 8, 9, 59, 0, 42, 0, 
376, 16, 45, 0, 11, 9, 46, 0, 34, 0, 
376, 24, 45, 10, 9, 9, 47, 0, 42, 32, 
376, 24, 45, 10, 11, 9, 43, 0, 11, 40, 
376, 24, 45, 0, 43, 9, 56, 0, 11, 32, 
376, 24, 45, 10, 43, 9, 59, 0, 42, 4, 
376, 24, 45, 10, 11, 9, 45, 0, 9, 49, 
376, 24, 45, 2, 27, 9, 45, 0, 34, 0, 
376, 24, 45, 8, 11, 9, 41, 0, 11, 40, 
376, 24, 45, 10, 11, 9, 43, 0, 10, 4, 
376, 24, 45, 10, 11, 9, 42, 0, 10, 16, 
376, 24, 45, 10, 10, 9, 45, 0, 9, 1, 
376, 24, 45, 0, 43, 9, 58, 0, 11, 0, 
376, 24, 45, 10, 9, 9, 41, 0, 2, 4, 
376, 24, 45, 10, 11, 9, 43, 0, 10, 36, 
376, 24, 45, 10, 43, 9, 40, 0, 19, 4, 
376, 24, 45, 10, 10, 9, 41, 0, 8, 41, 
376, 24, 45, 10, 26, 9, 42, 0, 10, 16, 
