368, 57, 9, 6, 33, 12, 34, 4, 1, 50, 
368, 51, 21, 12, 13, 49, 20, 18, 2, 20, 
364, 49, 8, 6, 16, 12, 34, 8, 2, 48, 
356, 27, 53, 29, 48, 56, 27, 26, 38, 43, 
355, 51, 54, 12, 4, 55, 5, 49, 1, 35, 
364, 57, 8, 6, 16, 12, 34, 8, 2, 48, 
361, 63, 55, 29, 52, 45, 7, 16, 37, 35, 
359, 57, 13, 6, 16, 12, 34, 9, 2, 48, 
359, 57, 9, 6, 0, 12, 38, 8, 3, 18, 
357, 59, 40, 6, 33, 12, 34, 0, 1, 16, 
359, 57, 9, 6, 32, 12, 32, 8, 3, 18, 
357, 57, 40, 6, 17, 12, 34, 0, 2, 48, 
354, 63, 55, 13, 53, 45, 2, 9, 38, 52, 
352, 49, 8, 6, 33, 4, 34, 0, 1, 16, 
352, 59, 9, 6, 16, 12, 34, 9, 7, 50, 
369, 63, 49, 6, 48, 5, 8, 8, 39, 20, 
359, 57, 9, 6, 32, 12, 32, 8, 1, 24, 
353, 57, 40, 6, 24, 12, 40, 20, 3, 16, 
352, 41, 8, 6, 33, 4, 34, 0, 33, 4, 
352, 59, 9, 6, 48, 13, 34, 9, 23, 50, 
359, 61, 5, 6, 32, 12, 8, 8, 33, 24, 
357, 57, 40, 2, 16, 12, 1, 0, 35, 48, 
353, 57, 9, 38, 32, 8, 32, 20, 3, 20, 
352, 53, 8, 6, 33, 4, 50, 0, 33, 4, 
352, 59, 9, 6, 32, 12, 36, 9, 5, 24, 
367, 49, 9, 6, 32, 8, 33, 4, 33, 4, 
364, 61, 7, 6, 40, 13, 8, 8, 5, 24, 
359, 61, 5, 6, 48, 12, 8, 8, 3, 20, 
357, 59, 40, 2, 49, 12, 36, 0, 45, 56, 
352, 59, 9, 6, 32, 12, 36, 9, 4, 24, 
367, 49, 9, 6, 32, 8, 33, 4, 35, 20, 
366, 49, 9, 6, 32, 8, 1, 4, 36, 24, 
364, 61, 7, 6, 40, 13, 8, 8, 5, 24, 
359, 49, 9, 6, 32, 12, 44, 9, 4, 24, 
359, 61, 5, 6, 48, 12, 9, 8, 13, 56, 
385, 51, 9, 6, 32, 8, 1, 4, 36, 24, 
367, 49, 9, 6, 36, 8, 33, 4, 37, 8, 
360, 49, 41, 6, 33, 40, 33, 4, 32, 24, 
359, 49, 9, 6, 32, 12, 46, 9, 5, 24, 
337, 49, 9, 22, 34, 8, 33, 8, 5, 8, 
389, 35, 9, 6, 32, 8, 1, 4, 36, 24, 
368, 51, 9, 6, 16, 8, 33, 4, 33, 8, 
360, 49, 41, 6, 33, 56, 49, 4, 33, 8, 
360, 49, 41, 6, 33, 40, 37, 4, 32, 28, 
359, 51, 9, 6, 32, 14, 42, 9, 5, 18, 
397, 35, 9, 6, 0, 8, 33, 4, 37, 24, 
397, 35, 9, 6, 40, 8, 9, 4, 32, 24, 
389, 35, 9, 6, 32, 8, 1, 4, 32, 20, 
389, 35, 9, 6, 32, 8, 1, 4, 36, 18, 
385, 35, 9, 6, 32, 12, 1, 4, 33, 8, 
397, 35, 9, 6, 0, 8, 33, 4, 32, 8, 
397, 35, 9, 6, 41, 8, 9, 4, 36, 24, 
397, 35, 9, 6, 40, 8, 9, 4, 6, 18, 
389, 35, 9, 6, 40, 8, 1, 4, 32, 40, 
389, 35, 9, 6, 32, 8, 1, 4, 36, 26, 
397, 35, 9, 6, 0, 8, 33, 4, 36, 8, 
397, 35, 9, 6, 41, 8, 9, 4, 4, 24, 
395, 35, 9, 6, 0, 8, 1, 4, 32, 40, 
389, 35, 9, 6, 40, 8, 1, 4, 37, 24, 
389, 35, 9, 6, 40, 8, 1, 4, 34, 2, 
397, 35, 9, 6, 33, 8, 9, 4, 12, 24, 
397, 35, 9, 6, 40, 8, 17, 4, 37, 28, 
397, 35, 9, 6, 4, 8, 9, 4, 37, 56, 
395, 35, 9, 6, 3, 8, 1, 4, 45, 40, 
395, 35, 9, 6, 0, 8, 1, 4, 36, 8, 
397, 35, 9, 6, 33, 8, 25, 4, 37, 56, 
397, 35, 9, 6, 37, 8, 9, 4, 36, 48, 
397, 35, 9, 6, 40, 8, 17, 4, 37, 16, 
397, 35, 9, 6, 1, 8, 17, 4, 37, 14, 
397, 35, 9, 6, 8, 8, 49, 4, 36, 29, 
397, 35, 9, 6, 37, 8, 9, 4, 36, 48, 
397, 35, 9, 6, 40, 8, 25, 4, 39, 16, 
397, 35, 9, 6, 33, 8, 25, 4, 37, 40, 
397, 35, 9, 6, 8, 8, 48, 4, 36, 29, 
397, 35, 9, 6, 33, 8, 29, 4, 36, 29, 
397, 35, 9, 6, 40, 8, 48, 4, 36, 29, 
397, 35, 9, 6, 40, 8, 16, 4, 36, 53, 
397, 35, 9, 6, 40, 8, 27, 4, 37, 40, 
397, 33, 9, 7, 33, 8, 25, 4, 1, 40, 
397, 35, 9, 6, 33, 8, 25, 4, 37, 16, 
397, 35, 9, 6, 40, 8, 16, 4, 36, 29, 
397, 35, 9, 6, 42, 8, 49, 4, 37, 29, 
397, 35, 9, 6, 41, 8, 56, 4, 1, 29, 
397, 35, 9, 6, 44, 8, 48, 4, 37, 16, 
397, 35, 9, 6, 40, 8, 25, 4, 1, 40, 
397, 35, 9, 6, 44, 8, 17, 4, 45, 28, 
397, 35, 9, 6, 40, 8, 16, 4, 1, 31, 
397, 35, 9, 6, 41, 8, 24, 4, 44, 29, 
397, 35, 9, 6, 40, 8, 17, 4, 37, 9, 
397, 35, 9, 6, 44, 8, 48, 4, 5, 25, 
397, 35, 9, 6, 45, 8, 16, 4, 44, 29, 
397, 35, 9, 6, 8, 8, 16, 4, 1, 29, 
397, 35, 9, 6, 40, 8, 17, 4, 1, 28, 
397, 35, 9, 6, 40, 8, 40, 4, 5, 25, 
397, 35, 9, 6, 41, 8, 16, 4, 37, 13, 
397, 35, 9, 6, 41, 8, 16, 4, 12, 29, 
397, 35, 9, 6, 45, 8, 16, 4, 37, 13, 
397, 35, 9, 6, 47, 8, 16, 4, 45, 61, 
397, 35, 9, 6, 8, 8, 16, 4, 37, 29, 
397, 35, 9, 6, 8, 8, 40, 4, 5, 29, 
397, 35, 9, 6, 41, 8, 17, 4, 37, 13, 
397, 35, 9, 6, 45, 8, 16, 4, 12, 61, 
397, 35, 9, 6, 43, 8, 16, 4, 45, 29, 
397, 35, 9, 6, 41, 8, 18, 4, 45, 47, 
397, 35, 9, 6, 40, 8, 16, 4, 36, 29, 
397, 35, 9, 6, 43, 8, 17, 4, 4, 29, 
397, 35, 9, 6, 40, 8, 16, 4, 44, 25, 
397, 35, 9, 6, 11, 8, 16, 4, 41, 61, 
397, 35, 9, 6, 45, 8, 16, 4, 12, 29, 
397, 35, 9, 6, 45, 8, 22, 4, 45, 46, 
397, 35, 9, 6, 40, 8, 16, 4, 44, 25, 
397, 35, 9, 6, 47, 8, 16, 4, 4, 29, 
397, 35, 9, 6, 40, 8, 16, 4, 40, 29, 
397, 35, 9, 6, 10, 8, 18, 4, 44, 29, 
397, 35, 9, 6, 45, 8, 8, 4, 12, 29, 
397, 35, 9, 6, 47, 8, 48, 4, 6, 15, 
397, 35, 9, 6, 43, 8, 16, 4, 4, 25, 
397, 35, 9, 6, 61, 8, 16, 4, 4, 25, 
397, 35, 9, 6, 40, 8, 18, 4, 46, 29, 
397, 35, 9, 6, 40, 8, 16, 4, 0, 29, 
397, 35, 9, 6, 47, 8, 18, 4, 4, 25, 
397, 35, 9, 6, 61, 8, 16, 4, 4, 25, 
397, 35, 9, 6, 47, 8, 48, 4, 47, 29, 
397, 35, 9, 6, 40, 8, 18, 4, 38, 29, 
397, 35, 9, 6, 45, 8, 48, 4, 7, 45, 
397, 35, 9, 6, 47, 8, 48, 4, 47, 28, 
397, 35, 9, 6, 47, 8, 48, 4, 63, 29, 
397, 35, 9, 6, 61, 8, 16, 4, 5, 45, 
397, 35, 9, 6, 47, 8, 18, 4, 36, 29, 
397, 35, 9, 6, 44, 8, 48, 4, 7, 41, 
397, 35, 9, 6, 39, 8, 26, 4, 36, 29, 
397, 35, 9, 6, 47, 8, 48, 4, 39, 9, 
397, 35, 9, 6, 47, 8, 18, 4, 36, 29, 
397, 35, 9, 6, 47, 8, 24, 4, 54, 29, 
397, 35, 9, 6, 63, 8, 16, 4, 1, 45, 
397, 35, 9, 6, 63, 8, 49, 4, 39, 13, 
397, 35, 9, 6, 63, 8, 16, 4, 1, 41, 
397, 35, 9, 6, 42, 8, 17, 4, 20, 12, 
397, 35, 9, 6, 47, 8, 17, 4, 39, 29, 
393, 33, 9, 6, 47, 10, 18, 4, 36, 28, 
397, 35, 9, 6, 59, 8, 48, 4, 1, 45, 
397, 35, 9, 6, 7, 8, 16, 4, 43, 9, 
397, 35, 9, 6, 55, 8, 17, 4, 20, 12, 
397, 35, 9, 6, 63, 8, 49, 4, 20, 12, 
397, 35, 9, 6, 29, 8, 49, 4, 38, 29, 
397, 35, 9, 6, 59, 8, 48, 4, 11, 9, 
397, 35, 9, 6, 59, 8, 49, 4, 12, 12, 
397, 35, 9, 6, 59, 8, 57, 4, 20, 12, 
397, 35, 9, 6, 63, 8, 49, 4, 20, 12, 
397, 35, 9, 6, 31, 8, 49, 4, 6, 45, 
397, 35, 9, 6, 59, 8, 48, 4, 8, 13, 
397, 35, 9, 6, 59, 8, 49, 4, 13, 8, 
397, 35, 9, 6, 59, 8, 48, 4, 6, 15, 
397, 35, 9, 6, 59, 8, 49, 4, 12, 44, 
397, 35, 9, 6, 62, 8, 49, 4, 20, 12, 
397, 35, 9, 6, 59, 8, 50, 4, 10, 13, 
397, 35, 9, 6, 27, 8, 49, 4, 8, 12, 
397, 35, 9, 6, 58, 8, 49, 4, 28, 12, 
397, 35, 9, 6, 59, 8, 49, 4, 6, 15, 
397, 35, 9, 6, 59, 8, 48, 4, 6, 15, 
397, 35, 9, 6, 42, 8, 50, 4, 11, 13, 
397, 35, 9, 6, 59, 8, 49, 4, 6, 15, 
397, 35, 9, 6, 59, 8, 49, 4, 38, 15, 
397, 35, 9, 6, 41, 8, 32, 4, 6, 15, 
397, 35, 9, 6, 58, 8, 49, 4, 6, 15, 
397, 35, 9, 6, 35, 8, 49, 4, 6, 15, 
397, 35, 9, 6, 42, 8, 49, 4, 38, 15, 
397, 35, 9, 6, 42, 8, 32, 4, 6, 47, 
397, 35, 9, 6, 42, 8, 34, 4, 2, 15, 
397, 35, 9, 6, 42, 8, 48, 4, 2, 29, 
397, 35, 9, 6, 43, 8, 56, 4, 6, 15, 
397, 35, 9, 6, 34, 8, 32, 4, 2, 15, 
397, 35, 9, 6, 46, 8, 49, 4, 7, 13, 
397, 35, 9, 6, 42, 8, 40, 4, 6, 47, 
397, 35, 9, 6, 42, 8, 49, 4, 6, 47, 
397, 35, 9, 6, 42, 8, 49, 4, 6, 13, 
397, 35, 9, 6, 42, 8, 40, 4, 6, 47, 
397, 35, 9, 6, 42, 8, 40, 4, 6, 47, 
397, 35, 9, 6, 42, 8, 49, 4, 6, 47, 
397, 35, 9, 6, 42, 8, 56, 4, 44, 15, 
397, 35, 9, 6, 42, 8, 49, 4, 6, 15, 
397, 35, 9, 6, 42, 8, 49, 4, 46, 13, 
397, 35, 9, 6, 42, 8, 57, 4, 36, 13, 
397, 35, 9, 6, 40, 8, 32, 4, 6, 46, 
397, 35, 9, 6, 10, 8, 40, 4, 6, 47, 
397, 35, 9, 6, 40, 8, 49, 4, 14, 13, 
397, 35, 9, 6, 42, 8, 57, 4, 36, 13, 
397, 35, 9, 6, 46, 8, 32, 4, 6, 46, 
397, 35, 9, 6, 58, 8, 49, 4, 6, 47, 
397, 35, 9, 6, 34, 8, 40, 4, 6, 31, 
397, 35, 9, 6, 40, 8, 49, 4, 6, 47, 
397, 35, 9, 6, 42, 8, 40, 4, 2, 31, 
397, 35, 9, 6, 30, 8, 32, 4, 14, 47, 
397, 35, 9, 6, 42, 8, 57, 4, 6, 31, 
397, 35, 9, 6, 34, 8, 40, 4, 6, 31, 
397, 35, 9, 6, 8, 8, 8, 4, 2, 26, 
397, 35, 9, 6, 42, 8, 41, 4, 18, 15, 
397, 35, 9, 6, 46, 8, 33, 4, 30, 47, 
397, 35, 9, 6, 38, 8, 40, 4, 6, 46, 
397, 35, 9, 6, 30, 8, 34, 4, 14, 43, 
397, 35, 9, 6, 8, 8, 9, 4, 2, 31, 
397, 35, 9, 6, 44, 8, 40, 4, 2, 11, 
397, 35, 9, 6, 10, 8, 8, 4, 2, 14, 
397, 35, 9, 6, 8, 8, 8, 4, 2, 30, 
397, 35, 9, 6, 10, 8, 34, 4, 13, 42, 
397, 35, 9, 6, 8, 8, 9, 4, 3, 27, 
397, 35, 9, 6, 8, 8, 8, 4, 34, 30, 
397, 35, 9, 6, 8, 8, 35, 4, 1, 59, 
397, 35, 9, 6, 11, 8, 8, 4, 2, 14, 
397, 35, 9, 6, 8, 8, 8, 4, 2, 30, 
397, 35, 9, 6, 10, 8, 8, 4, 2, 31, 
397, 35, 9, 6, 8, 8, 8, 4, 3, 27, 
397, 35, 9, 6, 8, 8, 9, 4, 1, 59, 
397, 35, 9, 6, 8, 8, 8, 4, 34, 22, 
397, 35, 9, 6, 8, 8, 44, 4, 2, 26, 
397, 35, 9, 6, 10, 8, 8, 4, 3, 31, 
397, 35, 9, 6, 10, 8, 33, 4, 0, 63, 
397, 35, 9, 6, 8, 8, 8, 4, 1, 31, 
397, 35, 9, 6, 42, 8, 8, 4, 2, 22, 
397, 35, 9, 6, 10, 8, 40, 4, 2, 26, 
397, 35, 9, 6, 8, 8, 40, 4, 2, 22, 
397, 35, 9, 6, 42, 8, 8, 4, 2, 22, 
397, 35, 9, 6, 26, 8, 11, 4, 2, 30, 
397, 35, 9, 6, 10, 8, 40, 4, 2, 26, 
397, 35, 9, 6, 42, 8, 10, 4, 2, 22, 
397, 35, 9, 6, 8, 8, 32, 4, 2, 22, 
397, 35, 9, 6, 8, 8, 43, 4, 2, 30, 
397, 35, 9, 6, 24, 8, 11, 4, 2, 30, 
397, 35, 9, 6, 8, 8, 40, 4, 2, 26, 
397, 35, 9, 6, 24, 8, 40, 4, 2, 26, 
397, 35, 9, 6, 0, 8, 43, 4, 18, 30, 
397, 35, 9, 6, 24, 8, 11, 4, 2, 30, 
397, 35, 9, 6, 8, 8, 41, 4, 10, 30, 
397, 35, 9, 6, 8, 8, 40, 4, 2, 26, 
397, 35, 9, 6, 24, 8, 40, 4, 22, 26, 
397, 35, 9, 6, 0, 8, 41, 4, 2, 30, 
397, 35, 9, 6, 24, 8, 11, 4, 54, 30, 
397, 35, 9, 6, 8, 8, 43, 4, 18, 26, 
397, 35, 9, 6, 24, 8, 41, 4, 10, 30, 
397, 35, 9, 6, 24, 8, 43, 4, 10, 30, 
397, 35, 9, 6, 24, 8, 41, 4, 14, 62, 
397, 35, 9, 6, 24, 8, 11, 4, 10, 30, 
397, 35, 9, 6, 9, 8, 43, 4, 10, 10, 
397, 35, 9, 6, 26, 8, 41, 4, 10, 30, 
397, 35, 9, 6, 24, 8, 43, 4, 10, 30, 
397, 35, 9, 6, 24, 8, 9, 4, 10, 30, 
397, 35, 9, 6, 9, 8, 59, 4, 10, 42, 
397, 35, 9, 6, 1, 8, 41, 4, 10, 30, 
397, 35, 9, 6, 2, 8, 41, 4, 10, 31, 
397, 35, 9, 6, 28, 8, 43, 4, 26, 30, 
397, 35, 9, 6, 25, 8, 40, 4, 10, 30, 
397, 35, 9, 6, 16, 8, 9, 4, 10, 31, 
397, 35, 9, 6, 28, 8, 9, 4, 26, 31, 
397, 35, 9, 6, 1, 8, 40, 4, 10, 46, 
397, 35, 9, 6, 9, 8, 59, 4, 10, 31, 
397, 35, 9, 6, 17, 8, 9, 4, 10, 31, 
397, 35, 9, 6, 29, 8, 40, 4, 8, 15, 
397, 35, 9, 6, 24, 8, 32, 4, 42, 46, 
397, 35, 9, 6, 9, 8, 59, 4, 10, 31, 
397, 35, 9, 6, 9, 8, 56, 4, 8, 31, 
397, 35, 9, 6, 24, 8, 33, 4, 46, 46, 
397, 35, 9, 6, 17, 8, 9, 4, 42, 31, 
397, 35, 9, 6, 25, 8, 56, 4, 10, 31, 
397, 35, 9, 6, 25, 8, 8, 4, 8, 31, 
397, 35, 9, 6, 41, 8, 56, 4, 8, 31, 
397, 35, 9, 6, 24, 8, 33, 4, 10, 30, 
397, 35, 9, 6, 41, 8, 33, 4, 10, 31, 
397, 35, 9, 6, 25, 8, 25, 4, 42, 23, 
397, 35, 9, 6, 43, 8, 56, 4, 8, 31, 
395, 35, 9, 6, 9, 8, 2, 4, 8, 31, 
397, 35, 9, 6, 24, 8, 57, 4, 8, 31, 
397, 35, 9, 6, 10, 8, 41, 4, 2, 31, 
397, 35, 9, 6, 41, 8, 41, 4, 43, 21, 
397, 35, 9, 6, 9, 8, 49, 4, 10, 31, 
397, 35, 9, 6, 9, 8, 57, 4, 18, 31, 
397, 35, 9, 6, 9, 8, 59, 4, 2, 63, 
397, 35, 9, 6, 8, 8, 57, 4, 10, 31, 
397, 35, 9, 6, 10, 8, 41, 4, 47, 21, 
397, 35, 9, 6, 10, 8, 41, 4, 2, 23, 
397, 35, 9, 6, 9, 8, 49, 4, 10, 30, 
397, 35, 9, 6, 9, 8, 59, 4, 2, 30, 
397, 35, 9, 6, 13, 8, 59, 4, 3, 29, 
397, 35, 9, 6, 25, 8, 49, 4, 2, 60, 
397, 35, 9, 6, 8, 8, 41, 4, 47, 25, 
397, 35, 9, 6, 9, 8, 57, 4, 10, 55, 
397, 35, 9, 6, 15, 8, 59, 4, 3, 29, 
397, 35, 9, 6, 9, 8, 59, 4, 34, 63, 
397, 35, 9, 6, 41, 8, 49, 4, 2, 60, 
397, 35, 9, 6, 9, 8, 59, 4, 2, 60, 
397, 35, 9, 6, 9, 8, 59, 4, 10, 30, 
397, 35, 9, 6, 15, 8, 58, 4, 34, 63, 
397, 35, 9, 6, 14, 8, 63, 4, 2, 61, 
397, 35, 9, 6, 13, 8, 59, 4, 42, 63, 
397, 35, 9, 6, 9, 8, 59, 4, 2, 63, 
397, 35, 9, 6, 9, 8, 59, 4, 42, 30, 
397, 35, 9, 6, 15, 8, 58, 4, 2, 61, 
397, 35, 9, 6, 15, 8, 55, 4, 34, 61, 
397, 35, 9, 6, 13, 8, 59, 4, 42, 63, 
397, 35, 9, 6, 9, 8, 59, 4, 34, 47, 
397, 35, 9, 6, 15, 8, 58, 4, 42, 30, 
397, 35, 9, 6, 15, 8, 50, 4, 2, 61, 
397, 35, 9, 6, 15, 8, 50, 4, 0, 63, 
397, 35, 9, 6, 7, 8, 58, 4, 10, 30, 
397, 35, 9, 6, 9, 8, 55, 4, 35, 61, 
397, 35, 9, 6, 31, 8, 55, 4, 34, 62, 
397, 35, 9, 6, 15, 8, 58, 4, 10, 30, 
397, 35, 9, 6, 7, 8, 58, 4, 2, 29, 
397, 35, 9, 6, 13, 8, 54, 4, 3, 29, 
397, 35, 9, 6, 7, 8, 58, 4, 10, 31, 
397, 35, 9, 6, 15, 8, 56, 4, 42, 63, 
397, 35, 9, 6, 13, 8, 63, 4, 2, 30, 
397, 35, 9, 6, 15, 8, 58, 4, 10, 31, 
397, 35, 9, 6, 15, 8, 54, 4, 3, 13, 
397, 35, 9, 6, 6, 8, 58, 4, 10, 27, 
397, 35, 9, 6, 7, 8, 58, 4, 42, 63, 
397, 35, 9, 6, 13, 8, 59, 4, 2, 27, 
397, 35, 9, 6, 15, 8, 63, 4, 34, 29, 
397, 35, 9, 6, 13, 8, 55, 4, 3, 30, 
397, 35, 9, 6, 13, 8, 42, 4, 10, 26, 
397, 35, 9, 6, 15, 8, 26, 4, 3, 13, 
397, 35, 9, 6, 15, 8, 26, 4, 3, 13, 
397, 35, 9, 6, 13, 8, 42, 4, 18, 26, 
397, 35, 9, 6, 9, 8, 46, 4, 2, 31, 
397, 35, 9, 6, 13, 8, 43, 4, 3, 30, 
397, 35, 9, 6, 15, 8, 54, 4, 3, 9, 
397, 35, 9, 6, 13, 8, 42, 4, 19, 25, 
397, 35, 9, 6, 9, 8, 14, 4, 34, 5, 
397, 35, 9, 6, 9, 8, 46, 4, 3, 63, 
397, 35, 9, 6, 13, 8, 43, 4, 3, 30, 
397, 35, 9, 6, 13, 8, 10, 4, 18, 30, 
397, 35, 9, 6, 9, 8, 42, 4, 3, 29, 
397, 35, 9, 6, 13, 8, 58, 4, 0, 27, 
397, 35, 9, 6, 9, 8, 62, 4, 3, 63, 
397, 35, 9, 6, 9, 8, 6, 4, 35, 5, 
397, 35, 9, 6, 13, 8, 43, 4, 1, 30, 
397, 35, 9, 6, 9, 8, 58, 4, 3, 25, 
397, 35, 9, 6, 9, 8, 43, 4, 1, 30, 
397, 35, 9, 6, 29, 8, 6, 4, 35, 5, 
397, 35, 9, 6, 9, 8, 7, 4, 35, 17, 
397, 35, 9, 6, 5, 8, 43, 4, 0, 46, 
397, 35, 9, 6, 25, 8, 30, 4, 3, 13, 
397, 35, 9, 6, 5, 8, 43, 4, 1, 46, 
397, 35, 9, 6, 5, 8, 58, 4, 0, 47, 
397, 35, 9, 6, 13, 8, 42, 4, 19, 28, 
397, 35, 9, 6, 29, 8, 34, 4, 2, 44, 
397, 35, 9, 6, 25, 8, 30, 4, 1, 46, 
397, 35, 9, 6, 4, 8, 43, 4, 1, 44, 
397, 35, 9, 6, 25, 8, 14, 4, 2, 47, 
397, 35, 9, 6, 29, 8, 58, 4, 2, 61, 
397, 35, 9, 6, 13, 8, 34, 4, 19, 30, 
397, 35, 9, 6, 4, 8, 43, 4, 3, 44, 
397, 35, 9, 6, 17, 8, 43, 4, 9, 46, 
397, 35, 9, 6, 25, 8, 14, 4, 11, 46, 
397, 35, 9, 6, 25, 8, 30, 4, 0, 61, 
397, 35, 9, 6, 24, 8, 14, 4, 10, 39, 
397, 35, 9, 6, 25, 8, 43, 4, 1, 46, 
397, 35, 9, 6, 25, 8, 14, 4, 11, 46, 
397, 35, 9, 6, 24, 8, 14, 4, 11, 46, 
397, 35, 9, 6, 4, 8, 43, 4, 3, 45, 
397, 35, 9, 6, 0, 8, 57, 4, 3, 61, 
397, 35, 9, 6, 8, 8, 46, 4, 11, 47, 
397, 35, 9, 6, 9, 8, 43, 4, 5, 46, 
397, 35, 9, 6, 24, 8, 26, 4, 3, 45, 
397, 35, 9, 6, 56, 8, 63, 4, 3, 61, 
397, 35, 9, 6, 4, 8, 57, 4, 3, 60, 
397, 35, 9, 6, 8, 8, 46, 4, 3, 45, 
397, 35, 9, 6, 8, 8, 46, 4, 11, 47, 
397, 35, 9, 6, 24, 8, 46, 4, 11, 63, 
397, 35, 9, 6, 1, 8, 42, 4, 3, 45, 
397, 35, 9, 6, 22, 8, 56, 4, 3, 61, 
397, 35, 9, 6, 8, 8, 46, 4, 11, 61, 
397, 35, 9, 6, 24, 8, 46, 4, 3, 61, 
397, 35, 9, 6, 8, 8, 42, 4, 3, 45, 
397, 35, 9, 6, 16, 8, 44, 4, 35, 45, 
397, 35, 9, 6, 30, 8, 62, 4, 11, 61, 
397, 35, 9, 6, 8, 8, 42, 4, 35, 61, 
397, 35, 9, 6, 12, 8, 46, 4, 11, 45, 
397, 35, 9, 6, 8, 8, 62, 4, 11, 61, 
397, 35, 9, 6, 16, 8, 60, 4, 3, 57, 
397, 35, 9, 6, 10, 8, 42, 4, 3, 45, 
397, 35, 9, 6, 12, 8, 46, 4, 11, 47, 
397, 35, 9, 6, 40, 8, 58, 4, 3, 61, 
397, 35, 9, 6, 8, 8, 42, 4, 3, 57, 
397, 35, 9, 6, 8, 8, 62, 4, 11, 61, 
397, 35, 9, 6, 28, 8, 44, 4, 3, 57, 
397, 35, 9, 6, 40, 8, 58, 4, 3, 61, 
397, 35, 9, 6, 12, 8, 46, 4, 11, 57, 
397, 35, 9, 6, 12, 8, 40, 4, 11, 63, 
397, 35, 9, 6, 12, 8, 45, 4, 11, 43, 
397, 35, 9, 6, 8, 8, 58, 4, 3, 61, 
397, 35, 9, 6, 8, 8, 46, 4, 11, 61, 
397, 35, 9, 6, 12, 8, 58, 4, 15, 25, 
397, 35, 9, 6, 44, 8, 40, 4, 3, 31, 
397, 35, 9, 6, 8, 8, 57, 4, 11, 47, 
397, 35, 9, 6, 12, 8, 46, 4, 11, 47, 
397, 35, 9, 6, 13, 8, 14, 4, 11, 47, 
397, 35, 9, 6, 12, 8, 46, 4, 11, 61, 
397, 35, 9, 6, 60, 8, 56, 4, 3, 31, 
397, 35, 9, 6, 28, 8, 57, 4, 11, 47, 
397, 35, 9, 6, 44, 8, 57, 4, 11, 47, 
397, 35, 9, 6, 29, 8, 56, 4, 3, 31, 
397, 35, 9, 6, 44, 8, 57, 4, 11, 47, 
397, 35, 9, 6, 44, 8, 56, 4, 11, 63, 
397, 35, 9, 6, 28, 8, 57, 4, 11, 47, 
397, 35, 9, 6, 8, 8, 46, 4, 11, 45, 
397, 35, 9, 6, 29, 8, 56, 4, 3, 15, 
397, 35, 9, 6, 44, 8, 41, 4, 27, 45, 
397, 35, 9, 6, 44, 8, 32, 4, 9, 63, 
397, 35, 9, 6, 20, 8, 42, 4, 15, 45, 
397, 35, 9, 6, 28, 8, 46, 4, 27, 45, 
397, 35, 9, 6, 12, 8, 40, 4, 11, 47, 
397, 35, 9, 6, 44, 8, 32, 4, 11, 61, 
397, 35, 9, 6, 44, 8, 41, 4, 11, 61, 
397, 35, 9, 6, 20, 8, 42, 4, 19, 61, 
397, 35, 9, 6, 20, 8, 42, 4, 27, 13, 
397, 35, 9, 6, 12, 8, 40, 4, 11, 61, 
397, 35, 9, 6, 60, 8, 42, 4, 11, 45, 
397, 35, 9, 6, 45, 8, 40, 4, 11, 61, 
397, 35, 9, 6, 20, 8, 42, 4, 27, 13, 
397, 35, 9, 6, 12, 8, 42, 4, 11, 9, 
397, 35, 9, 6, 61, 8, 42, 4, 11, 45, 
397, 35, 9, 6, 28, 8, 40, 4, 15, 61, 
397, 35, 9, 6, 20, 8, 42, 4, 27, 5, 
397, 35, 9, 6, 28, 8, 40, 4, 15, 29, 
397, 35, 9, 6, 20, 8, 34, 4, 27, 13, 
397, 35, 9, 6, 28, 8, 40, 4, 15, 61, 
397, 35, 9, 6, 60, 8, 46, 4, 31, 13, 
397, 35, 9, 6, 28, 8, 40, 4, 15, 61, 
397, 35, 9, 6, 57, 8, 42, 4, 11, 29, 
397, 35, 9, 6, 28, 8, 40, 4, 13, 61, 
397, 35, 9, 6, 28, 8, 40, 4, 31, 13, 
397, 35, 9, 6, 60, 8, 40, 4, 15, 44, 
397, 35, 9, 6, 45, 8, 42, 4, 15, 29, 
397, 35, 9, 6, 12, 8, 40, 4, 14, 57, 
397, 35, 9, 6, 60, 8, 40, 4, 15, 61, 
397, 35, 9, 6, 45, 8, 42, 4, 11, 29, 
397, 35, 9, 6, 28, 8, 42, 4, 14, 41, 
397, 35, 9, 6, 44, 8, 32, 4, 15, 57, 
397, 35, 9, 6, 44, 8, 40, 4, 15, 40, 
397, 35, 9, 6, 45, 8, 42, 4, 14, 57, 
397, 35, 9, 6, 45, 8, 34, 4, 11, 41, 
397, 35, 9, 6, 44, 8, 32, 4, 14, 57, 
397, 35, 9, 6, 45, 8, 58, 4, 15, 8, 
397, 35, 9, 6, 45, 8, 42, 4, 11, 9, 
397, 35, 9, 6, 40, 8, 40, 4, 29, 57, 
397, 35, 9, 6, 44, 8, 32, 4, 14, 41, 
397, 35, 9, 6, 45, 8, 50, 4, 11, 11, 
397, 35, 9, 6, 44, 8, 34, 4, 11, 9, 
397, 35, 9, 6, 45, 8, 40, 4, 29, 57, 
397, 35, 9, 6, 44, 8, 32, 4, 14, 57, 
397, 35, 9, 6, 45, 8, 32, 4, 15, 11, 
397, 35, 9, 6, 44, 8, 34, 4, 14, 41, 
397, 35, 9, 6, 45, 8, 40, 4, 9, 60, 
397, 35, 9, 6, 44, 8, 34, 4, 14, 59, 
397, 35, 9, 6, 44, 8, 34, 4, 11, 9, 
397, 35, 9, 6, 13, 8, 34, 4, 15, 9, 
397, 35, 9, 6, 44, 8, 51, 4, 11, 9, 
397, 35, 9, 6, 44, 8, 34, 4, 11, 9, 
397, 35, 9, 6, 45, 8, 38, 4, 33, 56, 
397, 35, 9, 6, 44, 8, 34, 4, 11, 9, 
397, 35, 9, 6, 44, 8, 19, 4, 1, 9, 
397, 35, 9, 6, 44, 8, 34, 4, 11, 9, 
397, 35, 9, 6, 44, 8, 34, 4, 15, 9, 
397, 35, 9, 6, 40, 8, 34, 4, 9, 9, 
397, 35, 9, 6, 44, 8, 51, 4, 9, 48, 
397, 35, 9, 6, 45, 8, 19, 4, 27, 13, 
397, 35, 9, 6, 44, 8, 50, 4, 11, 1, 
397, 35, 9, 6, 44, 8, 19, 4, 1, 9, 
397, 35, 9, 6, 60, 8, 19, 4, 47, 8, 
397, 35, 9, 6, 44, 8, 51, 4, 9, 9, 
397, 35, 9, 6, 45, 8, 55, 4, 11, 5, 
397, 35, 9, 6, 61, 8, 27, 4, 31, 28, 
397, 35, 9, 6, 44, 8, 19, 4, 11, 13, 
397, 35, 9, 6, 13, 8, 51, 4, 15, 13, 
397, 35, 9, 6, 45, 8, 50, 4, 0, 41, 
397, 35, 9, 6, 61, 8, 53, 4, 15, 28, 
397, 35, 9, 6, 36, 8, 50, 4, 11, 13, 
397, 35, 9, 6, 45, 8, 53, 4, 11, 13, 
397, 35, 9, 6, 57, 8, 23, 4, 11, 1, 
397, 35, 9, 6, 44, 8, 51, 4, 11, 5, 
397, 35, 9, 6, 61, 8, 21, 4, 11, 13, 
397, 35, 9, 6, 61, 8, 21, 4, 47, 28, 
397, 35, 9, 6, 61, 8, 63, 4, 13, 4, 
397, 35, 9, 6, 61, 8, 51, 4, 43, 5, 
397, 35, 9, 6, 45, 8, 17, 4, 11, 20, 
397, 35, 9, 6, 29, 8, 63, 4, 13, 4, 
397, 35, 9, 6, 61, 8, 47, 4, 13, 4, 
397, 35, 9, 6, 61, 8, 23, 4, 45, 20, 
397, 35, 9, 6, 61, 8, 17, 4, 63, 20, 
397, 35, 9, 6, 61, 8, 63, 4, 15, 37, 
397, 35, 9, 6, 29, 8, 63, 4, 15, 4, 
397, 35, 9, 6, 61, 8, 31, 4, 45, 20, 
397, 35, 9, 6, 61, 8, 27, 4, 13, 20, 
397, 35, 9, 6, 61, 8, 17, 4, 63, 20, 
397, 35, 9, 6, 61, 8, 15, 4, 63, 20, 
397, 35, 9, 6, 61, 8, 15, 4, 45, 20, 
397, 35, 9, 6, 28, 8, 31, 4, 47, 20, 
397, 35, 9, 6, 29, 8, 59, 4, 15, 20, 
397, 35, 9, 6, 61, 8, 61, 4, 63, 36, 
397, 35, 9, 6, 61, 8, 31, 4, 9, 20, 
397, 35, 9, 6, 61, 8, 15, 4, 47, 20, 
397, 35, 9, 6, 61, 8, 15, 4, 47, 20, 
397, 35, 9, 6, 29, 8, 63, 4, 61, 20, 
397, 35, 9, 6, 61, 8, 21, 4, 45, 36, 
397, 35, 9, 6, 61, 8, 15, 4, 45, 52, 
397, 35, 9, 6, 61, 8, 7, 4, 47, 20, 
397, 35, 9, 6, 61, 8, 15, 4, 61, 20, 
397, 35, 9, 6, 61, 8, 29, 4, 47, 20, 
397, 35, 9, 6, 28, 8, 20, 4, 15, 4, 
397, 35, 9, 6, 61, 8, 15, 4, 47, 52, 
397, 35, 9, 6, 61, 8, 7, 4, 15, 4, 
397, 35, 9, 6, 61, 8, 4, 4, 15, 0, 
397, 35, 9, 6, 60, 8, 47, 4, 29, 20, 
397, 35, 9, 6, 61, 8, 15, 4, 47, 52, 
397, 35, 9, 6, 57, 8, 15, 4, 43, 20, 
397, 35, 9, 6, 61, 8, 15, 4, 47, 52, 
397, 35, 9, 6, 61, 8, 15, 4, 47, 20, 
397, 35, 9, 6, 57, 8, 15, 4, 43, 20, 
397, 35, 9, 6, 61, 8, 4, 4, 15, 0, 
397, 35, 9, 6, 61, 8, 29, 4, 47, 48, 
397, 35, 9, 6, 61, 8, 47, 4, 45, 52, 
397, 35, 9, 6, 61, 8, 13, 4, 47, 54, 
397, 35, 9, 6, 61, 8, 15, 4, 46, 16, 
397, 35, 9, 6, 61, 8, 14, 4, 15, 0, 
397, 35, 9, 6, 61, 8, 4, 4, 7, 0, 
397, 35, 9, 6, 60, 8, 45, 4, 43, 54, 
397, 35, 9, 6, 61, 8, 46, 4, 46, 16, 
397, 35, 9, 6, 61, 8, 15, 4, 44, 16, 
397, 35, 9, 6, 61, 8, 13, 4, 38, 16, 
397, 35, 9, 6, 61, 8, 4, 4, 7, 0, 
397, 35, 9, 6, 61, 8, 47, 4, 46, 54, 
397, 35, 9, 6, 60, 8, 45, 4, 12, 0, 
397, 35, 9, 6, 61, 8, 13, 4, 47, 23, 
397, 35, 9, 6, 60, 8, 12, 4, 46, 48, 
397, 35, 9, 6, 61, 8, 13, 4, 36, 16, 
397, 35, 9, 6, 61, 8, 13, 4, 47, 19, 
397, 35, 9, 6, 60, 8, 12, 4, 46, 52, 
397, 35, 9, 6, 61, 8, 15, 4, 38, 54, 
397, 35, 9, 6, 60, 8, 45, 4, 47, 63, 
397, 35, 9, 6, 60, 8, 13, 4, 12, 0, 
397, 35, 9, 6, 57, 8, 12, 4, 47, 21, 
397, 35, 9, 6, 61, 8, 15, 4, 38, 22, 
397, 35, 9, 6, 61, 8, 13, 4, 47, 31, 
397, 35, 9, 6, 60, 8, 13, 4, 47, 63, 
397, 35, 9, 6, 60, 8, 15, 4, 38, 52, 
397, 35, 9, 6, 29, 8, 13, 4, 43, 22, 
397, 35, 9, 6, 61, 8, 13, 4, 47, 31, 
397, 35, 9, 6, 57, 8, 12, 4, 11, 57, 
397, 35, 9, 6, 61, 8, 13, 4, 47, 31, 
397, 35, 9, 6, 60, 8, 13, 4, 38, 62, 
397, 35, 9, 6, 29, 8, 29, 4, 47, 31, 
397, 35, 9, 6, 61, 8, 8, 4, 11, 57, 
397, 35, 9, 6, 30, 8, 45, 4, 47, 31, 
397, 35, 9, 6, 57, 8, 13, 4, 47, 31, 
397, 35, 9, 6, 57, 8, 12, 4, 43, 29, 
397, 35, 9, 6, 61, 8, 13, 4, 43, 57, 
397, 35, 9, 6, 29, 8, 45, 4, 15, 31, 
397, 35, 9, 6, 28, 8, 57, 4, 15, 31, 
397, 35, 9, 6, 24, 8, 29, 4, 47, 31, 
397, 35, 9, 6, 13, 8, 29, 4, 47, 63, 
397, 35, 9, 6, 63, 8, 9, 4, 39, 31, 
397, 35, 9, 6, 63, 8, 15, 4, 15, 63, 
397, 35, 9, 6, 24, 8, 46, 4, 15, 19, 
397, 35, 9, 6, 13, 8, 53, 4, 15, 31, 
397, 35, 9, 6, 28, 8, 57, 4, 7, 55, 
397, 35, 9, 6, 10, 8, 8, 4, 63, 15, 
397, 35, 9, 6, 61, 8, 46, 4, 15, 19, 
397, 35, 9, 6, 8, 8, 46, 4, 15, 31, 
397, 35, 9, 6, 8, 8, 53, 4, 7, 20, 
396, 34, 9, 6, 62, 8, 25, 4, 7, 55, 
397, 35, 9, 6, 8, 8, 46, 4, 43, 31, 
397, 35, 9, 6, 10, 8, 40, 4, 7, 20, 
397, 35, 9, 6, 12, 8, 37, 4, 55, 5, 
397, 35, 9, 6, 2, 8, 25, 4, 7, 63, 
397, 35, 9, 6, 40, 8, 62, 4, 15, 63, 
397, 35, 9, 6, 8, 8, 34, 4, 41, 20, 
397, 35, 9, 6, 8, 8, 38, 4, 43, 7, 
397, 35, 9, 6, 8, 8, 46, 4, 51, 31, 
397, 35, 9, 6, 8, 8, 34, 4, 15, 63, 
397, 35, 9, 6, 9, 8, 62, 4, 43, 63, 
397, 35, 9, 6, 24, 8, 62, 4, 35, 63, 
397, 35, 9, 6, 8, 8, 62, 4, 11, 61, 
397, 35, 9, 6, 0, 8, 62, 4, 42, 63, 
397, 35, 9, 6, 8, 8, 62, 4, 43, 63, 
396, 34, 9, 6, 0, 8, 42, 4, 57, 31, 
397, 35, 9, 6, 0, 8, 54, 4, 42, 59, 
397, 35, 9, 6, 8, 8, 62, 4, 35, 63, 
397, 35, 9, 6, 24, 8, 60, 4, 41, 63, 
397, 35, 9, 6, 24, 8, 54, 4, 35, 63, 
397, 35, 9, 6, 0, 8, 62, 4, 42, 63, 
397, 35, 9, 6, 0, 8, 54, 4, 33, 59, 
397, 35, 9, 6, 24, 8, 56, 4, 41, 63, 
397, 35, 9, 6, 8, 8, 54, 4, 51, 63, 
397, 35, 9, 6, 8, 8, 62, 4, 42, 63, 
397, 35, 9, 6, 0, 8, 62, 4, 42, 61, 
397, 35, 9, 6, 8, 8, 54, 4, 59, 51, 
397, 35, 9, 6, 24, 8, 62, 4, 46, 63, 
397, 35, 9, 6, 24, 8, 58, 4, 41, 63, 
397, 35, 9, 6, 8, 8, 52, 4, 40, 31, 
397, 35, 9, 6, 9, 8, 46, 4, 27, 63, 
397, 35, 9, 6, 24, 8, 54, 4, 43, 43, 
397, 35, 9, 6, 8, 8, 52, 4, 40, 31, 
397, 35, 9, 6, 8, 8, 52, 4, 40, 31, 
397, 35, 9, 6, 8, 8, 54, 4, 51, 54, 
397, 35, 9, 6, 24, 8, 63, 4, 40, 31, 
397, 35, 9, 6, 8, 8, 52, 4, 40, 14, 
397, 35, 9, 6, 25, 8, 54, 4, 10, 29, 
397, 35, 9, 6, 8, 8, 53, 4, 40, 31, 
397, 35, 9, 6, 24, 8, 54, 4, 42, 47, 
397, 35, 9, 6, 24, 8, 55, 4, 41, 47, 
397, 35, 9, 6, 8, 8, 54, 4, 10, 29, 
397, 35, 9, 6, 8, 8, 54, 4, 10, 47, 
397, 35, 9, 6, 8, 8, 63, 4, 41, 47, 
397, 35, 9, 6, 24, 8, 53, 4, 40, 14, 
397, 35, 9, 6, 24, 8, 55, 4, 40, 47, 
397, 35, 9, 6, 8, 8, 54, 4, 0, 47, 
397, 35, 9, 6, 32, 8, 54, 4, 13, 43, 
397, 35, 9, 6, 24, 8, 51, 4, 10, 47, 
397, 35, 9, 6, 24, 8, 63, 4, 40, 47, 
384, 35, 9, 6, 8, 10, 22, 4, 10, 61, 
397, 35, 9, 6, 12, 8, 51, 4, 10, 47, 
397, 35, 9, 6, 8, 8, 54, 4, 0, 47, 
397, 35, 9, 6, 8, 8, 54, 4, 10, 61, 
397, 35, 9, 6, 24, 8, 63, 4, 40, 47, 
397, 35, 9, 6, 8, 8, 52, 4, 9, 47, 
397, 35, 9, 6, 28, 8, 55, 4, 8, 57, 
397, 35, 9, 6, 8, 8, 54, 4, 40, 47, 
397, 35, 9, 6, 8, 8, 62, 4, 40, 47, 
397, 35, 9, 6, 24, 8, 63, 4, 8, 47, 
397, 35, 9, 6, 8, 8, 52, 4, 13, 47, 
397, 35, 9, 6, 28, 8, 54, 4, 40, 47, 
397, 35, 9, 6, 8, 8, 54, 4, 8, 57, 
397, 35, 9, 6, 28, 8, 26, 4, 40, 47, 
397, 35, 9, 6, 28, 8, 62, 4, 40, 47, 
397, 35, 9, 6, 60, 8, 63, 4, 8, 47, 
397, 35, 9, 6, 12, 8, 50, 4, 8, 57, 
397, 35, 9, 6, 28, 8, 26, 4, 40, 39, 
397, 35, 9, 6, 28, 8, 24, 4, 40, 14, 
397, 35, 9, 6, 28, 8, 54, 4, 40, 47, 
397, 35, 9, 6, 28, 8, 22, 4, 40, 61, 
397, 35, 9, 6, 28, 8, 48, 4, 40, 29, 
397, 35, 9, 6, 44, 8, 48, 4, 24, 14, 
397, 35, 9, 6, 28, 8, 54, 4, 40, 47, 
397, 35, 9, 6, 4, 8, 54, 4, 40, 41, 
397, 35, 9, 6, 28, 8, 22, 4, 40, 61, 
397, 35, 9, 6, 28, 8, 48, 4, 10, 9, 
397, 35, 9, 6, 4, 8, 50, 4, 40, 28, 
397, 35, 9, 6, 37, 8, 54, 4, 40, 41, 
397, 35, 9, 6, 28, 8, 38, 4, 40, 47, 
397, 35, 9, 6, 24, 8, 22, 4, 40, 63, 
397, 35, 9, 6, 28, 8, 48, 4, 40, 28, 
397, 35, 9, 6, 36, 8, 54, 4, 40, 41, 
397, 35, 9, 6, 28, 8, 52, 4, 40, 31, 
397, 35, 9, 6, 36, 8, 22, 4, 41, 61, 
397, 35, 9, 6, 4, 8, 38, 4, 40, 63, 
397, 35, 9, 6, 30, 8, 52, 4, 42, 31, 
397, 35, 9, 6, 24, 8, 36, 4, 40, 27, 
397, 35, 9, 6, 28, 8, 48, 4, 44, 63, 
397, 35, 9, 6, 36, 8, 54, 4, 40, 25, 
397, 35, 9, 6, 4, 8, 38, 4, 40, 59, 
397, 35, 9, 6, 30, 8, 54, 4, 32, 57, 
397, 35, 9, 6, 30, 8, 52, 4, 40, 27, 
397, 35, 9, 6, 28, 8, 36, 4, 40, 27, 
397, 35, 9, 6, 24, 8, 52, 4, 40, 27, 
397, 35, 9, 6, 24, 8, 52, 4, 40, 25, 
397, 35, 9, 6, 30, 8, 32, 4, 40, 27, 
397, 35, 9, 6, 28, 8, 54, 4, 40, 27, 
397, 35, 9, 6, 29, 8, 32, 4, 40, 19, 
397, 35, 9, 6, 28, 8, 32, 4, 40, 18, 
397, 35, 9, 6, 30, 8, 53, 4, 40, 27, 
397, 35, 9, 6, 24, 8, 50, 4, 40, 27, 
397, 35, 9, 6, 28, 8, 34, 4, 41, 18, 
397, 35, 9, 6, 28, 8, 48, 4, 40, 19, 
397, 35, 9, 6, 29, 8, 34, 4, 40, 27, 
397, 35, 9, 6, 28, 8, 54, 4, 40, 27, 
397, 35, 9, 6, 28, 8, 50, 4, 40, 31, 
397, 35, 9, 6, 29, 8, 48, 4, 42, 19, 
397, 35, 9, 6, 29, 8, 35, 4, 40, 27, 
397, 35, 9, 6, 24, 8, 34, 4, 40, 27, 
397, 35, 9, 6, 28, 8, 38, 4, 40, 26, 
397, 35, 9, 6, 28, 8, 50, 4, 40, 27, 
397, 35, 9, 6, 28, 8, 50, 4, 40, 26, 
397, 35, 9, 6, 28, 8, 50, 4, 40, 26, 
397, 35, 9, 6, 29, 8, 49, 4, 42, 19, 
397, 35, 9, 6, 21, 8, 48, 4, 40, 26, 
397, 35, 9, 6, 29, 8, 49, 4, 42, 19, 
397, 35, 9, 6, 29, 8, 53, 4, 42, 51, 
397, 35, 9, 6, 21, 8, 48, 4, 40, 26, 
397, 35, 9, 6, 28, 8, 50, 4, 40, 26, 
397, 35, 9, 6, 28, 8, 18, 4, 40, 26, 
397, 35, 9, 6, 29, 8, 49, 4, 42, 19, 
397, 35, 9, 6, 29, 8, 53, 4, 42, 55, 
397, 35, 9, 6, 21, 8, 50, 4, 42, 27, 
397, 35, 9, 6, 29, 8, 49, 4, 40, 26, 
397, 35, 9, 6, 20, 8, 50, 4, 42, 27, 
397, 35, 9, 6, 29, 8, 33, 4, 42, 23, 
397, 35, 9, 6, 29, 8, 49, 4, 42, 19, 
397, 35, 9, 6, 29, 8, 49, 4, 42, 27, 
397, 35, 9, 6, 29, 8, 49, 4, 44, 26, 
397, 35, 9, 6, 31, 8, 49, 4, 46, 50, 
397, 35, 9, 6, 29, 8, 33, 4, 40, 19, 
397, 35, 9, 6, 29, 8, 33, 4, 42, 19, 
397, 35, 9, 6, 29, 8, 33, 4, 46, 31, 
397, 35, 9, 6, 29, 8, 49, 4, 43, 31, 
397, 35, 9, 6, 29, 8, 49, 4, 44, 26, 
397, 35, 9, 6, 60, 8, 32, 4, 35, 17, 
397, 35, 9, 6, 29, 8, 33, 4, 42, 18, 
397, 35, 9, 6, 21, 8, 49, 4, 43, 29, 
397, 35, 9, 6, 29, 8, 53, 4, 44, 26, 
397, 35, 9, 6, 29, 8, 49, 4, 45, 63, 
397, 35, 9, 6, 21, 8, 49, 4, 43, 29, 
397, 35, 9, 6, 28, 8, 32, 4, 43, 21, 
397, 35, 9, 6, 61, 8, 33, 4, 45, 55, 
397, 35, 9, 6, 28, 8, 33, 4, 42, 18, 
397, 35, 9, 6, 29, 8, 33, 4, 43, 59, 
397, 35, 9, 6, 20, 8, 32, 4, 59, 21, 
397, 35, 9, 6, 20, 8, 16, 4, 43, 20, 
397, 35, 9, 6, 21, 8, 49, 4, 45, 55, 
397, 35, 9, 6, 29, 8, 33, 4, 45, 29, 
397, 35, 9, 6, 29, 8, 33, 4, 43, 29, 
397, 35, 9, 6, 21, 8, 49, 4, 45, 55, 
397, 35, 9, 6, 16, 8, 33, 4, 45, 22, 
395, 35, 9, 6, 4, 8, 0, 4, 43, 20, 
388, 33, 9, 6, 28, 8, 49, 4, 45, 61, 
388, 35, 9, 7, 28, 8, 33, 4, 45, 5, 
397, 35, 9, 6, 21, 8, 33, 4, 45, 54, 
397, 35, 9, 6, 17, 8, 33, 4, 45, 22, 
397, 35, 9, 6, 28, 8, 33, 4, 44, 5, 
397, 35, 15, 6, 25, 8, 49, 4, 45, 39, 
397, 35, 9, 6, 16, 8, 33, 4, 43, 20, 
397, 35, 9, 6, 17, 8, 33, 4, 63, 22, 
397, 35, 9, 6, 16, 8, 33, 4, 45, 20, 
397, 35, 15, 6, 25, 8, 49, 4, 33, 39, 
397, 33, 13, 7, 17, 8, 49, 4, 45, 54, 
397, 35, 9, 6, 28, 8, 33, 4, 44, 7, 
397, 35, 9, 6, 17, 8, 33, 4, 61, 20, 
397, 33, 9, 7, 17, 8, 49, 4, 39, 22, 
397, 35, 9, 6, 21, 8, 33, 4, 14, 22, 
397, 35, 9, 6, 24, 8, 33, 4, 60, 7, 
397, 35, 15, 6, 0, 8, 33, 4, 36, 20, 
397, 35, 9, 6, 49, 8, 33, 4, 60, 7, 
397, 35, 9, 6, 17, 8, 33, 4, 60, 7, 
397, 35, 9, 6, 17, 8, 33, 4, 53, 29, 
397, 35, 15, 6, 0, 8, 33, 4, 6, 20, 
397, 35, 15, 6, 16, 8, 33, 4, 46, 24, 
397, 35, 9, 6, 50, 8, 33, 4, 62, 7, 
397, 35, 9, 6, 48, 8, 33, 4, 53, 29, 
397, 35, 9, 6, 17, 8, 35, 4, 61, 27, 
397, 35, 9, 6, 17, 8, 33, 4, 53, 21, 
397, 35, 9, 6, 17, 8, 33, 4, 60, 15, 
397, 35, 9, 6, 53, 8, 35, 4, 62, 3, 
397, 35, 9, 6, 18, 8, 32, 4, 61, 7, 
397, 35, 9, 6, 50, 8, 33, 4, 60, 15, 
397, 35, 9, 6, 33, 8, 33, 4, 53, 25, 
397, 35, 9, 6, 16, 8, 33, 4, 60, 15, 
397, 35, 9, 6, 34, 8, 34, 4, 56, 3, 
397, 35, 9, 6, 53, 8, 51, 4, 60, 15, 
397, 35, 9, 6, 48, 8, 33, 4, 62, 7, 
397, 35, 9, 6, 21, 8, 35, 4, 60, 15, 
397, 35, 9, 6, 18, 8, 48, 4, 56, 15, 
397, 35, 9, 6, 34, 8, 34, 4, 60, 15, 
397, 35, 9, 6, 52, 8, 32, 4, 62, 7, 
397, 35, 9, 6, 49, 8, 33, 4, 60, 35, 
397, 35, 9, 6, 34, 8, 34, 4, 56, 7, 
397, 35, 9, 6, 49, 8, 35, 4, 52, 3, 
397, 35, 9, 6, 52, 8, 32, 4, 62, 6, 
397, 35, 9, 6, 49, 8, 37, 4, 62, 34, 
397, 35, 9, 6, 59, 8, 35, 4, 60, 7, 
397, 35, 9, 6, 34, 8, 34, 4, 56, 7, 
397, 35, 9, 6, 52, 8, 32, 4, 60, 35, 
397, 35, 9, 6, 60, 8, 32, 4, 62, 34, 
397, 35, 9, 6, 49, 8, 36, 4, 62, 34, 
397, 35, 9, 6, 46, 8, 32, 4, 50, 6, 
397, 35, 9, 6, 52, 8, 32, 4, 28, 38, 
397, 35, 9, 6, 49, 8, 33, 4, 52, 39, 
397, 35, 9, 6, 48, 8, 36, 4, 30, 34, 
397, 35, 9, 6, 49, 8, 33, 4, 46, 34, 
397, 35, 9, 6, 60, 8, 32, 4, 28, 46, 
397, 35, 9, 6, 46, 8, 32, 4, 50, 22, 
397, 35, 9, 6, 0, 8, 32, 4, 52, 46, 
397, 35, 9, 6, 49, 8, 45, 4, 14, 34, 
397, 35, 9, 6, 49, 8, 37, 4, 14, 34, 
397, 35, 9, 6, 62, 8, 32, 4, 50, 22, 
397, 35, 9, 6, 56, 8, 36, 4, 42, 22, 
397, 35, 9, 6, 49, 8, 40, 4, 2, 18, 
397, 35, 9, 6, 59, 8, 32, 4, 38, 6, 
397, 35, 9, 6, 48, 8, 33, 4, 27, 18, 
397, 35, 9, 6, 57, 8, 40, 4, 2, 18, 
397, 35, 9, 6, 26, 8, 40, 4, 34, 22, 
397, 35, 9, 6, 56, 8, 33, 4, 10, 18, 
397, 35, 9, 6, 48, 8, 32, 4, 27, 18, 
397, 35, 9, 6, 59, 8, 56, 4, 7, 22, 
397, 35, 9, 6, 32, 8, 35, 4, 10, 18, 
397, 35, 9, 6, 48, 8, 33, 4, 26, 22, 
397, 35, 9, 6, 56, 8, 33, 4, 15, 18, 
397, 35, 9, 6, 48, 8, 33, 4, 27, 18, 
397, 35, 9, 6, 48, 8, 33, 4, 26, 22, 
397, 35, 9, 6, 56, 8, 32, 4, 15, 18, 
397, 35, 9, 6, 27, 8, 56, 4, 15, 18, 
397, 35, 9, 6, 56, 8, 41, 4, 10, 18, 
397, 35, 9, 6, 48, 8, 33, 4, 27, 18, 
397, 35, 9, 6, 50, 8, 48, 4, 31, 18, 
397, 35, 9, 6, 60, 8, 57, 4, 26, 18, 
397, 35, 9, 6, 48, 8, 32, 4, 11, 18, 
397, 35, 9, 6, 56, 8, 32, 4, 15, 18, 
397, 35, 9, 6, 48, 8, 33, 4, 26, 18, 
397, 35, 9, 6, 52, 8, 59, 4, 3, 16, 
397, 35, 9, 6, 49, 8, 32, 4, 27, 18, 
397, 35, 9, 6, 48, 8, 48, 4, 7, 18, 
397, 35, 9, 6, 57, 8, 32, 4, 31, 18, 
397, 35, 9, 6, 49, 8, 37, 4, 27, 18, 
397, 35, 9, 6, 52, 8, 49, 4, 46, 26, 
397, 35, 9, 6, 49, 8, 48, 4, 51, 16, 
397, 35, 9, 6, 48, 8, 48, 4, 23, 18, 
397, 35, 9, 6, 51, 8, 40, 4, 19, 18, 
397, 35, 9, 6, 49, 8, 49, 4, 46, 26, 
397, 35, 9, 6, 49, 8, 57, 4, 46, 18, 
397, 35, 9, 6, 49, 8, 48, 4, 51, 16, 
397, 35, 9, 6, 49, 8, 32, 4, 31, 16, 
397, 35, 9, 6, 49, 8, 37, 4, 27, 18, 
397, 35, 9, 6, 49, 8, 49, 4, 35, 16, 
397, 35, 9, 6, 49, 8, 48, 4, 51, 18, 
397, 35, 9, 6, 57, 8, 48, 4, 51, 16, 
397, 35, 9, 6, 49, 8, 49, 4, 58, 18, 
397, 35, 9, 6, 49, 8, 37, 4, 27, 26, 
397, 35, 9, 6, 49, 8, 49, 4, 51, 0, 
397, 35, 9, 6, 17, 8, 48, 4, 51, 48, 
397, 35, 9, 6, 49, 8, 48, 4, 51, 20, 
397, 35, 9, 6, 49, 8, 57, 4, 58, 18, 
397, 35, 9, 6, 49, 8, 37, 4, 27, 26, 
397, 35, 9, 6, 49, 8, 49, 4, 51, 22, 
397, 35, 9, 6, 49, 8, 49, 4, 51, 16, 
397, 35, 9, 6, 49, 8, 52, 4, 19, 16, 
397, 35, 9, 6, 49, 8, 48, 4, 51, 20, 
397, 35, 9, 6, 17, 8, 49, 4, 50, 50, 
397, 35, 9, 6, 21, 8, 49, 4, 34, 50, 
397, 35, 9, 6, 49, 8, 52, 4, 19, 16, 
397, 35, 9, 6, 49, 8, 32, 4, 51, 20, 
397, 35, 9, 6, 49, 8, 49, 4, 51, 52, 
397, 35, 9, 6, 49, 8, 48, 4, 51, 20, 
397, 35, 9, 6, 21, 8, 17, 4, 35, 54, 
397, 35, 9, 6, 49, 8, 48, 4, 19, 4, 
397, 35, 15, 6, 49, 8, 16, 6, 55, 20, 
397, 35, 9, 6, 49, 8, 48, 4, 51, 20, 
397, 35, 9, 6, 49, 8, 48, 4, 51, 20, 
397, 35, 15, 6, 49, 8, 20, 4, 51, 20, 
396, 34, 9, 6, 53, 8, 48, 4, 35, 52, 
388, 35, 9, 7, 49, 8, 52, 4, 19, 6, 
384, 35, 9, 6, 49, 12, 56, 4, 51, 20, 
384, 35, 9, 6, 33, 12, 56, 4, 51, 20, 
397, 35, 15, 6, 49, 8, 20, 4, 51, 20, 
397, 35, 15, 6, 53, 8, 20, 4, 51, 20, 
397, 33, 9, 7, 49, 8, 52, 4, 19, 4, 
396, 34, 9, 7, 49, 8, 52, 4, 19, 7, 
396, 34, 9, 6, 53, 8, 48, 4, 43, 52, 
397, 35, 15, 6, 51, 8, 20, 6, 51, 20, 
397, 35, 15, 6, 37, 8, 20, 4, 51, 20, 
397, 35, 15, 6, 49, 8, 20, 4, 51, 5, 
397, 35, 15, 6, 53, 8, 52, 4, 19, 4, 
397, 35, 15, 6, 49, 8, 52, 4, 50, 4, 
397, 35, 15, 6, 51, 8, 20, 4, 51, 20, 
397, 35, 15, 6, 41, 8, 20, 4, 55, 20, 
397, 35, 15, 6, 33, 8, 20, 4, 51, 20, 
397, 35, 15, 6, 49, 8, 52, 6, 21, 20, 
397, 35, 15, 6, 51, 8, 20, 6, 59, 16, 
397, 35, 15, 6, 51, 8, 22, 4, 55, 20, 
397, 35, 15, 6, 33, 8, 20, 4, 55, 20, 
397, 35, 15, 6, 51, 8, 52, 4, 20, 20, 
397, 35, 15, 6, 49, 8, 20, 6, 49, 20, 
397, 35, 15, 6, 51, 8, 20, 6, 59, 16, 
397, 35, 15, 6, 19, 8, 28, 4, 55, 20, 
397, 35, 15, 6, 49, 8, 20, 4, 61, 16, 
397, 35, 15, 6, 51, 8, 52, 4, 48, 4, 
397, 35, 15, 6, 51, 8, 20, 6, 59, 16, 
397, 35, 15, 6, 35, 8, 28, 4, 16, 20, 
397, 35, 15, 6, 51, 8, 20, 4, 63, 16, 
397, 35, 15, 6, 19, 8, 28, 4, 55, 4, 
397, 35, 15, 6, 19, 8, 20, 6, 59, 17, 
397, 35, 15, 6, 23, 8, 28, 4, 55, 16, 
397, 35, 15, 6, 35, 8, 28, 4, 16, 20, 
397, 35, 15, 6, 51, 8, 28, 4, 55, 4, 
397, 35, 15, 6, 23, 8, 30, 4, 55, 16, 
397, 35, 15, 6, 55, 8, 28, 4, 63, 16, 
397, 35, 15, 6, 19, 8, 28, 4, 61, 16, 
397, 35, 15, 6, 35, 8, 28, 4, 56, 20, 
397, 35, 15, 6, 51, 8, 24, 4, 55, 52, 
397, 35, 15, 6, 51, 8, 28, 4, 48, 5, 
397, 35, 15, 6, 19, 8, 28, 4, 61, 16, 
397, 35, 15, 6, 17, 8, 28, 4, 61, 0, 
397, 35, 15, 6, 19, 8, 30, 4, 61, 24, 
397, 35, 15, 6, 51, 8, 24, 4, 48, 5, 
397, 35, 15, 6, 51, 8, 28, 4, 45, 16, 
397, 35, 15, 6, 51, 8, 28, 4, 61, 0, 
397, 35, 15, 6, 19, 8, 30, 4, 61, 26, 
397, 35, 15, 6, 59, 8, 30, 4, 63, 20, 
397, 35, 15, 6, 51, 8, 24, 4, 60, 41, 
397, 35, 15, 6, 59, 8, 26, 4, 53, 7, 
397, 35, 15, 6, 51, 8, 8, 4, 63, 20, 
397, 35, 15, 6, 51, 8, 28, 4, 60, 0, 
397, 35, 15, 6, 51, 8, 30, 4, 63, 24, 
397, 35, 15, 6, 49, 8, 24, 4, 53, 7, 
397, 35, 15, 6, 51, 8, 24, 4, 31, 20, 
397, 35, 15, 6, 51, 8, 8, 4, 63, 16, 
397, 35, 15, 6, 35, 8, 8, 6, 62, 29, 
397, 35, 15, 6, 51, 8, 28, 4, 60, 0, 
397, 35, 15, 6, 53, 8, 24, 4, 29, 7, 
397, 35, 15, 6, 33, 8, 24, 4, 63, 16, 
397, 35, 15, 6, 35, 8, 8, 6, 62, 29, 
397, 35, 15, 6, 51, 8, 28, 4, 60, 0, 
397, 35, 15, 6, 49, 8, 24, 4, 61, 4, 
397, 35, 15, 6, 53, 8, 24, 4, 63, 16, 
397, 35, 15, 6, 37, 8, 24, 4, 63, 7, 
397, 35, 15, 6, 53, 8, 24, 4, 60, 0, 
397, 35, 15, 6, 49, 8, 26, 4, 61, 4, 
397, 35, 15, 6, 49, 8, 24, 4, 61, 4, 
397, 35, 15, 6, 53, 8, 24, 4, 63, 5, 
397, 35, 15, 6, 53, 8, 24, 4, 30, 16, 
397, 35, 15, 6, 53, 8, 24, 4, 62, 16, 
397, 35, 15, 6, 49, 8, 24, 4, 57, 4, 
397, 35, 15, 6, 49, 8, 24, 4, 61, 4, 
397, 35, 15, 6, 53, 8, 24, 4, 30, 16, 
397, 35, 15, 6, 53, 8, 24, 6, 63, 4, 
397, 35, 15, 6, 49, 8, 24, 4, 57, 0, 
397, 35, 15, 6, 53, 8, 25, 4, 59, 4, 
397, 35, 15, 6, 53, 8, 25, 4, 31, 16, 
397, 35, 15, 6, 53, 8, 24, 4, 31, 0, 
397, 35, 15, 6, 53, 8, 24, 4, 57, 0, 
397, 35, 15, 6, 53, 8, 57, 4, 59, 4, 
397, 35, 15, 6, 49, 8, 24, 4, 57, 8, 
397, 35, 15, 6, 49, 8, 24, 4, 57, 0, 
397, 35, 15, 6, 61, 8, 24, 4, 63, 0, 
397, 35, 15, 6, 53, 8, 24, 4, 57, 8, 
397, 35, 15, 6, 61, 8, 24, 4, 27, 0, 
397, 35, 15, 6, 53, 8, 57, 4, 41, 4, 
397, 35, 15, 6, 57, 8, 10, 4, 61, 0, 
397, 35, 15, 6, 61, 8, 24, 4, 27, 0, 
397, 35, 15, 6, 61, 8, 26, 4, 59, 0, 
397, 35, 15, 6, 61, 8, 29, 4, 41, 5, 
397, 35, 15, 6, 53, 8, 8, 4, 47, 0, 
397, 35, 15, 6, 61, 8, 24, 4, 61, 0, 
397, 35, 15, 6, 61, 8, 29, 4, 41, 7, 
397, 35, 15, 6, 61, 8, 60, 4, 45, 0, 
397, 35, 15, 6, 61, 8, 24, 4, 63, 5, 
397, 35, 15, 6, 61, 8, 26, 4, 47, 0, 
397, 35, 15, 6, 61, 8, 10, 4, 47, 0, 
397, 35, 15, 6, 61, 8, 57, 4, 57, 0, 
397, 35, 15, 6, 29, 8, 24, 4, 63, 5, 
397, 35, 15, 6, 61, 8, 25, 4, 45, 6, 
397, 35, 15, 6, 61, 8, 29, 4, 47, 0, 
397, 35, 15, 6, 61, 8, 25, 4, 47, 5, 
397, 35, 15, 6, 29, 8, 57, 4, 63, 33, 
397, 35, 15, 6, 61, 8, 25, 4, 61, 4, 
397, 35, 15, 6, 61, 8, 29, 4, 45, 32, 
397, 35, 15, 6, 61, 8, 57, 4, 41, 4, 
397, 35, 15, 6, 31, 8, 24, 4, 45, 6, 
397, 35, 15, 6, 61, 8, 29, 4, 61, 36, 
397, 35, 15, 6, 61, 8, 29, 4, 45, 32, 
397, 35, 15, 6, 15, 8, 57, 4, 43, 5, 
397, 35, 15, 6, 61, 8, 59, 4, 41, 4, 
387, 39, 15, 6, 61, 8, 57, 4, 63, 36, 
397, 35, 15, 6, 53, 8, 29, 4, 45, 32, 
397, 35, 15, 6, 61, 8, 28, 4, 43, 7, 
397, 35, 15, 6, 15, 8, 57, 4, 49, 5, 
397, 35, 15, 6, 61, 8, 57, 4, 41, 4, 
397, 35, 15, 6, 61, 8, 31, 4, 45, 4, 
397, 35, 15, 6, 15, 8, 25, 4, 61, 36, 
397, 35, 15, 6, 39, 8, 57, 4, 45, 5, 
397, 35, 15, 6, 53, 8, 31, 4, 45, 4, 
397, 35, 15, 6, 53, 8, 31, 4, 45, 32, 
397, 35, 15, 6, 53, 8, 29, 4, 45, 0, 
397, 35, 15, 6, 13, 8, 31, 6, 45, 4, 
397, 35, 15, 6, 39, 8, 57, 4, 45, 4, 
397, 35, 15, 6, 55, 8, 27, 4, 45, 4, 
397, 35, 15, 6, 39, 8, 9, 4, 45, 4, 
397, 35, 15, 6, 55, 8, 25, 4, 45, 4, 
397, 35, 15, 6, 9, 8, 63, 4, 15, 4, 
397, 35, 15, 6, 13, 8, 29, 4, 45, 6, 
397, 35, 15, 6, 39, 8, 9, 4, 45, 4, 
397, 35, 15, 6, 39, 8, 29, 4, 45, 4, 
397, 35, 15, 6, 46, 8, 57, 4, 45, 4, 
397, 35, 15, 6, 13, 8, 63, 4, 29, 12, 
397, 35, 15, 6, 41, 8, 47, 4, 13, 4, 
397, 35, 15, 6, 45, 8, 29, 6, 44, 6, 
397, 35, 15, 6, 13, 8, 25, 4, 45, 4, 
397, 35, 15, 6, 39, 8, 9, 4, 45, 4, 
397, 35, 15, 6, 13, 8, 47, 4, 29, 12, 
397, 35, 15, 6, 13, 8, 55, 4, 8, 22, 
397, 35, 15, 6, 12, 8, 55, 4, 29, 12, 
397, 35, 15, 6, 7, 8, 9, 4, 45, 4, 
397, 35, 15, 6, 13, 8, 43, 4, 61, 4, 
397, 35, 15, 6, 13, 8, 55, 4, 8, 22, 
397, 35, 15, 6, 13, 8, 47, 4, 28, 12, 
397, 35, 15, 6, 13, 8, 35, 4, 57, 6, 
397, 35, 15, 6, 13, 8, 8, 4, 45, 4, 
397, 35, 15, 6, 11, 8, 29, 4, 12, 20, 
397, 35, 15, 6, 13, 8, 47, 4, 28, 12, 
397, 35, 15, 6, 13, 8, 39, 4, 57, 6, 
397, 35, 15, 6, 13, 8, 23, 4, 8, 28, 
397, 35, 15, 6, 15, 8, 35, 4, 57, 14, 
397, 35, 15, 6, 13, 8, 29, 4, 14, 20, 
