376, 47, 21, 23, 56, 9, 60, 25, 36, 42, 
376, 60, 33, 26, 51, 11, 36, 27, 5, 58, 
367, 62, 35, 38, 54, 18, 37, 35, 60, 49, 
367, 60, 35, 52, 34, 34, 35, 29, 44, 27, 
363, 53, 33, 24, 14, 3, 45, 4, 13, 5, 
376, 47, 21, 26, 51, 7, 36, 27, 5, 58, 
376, 47, 21, 23, 56, 9, 60, 25, 52, 42, 
376, 47, 21, 23, 56, 9, 60, 25, 44, 27, 
376, 60, 33, 26, 51, 11, 36, 27, 44, 27, 
357, 60, 33, 24, 38, 3, 47, 23, 21, 8, 
376, 47, 21, 26, 51, 7, 36, 25, 44, 31, 
376, 47, 21, 18, 51, 9, 60, 25, 44, 27, 
376, 47, 20, 27, 51, 11, 38, 27, 44, 27, 
376, 44, 1, 26, 51, 3, 44, 27, 9, 58, 
376, 47, 21, 26, 51, 7, 47, 23, 21, 8, 
376, 46, 20, 27, 55, 7, 36, 27, 44, 30, 
376, 47, 31, 26, 35, 7, 36, 25, 62, 26, 
376, 46, 21, 26, 51, 7, 60, 27, 45, 58, 
376, 47, 21, 26, 51, 7, 47, 23, 21, 0, 
376, 47, 21, 27, 51, 7, 47, 23, 21, 8, 
376, 46, 20, 27, 55, 5, 36, 27, 58, 26, 
376, 46, 23, 26, 39, 7, 36, 25, 46, 58, 
376, 46, 14, 26, 55, 7, 36, 25, 46, 26, 
376, 46, 21, 26, 27, 7, 44, 23, 45, 58, 
376, 47, 21, 27, 55, 7, 46, 27, 53, 14, 
376, 46, 20, 27, 55, 5, 36, 25, 46, 58, 
376, 46, 22, 27, 55, 5, 36, 27, 42, 58, 
376, 46, 20, 27, 55, 5, 36, 25, 46, 26, 
376, 46, 23, 27, 63, 7, 38, 25, 62, 58, 
376, 47, 20, 26, 27, 6, 60, 23, 45, 58, 
376, 46, 20, 27, 54, 7, 36, 25, 42, 58, 
376, 46, 20, 27, 55, 5, 38, 27, 42, 58, 
376, 46, 20, 27, 55, 5, 36, 25, 46, 58, 
376, 46, 20, 11, 51, 5, 36, 25, 46, 43, 
376, 46, 20, 11, 55, 7, 36, 25, 46, 56, 
376, 46, 20, 27, 54, 7, 36, 25, 42, 58, 
376, 46, 20, 27, 55, 5, 36, 25, 42, 58, 
376, 46, 20, 11, 55, 5, 52, 25, 42, 56, 
376, 46, 20, 27, 54, 7, 36, 25, 42, 58, 
376, 46, 20, 26, 55, 7, 36, 25, 10, 58, 
376, 46, 20, 11, 23, 7, 60, 25, 42, 48, 
376, 46, 20, 27, 52, 7, 36, 25, 42, 57, 
376, 46, 20, 29, 54, 7, 36, 25, 10, 58, 
376, 46, 20, 25, 54, 7, 36, 25, 2, 58, 
376, 46, 20, 27, 55, 7, 46, 25, 42, 58, 
376, 46, 20, 27, 36, 7, 44, 25, 40, 49, 
376, 46, 21, 29, 54, 7, 36, 25, 10, 58, 
376, 46, 20, 31, 51, 7, 52, 25, 10, 48, 
376, 46, 20, 19, 55, 7, 46, 25, 42, 58, 
376, 46, 20, 27, 55, 7, 42, 25, 42, 58, 
376, 47, 20, 27, 51, 7, 52, 25, 10, 48, 
376, 46, 20, 27, 39, 7, 60, 25, 10, 48, 
376, 46, 20, 31, 32, 7, 36, 25, 10, 32, 
376, 46, 20, 19, 55, 6, 44, 25, 42, 50, 
376, 46, 20, 27, 36, 7, 44, 25, 42, 58, 
376, 47, 4, 27, 39, 7, 60, 25, 8, 48, 
376, 46, 20, 27, 54, 7, 52, 25, 8, 48, 
376, 46, 4, 26, 39, 7, 52, 25, 10, 48, 
376, 47, 20, 27, 49, 7, 52, 25, 10, 32, 
376, 46, 20, 31, 32, 7, 38, 25, 10, 48, 
376, 47, 12, 26, 38, 7, 52, 25, 8, 48, 
376, 47, 4, 11, 39, 7, 60, 25, 8, 48, 
376, 47, 4, 27, 39, 7, 62, 25, 9, 48, 
376, 47, 4, 11, 39, 7, 60, 25, 10, 32, 
376, 46, 4, 26, 39, 7, 60, 25, 15, 50, 
376, 47, 12, 26, 38, 7, 60, 25, 24, 48, 
376, 47, 12, 11, 39, 7, 60, 25, 8, 48, 
376, 47, 12, 27, 39, 7, 62, 25, 9, 48, 
376, 47, 4, 27, 39, 7, 54, 25, 9, 48, 
376, 47, 12, 26, 39, 7, 62, 25, 9, 40, 
376, 47, 12, 26, 38, 7, 60, 25, 8, 48, 
376, 47, 12, 26, 39, 7, 60, 25, 8, 48, 
376, 47, 12, 27, 7, 7, 62, 25, 9, 48, 
376, 45, 20, 27, 39, 5, 63, 25, 9, 48, 
376, 47, 12, 27, 39, 7, 60, 25, 8, 48, 
376, 47, 12, 26, 38, 7, 60, 25, 8, 48, 
376, 47, 12, 10, 38, 5, 52, 27, 8, 48, 
376, 47, 12, 26, 39, 7, 60, 25, 8, 16, 
376, 54, 12, 27, 7, 7, 62, 25, 9, 48, 
376, 47, 12, 10, 38, 7, 57, 25, 8, 48, 
376, 47, 13, 26, 36, 6, 52, 27, 8, 48, 
376, 47, 12, 26, 38, 5, 61, 25, 8, 16, 
376, 47, 12, 26, 38, 5, 52, 25, 8, 48, 
376, 47, 12, 26, 38, 7, 60, 29, 8, 32, 
376, 47, 10, 10, 39, 7, 60, 25, 8, 48, 
376, 47, 13, 26, 38, 6, 52, 27, 8, 48, 
376, 47, 13, 26, 38, 7, 52, 27, 13, 48, 
376, 47, 13, 26, 38, 7, 60, 25, 8, 32, 
376, 47, 12, 26, 38, 7, 60, 29, 16, 32, 
376, 47, 10, 10, 36, 7, 60, 25, 8, 48, 
376, 47, 13, 26, 36, 7, 36, 27, 13, 48, 
376, 47, 13, 14, 38, 6, 36, 27, 8, 48, 
376, 47, 13, 26, 38, 7, 52, 25, 8, 32, 
376, 63, 12, 26, 38, 7, 52, 31, 16, 32, 
376, 47, 13, 26, 38, 6, 52, 25, 12, 49, 
376, 47, 13, 26, 4, 7, 36, 27, 8, 48, 
376, 47, 13, 27, 36, 7, 36, 27, 4, 32, 
376, 47, 13, 26, 0, 7, 52, 27, 13, 48, 
376, 47, 13, 26, 38, 7, 36, 27, 9, 33, 
376, 47, 13, 10, 6, 6, 60, 25, 9, 40, 
376, 47, 13, 26, 36, 7, 36, 27, 0, 16, 
376, 47, 13, 26, 4, 7, 36, 27, 13, 48, 
376, 47, 13, 26, 4, 5, 36, 27, 9, 33, 
376, 47, 14, 26, 36, 7, 36, 27, 9, 49, 
376, 47, 13, 10, 6, 6, 60, 25, 9, 40, 
376, 63, 13, 26, 36, 11, 36, 27, 13, 16, 
376, 47, 13, 26, 4, 7, 36, 27, 29, 16, 
376, 47, 13, 26, 4, 5, 52, 27, 1, 17, 
376, 47, 13, 26, 36, 7, 36, 27, 9, 53, 
376, 47, 13, 24, 36, 7, 36, 25, 9, 8, 
376, 63, 12, 26, 36, 11, 36, 27, 13, 16, 
376, 47, 13, 26, 36, 11, 52, 27, 1, 20, 
376, 47, 13, 26, 4, 7, 36, 27, 9, 33, 
376, 63, 13, 26, 36, 11, 36, 27, 12, 37, 
376, 47, 13, 24, 36, 5, 52, 25, 9, 28, 
376, 63, 12, 26, 36, 11, 53, 27, 3, 20, 
376, 63, 12, 26, 36, 11, 52, 27, 1, 20, 
376, 47, 12, 26, 36, 11, 36, 27, 5, 16, 
376, 47, 13, 26, 4, 5, 36, 27, 9, 33, 
376, 47, 13, 24, 36, 5, 52, 29, 9, 28, 
376, 63, 14, 26, 52, 11, 53, 27, 3, 20, 
376, 63, 12, 26, 36, 11, 36, 27, 5, 16, 
376, 55, 12, 26, 36, 11, 39, 27, 7, 52, 
376, 63, 12, 26, 36, 11, 53, 29, 25, 28, 
376, 63, 12, 24, 36, 13, 52, 27, 11, 28, 
376, 63, 14, 26, 36, 11, 36, 27, 5, 16, 
376, 63, 14, 26, 36, 11, 37, 27, 3, 16, 
376, 55, 12, 10, 52, 11, 39, 27, 7, 20, 
376, 63, 14, 26, 36, 11, 52, 27, 3, 20, 
376, 59, 30, 26, 52, 11, 21, 29, 9, 24, 
376, 63, 14, 26, 36, 11, 36, 29, 9, 24, 
376, 63, 14, 26, 48, 11, 20, 31, 9, 18, 
376, 63, 14, 26, 37, 11, 37, 27, 7, 20, 
376, 63, 14, 26, 36, 11, 37, 27, 7, 52, 
376, 47, 14, 26, 36, 9, 52, 27, 3, 20, 
376, 63, 14, 26, 36, 11, 36, 29, 5, 24, 
376, 63, 14, 26, 36, 11, 37, 29, 15, 17, 
376, 63, 14, 26, 38, 11, 37, 27, 7, 52, 
376, 63, 14, 26, 44, 11, 37, 31, 7, 46, 
376, 63, 12, 26, 36, 9, 52, 27, 2, 20, 
376, 63, 14, 26, 36, 11, 37, 29, 5, 17, 
376, 63, 14, 26, 38, 11, 39, 31, 1, 52, 
376, 63, 14, 26, 44, 11, 37, 31, 7, 46, 
376, 63, 14, 26, 4, 9, 36, 31, 7, 46, 
376, 63, 14, 18, 36, 11, 36, 27, 6, 16, 
376, 63, 14, 26, 46, 11, 39, 31, 1, 53, 
376, 63, 14, 26, 36, 15, 39, 31, 1, 52, 
376, 53, 14, 26, 38, 11, 38, 29, 37, 53, 
376, 63, 14, 26, 36, 11, 37, 29, 1, 53, 
376, 63, 30, 26, 44, 11, 39, 29, 7, 46, 
376, 63, 14, 26, 46, 11, 39, 31, 1, 48, 
376, 63, 14, 18, 52, 11, 39, 31, 0, 52, 
376, 63, 12, 26, 46, 15, 39, 31, 5, 21, 
376, 63, 12, 26, 46, 11, 39, 29, 37, 55, 
376, 59, 14, 26, 46, 11, 39, 29, 5, 53, 
376, 63, 14, 18, 52, 11, 39, 31, 0, 52, 
376, 63, 14, 26, 46, 11, 35, 29, 5, 21, 
376, 63, 14, 24, 46, 11, 39, 31, 7, 29, 
376, 63, 14, 26, 14, 11, 39, 29, 41, 55, 
376, 63, 14, 26, 46, 11, 39, 29, 33, 50, 
376, 63, 12, 18, 46, 11, 39, 29, 9, 21, 
376, 63, 12, 22, 52, 11, 39, 31, 7, 29, 
376, 63, 14, 26, 60, 11, 39, 31, 4, 17, 
376, 63, 14, 16, 52, 11, 39, 31, 7, 29, 
376, 63, 14, 26, 30, 9, 39, 29, 41, 55, 
376, 63, 12, 18, 48, 11, 39, 31, 7, 29, 
376, 63, 12, 22, 38, 11, 38, 31, 15, 29, 
376, 63, 12, 2, 46, 11, 39, 31, 4, 49, 
376, 63, 12, 26, 44, 11, 39, 31, 0, 17, 
376, 63, 12, 16, 53, 11, 39, 31, 7, 29, 
376, 63, 12, 22, 48, 11, 46, 31, 15, 29, 
376, 63, 4, 2, 46, 11, 39, 31, 36, 49, 
376, 63, 12, 6, 48, 11, 47, 31, 7, 29, 
376, 63, 12, 26, 48, 11, 37, 31, 7, 17, 
376, 63, 12, 18, 53, 11, 55, 27, 23, 29, 
376, 63, 12, 22, 46, 11, 39, 31, 37, 49, 
376, 63, 14, 22, 38, 11, 37, 31, 36, 49, 
376, 63, 4, 22, 46, 11, 39, 31, 14, 23, 
376, 63, 12, 30, 48, 11, 47, 31, 7, 25, 
376, 59, 12, 22, 48, 11, 46, 23, 7, 29, 
376, 63, 44, 22, 2, 11, 37, 31, 36, 49, 
376, 63, 14, 22, 38, 11, 37, 31, 37, 49, 
376, 63, 44, 22, 42, 11, 39, 31, 14, 23, 
376, 63, 13, 23, 46, 11, 39, 31, 4, 17, 
376, 59, 12, 22, 46, 11, 39, 31, 39, 17, 
376, 59, 44, 22, 2, 11, 39, 31, 14, 23, 
376, 63, 44, 16, 42, 11, 39, 31, 14, 22, 
376, 63, 44, 22, 2, 11, 47, 31, 1, 17, 
376, 63, 4, 22, 2, 11, 39, 31, 39, 17, 
376, 63, 44, 22, 2, 11, 37, 31, 36, 17, 
376, 63, 44, 22, 2, 11, 55, 31, 12, 17, 
376, 63, 44, 22, 2, 11, 39, 31, 39, 17, 
376, 63, 4, 6, 34, 11, 39, 31, 14, 25, 
376, 53, 12, 22, 26, 11, 39, 31, 14, 23, 
376, 59, 44, 6, 2, 11, 37, 31, 36, 17, 
376, 63, 44, 22, 2, 11, 53, 31, 39, 49, 
376, 63, 44, 23, 2, 11, 39, 31, 15, 17, 
376, 63, 44, 7, 2, 11, 55, 31, 15, 25, 
376, 63, 44, 6, 32, 11, 23, 31, 12, 24, 
376, 63, 44, 30, 26, 11, 39, 31, 14, 23, 
376, 63, 44, 20, 2, 11, 39, 31, 15, 25, 
376, 63, 44, 38, 2, 11, 55, 31, 15, 25, 
376, 63, 44, 21, 2, 11, 53, 31, 47, 25, 
376, 63, 44, 22, 0, 11, 23, 31, 13, 8, 
376, 63, 44, 6, 2, 11, 55, 31, 15, 51, 
376, 63, 44, 20, 2, 11, 55, 31, 15, 29, 
376, 63, 12, 38, 18, 11, 39, 31, 15, 25, 
376, 63, 44, 20, 2, 11, 39, 31, 55, 24, 
376, 63, 40, 21, 2, 9, 55, 31, 47, 27, 
376, 63, 44, 21, 2, 11, 37, 31, 61, 25, 
376, 63, 44, 6, 19, 9, 55, 31, 15, 25, 
376, 63, 12, 20, 16, 11, 39, 31, 15, 25, 
376, 63, 44, 20, 34, 11, 55, 31, 63, 21, 
376, 63, 44, 20, 2, 11, 39, 31, 23, 24, 
376, 59, 44, 16, 2, 11, 55, 31, 15, 27, 
376, 63, 13, 28, 20, 11, 39, 31, 11, 29, 
376, 63, 12, 6, 17, 11, 55, 31, 15, 25, 
376, 63, 44, 6, 19, 9, 39, 31, 7, 21, 
376, 63, 12, 20, 48, 11, 55, 31, 15, 27, 
376, 59, 12, 20, 24, 9, 55, 31, 15, 27, 
376, 63, 13, 28, 20, 11, 39, 31, 43, 25, 
376, 63, 13, 4, 23, 11, 39, 31, 15, 29, 
376, 63, 13, 28, 4, 9, 39, 31, 15, 27, 
376, 63, 13, 28, 20, 9, 39, 31, 11, 58, 
376, 63, 12, 20, 28, 9, 39, 31, 31, 27, 
376, 63, 13, 28, 22, 11, 39, 31, 31, 29, 
376, 63, 13, 0, 21, 15, 47, 31, 11, 13, 
376, 63, 13, 20, 4, 11, 55, 31, 15, 29, 
376, 63, 13, 28, 4, 9, 39, 31, 15, 26, 
376, 59, 13, 30, 20, 8, 38, 31, 47, 27, 
376, 63, 13, 12, 22, 11, 39, 31, 31, 26, 
376, 55, 13, 30, 20, 8, 38, 31, 47, 27, 
376, 63, 13, 28, 20, 8, 39, 31, 63, 29, 
376, 63, 13, 0, 21, 11, 55, 31, 15, 29, 
376, 63, 13, 20, 4, 9, 39, 31, 11, 13, 
376, 63, 12, 12, 22, 11, 39, 31, 31, 27, 
376, 63, 13, 26, 22, 8, 38, 31, 63, 19, 
376, 63, 13, 36, 22, 10, 39, 31, 31, 29, 
376, 63, 13, 0, 20, 11, 55, 31, 15, 29, 
376, 55, 13, 12, 22, 11, 39, 31, 11, 13, 
376, 63, 12, 12, 18, 9, 38, 23, 63, 19, 
376, 55, 13, 36, 55, 10, 39, 31, 31, 17, 
376, 63, 13, 36, 18, 10, 39, 31, 15, 29, 
376, 63, 12, 8, 22, 11, 39, 31, 15, 29, 
376, 63, 13, 32, 20, 11, 55, 31, 31, 23, 
376, 63, 12, 12, 18, 9, 39, 31, 11, 29, 
376, 63, 4, 38, 24, 8, 39, 31, 47, 24, 
376, 63, 12, 8, 22, 11, 39, 27, 15, 29, 
376, 55, 13, 36, 55, 10, 39, 31, 15, 29, 
376, 55, 13, 36, 62, 10, 39, 29, 15, 29, 
376, 63, 4, 8, 16, 8, 39, 31, 11, 60, 
376, 63, 12, 12, 18, 9, 39, 31, 47, 29, 
376, 63, 12, 12, 22, 9, 39, 25, 13, 29, 
376, 63, 13, 0, 22, 8, 39, 31, 11, 28, 
376, 55, 12, 14, 18, 13, 39, 31, 47, 29, 
376, 63, 4, 12, 18, 9, 55, 23, 63, 29, 
376, 63, 4, 14, 17, 9, 47, 31, 43, 60, 
376, 63, 12, 12, 16, 9, 39, 29, 15, 60, 
376, 63, 4, 8, 22, 8, 39, 25, 45, 29, 
376, 63, 4, 14, 26, 13, 39, 31, 47, 17, 
376, 63, 4, 8, 18, 9, 47, 31, 43, 60, 
376, 63, 4, 6, 18, 9, 63, 23, 63, 24, 
376, 63, 4, 14, 17, 9, 55, 23, 63, 57, 
376, 63, 4, 12, 18, 9, 39, 23, 31, 29, 
376, 63, 4, 8, 22, 8, 55, 27, 45, 29, 
376, 63, 4, 8, 18, 9, 47, 31, 63, 24, 
376, 63, 4, 0, 18, 9, 15, 31, 39, 56, 
376, 63, 4, 0, 19, 11, 39, 31, 39, 60, 
376, 63, 4, 8, 50, 9, 39, 23, 31, 29, 
376, 63, 4, 12, 19, 9, 55, 23, 15, 61, 
376, 63, 4, 10, 18, 9, 15, 31, 61, 24, 
376, 63, 12, 12, 16, 9, 13, 31, 39, 56, 
376, 55, 4, 8, 50, 9, 39, 27, 35, 24, 
376, 63, 4, 12, 18, 9, 47, 31, 31, 28, 
376, 63, 12, 8, 18, 9, 47, 31, 61, 29, 
376, 63, 4, 10, 0, 9, 13, 31, 39, 56, 
376, 63, 12, 12, 18, 9, 13, 31, 55, 10, 
376, 55, 4, 10, 18, 9, 15, 27, 35, 16, 
376, 59, 4, 14, 18, 9, 47, 27, 63, 24, 
376, 63, 4, 40, 18, 9, 47, 31, 61, 13, 
376, 55, 4, 14, 19, 9, 13, 31, 55, 26, 
376, 55, 4, 10, 0, 9, 47, 27, 35, 16, 
376, 55, 4, 42, 0, 9, 15, 31, 39, 16, 
376, 63, 4, 10, 0, 9, 63, 27, 63, 16, 
376, 63, 4, 14, 0, 11, 15, 29, 63, 25, 
376, 55, 4, 14, 19, 9, 43, 31, 55, 16, 
376, 55, 20, 14, 17, 9, 43, 31, 35, 16, 
376, 63, 4, 10, 0, 11, 13, 31, 37, 16, 
376, 55, 4, 42, 0, 9, 13, 31, 55, 26, 
376, 63, 4, 14, 19, 9, 13, 31, 61, 18, 
376, 55, 20, 14, 17, 9, 43, 31, 35, 16, 
376, 55, 4, 14, 19, 13, 43, 29, 35, 16, 
376, 55, 20, 14, 19, 9, 42, 29, 39, 16, 
376, 55, 4, 10, 2, 5, 41, 31, 55, 18, 
376, 63, 4, 11, 0, 11, 30, 31, 53, 16, 
376, 55, 22, 30, 19, 13, 35, 29, 51, 16, 
376, 54, 4, 12, 17, 9, 43, 31, 34, 16, 
376, 55, 4, 31, 19, 5, 43, 29, 34, 16, 
376, 55, 20, 14, 51, 9, 42, 29, 39, 16, 
376, 53, 20, 15, 1, 11, 14, 31, 57, 16, 
376, 55, 22, 4, 17, 13, 43, 31, 42, 16, 
376, 55, 2, 12, 19, 13, 35, 31, 34, 20, 
376, 55, 22, 14, 27, 13, 50, 29, 39, 16, 
376, 55, 22, 30, 51, 13, 38, 29, 51, 16, 
376, 55, 20, 30, 19, 12, 42, 29, 55, 0, 
376, 55, 22, 6, 17, 13, 43, 31, 42, 24, 
376, 55, 22, 4, 1, 13, 43, 31, 50, 16, 
376, 55, 22, 6, 10, 13, 50, 29, 35, 52, 
376, 55, 30, 6, 17, 13, 38, 29, 34, 16, 
376, 55, 22, 30, 51, 5, 38, 29, 51, 16, 
376, 55, 22, 6, 17, 13, 42, 29, 34, 16, 
376, 55, 20, 6, 49, 13, 43, 29, 34, 24, 
376, 55, 22, 6, 10, 13, 50, 29, 35, 52, 
376, 55, 30, 4, 17, 13, 46, 31, 50, 16, 
376, 55, 22, 4, 17, 13, 35, 23, 34, 16, 
376, 55, 22, 4, 21, 13, 42, 29, 34, 24, 
376, 55, 20, 6, 49, 9, 43, 31, 34, 24, 
376, 55, 22, 6, 17, 13, 34, 31, 34, 20, 
376, 55, 30, 4, 17, 15, 34, 29, 50, 20, 
376, 55, 22, 6, 21, 13, 42, 31, 34, 24, 
376, 55, 22, 4, 21, 9, 42, 29, 34, 24, 
376, 55, 22, 36, 21, 9, 42, 29, 34, 24, 
376, 54, 22, 6, 49, 13, 46, 31, 34, 28, 
376, 55, 22, 6, 21, 13, 42, 31, 34, 24, 
376, 53, 30, 4, 21, 9, 42, 29, 34, 24, 
376, 54, 22, 4, 53, 13, 42, 31, 34, 28, 
376, 55, 22, 6, 53, 13, 42, 31, 34, 24, 
376, 55, 22, 6, 21, 9, 42, 29, 34, 24, 
376, 55, 22, 4, 53, 8, 42, 29, 34, 24, 
376, 55, 30, 4, 21, 11, 42, 29, 34, 24, 
376, 54, 22, 4, 53, 13, 42, 31, 34, 24, 
376, 55, 22, 6, 53, 13, 40, 31, 34, 24, 
376, 54, 22, 36, 21, 8, 58, 29, 34, 24, 
376, 55, 22, 4, 53, 8, 39, 29, 34, 24, 
376, 54, 22, 6, 52, 11, 56, 31, 34, 24, 
376, 55, 22, 39, 53, 13, 42, 31, 34, 24, 
376, 54, 22, 4, 53, 8, 58, 29, 34, 24, 
376, 54, 22, 36, 49, 13, 42, 31, 34, 48, 
376, 54, 22, 36, 53, 8, 58, 31, 34, 48, 
376, 50, 22, 4, 53, 9, 38, 29, 34, 24, 
376, 55, 23, 36, 49, 13, 42, 31, 42, 48, 
376, 55, 20, 36, 53, 8, 50, 31, 34, 48, 
376, 54, 22, 37, 53, 8, 58, 31, 34, 16, 
376, 55, 22, 34, 53, 9, 38, 29, 34, 24, 
376, 54, 22, 4, 49, 9, 34, 31, 34, 48, 
376, 55, 23, 36, 51, 8, 50, 31, 38, 48, 
376, 55, 22, 32, 53, 9, 56, 31, 42, 48, 
376, 55, 21, 38, 53, 13, 42, 29, 42, 48, 
376, 55, 20, 37, 49, 10, 42, 31, 42, 16, 
376, 55, 22, 37, 33, 14, 58, 31, 42, 22, 
376, 55, 22, 0, 53, 9, 56, 31, 42, 48, 
376, 55, 22, 36, 63, 12, 48, 31, 42, 48, 
376, 55, 23, 36, 51, 8, 30, 29, 58, 48, 
376, 55, 21, 38, 53, 9, 42, 29, 38, 56, 
376, 55, 20, 36, 49, 8, 34, 31, 42, 24, 
376, 55, 22, 0, 53, 9, 57, 31, 34, 16, 
376, 55, 22, 34, 53, 9, 56, 31, 42, 48, 
376, 55, 22, 32, 23, 13, 48, 31, 42, 48, 
376, 55, 22, 32, 53, 9, 26, 29, 26, 48, 
376, 55, 22, 0, 53, 9, 56, 31, 38, 56, 
376, 55, 22, 0, 53, 9, 56, 27, 42, 48, 
376, 53, 22, 32, 53, 9, 57, 31, 46, 48, 
376, 55, 22, 0, 53, 9, 57, 31, 34, 0, 
376, 55, 22, 0, 53, 13, 48, 31, 42, 48, 
376, 55, 22, 0, 53, 13, 49, 31, 40, 48, 
376, 55, 20, 32, 53, 9, 56, 31, 46, 16, 
376, 55, 22, 8, 53, 9, 59, 31, 34, 0, 
376, 55, 20, 0, 55, 9, 56, 27, 42, 16, 
376, 55, 22, 32, 53, 13, 48, 31, 42, 48, 
376, 55, 14, 0, 53, 9, 56, 27, 42, 48, 
376, 55, 22, 16, 53, 9, 56, 31, 34, 0, 
376, 55, 22, 0, 53, 9, 51, 31, 42, 0, 
376, 55, 20, 32, 55, 9, 56, 27, 46, 16, 
376, 55, 22, 32, 53, 9, 48, 31, 42, 48, 
376, 55, 20, 32, 53, 13, 56, 31, 46, 16, 
376, 55, 22, 24, 53, 9, 49, 31, 46, 0, 
376, 55, 23, 32, 63, 9, 48, 31, 34, 0, 
376, 55, 22, 16, 53, 9, 56, 27, 46, 16, 
376, 55, 22, 0, 53, 9, 56, 31, 42, 0, 
376, 55, 22, 32, 55, 11, 48, 27, 36, 0, 
376, 63, 22, 2, 55, 9, 48, 31, 42, 0, 
376, 54, 22, 8, 52, 9, 53, 27, 62, 16, 
376, 63, 20, 24, 53, 9, 57, 27, 46, 0, 
376, 55, 22, 16, 53, 9, 57, 27, 58, 0, 
376, 55, 30, 0, 53, 9, 57, 31, 38, 0, 
376, 63, 22, 2, 55, 9, 48, 31, 10, 16, 
376, 63, 22, 2, 55, 9, 48, 31, 62, 16, 
376, 55, 22, 8, 53, 9, 49, 31, 34, 16, 
376, 63, 22, 2, 55, 9, 48, 31, 46, 0, 
376, 55, 22, 16, 53, 9, 48, 29, 44, 1, 
376, 57, 23, 10, 55, 9, 48, 31, 60, 16, 
376, 63, 22, 0, 55, 9, 48, 31, 10, 24, 
376, 63, 20, 2, 55, 9, 32, 31, 14, 18, 
376, 63, 31, 2, 55, 9, 48, 31, 14, 16, 
376, 63, 22, 2, 23, 9, 48, 31, 3, 16, 
376, 57, 23, 10, 63, 9, 48, 31, 10, 16, 
376, 59, 23, 10, 55, 9, 48, 31, 10, 8, 
376, 57, 23, 2, 55, 11, 32, 31, 6, 18, 
376, 57, 23, 14, 55, 9, 52, 31, 12, 18, 
376, 57, 20, 2, 55, 9, 56, 31, 61, 50, 
376, 57, 23, 26, 51, 9, 49, 31, 10, 24, 
376, 58, 21, 10, 63, 9, 48, 31, 10, 0, 
376, 57, 23, 2, 39, 11, 32, 23, 6, 18, 
376, 57, 23, 2, 23, 9, 48, 31, 14, 0, 
376, 57, 23, 10, 63, 9, 32, 27, 12, 18, 
376, 57, 21, 26, 51, 9, 49, 31, 10, 0, 
376, 57, 23, 26, 59, 9, 49, 31, 10, 0, 
376, 56, 31, 10, 59, 9, 32, 31, 10, 24, 
376, 57, 21, 26, 55, 9, 48, 31, 10, 24, 
376, 57, 23, 2, 39, 11, 36, 23, 6, 26, 
376, 57, 23, 26, 51, 9, 49, 31, 11, 16, 
376, 57, 22, 14, 59, 9, 49, 31, 10, 0, 
376, 57, 21, 30, 59, 9, 40, 29, 10, 24, 
376, 56, 31, 10, 59, 13, 33, 31, 10, 16, 
376, 57, 20, 26, 55, 9, 48, 23, 14, 24, 
376, 57, 23, 30, 59, 11, 53, 31, 10, 16, 
376, 57, 21, 31, 27, 9, 40, 29, 10, 56, 
376, 57, 21, 30, 59, 9, 40, 29, 10, 24, 
376, 57, 23, 26, 51, 9, 41, 31, 10, 28, 
376, 56, 31, 10, 59, 13, 49, 31, 10, 18, 
376, 53, 23, 14, 58, 11, 42, 29, 14, 56, 
376, 57, 23, 30, 59, 9, 53, 31, 10, 24, 
376, 57, 23, 30, 35, 11, 33, 29, 26, 16, 
376, 57, 22, 27, 61, 11, 41, 31, 10, 28, 
376, 57, 23, 30, 59, 11, 53, 31, 10, 28, 
376, 57, 23, 31, 63, 9, 53, 31, 10, 24, 
376, 49, 23, 14, 41, 11, 19, 27, 10, 24, 
376, 53, 23, 14, 58, 11, 53, 31, 11, 28, 
376, 57, 23, 30, 35, 11, 37, 29, 27, 16, 
376, 57, 22, 19, 63, 9, 59, 31, 10, 28, 
376, 59, 23, 31, 39, 9, 53, 27, 42, 24, 
376, 57, 23, 14, 58, 9, 61, 31, 11, 28, 
376, 53, 31, 14, 59, 11, 53, 31, 14, 24, 
376, 63, 22, 15, 62, 9, 53, 31, 10, 24, 
376, 57, 23, 31, 63, 9, 53, 31, 27, 48, 
376, 59, 23, 30, 58, 9, 61, 31, 11, 28, 
376, 56, 31, 31, 59, 9, 52, 27, 58, 24, 
376, 59, 23, 31, 39, 11, 53, 31, 14, 24, 
376, 55, 31, 31, 59, 13, 53, 31, 38, 8, 
376, 63, 20, 13, 62, 9, 53, 21, 10, 12, 
376, 59, 23, 28, 58, 9, 52, 27, 58, 16, 
376, 63, 23, 30, 34, 9, 53, 31, 11, 24, 
376, 59, 23, 30, 55, 11, 61, 31, 15, 28, 
376, 59, 23, 31, 58, 9, 61, 29, 14, 12, 
376, 59, 23, 30, 62, 9, 61, 31, 10, 8, 
376, 59, 23, 28, 50, 9, 53, 31, 11, 25, 
376, 63, 23, 30, 42, 9, 52, 31, 59, 26, 
376, 59, 23, 28, 27, 11, 53, 31, 15, 28, 
376, 57, 23, 30, 55, 11, 53, 31, 15, 28, 
376, 58, 23, 30, 62, 9, 52, 31, 47, 56, 
376, 59, 23, 30, 42, 9, 52, 21, 59, 26, 
376, 59, 23, 28, 50, 9, 53, 31, 59, 26, 
376, 59, 23, 30, 42, 9, 52, 31, 57, 27, 
376, 63, 23, 28, 42, 9, 53, 31, 59, 8, 
376, 58, 23, 28, 27, 11, 53, 31, 15, 28, 
376, 59, 23, 28, 42, 9, 52, 21, 59, 26, 
376, 59, 23, 30, 42, 13, 52, 23, 59, 27, 
376, 59, 23, 30, 42, 5, 54, 29, 59, 30, 
376, 59, 23, 28, 35, 8, 53, 21, 59, 24, 
376, 59, 23, 30, 34, 11, 53, 31, 15, 28, 
376, 59, 23, 28, 42, 9, 52, 21, 59, 27, 
376, 57, 23, 27, 42, 13, 52, 23, 59, 27, 
376, 59, 23, 28, 42, 9, 52, 21, 27, 26, 
376, 59, 23, 28, 42, 9, 36, 29, 59, 28, 
376, 57, 23, 30, 43, 7, 54, 29, 59, 30, 
376, 59, 23, 20, 46, 9, 52, 23, 59, 27, 
376, 59, 23, 30, 42, 9, 53, 23, 59, 11, 
376, 57, 23, 27, 42, 9, 52, 21, 59, 27, 
376, 59, 23, 28, 42, 9, 32, 21, 59, 26, 
376, 59, 23, 29, 43, 9, 48, 21, 27, 26, 
376, 59, 23, 20, 46, 9, 49, 23, 59, 11, 
376, 59, 22, 28, 62, 9, 48, 23, 59, 19, 
376, 58, 23, 20, 42, 9, 52, 23, 59, 31, 
376, 57, 23, 23, 14, 9, 52, 23, 59, 31, 
376, 58, 23, 28, 42, 9, 32, 21, 59, 26, 
376, 59, 23, 22, 46, 9, 48, 23, 43, 17, 
376, 59, 21, 20, 62, 9, 48, 23, 59, 19, 
376, 59, 23, 20, 46, 9, 48, 23, 59, 27, 
376, 59, 23, 23, 46, 8, 52, 23, 59, 31, 
376, 59, 22, 22, 14, 9, 57, 23, 27, 13, 
376, 59, 22, 22, 46, 9, 48, 23, 59, 19, 
376, 59, 23, 22, 46, 9, 48, 23, 42, 17, 
376, 59, 22, 6, 46, 9, 48, 23, 57, 27, 
376, 59, 23, 20, 46, 9, 48, 23, 27, 25, 
376, 59, 22, 30, 46, 10, 52, 23, 59, 22, 
376, 59, 22, 22, 14, 8, 48, 23, 42, 17, 
376, 59, 22, 6, 46, 9, 48, 23, 57, 27, 
376, 59, 22, 4, 38, 9, 52, 23, 57, 23, 
376, 59, 22, 22, 14, 8, 48, 23, 27, 25, 
376, 59, 23, 22, 46, 9, 52, 23, 26, 27, 
376, 59, 22, 22, 14, 9, 48, 23, 57, 26, 
376, 59, 22, 22, 14, 8, 48, 23, 43, 26, 
376, 59, 22, 6, 14, 11, 48, 23, 59, 19, 
376, 59, 22, 22, 14, 8, 52, 23, 57, 3, 
376, 59, 23, 6, 14, 8, 48, 23, 24, 3, 
376, 59, 22, 22, 15, 8, 16, 23, 43, 26, 
376, 59, 22, 6, 30, 11, 50, 23, 59, 19, 
376, 59, 22, 22, 14, 9, 48, 23, 29, 18, 
376, 59, 22, 22, 14, 9, 48, 23, 58, 26, 
376, 59, 22, 22, 14, 9, 48, 23, 57, 3, 
376, 59, 22, 6, 14, 10, 18, 23, 59, 18, 
376, 43, 22, 22, 15, 8, 16, 23, 29, 18, 
376, 59, 30, 30, 14, 8, 49, 23, 45, 22, 
376, 57, 20, 23, 15, 8, 16, 23, 58, 58, 
376, 59, 22, 22, 15, 8, 32, 23, 10, 26, 
376, 59, 22, 6, 14, 10, 18, 23, 61, 18, 
376, 57, 22, 6, 10, 8, 16, 23, 29, 18, 
376, 57, 22, 23, 31, 9, 16, 23, 58, 58, 
376, 59, 22, 15, 15, 9, 20, 23, 59, 18, 
376, 59, 22, 31, 11, 8, 32, 23, 10, 26, 
376, 59, 22, 6, 2, 10, 16, 23, 28, 18, 
376, 59, 22, 4, 10, 10, 18, 27, 61, 18, 
376, 59, 22, 6, 14, 10, 16, 31, 61, 26, 
376, 59, 22, 6, 31, 12, 16, 23, 58, 58, 
376, 59, 22, 14, 14, 8, 22, 23, 59, 17, 
376, 59, 22, 38, 2, 10, 18, 27, 61, 18, 
376, 59, 22, 4, 10, 10, 18, 27, 61, 18, 
376, 63, 22, 5, 6, 10, 16, 31, 29, 18, 
376, 58, 22, 6, 6, 10, 16, 23, 52, 30, 
376, 57, 22, 6, 2, 10, 16, 23, 29, 18, 
376, 58, 22, 38, 14, 10, 18, 31, 53, 18, 
376, 58, 22, 4, 50, 10, 50, 27, 61, 18, 
376, 63, 30, 5, 6, 10, 16, 31, 29, 18, 
376, 59, 20, 36, 2, 8, 26, 27, 57, 18, 
376, 59, 22, 38, 12, 10, 18, 27, 60, 23, 
376, 58, 22, 38, 14, 10, 50, 27, 59, 22, 
376, 58, 22, 38, 15, 14, 18, 31, 57, 18, 
376, 58, 22, 34, 2, 8, 26, 31, 53, 18, 
376, 58, 22, 38, 14, 10, 18, 27, 60, 23, 
376, 57, 22, 5, 34, 11, 16, 31, 53, 18, 
376, 58, 22, 38, 5, 6, 19, 31, 57, 19, 
376, 58, 22, 34, 15, 14, 50, 31, 25, 18, 
376, 58, 22, 6, 46, 10, 19, 27, 60, 23, 
376, 58, 22, 38, 14, 10, 50, 27, 59, 18, 
376, 58, 22, 38, 10, 10, 50, 31, 52, 18, 
376, 58, 22, 38, 5, 6, 18, 31, 25, 18, 
376, 58, 22, 38, 5, 14, 50, 31, 25, 18, 
376, 58, 22, 38, 13, 6, 16, 31, 57, 19, 
376, 58, 22, 38, 37, 6, 55, 31, 25, 16, 
376, 58, 22, 38, 47, 14, 19, 27, 57, 23, 
376, 58, 23, 38, 5, 14, 50, 31, 25, 18, 
376, 58, 22, 38, 7, 6, 51, 31, 29, 18, 
376, 58, 22, 39, 1, 6, 18, 31, 57, 19, 
376, 58, 22, 38, 5, 6, 18, 31, 17, 18, 
376, 58, 22, 38, 5, 14, 50, 27, 61, 17, 
376, 58, 23, 38, 5, 6, 51, 31, 29, 18, 
376, 59, 23, 36, 7, 7, 49, 31, 31, 18, 
376, 58, 23, 38, 5, 6, 50, 31, 59, 18, 
376, 58, 23, 34, 4, 6, 50, 31, 17, 16, 
376, 58, 23, 38, 5, 10, 50, 31, 61, 17, 
376, 58, 23, 34, 7, 6, 49, 27, 6, 18, 
376, 58, 30, 36, 37, 7, 49, 31, 29, 18, 
376, 58, 23, 34, 5, 6, 50, 31, 59, 18, 
376, 58, 23, 38, 3, 6, 51, 31, 25, 18, 
376, 58, 23, 38, 5, 6, 50, 31, 43, 18, 
376, 50, 23, 2, 7, 7, 49, 27, 6, 2, 
376, 58, 30, 37, 5, 6, 49, 27, 30, 18, 
376, 50, 23, 32, 5, 6, 50, 27, 59, 19, 
376, 58, 23, 38, 3, 6, 51, 31, 25, 18, 
376, 58, 23, 32, 3, 6, 49, 27, 7, 18, 
376, 50, 23, 2, 7, 4, 49, 27, 30, 24, 
376, 56, 31, 1, 5, 7, 49, 27, 14, 18, 
376, 50, 22, 22, 7, 7, 49, 27, 11, 19, 
376, 50, 23, 32, 7, 6, 48, 27, 43, 19, 
376, 50, 23, 18, 7, 6, 51, 27, 55, 3, 
376, 50, 22, 2, 7, 4, 49, 27, 14, 26, 
376, 50, 23, 2, 1, 6, 17, 27, 30, 18, 
376, 50, 23, 2, 3, 5, 49, 27, 11, 19, 
376, 50, 23, 22, 7, 4, 51, 27, 27, 1, 
376, 50, 23, 2, 7, 6, 48, 27, 15, 19, 
376, 50, 22, 6, 39, 4, 49, 27, 15, 19, 
376, 50, 22, 34, 23, 6, 51, 27, 59, 25, 
376, 50, 23, 18, 7, 4, 49, 27, 10, 2, 
376, 50, 23, 22, 15, 4, 49, 27, 26, 0, 
376, 50, 22, 2, 7, 4, 33, 25, 15, 19, 
376, 50, 23, 18, 7, 4, 48, 27, 10, 2, 
376, 50, 22, 18, 7, 4, 49, 27, 26, 3, 
376, 50, 22, 6, 39, 4, 49, 27, 26, 0, 
376, 50, 22, 14, 39, 4, 49, 27, 26, 0, 
376, 50, 23, 6, 47, 4, 61, 27, 27, 0, 
376, 50, 22, 18, 7, 4, 49, 27, 26, 3, 
376, 48, 23, 22, 3, 4, 48, 27, 26, 0, 
376, 50, 23, 19, 7, 4, 48, 27, 10, 0, 
376, 50, 23, 18, 5, 4, 49, 27, 19, 0, 
376, 50, 23, 22, 7, 4, 52, 27, 10, 2, 
376, 48, 23, 22, 3, 4, 48, 27, 26, 0, 
376, 50, 22, 18, 30, 4, 33, 27, 10, 0, 
376, 50, 22, 19, 7, 4, 48, 27, 26, 2, 
376, 50, 23, 22, 7, 4, 57, 27, 19, 8, 
376, 50, 23, 18, 7, 4, 53, 27, 26, 3, 
376, 48, 23, 30, 7, 4, 33, 27, 14, 0, 
376, 48, 22, 22, 26, 4, 32, 25, 10, 8, 
376, 49, 23, 22, 7, 6, 48, 27, 27, 1, 
376, 48, 23, 22, 3, 4, 48, 27, 18, 8, 
376, 48, 23, 18, 7, 4, 53, 27, 2, 3, 
376, 48, 23, 22, 7, 4, 32, 25, 26, 8, 
376, 49, 22, 20, 30, 4, 33, 27, 10, 0, 
376, 48, 23, 30, 7, 6, 48, 27, 27, 1, 
376, 50, 23, 30, 6, 6, 32, 27, 27, 33, 
376, 49, 21, 30, 7, 4, 32, 27, 11, 0, 
376, 49, 22, 16, 28, 4, 33, 27, 26, 0, 
376, 48, 21, 22, 7, 4, 32, 27, 27, 4, 
376, 48, 23, 30, 7, 4, 48, 27, 11, 1, 
376, 48, 23, 22, 7, 6, 32, 27, 27, 8, 
376, 48, 23, 26, 6, 6, 32, 27, 58, 33, 
376, 49, 22, 16, 28, 4, 32, 27, 27, 28, 
376, 49, 22, 18, 28, 4, 33, 27, 27, 4, 
376, 48, 22, 18, 31, 4, 33, 27, 27, 16, 
376, 49, 22, 22, 7, 4, 52, 27, 11, 1, 
376, 49, 22, 20, 4, 4, 48, 27, 10, 0, 
376, 49, 22, 18, 28, 4, 32, 27, 27, 16, 
376, 48, 22, 18, 31, 4, 33, 27, 59, 24, 
376, 49, 22, 16, 28, 4, 48, 27, 11, 1, 
376, 49, 23, 22, 7, 4, 60, 27, 11, 1, 
376, 49, 22, 18, 7, 4, 36, 27, 15, 25, 
376, 49, 22, 22, 31, 4, 33, 27, 59, 24, 
376, 49, 22, 18, 28, 4, 32, 27, 27, 24, 
376, 48, 22, 2, 28, 4, 32, 27, 27, 16, 
376, 49, 22, 16, 28, 4, 48, 27, 3, 1, 
376, 49, 22, 24, 28, 4, 32, 27, 27, 17, 
376, 49, 22, 18, 28, 4, 32, 27, 27, 24, 
376, 49, 22, 6, 29, 4, 32, 27, 27, 24, 
376, 49, 22, 18, 31, 4, 32, 27, 26, 24, 
376, 49, 22, 22, 15, 4, 32, 27, 3, 0, 
376, 49, 22, 2, 31, 6, 32, 27, 11, 8, 
376, 49, 23, 6, 29, 4, 32, 27, 27, 24, 
376, 49, 22, 18, 29, 5, 33, 27, 27, 26, 
376, 49, 22, 22, 13, 4, 32, 27, 27, 24, 
376, 49, 22, 22, 25, 4, 32, 27, 27, 24, 
376, 53, 23, 19, 29, 4, 40, 27, 26, 56, 
376, 49, 23, 6, 29, 4, 32, 27, 27, 26, 
376, 49, 22, 18, 29, 5, 33, 27, 27, 10, 
376, 49, 23, 18, 60, 5, 32, 27, 27, 24, 
376, 49, 23, 6, 29, 4, 32, 27, 27, 16, 
376, 49, 22, 6, 29, 4, 32, 27, 27, 56, 
376, 49, 23, 6, 29, 4, 32, 27, 59, 10, 
376, 49, 23, 22, 29, 5, 40, 27, 25, 27, 
376, 49, 23, 38, 29, 4, 32, 27, 27, 24, 
376, 49, 23, 22, 25, 4, 17, 27, 27, 48, 
376, 48, 23, 6, 25, 4, 48, 27, 27, 60, 
376, 49, 23, 6, 29, 4, 34, 27, 25, 27, 
376, 49, 23, 6, 29, 4, 40, 27, 57, 11, 
376, 49, 23, 6, 29, 5, 32, 27, 57, 10, 
376, 48, 31, 2, 29, 4, 32, 27, 27, 24, 
376, 49, 23, 6, 29, 4, 32, 27, 51, 8, 
376, 49, 23, 6, 29, 4, 56, 27, 61, 11, 
376, 49, 23, 6, 29, 4, 32, 27, 57, 11, 
376, 48, 23, 6, 29, 5, 32, 27, 57, 11, 
376, 49, 21, 6, 29, 4, 32, 25, 25, 26, 
376, 49, 23, 6, 29, 4, 34, 27, 11, 24, 
378, 49, 53, 22, 31, 4, 32, 25, 9, 18, 
376, 49, 23, 6, 29, 4, 32, 27, 57, 11, 
376, 49, 23, 6, 29, 4, 48, 27, 61, 11, 
376, 49, 23, 6, 29, 4, 48, 25, 25, 24, 
376, 49, 23, 6, 31, 4, 58, 27, 31, 10, 
378, 49, 53, 22, 31, 4, 48, 25, 25, 58, 
376, 49, 21, 6, 31, 4, 32, 27, 25, 27, 
376, 49, 23, 22, 29, 5, 48, 25, 25, 24, 
376, 53, 23, 2, 29, 4, 48, 27, 61, 11, 
376, 48, 23, 38, 29, 4, 60, 27, 61, 11, 
378, 49, 53, 22, 31, 4, 49, 25, 25, 27, 
376, 49, 21, 6, 31, 4, 40, 27, 29, 24, 
376, 48, 23, 2, 29, 4, 48, 27, 63, 11, 
376, 53, 23, 6, 31, 4, 32, 27, 57, 11, 
376, 49, 21, 6, 29, 6, 36, 27, 61, 11, 
378, 49, 53, 22, 31, 6, 36, 25, 57, 11, 
376, 49, 23, 23, 31, 4, 48, 27, 57, 11, 
376, 49, 21, 6, 31, 4, 32, 27, 57, 11, 
376, 53, 23, 6, 31, 4, 40, 27, 25, 24, 
376, 53, 21, 23, 63, 6, 36, 27, 45, 11, 
378, 49, 53, 23, 31, 2, 36, 25, 49, 11, 
378, 49, 53, 30, 63, 6, 36, 25, 24, 59, 
378, 49, 53, 22, 31, 6, 44, 25, 57, 24, 
376, 49, 23, 23, 31, 6, 16, 27, 57, 11, 
376, 48, 23, 6, 23, 4, 36, 27, 41, 11, 
378, 49, 53, 30, 63, 6, 32, 25, 56, 43, 
378, 49, 53, 23, 31, 6, 44, 25, 57, 24, 
378, 49, 53, 23, 31, 2, 36, 25, 49, 24, 
378, 49, 53, 22, 31, 2, 36, 25, 49, 11, 
376, 57, 23, 22, 31, 6, 36, 25, 41, 24, 
378, 49, 53, 30, 31, 4, 32, 25, 57, 56, 
378, 49, 53, 23, 31, 6, 12, 25, 49, 26, 
378, 49, 53, 23, 31, 6, 36, 25, 49, 24, 
378, 49, 53, 22, 15, 2, 44, 25, 17, 26, 
378, 49, 53, 23, 31, 6, 44, 25, 41, 24, 
378, 49, 53, 30, 31, 4, 32, 25, 57, 24, 
378, 49, 53, 30, 31, 4, 44, 25, 49, 26, 
378, 49, 53, 20, 31, 4, 36, 25, 25, 26, 
378, 49, 53, 22, 31, 6, 44, 25, 41, 30, 
378, 49, 53, 22, 31, 2, 32, 25, 41, 57, 
378, 49, 53, 30, 31, 4, 32, 25, 25, 26, 
378, 49, 53, 23, 31, 6, 44, 25, 41, 30, 
378, 49, 53, 22, 31, 2, 40, 25, 25, 25, 
378, 49, 53, 30, 30, 6, 38, 25, 41, 24, 
378, 49, 53, 30, 31, 4, 60, 25, 41, 30, 
378, 49, 53, 23, 31, 6, 44, 25, 43, 31, 
378, 49, 53, 23, 31, 6, 36, 25, 57, 26, 
378, 49, 53, 30, 31, 4, 32, 25, 25, 25, 
378, 49, 53, 30, 31, 4, 48, 25, 9, 30, 
378, 49, 53, 21, 31, 2, 44, 25, 40, 30, 
378, 49, 53, 19, 31, 6, 44, 25, 57, 26, 
378, 49, 53, 23, 31, 4, 36, 25, 59, 27, 
378, 49, 53, 23, 23, 6, 44, 25, 59, 26, 
378, 49, 53, 30, 31, 6, 44, 25, 57, 25, 
378, 49, 53, 23, 31, 6, 44, 25, 1, 30, 
378, 49, 53, 23, 31, 6, 36, 25, 27, 27, 
378, 49, 53, 19, 31, 6, 44, 25, 57, 25, 
378, 49, 53, 19, 15, 6, 44, 25, 59, 42, 
378, 49, 53, 23, 31, 6, 40, 25, 17, 26, 
378, 49, 53, 22, 23, 6, 44, 25, 1, 30, 
378, 49, 53, 27, 31, 6, 38, 25, 57, 25, 
378, 49, 53, 19, 14, 6, 12, 25, 59, 42, 
378, 49, 53, 22, 31, 6, 44, 25, 3, 26, 
378, 49, 53, 19, 31, 6, 40, 25, 17, 26, 
378, 49, 53, 23, 31, 6, 40, 25, 17, 58, 
378, 49, 53, 27, 31, 6, 38, 25, 59, 42, 
378, 49, 53, 19, 29, 6, 36, 25, 19, 24, 
378, 49, 53, 19, 15, 6, 40, 25, 17, 26, 
378, 49, 53, 11, 31, 6, 34, 25, 49, 24, 
378, 49, 53, 31, 31, 6, 40, 25, 16, 58, 
378, 49, 53, 27, 31, 6, 36, 25, 19, 24, 
378, 49, 53, 27, 31, 6, 40, 25, 21, 18, 
378, 49, 53, 27, 31, 6, 40, 25, 17, 26, 
378, 49, 53, 27, 30, 6, 40, 25, 63, 26, 
378, 49, 53, 11, 31, 6, 34, 25, 51, 10, 
378, 49, 53, 27, 31, 4, 32, 25, 21, 2, 
378, 49, 53, 27, 31, 2, 36, 25, 19, 18, 
378, 49, 53, 27, 31, 6, 12, 25, 19, 28, 
378, 49, 53, 26, 31, 6, 32, 25, 31, 26, 
378, 49, 53, 27, 31, 2, 44, 25, 17, 24, 
378, 49, 53, 19, 31, 2, 48, 25, 21, 2, 
378, 49, 53, 27, 31, 4, 32, 25, 19, 28, 
378, 49, 53, 27, 29, 4, 0, 25, 19, 56, 
378, 49, 53, 27, 31, 4, 40, 25, 17, 6, 
378, 49, 53, 26, 31, 6, 48, 25, 19, 8, 
378, 49, 53, 19, 31, 4, 33, 25, 27, 28, 
378, 49, 53, 27, 29, 4, 0, 25, 19, 56, 
378, 49, 53, 19, 31, 2, 32, 25, 17, 32, 
378, 49, 52, 27, 25, 4, 40, 25, 17, 6, 
378, 49, 53, 31, 31, 4, 40, 25, 16, 6, 
378, 49, 53, 19, 31, 4, 0, 25, 3, 56, 
378, 49, 53, 11, 31, 4, 32, 25, 19, 52, 
378, 49, 53, 19, 31, 4, 32, 25, 24, 56, 
378, 49, 53, 19, 31, 4, 33, 25, 27, 30, 
378, 49, 53, 31, 31, 4, 42, 25, 16, 6, 
378, 49, 53, 11, 31, 4, 32, 25, 18, 36, 
378, 49, 53, 19, 31, 4, 36, 25, 29, 60, 
378, 49, 53, 19, 31, 4, 0, 25, 11, 58, 
378, 49, 53, 19, 63, 4, 9, 25, 27, 62, 
378, 49, 52, 19, 31, 4, 0, 25, 27, 28, 
378, 49, 53, 11, 31, 6, 36, 25, 30, 44, 
378, 49, 53, 11, 31, 4, 32, 25, 19, 58, 
378, 49, 53, 19, 31, 4, 0, 25, 26, 58, 
378, 49, 53, 9, 63, 4, 34, 25, 23, 52, 
378, 49, 53, 17, 31, 4, 2, 25, 11, 58, 
378, 49, 53, 11, 31, 6, 32, 25, 59, 34, 
378, 49, 53, 9, 63, 4, 34, 25, 22, 52, 
378, 49, 53, 15, 62, 4, 34, 25, 22, 54, 
378, 49, 53, 11, 63, 4, 2, 25, 11, 59, 
378, 49, 52, 19, 31, 6, 18, 25, 10, 56, 
378, 49, 53, 11, 31, 6, 32, 25, 62, 4, 
378, 49, 53, 11, 31, 4, 38, 25, 20, 52, 
378, 49, 53, 11, 31, 6, 33, 25, 58, 54, 
378, 49, 53, 11, 31, 4, 2, 25, 11, 59, 
378, 49, 53, 11, 31, 4, 40, 25, 35, 3, 
378, 49, 53, 9, 27, 6, 32, 25, 20, 36, 
378, 49, 53, 11, 31, 4, 32, 25, 62, 4, 
378, 49, 53, 11, 31, 6, 38, 25, 54, 4, 
378, 49, 53, 11, 31, 6, 32, 25, 58, 38, 
378, 49, 53, 9, 31, 4, 0, 25, 10, 14, 
378, 49, 53, 9, 11, 6, 36, 25, 62, 4, 
378, 49, 53, 15, 27, 6, 48, 25, 20, 36, 
378, 49, 53, 9, 27, 6, 32, 25, 62, 38, 
378, 49, 53, 25, 27, 6, 32, 25, 2, 46, 
378, 49, 53, 9, 27, 6, 0, 25, 6, 46, 
378, 49, 53, 9, 27, 6, 48, 25, 16, 36, 
378, 49, 53, 9, 7, 6, 54, 25, 54, 36, 
378, 49, 53, 11, 27, 6, 48, 25, 22, 36, 
378, 49, 53, 11, 11, 6, 36, 25, 62, 38, 
378, 49, 53, 9, 27, 6, 0, 25, 6, 36, 
378, 49, 53, 9, 15, 6, 22, 25, 54, 36, 
378, 49, 53, 9, 3, 6, 53, 25, 20, 36, 
378, 49, 53, 11, 27, 2, 52, 25, 20, 36, 
378, 49, 53, 9, 23, 6, 50, 25, 54, 36, 
378, 49, 53, 8, 7, 6, 54, 25, 62, 38, 
378, 49, 53, 9, 7, 6, 53, 25, 28, 36, 
378, 49, 53, 9, 15, 6, 52, 25, 22, 36, 
378, 49, 53, 9, 15, 6, 22, 25, 20, 44, 
378, 49, 53, 9, 11, 2, 48, 25, 20, 36, 
378, 49, 53, 13, 15, 6, 54, 25, 55, 36, 
378, 49, 53, 9, 7, 6, 53, 25, 28, 36, 
378, 49, 53, 9, 23, 6, 54, 25, 62, 36, 
378, 49, 53, 9, 15, 6, 22, 25, 20, 44, 
378, 49, 53, 9, 15, 6, 22, 25, 20, 38, 
378, 49, 53, 25, 15, 6, 52, 25, 20, 36, 
378, 49, 53, 9, 7, 6, 54, 25, 62, 36, 
378, 49, 52, 9, 23, 6, 53, 25, 30, 36, 
378, 49, 53, 9, 7, 6, 54, 25, 20, 60, 
378, 49, 53, 9, 7, 6, 23, 25, 20, 36, 
378, 49, 53, 9, 15, 6, 52, 25, 20, 46, 
378, 49, 53, 8, 23, 6, 53, 25, 30, 4, 
378, 49, 53, 9, 7, 6, 52, 25, 28, 60, 
378, 49, 53, 9, 7, 6, 54, 25, 62, 38, 
378, 49, 52, 9, 31, 6, 53, 25, 20, 44, 
378, 49, 52, 9, 23, 6, 53, 25, 20, 46, 
378, 49, 53, 9, 7, 6, 53, 25, 30, 28, 
378, 49, 53, 8, 23, 6, 54, 25, 62, 38, 
378, 49, 52, 9, 31, 6, 53, 25, 20, 44, 
378, 49, 52, 8, 23, 6, 55, 25, 30, 36, 
378, 49, 53, 9, 7, 6, 52, 25, 28, 62, 
378, 49, 53, 8, 23, 6, 54, 25, 62, 14, 
378, 49, 53, 12, 7, 2, 53, 25, 20, 60, 
378, 49, 53, 9, 31, 6, 53, 25, 30, 44, 
378, 49, 53, 9, 15, 6, 55, 25, 30, 33, 
378, 49, 53, 9, 7, 2, 49, 25, 28, 14, 
378, 49, 53, 12, 23, 6, 52, 25, 20, 62, 
378, 49, 53, 9, 31, 6, 53, 25, 30, 45, 
378, 49, 53, 9, 7, 6, 63, 25, 58, 14, 
378, 49, 53, 8, 23, 2, 53, 25, 28, 60, 
378, 49, 53, 12, 15, 6, 55, 25, 30, 45, 
378, 49, 53, 9, 23, 6, 53, 25, 20, 44, 
378, 49, 53, 12, 23, 2, 53, 25, 28, 60, 
378, 49, 53, 10, 51, 2, 53, 25, 28, 62, 
378, 49, 53, 12, 15, 6, 55, 25, 30, 45, 
378, 49, 53, 9, 31, 6, 53, 25, 30, 46, 
378, 49, 53, 8, 23, 2, 53, 25, 28, 60, 
378, 49, 53, 11, 55, 6, 53, 25, 28, 44, 
378, 49, 53, 9, 23, 4, 53, 25, 30, 45, 
378, 49, 53, 13, 7, 6, 55, 25, 20, 45, 
378, 49, 53, 9, 7, 6, 55, 25, 30, 45, 
378, 49, 53, 11, 55, 6, 53, 25, 28, 44, 
378, 49, 53, 8, 23, 2, 53, 25, 29, 44, 
378, 49, 53, 10, 63, 2, 53, 25, 28, 45, 
378, 49, 53, 10, 23, 6, 53, 25, 29, 44, 
378, 49, 53, 9, 23, 4, 49, 25, 30, 45, 
381, 48, 61, 10, 62, 2, 48, 29, 29, 44, 
378, 49, 53, 10, 21, 6, 53, 25, 29, 12, 
378, 49, 53, 9, 23, 4, 33, 25, 30, 45, 
378, 49, 53, 9, 23, 4, 17, 25, 28, 45, 
378, 49, 53, 11, 23, 4, 53, 25, 30, 60, 
381, 48, 61, 10, 62, 2, 48, 29, 30, 44, 
381, 48, 61, 10, 62, 2, 56, 29, 28, 45, 
378, 49, 53, 11, 19, 4, 9, 25, 30, 13, 
378, 49, 53, 10, 55, 6, 53, 25, 28, 44, 
378, 49, 52, 9, 31, 4, 35, 25, 30, 47, 
381, 48, 61, 10, 62, 2, 56, 29, 30, 44, 
381, 48, 61, 10, 30, 2, 48, 29, 30, 47, 
378, 49, 53, 27, 21, 6, 53, 25, 28, 40, 
378, 49, 53, 9, 31, 2, 35, 25, 30, 47, 
377, 49, 61, 10, 63, 6, 56, 29, 30, 44, 
381, 48, 61, 10, 30, 2, 48, 29, 14, 39, 
381, 48, 61, 10, 30, 2, 48, 29, 30, 47, 
381, 48, 61, 10, 62, 6, 56, 29, 30, 45, 
381, 48, 61, 10, 63, 6, 56, 29, 30, 44, 
381, 48, 61, 30, 63, 6, 56, 29, 30, 44, 
381, 48, 61, 10, 30, 2, 48, 29, 31, 63, 
381, 48, 61, 10, 30, 2, 48, 29, 14, 45, 
381, 48, 61, 26, 63, 6, 58, 29, 30, 44, 
381, 48, 61, 10, 63, 2, 56, 29, 30, 37, 
381, 48, 61, 14, 30, 2, 48, 29, 14, 44, 
381, 48, 61, 26, 30, 2, 48, 29, 15, 45, 
381, 48, 61, 10, 30, 2, 48, 29, 7, 59, 
381, 48, 61, 10, 62, 2, 56, 29, 30, 37, 
381, 48, 61, 10, 30, 2, 50, 29, 14, 44, 
381, 48, 61, 26, 63, 2, 50, 29, 30, 12, 
381, 48, 61, 26, 30, 6, 48, 29, 7, 59, 
381, 48, 61, 10, 30, 2, 48, 29, 23, 63, 
381, 48, 61, 26, 31, 2, 48, 29, 47, 44, 
381, 48, 61, 8, 62, 2, 56, 29, 30, 53, 
381, 48, 61, 14, 62, 2, 56, 29, 30, 37, 
381, 48, 61, 26, 30, 2, 48, 29, 23, 59, 
381, 48, 61, 10, 30, 6, 48, 29, 47, 47, 
381, 48, 61, 9, 62, 2, 52, 29, 30, 63, 
381, 48, 61, 10, 28, 6, 16, 29, 13, 59, 
381, 48, 61, 10, 62, 2, 56, 29, 31, 41, 
381, 48, 61, 27, 30, 2, 32, 29, 37, 47, 
381, 48, 61, 10, 62, 6, 40, 29, 55, 47, 
381, 48, 61, 26, 28, 6, 16, 29, 13, 59, 
381, 48, 61, 24, 28, 6, 16, 29, 13, 59, 
381, 48, 61, 10, 30, 6, 56, 29, 21, 63, 
381, 48, 61, 10, 30, 2, 32, 29, 53, 47, 
381, 48, 61, 27, 28, 6, 16, 29, 13, 59, 
381, 48, 61, 26, 28, 4, 16, 29, 13, 59, 
381, 48, 61, 27, 30, 6, 48, 29, 37, 59, 
381, 48, 61, 27, 26, 2, 0, 29, 44, 35, 
381, 48, 61, 10, 30, 2, 16, 29, 13, 51, 
381, 48, 61, 8, 62, 2, 32, 29, 55, 43, 
381, 48, 61, 10, 30, 2, 32, 29, 44, 35, 
381, 48, 61, 27, 28, 6, 16, 29, 13, 27, 
381, 48, 61, 27, 30, 6, 50, 29, 37, 59, 
381, 48, 61, 0, 30, 2, 34, 29, 23, 43, 
381, 48, 61, 10, 30, 2, 32, 29, 44, 35, 
381, 48, 61, 10, 30, 2, 32, 29, 44, 35, 
381, 48, 61, 10, 30, 2, 48, 29, 13, 51, 
381, 48, 61, 0, 30, 2, 16, 29, 13, 27, 
381, 48, 61, 10, 30, 2, 32, 29, 12, 3, 
381, 48, 61, 0, 30, 2, 28, 29, 13, 27, 
381, 48, 61, 0, 30, 2, 16, 29, 13, 27, 
381, 48, 61, 0, 30, 2, 32, 29, 7, 55, 
381, 48, 61, 10, 30, 2, 32, 29, 44, 35, 
381, 48, 61, 10, 30, 2, 28, 29, 13, 19, 
381, 48, 61, 0, 30, 2, 48, 29, 13, 27, 
381, 48, 61, 2, 30, 2, 48, 29, 13, 27, 
381, 48, 61, 10, 30, 2, 32, 29, 7, 55, 
381, 48, 61, 10, 30, 2, 32, 29, 44, 35, 
381, 48, 61, 0, 46, 2, 49, 29, 13, 29, 
381, 48, 61, 10, 31, 2, 48, 29, 13, 19, 
381, 48, 61, 10, 30, 2, 48, 29, 13, 27, 
381, 48, 61, 10, 30, 2, 60, 29, 7, 55, 
381, 48, 61, 10, 30, 2, 32, 29, 44, 3, 
381, 48, 61, 2, 30, 2, 49, 29, 13, 27, 
381, 48, 61, 10, 30, 2, 44, 29, 7, 54, 
381, 48, 61, 2, 46, 2, 32, 29, 44, 3, 
381, 48, 61, 10, 30, 2, 48, 29, 13, 19, 
381, 48, 61, 10, 31, 2, 48, 29, 7, 63, 
381, 48, 61, 2, 30, 2, 49, 29, 15, 54, 
381, 48, 61, 10, 28, 2, 44, 29, 23, 54, 
381, 48, 61, 0, 54, 2, 48, 29, 12, 3, 
381, 48, 61, 2, 46, 2, 32, 29, 12, 3, 
381, 48, 61, 2, 30, 2, 48, 29, 29, 18, 
381, 48, 61, 10, 30, 2, 41, 29, 31, 54, 
381, 48, 61, 2, 30, 2, 49, 29, 12, 3, 
381, 48, 61, 0, 62, 2, 49, 29, 13, 18, 
381, 48, 61, 2, 30, 2, 53, 29, 12, 3, 
381, 48, 61, 6, 62, 2, 48, 29, 29, 18, 
381, 48, 61, 11, 31, 2, 41, 29, 29, 58, 
381, 48, 61, 2, 30, 2, 57, 29, 12, 6, 
381, 48, 61, 8, 62, 2, 41, 29, 13, 22, 
381, 48, 61, 6, 62, 2, 48, 29, 29, 28, 
381, 48, 61, 6, 30, 2, 49, 29, 31, 54, 
381, 48, 61, 7, 30, 6, 57, 29, 12, 14, 
381, 48, 61, 9, 31, 2, 48, 29, 29, 28, 
381, 48, 61, 15, 30, 2, 32, 29, 21, 26, 
381, 48, 61, 17, 31, 2, 41, 29, 31, 63, 
381, 48, 61, 10, 60, 6, 41, 29, 5, 22, 
381, 48, 61, 7, 30, 2, 40, 29, 5, 14, 
381, 48, 61, 7, 28, 6, 41, 29, 4, 22, 
381, 48, 61, 15, 30, 2, 32, 29, 29, 24, 
381, 48, 61, 11, 31, 2, 0, 29, 21, 31, 
381, 48, 61, 15, 15, 6, 48, 29, 21, 22, 
381, 48, 61, 7, 28, 6, 41, 29, 4, 30, 
381, 48, 61, 7, 14, 2, 40, 29, 29, 24, 
381, 48, 61, 7, 22, 2, 40, 29, 5, 25, 
381, 48, 61, 15, 31, 2, 32, 29, 21, 14, 
381, 48, 61, 15, 28, 2, 49, 29, 52, 24, 
381, 48, 61, 7, 28, 6, 36, 29, 21, 6, 
381, 48, 61, 15, 28, 2, 32, 29, 21, 14, 
381, 48, 61, 7, 22, 2, 40, 29, 5, 17, 
381, 48, 61, 7, 14, 2, 40, 29, 21, 24, 
381, 48, 61, 7, 22, 2, 40, 29, 21, 25, 
381, 48, 61, 7, 28, 6, 36, 29, 21, 6, 
381, 48, 61, 15, 28, 2, 38, 29, 21, 6, 
381, 48, 61, 15, 22, 2, 40, 29, 5, 17, 
381, 48, 61, 7, 14, 2, 40, 29, 53, 24, 
381, 48, 61, 15, 60, 2, 33, 29, 21, 24, 
381, 48, 61, 31, 28, 2, 38, 29, 21, 6, 
381, 48, 61, 7, 28, 6, 46, 29, 20, 6, 
381, 48, 61, 15, 28, 2, 41, 29, 5, 17, 
381, 48, 61, 15, 14, 2, 40, 29, 21, 30, 
381, 48, 61, 15, 28, 2, 62, 29, 21, 26, 
381, 48, 61, 31, 28, 2, 38, 29, 5, 17, 
381, 48, 61, 31, 28, 2, 36, 29, 21, 30, 
381, 48, 61, 31, 28, 2, 44, 29, 21, 22, 
381, 48, 61, 15, 28, 2, 41, 29, 5, 17, 
381, 48, 61, 13, 30, 2, 40, 29, 4, 5, 
381, 48, 61, 31, 28, 2, 38, 29, 21, 18, 
381, 48, 61, 31, 28, 2, 12, 29, 21, 22, 
381, 48, 61, 31, 20, 2, 41, 29, 5, 17, 
381, 48, 61, 31, 28, 2, 36, 29, 21, 6, 
381, 48, 61, 15, 28, 2, 41, 29, 5, 17, 
381, 48, 61, 31, 12, 2, 28, 29, 21, 23, 
381, 48, 61, 31, 28, 2, 38, 29, 5, 21, 
381, 48, 61, 23, 30, 2, 40, 29, 13, 18, 
381, 48, 61, 31, 20, 2, 33, 29, 5, 17, 
381, 48, 61, 15, 28, 2, 33, 29, 5, 18, 
381, 48, 61, 31, 12, 2, 40, 29, 13, 18, 
381, 48, 61, 31, 20, 2, 29, 29, 21, 19, 
381, 48, 61, 27, 30, 2, 28, 29, 21, 18, 
381, 48, 61, 23, 28, 2, 36, 29, 13, 18, 
381, 48, 61, 31, 28, 2, 38, 29, 4, 17, 
381, 48, 61, 23, 13, 2, 36, 29, 9, 18, 
381, 48, 61, 31, 28, 2, 38, 29, 36, 17, 
381, 48, 61, 21, 20, 2, 28, 29, 37, 18, 
381, 48, 61, 29, 28, 2, 53, 29, 13, 19, 
381, 48, 61, 31, 60, 2, 54, 29, 4, 49, 
381, 48, 61, 31, 28, 2, 38, 29, 36, 17, 
381, 48, 61, 31, 12, 6, 38, 29, 33, 18, 
381, 48, 61, 21, 20, 2, 13, 29, 37, 18, 
381, 48, 61, 31, 12, 6, 52, 29, 1, 58, 
381, 48, 61, 15, 28, 2, 38, 29, 37, 18, 
381, 48, 61, 31, 28, 2, 38, 29, 33, 18, 
381, 48, 61, 31, 28, 2, 37, 29, 37, 18, 
381, 48, 61, 23, 28, 2, 36, 29, 4, 19, 
381, 48, 61, 31, 25, 2, 38, 29, 47, 26, 
381, 48, 61, 31, 28, 6, 38, 29, 36, 42, 
381, 48, 61, 31, 28, 2, 37, 29, 37, 18, 
381, 48, 61, 23, 20, 2, 32, 29, 4, 19, 
381, 48, 61, 23, 30, 2, 38, 29, 36, 19, 
381, 48, 61, 23, 20, 6, 38, 29, 36, 18, 
381, 48, 61, 23, 30, 6, 38, 29, 33, 26, 
