341, 38, 31, 43, 5, 7, 17, 14, 7, 19, 
335, 44, 13, 46, 52, 62, 32, 11, 16, 12, 
332, 14, 46, 48, 37, 29, 6, 52, 5, 22, 
328, 18, 60, 41, 22, 34, 57, 61, 26, 17, 
328, 18, 33, 29, 61, 50, 47, 41, 18, 36, 
332, 10, 47, 48, 37, 29, 6, 52, 5, 20, 
328, 38, 60, 41, 23, 34, 49, 63, 26, 49, 
328, 18, 33, 29, 57, 50, 47, 41, 18, 36, 
327, 39, 30, 41, 22, 34, 57, 61, 26, 17, 
327, 44, 13, 39, 20, 34, 57, 61, 26, 17, 
333, 46, 7, 55, 21, 56, 60, 53, 11, 17, 
328, 38, 60, 8, 23, 42, 49, 63, 26, 17, 
328, 38, 52, 41, 23, 34, 49, 53, 26, 21, 
328, 38, 60, 41, 23, 32, 49, 61, 26, 17, 
328, 18, 33, 29, 30, 34, 57, 61, 18, 1, 
333, 46, 7, 55, 21, 58, 61, 63, 24, 17, 
333, 46, 7, 55, 21, 60, 60, 53, 15, 21, 
333, 46, 5, 55, 53, 56, 60, 53, 11, 19, 
333, 46, 7, 55, 21, 56, 61, 61, 18, 1, 
333, 46, 7, 55, 21, 57, 57, 61, 26, 1, 
333, 46, 7, 55, 21, 62, 61, 63, 25, 21, 
333, 46, 6, 55, 21, 60, 60, 61, 15, 21, 
333, 46, 7, 55, 53, 56, 60, 55, 30, 21, 
333, 46, 7, 55, 21, 58, 61, 53, 28, 17, 
333, 46, 7, 55, 21, 56, 60, 53, 10, 19, 
333, 46, 7, 55, 21, 46, 61, 63, 25, 21, 
333, 46, 6, 55, 21, 60, 61, 63, 11, 29, 
333, 46, 6, 55, 21, 62, 44, 63, 9, 21, 
333, 46, 7, 55, 53, 56, 60, 55, 30, 21, 
333, 46, 7, 62, 53, 58, 61, 63, 29, 21, 
333, 14, 7, 55, 21, 58, 61, 63, 11, 29, 
333, 46, 7, 55, 17, 46, 61, 63, 9, 21, 
333, 46, 7, 55, 21, 44, 61, 63, 9, 21, 
333, 46, 7, 55, 21, 62, 46, 63, 9, 5, 
333, 46, 7, 55, 21, 40, 61, 39, 30, 21, 
333, 14, 7, 55, 19, 44, 61, 63, 9, 52, 
333, 14, 5, 55, 37, 58, 61, 63, 8, 21, 
333, 14, 7, 55, 31, 44, 49, 63, 57, 21, 
333, 14, 7, 55, 21, 48, 61, 63, 9, 21, 
333, 46, 35, 55, 21, 14, 61, 63, 11, 29, 
333, 14, 7, 55, 3, 46, 61, 63, 8, 25, 
333, 15, 7, 63, 53, 56, 61, 63, 8, 20, 
333, 14, 5, 55, 51, 42, 63, 63, 8, 28, 
333, 10, 7, 55, 19, 44, 53, 63, 41, 28, 
333, 14, 7, 55, 27, 44, 60, 47, 9, 55, 
333, 14, 7, 55, 3, 47, 61, 63, 8, 20, 
333, 14, 5, 55, 7, 34, 61, 63, 8, 21, 
333, 14, 7, 55, 19, 44, 53, 59, 41, 29, 
333, 14, 7, 55, 1, 14, 61, 63, 41, 21, 
333, 14, 7, 55, 3, 36, 53, 63, 8, 24, 
333, 14, 7, 54, 3, 39, 61, 55, 8, 5, 
333, 14, 5, 55, 7, 38, 61, 63, 24, 22, 
333, 30, 7, 55, 3, 44, 55, 43, 45, 29, 
333, 14, 7, 55, 19, 44, 53, 61, 40, 28, 
333, 14, 7, 55, 3, 47, 61, 59, 9, 21, 
333, 14, 5, 54, 2, 39, 61, 55, 8, 22, 
333, 14, 5, 55, 15, 38, 45, 63, 16, 22, 
333, 14, 5, 54, 7, 38, 60, 55, 8, 21, 
333, 14, 7, 54, 3, 37, 63, 43, 45, 13, 
333, 12, 7, 54, 3, 36, 63, 47, 8, 5, 
333, 14, 5, 55, 10, 38, 61, 55, 4, 16, 
333, 14, 5, 54, 6, 39, 61, 55, 40, 21, 
333, 14, 5, 55, 2, 39, 61, 53, 8, 21, 
333, 6, 5, 54, 3, 45, 63, 43, 41, 29, 
333, 14, 5, 20, 2, 37, 63, 35, 12, 19, 
333, 42, 5, 54, 6, 39, 61, 55, 40, 21, 
333, 14, 5, 55, 10, 39, 61, 53, 8, 23, 
333, 14, 5, 55, 10, 38, 61, 55, 0, 21, 
333, 14, 5, 55, 10, 38, 61, 61, 8, 16, 
333, 14, 5, 55, 10, 39, 61, 55, 20, 16, 
333, 40, 5, 52, 10, 39, 57, 53, 8, 19, 
333, 42, 5, 54, 6, 39, 61, 53, 8, 23, 
333, 42, 5, 55, 10, 38, 61, 55, 0, 21, 
333, 42, 39, 55, 8, 38, 61, 55, 32, 21, 
333, 46, 5, 55, 2, 39, 61, 55, 8, 5, 
333, 8, 5, 60, 10, 38, 61, 55, 0, 53, 
333, 40, 5, 54, 10, 38, 57, 53, 8, 17, 
333, 40, 5, 54, 10, 39, 53, 55, 16, 23, 
333, 40, 5, 52, 10, 39, 25, 55, 32, 21, 
333, 40, 5, 52, 58, 39, 57, 61, 12, 19, 
333, 40, 37, 60, 10, 38, 61, 53, 8, 17, 
333, 8, 5, 55, 10, 39, 53, 63, 16, 23, 
333, 24, 5, 62, 10, 38, 5, 55, 16, 19, 
333, 8, 5, 60, 26, 38, 61, 55, 0, 21, 
333, 8, 5, 60, 10, 34, 61, 55, 48, 21, 
333, 40, 39, 55, 10, 39, 53, 63, 17, 23, 
333, 8, 7, 54, 10, 38, 52, 53, 24, 21, 
333, 24, 5, 60, 10, 38, 5, 53, 24, 17, 
333, 40, 37, 60, 11, 38, 21, 53, 16, 1, 
333, 8, 5, 60, 26, 38, 61, 63, 0, 21, 
333, 40, 39, 55, 26, 39, 53, 53, 24, 21, 
333, 8, 7, 54, 2, 39, 52, 55, 24, 23, 
333, 40, 37, 62, 10, 38, 21, 53, 57, 19, 
333, 40, 37, 60, 11, 38, 21, 53, 16, 1, 
333, 40, 39, 55, 10, 55, 23, 61, 16, 1, 
333, 40, 39, 54, 34, 39, 60, 53, 20, 55, 
333, 40, 39, 55, 26, 39, 53, 53, 24, 23, 
333, 40, 39, 55, 27, 38, 49, 57, 18, 1, 
333, 40, 38, 55, 26, 36, 53, 53, 16, 1, 
333, 42, 39, 55, 10, 55, 23, 61, 52, 1, 
333, 40, 39, 54, 34, 39, 60, 53, 20, 55, 
333, 40, 39, 54, 0, 39, 60, 53, 24, 55, 
333, 40, 39, 54, 54, 39, 60, 55, 16, 55, 
333, 42, 39, 54, 35, 38, 49, 57, 18, 1, 
333, 44, 39, 55, 10, 47, 63, 49, 16, 35, 
333, 40, 39, 54, 0, 38, 60, 53, 24, 55, 
333, 40, 39, 52, 54, 55, 60, 55, 16, 55, 
333, 42, 39, 54, 54, 39, 44, 51, 16, 63, 
333, 40, 39, 54, 50, 39, 60, 51, 16, 55, 
333, 40, 35, 55, 35, 54, 48, 57, 18, 1, 
333, 40, 39, 52, 6, 39, 44, 51, 16, 63, 
333, 42, 39, 54, 54, 39, 44, 55, 0, 47, 
333, 40, 39, 54, 0, 39, 60, 55, 2, 55, 
333, 40, 36, 54, 50, 39, 60, 51, 18, 55, 
333, 40, 39, 54, 48, 39, 60, 51, 24, 55, 
333, 40, 39, 52, 6, 39, 44, 51, 16, 47, 
333, 40, 39, 52, 6, 39, 44, 55, 1, 47, 
333, 42, 7, 54, 36, 39, 44, 55, 16, 47, 
333, 40, 39, 52, 6, 39, 44, 51, 18, 23, 
333, 40, 39, 54, 16, 37, 60, 55, 2, 55, 
333, 40, 38, 52, 6, 35, 44, 51, 18, 47, 
333, 56, 7, 60, 6, 39, 44, 55, 19, 7, 
333, 40, 38, 52, 6, 39, 44, 55, 16, 47, 
333, 40, 37, 52, 22, 39, 45, 51, 16, 39, 
333, 40, 7, 52, 39, 37, 12, 55, 16, 46, 
333, 40, 38, 60, 6, 35, 44, 51, 18, 46, 
333, 40, 39, 52, 6, 35, 44, 63, 16, 47, 
333, 40, 6, 52, 6, 35, 62, 51, 16, 47, 
333, 40, 37, 52, 22, 39, 45, 51, 16, 39, 
333, 40, 37, 52, 22, 39, 45, 49, 16, 47, 
333, 40, 39, 52, 4, 35, 44, 63, 16, 45, 
333, 40, 39, 60, 6, 35, 44, 53, 18, 47, 
333, 40, 39, 60, 6, 35, 44, 59, 16, 47, 
333, 40, 38, 52, 6, 34, 44, 59, 18, 46, 
333, 44, 6, 52, 6, 35, 62, 51, 17, 39, 
333, 40, 38, 52, 4, 47, 44, 53, 18, 47, 
333, 44, 15, 60, 7, 51, 44, 63, 17, 38, 
333, 40, 37, 52, 6, 35, 44, 63, 17, 47, 
333, 40, 39, 60, 6, 35, 45, 63, 16, 37, 
333, 44, 38, 52, 4, 39, 12, 59, 50, 45, 
333, 40, 36, 52, 4, 43, 40, 63, 17, 38, 
333, 40, 15, 60, 7, 51, 12, 63, 17, 38, 
333, 44, 38, 52, 4, 51, 12, 55, 19, 42, 
333, 40, 37, 52, 6, 35, 36, 63, 17, 39, 
333, 40, 37, 54, 6, 31, 44, 63, 18, 47, 
333, 40, 36, 54, 4, 43, 40, 59, 17, 38, 
333, 44, 36, 52, 4, 43, 12, 63, 17, 47, 
333, 40, 36, 52, 4, 43, 12, 55, 19, 42, 
333, 40, 36, 52, 6, 35, 36, 63, 21, 47, 
333, 40, 36, 54, 4, 43, 44, 63, 17, 39, 
333, 42, 36, 52, 4, 43, 4, 63, 49, 47, 
333, 40, 36, 55, 5, 43, 12, 55, 17, 47, 
333, 40, 36, 52, 4, 43, 12, 55, 19, 42, 
333, 40, 36, 52, 4, 43, 40, 63, 19, 38, 
333, 40, 36, 54, 5, 43, 40, 63, 21, 47, 
333, 41, 37, 51, 5, 59, 12, 55, 49, 47, 
333, 40, 37, 55, 5, 43, 12, 55, 17, 47, 
333, 42, 36, 52, 4, 43, 4, 63, 49, 46, 
333, 42, 36, 54, 4, 47, 12, 51, 19, 40, 
333, 42, 36, 52, 4, 43, 12, 55, 17, 42, 
333, 41, 37, 51, 5, 43, 12, 55, 49, 63, 
333, 40, 5, 55, 5, 59, 12, 55, 17, 47, 
333, 40, 36, 50, 4, 59, 12, 55, 49, 15, 
333, 40, 36, 54, 5, 43, 14, 51, 49, 40, 
333, 41, 37, 51, 5, 59, 12, 55, 17, 42, 
333, 40, 36, 50, 4, 59, 12, 55, 17, 15, 
333, 41, 37, 51, 0, 43, 12, 63, 49, 60, 
333, 41, 37, 51, 4, 39, 12, 39, 25, 42, 
333, 41, 37, 51, 5, 59, 12, 55, 17, 43, 
333, 40, 5, 55, 37, 59, 12, 55, 17, 15, 
333, 40, 36, 50, 4, 59, 12, 55, 17, 43, 
333, 40, 37, 50, 5, 59, 12, 55, 17, 43, 
333, 40, 36, 50, 4, 59, 12, 63, 25, 15, 
333, 41, 37, 51, 0, 43, 12, 63, 25, 42, 
333, 41, 37, 51, 0, 35, 13, 55, 49, 59, 
333, 40, 37, 50, 6, 43, 12, 55, 17, 43, 
333, 40, 36, 50, 4, 59, 44, 55, 17, 15, 
333, 40, 36, 50, 4, 59, 12, 63, 57, 42, 
333, 40, 36, 50, 0, 43, 12, 63, 17, 42, 
333, 40, 38, 50, 4, 59, 13, 55, 49, 59, 
333, 44, 37, 50, 4, 59, 13, 61, 57, 42, 
333, 40, 37, 50, 5, 59, 12, 63, 57, 43, 
333, 40, 36, 50, 4, 63, 12, 55, 25, 43, 
333, 40, 37, 50, 0, 43, 12, 59, 17, 42, 
333, 40, 37, 54, 1, 43, 12, 63, 21, 43, 
333, 40, 37, 50, 4, 59, 13, 61, 57, 43, 
333, 44, 37, 50, 4, 59, 12, 55, 17, 34, 
333, 44, 37, 50, 0, 43, 12, 59, 1, 42, 
333, 40, 37, 50, 4, 43, 12, 57, 25, 46, 
333, 44, 37, 50, 20, 59, 13, 61, 21, 11, 
333, 40, 36, 50, 4, 57, 12, 63, 57, 35, 
333, 40, 37, 50, 4, 43, 12, 51, 0, 42, 
333, 40, 37, 50, 20, 43, 13, 63, 17, 42, 
333, 40, 36, 50, 4, 43, 14, 59, 29, 46, 
333, 40, 39, 50, 4, 43, 12, 57, 57, 46, 
333, 40, 37, 50, 4, 56, 12, 51, 0, 42, 
333, 40, 38, 50, 4, 57, 12, 63, 32, 42, 
333, 41, 36, 58, 4, 57, 12, 63, 57, 34, 
333, 40, 36, 50, 4, 57, 13, 63, 17, 34, 
333, 40, 36, 50, 4, 57, 12, 63, 63, 44, 
333, 40, 37, 50, 4, 56, 12, 55, 32, 42, 
333, 40, 37, 50, 4, 57, 8, 51, 2, 34, 
333, 40, 36, 50, 4, 57, 45, 59, 16, 42, 
333, 40, 36, 50, 20, 57, 12, 63, 63, 36, 
333, 40, 37, 50, 4, 61, 12, 55, 58, 42, 
333, 40, 37, 50, 4, 57, 8, 51, 2, 2, 
333, 42, 37, 54, 4, 56, 12, 55, 16, 34, 
333, 40, 36, 50, 4, 57, 45, 59, 48, 42, 
333, 40, 37, 50, 4, 40, 12, 55, 32, 42, 
333, 40, 37, 50, 4, 57, 44, 63, 32, 42, 
333, 40, 37, 54, 4, 56, 12, 55, 16, 10, 
333, 40, 36, 50, 4, 57, 45, 51, 50, 42, 
333, 40, 39, 50, 4, 57, 13, 59, 48, 42, 
333, 40, 37, 50, 4, 57, 8, 55, 32, 10, 
333, 40, 37, 54, 4, 42, 12, 51, 0, 2, 
333, 40, 37, 50, 4, 48, 12, 49, 48, 10, 
333, 40, 36, 50, 4, 56, 44, 51, 8, 10, 
333, 40, 37, 52, 36, 57, 13, 59, 48, 42, 
333, 40, 37, 54, 4, 57, 9, 59, 48, 10, 
333, 40, 37, 55, 4, 57, 12, 53, 48, 42, 
333, 40, 37, 50, 4, 16, 45, 59, 32, 42, 
333, 40, 5, 50, 4, 48, 12, 53, 48, 58, 
333, 40, 37, 50, 44, 57, 9, 59, 50, 10, 
333, 40, 37, 62, 4, 40, 13, 57, 48, 8, 
333, 40, 37, 54, 4, 49, 12, 61, 48, 2, 
333, 40, 37, 50, 20, 16, 41, 59, 48, 58, 
333, 40, 5, 50, 20, 48, 12, 49, 33, 42, 
333, 40, 5, 50, 4, 16, 13, 61, 34, 42, 
333, 40, 37, 50, 4, 16, 9, 59, 48, 10, 
333, 40, 37, 50, 44, 17, 41, 59, 42, 42, 
333, 40, 5, 50, 20, 16, 46, 49, 33, 58, 
333, 32, 5, 50, 20, 18, 41, 59, 49, 42, 
333, 40, 37, 50, 4, 16, 13, 45, 34, 42, 
333, 42, 37, 50, 20, 16, 45, 61, 34, 42, 
333, 40, 5, 50, 4, 16, 13, 57, 32, 58, 
333, 8, 5, 50, 20, 24, 46, 49, 53, 10, 
333, 40, 37, 50, 4, 16, 31, 45, 34, 42, 
333, 40, 37, 50, 4, 16, 47, 37, 34, 26, 
333, 40, 7, 50, 4, 16, 61, 53, 35, 58, 
333, 40, 5, 50, 24, 16, 45, 61, 34, 42, 
333, 8, 5, 50, 4, 24, 62, 49, 34, 42, 
333, 8, 5, 50, 20, 24, 46, 53, 35, 26, 
333, 8, 5, 50, 20, 24, 46, 49, 21, 26, 
333, 8, 5, 50, 21, 26, 62, 51, 51, 58, 
333, 8, 5, 50, 4, 16, 57, 53, 35, 58, 
334, 8, 21, 50, 20, 24, 47, 49, 21, 10, 
333, 8, 5, 50, 4, 24, 62, 49, 34, 42, 
333, 8, 5, 50, 20, 24, 46, 49, 29, 26, 
333, 8, 5, 50, 21, 26, 62, 51, 51, 58, 
333, 8, 5, 50, 21, 26, 62, 51, 50, 34, 
334, 8, 21, 18, 4, 24, 61, 51, 35, 27, 
334, 8, 23, 32, 4, 24, 63, 49, 5, 42, 
334, 8, 21, 50, 20, 24, 46, 49, 21, 11, 
334, 8, 21, 50, 20, 24, 47, 49, 21, 10, 
334, 8, 21, 50, 23, 24, 47, 49, 18, 38, 
334, 8, 21, 2, 4, 24, 61, 49, 35, 26, 
334, 9, 23, 20, 4, 24, 61, 51, 37, 11, 
334, 9, 21, 18, 4, 24, 46, 49, 21, 11, 
334, 8, 21, 50, 20, 24, 47, 51, 59, 10, 
334, 8, 21, 18, 4, 24, 61, 51, 23, 26, 
334, 8, 53, 2, 4, 24, 45, 49, 37, 11, 
334, 8, 21, 2, 12, 24, 46, 49, 21, 27, 
334, 8, 21, 2, 4, 24, 46, 49, 21, 11, 
334, 8, 21, 2, 4, 24, 61, 49, 35, 26, 
334, 8, 21, 2, 4, 24, 47, 51, 57, 10, 
334, 9, 21, 2, 12, 24, 44, 49, 5, 11, 
334, 8, 21, 34, 4, 24, 45, 49, 21, 11, 
334, 8, 53, 2, 4, 24, 47, 49, 5, 11, 
334, 8, 53, 2, 4, 24, 45, 49, 34, 26, 
334, 8, 21, 2, 4, 24, 61, 49, 37, 27, 
334, 9, 21, 0, 28, 24, 44, 49, 37, 11, 
334, 9, 53, 3, 12, 24, 44, 49, 5, 11, 
334, 8, 21, 2, 12, 24, 61, 49, 37, 11, 
334, 9, 21, 34, 28, 24, 61, 49, 37, 27, 
334, 9, 21, 2, 12, 24, 44, 49, 5, 11, 
334, 9, 53, 3, 12, 24, 44, 49, 5, 11, 
334, 9, 53, 3, 12, 24, 44, 49, 5, 11, 
334, 8, 53, 0, 8, 24, 56, 51, 33, 11, 
334, 9, 21, 38, 28, 24, 61, 51, 37, 11, 
334, 9, 21, 32, 28, 24, 44, 49, 37, 11, 
334, 9, 53, 3, 14, 24, 44, 49, 5, 11, 
334, 9, 53, 2, 8, 24, 60, 51, 1, 11, 
334, 9, 53, 3, 12, 24, 61, 51, 37, 3, 
334, 9, 21, 35, 12, 24, 61, 51, 37, 11, 
334, 9, 21, 3, 12, 20, 60, 49, 9, 11, 
334, 9, 53, 2, 8, 16, 60, 51, 17, 15, 
334, 9, 53, 2, 10, 24, 44, 48, 5, 11, 
334, 9, 21, 3, 8, 16, 60, 49, 1, 11, 
334, 9, 53, 3, 8, 24, 61, 51, 39, 1, 
334, 9, 53, 35, 12, 24, 46, 49, 37, 15, 
334, 9, 53, 2, 8, 24, 44, 48, 5, 9, 
334, 9, 21, 18, 8, 16, 60, 49, 0, 10, 
334, 9, 53, 2, 8, 16, 60, 51, 39, 1, 
334, 9, 53, 43, 12, 8, 46, 49, 37, 15, 
334, 9, 53, 7, 8, 16, 60, 59, 17, 15, 
334, 9, 53, 34, 8, 16, 60, 49, 16, 10, 
334, 9, 55, 2, 8, 26, 45, 48, 1, 1, 
334, 11, 53, 2, 8, 24, 44, 48, 5, 13, 
334, 9, 53, 6, 8, 24, 44, 50, 37, 1, 
334, 9, 53, 11, 40, 16, 60, 51, 4, 43, 
334, 9, 53, 11, 40, 16, 60, 51, 4, 41, 
334, 27, 53, 39, 40, 16, 60, 49, 4, 34, 
334, 9, 53, 40, 8, 16, 60, 59, 20, 14, 
334, 11, 53, 2, 8, 24, 44, 56, 5, 13, 
334, 9, 55, 2, 8, 26, 44, 48, 13, 29, 
334, 9, 53, 11, 60, 16, 60, 49, 4, 42, 
334, 9, 53, 11, 40, 16, 60, 59, 20, 12, 
334, 9, 53, 9, 40, 16, 60, 59, 20, 14, 
334, 9, 21, 8, 8, 16, 60, 51, 12, 41, 
334, 9, 53, 43, 40, 20, 61, 51, 28, 13, 
334, 9, 53, 11, 60, 16, 60, 59, 16, 12, 
334, 9, 53, 9, 56, 16, 60, 51, 4, 44, 
334, 9, 53, 11, 56, 16, 60, 51, 20, 14, 
334, 9, 60, 9, 62, 16, 60, 59, 4, 10, 
334, 9, 53, 9, 56, 16, 60, 51, 4, 42, 
334, 9, 53, 11, 60, 16, 60, 51, 12, 44, 
334, 9, 53, 8, 60, 16, 60, 59, 4, 12, 
334, 9, 53, 9, 56, 24, 60, 51, 36, 44, 
334, 9, 53, 11, 60, 16, 60, 59, 16, 12, 
334, 9, 53, 27, 60, 18, 61, 63, 24, 10, 
334, 25, 53, 11, 61, 16, 62, 59, 4, 12, 
334, 15, 53, 8, 60, 16, 60, 51, 12, 12, 
334, 9, 33, 9, 56, 24, 60, 51, 36, 44, 
334, 9, 21, 41, 56, 20, 60, 51, 36, 44, 
334, 9, 53, 11, 60, 24, 60, 51, 36, 44, 
334, 25, 53, 7, 61, 16, 58, 59, 36, 12, 
334, 25, 53, 0, 60, 16, 60, 51, 12, 28, 
334, 25, 53, 11, 61, 16, 54, 59, 38, 12, 
334, 25, 52, 11, 61, 20, 60, 59, 4, 12, 
334, 9, 53, 27, 53, 24, 60, 51, 4, 60, 
334, 25, 53, 7, 29, 16, 58, 51, 44, 12, 
334, 25, 53, 7, 61, 16, 54, 59, 38, 4, 
334, 25, 53, 7, 61, 24, 58, 59, 38, 12, 
334, 25, 53, 7, 61, 16, 56, 59, 4, 12, 
334, 25, 53, 7, 61, 16, 60, 59, 4, 12, 
334, 25, 53, 23, 29, 16, 54, 57, 38, 4, 
334, 25, 53, 7, 61, 16, 50, 59, 46, 4, 
334, 27, 53, 23, 21, 16, 58, 63, 38, 12, 
334, 17, 53, 7, 25, 16, 58, 51, 38, 4, 
334, 25, 53, 7, 62, 16, 56, 59, 20, 12, 
334, 25, 53, 31, 57, 16, 58, 59, 46, 36, 
334, 25, 53, 23, 29, 16, 59, 63, 38, 12, 
334, 25, 53, 23, 28, 20, 54, 57, 38, 4, 
334, 25, 53, 17, 29, 16, 54, 57, 46, 4, 
334, 17, 53, 23, 25, 16, 54, 59, 34, 4, 
334, 25, 53, 31, 29, 16, 59, 63, 38, 6, 
334, 25, 53, 31, 57, 16, 58, 59, 38, 37, 
334, 15, 53, 31, 57, 16, 58, 57, 46, 12, 
334, 17, 53, 31, 61, 26, 54, 59, 46, 36, 
334, 25, 53, 31, 57, 16, 54, 59, 34, 4, 
334, 25, 53, 31, 57, 16, 58, 59, 38, 37, 
334, 25, 53, 31, 29, 17, 59, 63, 38, 37, 
334, 25, 53, 29, 29, 16, 59, 63, 38, 5, 
334, 25, 53, 31, 29, 18, 58, 59, 38, 22, 
334, 25, 53, 31, 29, 16, 51, 57, 42, 12, 
334, 25, 53, 31, 61, 16, 59, 59, 39, 37, 
334, 9, 53, 31, 57, 16, 59, 63, 38, 39, 
334, 25, 53, 31, 59, 16, 58, 59, 38, 22, 
334, 25, 53, 31, 41, 18, 56, 59, 38, 36, 
334, 25, 53, 31, 57, 17, 58, 59, 38, 60, 
334, 25, 53, 31, 57, 16, 59, 63, 38, 39, 
334, 25, 52, 31, 61, 16, 59, 63, 38, 39, 
334, 25, 53, 31, 61, 16, 59, 59, 38, 39, 
334, 25, 51, 23, 59, 16, 58, 63, 38, 23, 
334, 25, 61, 29, 61, 16, 59, 59, 38, 35, 
334, 25, 53, 31, 57, 16, 59, 63, 54, 39, 
334, 25, 53, 31, 19, 16, 59, 59, 38, 39, 
334, 25, 53, 31, 61, 16, 59, 59, 38, 39, 
334, 25, 53, 31, 41, 16, 59, 63, 38, 39, 
334, 25, 53, 15, 57, 16, 58, 63, 54, 55, 
334, 25, 61, 31, 57, 16, 59, 63, 36, 39, 
334, 25, 53, 31, 41, 20, 59, 63, 54, 39, 
334, 25, 53, 31, 57, 16, 59, 63, 54, 55, 
334, 27, 53, 31, 41, 16, 59, 63, 54, 39, 
334, 25, 53, 31, 57, 16, 59, 63, 54, 55, 
334, 28, 61, 31, 41, 20, 59, 61, 50, 38, 
334, 25, 61, 31, 41, 20, 51, 63, 52, 39, 
334, 25, 53, 23, 49, 24, 59, 63, 4, 39, 
334, 25, 61, 31, 57, 16, 51, 59, 54, 55, 
334, 25, 61, 31, 57, 16, 59, 63, 36, 39, 
334, 28, 61, 30, 41, 20, 51, 61, 54, 35, 
334, 28, 61, 31, 41, 24, 59, 63, 20, 39, 
334, 28, 61, 31, 41, 16, 59, 61, 38, 38, 
334, 26, 61, 31, 25, 19, 53, 59, 54, 39, 
334, 28, 61, 31, 41, 18, 51, 59, 54, 55, 
336, 28, 29, 15, 9, 18, 17, 59, 54, 55, 
334, 28, 61, 30, 41, 24, 59, 63, 20, 39, 
334, 28, 61, 28, 41, 20, 50, 61, 20, 38, 
334, 28, 61, 31, 41, 16, 59, 63, 39, 38, 
334, 25, 61, 30, 45, 20, 53, 59, 54, 39, 
336, 28, 29, 15, 9, 18, 17, 59, 22, 51, 
334, 26, 61, 29, 41, 22, 49, 63, 20, 55, 
334, 28, 60, 31, 41, 17, 59, 63, 39, 38, 
334, 28, 63, 15, 41, 16, 51, 63, 38, 54, 
334, 25, 61, 30, 45, 20, 53, 59, 54, 39, 
336, 26, 45, 15, 41, 18, 17, 63, 20, 55, 
336, 28, 29, 9, 9, 18, 17, 63, 36, 38, 
336, 28, 29, 15, 11, 18, 9, 63, 38, 18, 
336, 28, 57, 15, 9, 16, 19, 59, 54, 50, 
334, 28, 30, 15, 41, 16, 49, 59, 54, 62, 
336, 26, 45, 15, 41, 18, 17, 63, 36, 38, 
336, 28, 29, 9, 9, 18, 17, 63, 36, 39, 
336, 26, 45, 15, 40, 18, 21, 63, 20, 50, 
336, 28, 57, 15, 8, 16, 19, 63, 20, 54, 
336, 26, 37, 15, 41, 18, 17, 59, 54, 58, 
336, 26, 45, 15, 40, 18, 21, 63, 20, 50, 
336, 26, 45, 15, 40, 18, 21, 63, 52, 39, 
336, 26, 47, 15, 40, 18, 21, 63, 28, 50, 
336, 26, 37, 15, 40, 18, 21, 63, 54, 59, 
334, 30, 37, 15, 41, 16, 19, 63, 52, 62, 
336, 26, 45, 15, 40, 18, 21, 63, 52, 39, 
336, 26, 45, 15, 40, 18, 21, 63, 52, 6, 
336, 26, 45, 15, 40, 18, 21, 63, 53, 34, 
336, 26, 45, 15, 56, 18, 21, 63, 28, 34, 
336, 26, 45, 15, 40, 18, 21, 63, 30, 50, 
336, 26, 45, 15, 40, 18, 21, 63, 52, 39, 
336, 26, 45, 15, 40, 18, 21, 63, 53, 34, 
336, 26, 45, 15, 40, 18, 21, 63, 52, 2, 
336, 26, 45, 15, 40, 18, 17, 59, 30, 50, 
336, 26, 45, 15, 42, 18, 23, 63, 52, 34, 
336, 26, 45, 15, 40, 18, 21, 63, 53, 34, 
336, 26, 45, 15, 40, 18, 21, 63, 20, 39, 
336, 26, 45, 15, 40, 18, 21, 63, 52, 2, 
336, 26, 45, 15, 40, 18, 21, 63, 52, 35, 
336, 26, 45, 15, 34, 18, 23, 63, 52, 35, 
336, 26, 37, 15, 44, 18, 21, 63, 52, 38, 
336, 26, 45, 15, 40, 18, 21, 59, 55, 2, 
336, 26, 45, 15, 34, 18, 20, 61, 49, 34, 
336, 26, 45, 15, 56, 18, 21, 61, 52, 2, 
336, 26, 45, 15, 40, 18, 5, 63, 4, 35, 
336, 26, 37, 15, 36, 18, 21, 59, 52, 46, 
336, 26, 45, 15, 34, 18, 20, 61, 57, 34, 
336, 26, 37, 15, 44, 18, 21, 63, 53, 2, 
336, 26, 37, 15, 44, 18, 21, 63, 52, 39, 
336, 26, 37, 15, 44, 18, 21, 63, 36, 35, 
336, 26, 37, 15, 37, 18, 21, 59, 52, 34, 
336, 26, 37, 15, 36, 18, 20, 59, 53, 2, 
336, 26, 37, 15, 36, 18, 21, 63, 52, 2, 
336, 26, 37, 15, 44, 18, 21, 63, 53, 42, 
336, 26, 37, 15, 36, 18, 21, 59, 52, 35, 
336, 26, 37, 15, 37, 18, 21, 61, 52, 2, 
336, 26, 37, 15, 36, 18, 21, 63, 53, 42, 
336, 26, 37, 15, 37, 18, 21, 59, 52, 35, 
336, 26, 37, 15, 37, 18, 21, 59, 52, 35, 
336, 26, 37, 15, 36, 18, 21, 63, 36, 2, 
336, 26, 37, 15, 36, 18, 21, 63, 53, 35, 
336, 26, 39, 15, 5, 18, 21, 61, 52, 3, 
336, 26, 38, 15, 37, 18, 21, 61, 60, 34, 
336, 26, 37, 15, 37, 18, 21, 59, 52, 63, 
336, 26, 37, 15, 36, 18, 21, 63, 36, 2, 
336, 26, 37, 15, 37, 18, 17, 61, 52, 3, 
336, 26, 47, 15, 37, 18, 21, 63, 60, 34, 
336, 26, 37, 15, 36, 18, 21, 59, 52, 63, 
336, 26, 37, 15, 36, 18, 21, 63, 54, 10, 
336, 26, 39, 15, 5, 18, 20, 61, 52, 34, 
336, 26, 37, 15, 33, 18, 17, 63, 60, 34, 
336, 26, 37, 15, 36, 18, 21, 59, 52, 63, 
336, 26, 47, 15, 37, 18, 21, 59, 52, 55, 
336, 26, 39, 15, 37, 18, 21, 63, 62, 2, 
336, 26, 47, 15, 37, 18, 20, 61, 53, 34, 
336, 26, 45, 15, 33, 16, 21, 59, 52, 63, 
336, 26, 37, 15, 33, 18, 17, 63, 52, 43, 
336, 26, 47, 15, 37, 18, 17, 59, 28, 34, 
336, 26, 45, 15, 41, 18, 17, 63, 60, 38, 
336, 26, 39, 15, 37, 18, 21, 63, 62, 2, 
336, 26, 45, 15, 33, 16, 23, 59, 52, 34, 
336, 26, 46, 15, 37, 18, 17, 59, 28, 34, 
336, 26, 45, 5, 33, 16, 21, 63, 30, 2, 
336, 26, 47, 15, 33, 16, 21, 63, 52, 63, 
336, 26, 37, 15, 33, 18, 17, 63, 44, 6, 
336, 26, 45, 15, 33, 16, 23, 59, 53, 34, 
336, 26, 45, 15, 33, 16, 23, 63, 36, 32, 
336, 26, 45, 15, 33, 20, 1, 63, 44, 6, 
336, 26, 46, 15, 32, 16, 21, 59, 30, 2, 
336, 26, 46, 15, 33, 16, 21, 59, 52, 63, 
336, 26, 45, 15, 32, 16, 23, 63, 52, 32, 
336, 26, 45, 15, 33, 16, 23, 63, 44, 6, 
336, 26, 37, 15, 33, 16, 23, 59, 29, 2, 
336, 26, 47, 15, 41, 16, 7, 59, 53, 54, 
336, 26, 45, 15, 1, 16, 23, 63, 44, 22, 
336, 26, 45, 15, 33, 16, 23, 63, 44, 6, 
336, 26, 45, 15, 33, 16, 23, 63, 60, 0, 
336, 26, 37, 15, 33, 16, 23, 63, 21, 32, 
336, 26, 47, 15, 41, 16, 7, 59, 53, 50, 
336, 26, 45, 15, 33, 16, 7, 59, 53, 19, 
336, 26, 45, 15, 35, 16, 23, 59, 37, 38, 
336, 26, 37, 15, 41, 16, 7, 63, 21, 2, 
336, 26, 37, 15, 33, 16, 22, 61, 21, 34, 
336, 26, 37, 15, 33, 20, 15, 59, 53, 19, 
336, 26, 37, 15, 49, 16, 3, 63, 21, 18, 
336, 26, 45, 15, 33, 16, 22, 61, 21, 34, 
336, 26, 45, 15, 33, 16, 22, 63, 37, 42, 
336, 26, 37, 15, 49, 16, 7, 63, 21, 18, 
336, 26, 37, 15, 35, 16, 3, 59, 5, 22, 
336, 26, 45, 15, 49, 16, 23, 63, 21, 22, 
336, 26, 45, 15, 33, 20, 22, 63, 37, 42, 
336, 26, 45, 15, 33, 16, 22, 61, 55, 38, 
336, 26, 45, 15, 49, 16, 7, 63, 21, 58, 
336, 26, 45, 15, 33, 16, 6, 39, 25, 34, 
336, 26, 45, 15, 1, 16, 23, 59, 5, 22, 
336, 26, 45, 15, 49, 16, 7, 63, 37, 56, 
336, 26, 45, 15, 33, 16, 6, 39, 25, 42, 
336, 26, 45, 15, 8, 16, 23, 59, 5, 22, 
336, 18, 45, 15, 1, 16, 22, 63, 36, 45, 
336, 26, 45, 15, 33, 16, 7, 61, 61, 38, 
336, 26, 29, 15, 33, 16, 3, 39, 13, 8, 
336, 26, 45, 15, 8, 16, 23, 59, 5, 22, 
336, 18, 45, 15, 33, 16, 22, 63, 36, 60, 
336, 26, 45, 15, 33, 16, 7, 47, 53, 32, 
336, 26, 37, 15, 32, 16, 23, 59, 7, 22, 
336, 26, 45, 15, 0, 16, 23, 59, 5, 22, 
336, 26, 29, 15, 33, 16, 22, 59, 32, 60, 
336, 18, 29, 15, 0, 16, 23, 59, 7, 22, 
336, 26, 45, 15, 41, 16, 7, 55, 37, 55, 
336, 26, 37, 15, 32, 16, 22, 59, 5, 62, 
336, 26, 57, 15, 33, 16, 22, 59, 32, 60, 
336, 18, 45, 15, 2, 16, 7, 59, 7, 22, 
336, 26, 45, 15, 48, 16, 23, 59, 5, 46, 
336, 26, 45, 15, 0, 16, 22, 59, 5, 15, 
336, 26, 29, 15, 33, 16, 23, 59, 7, 22, 
336, 18, 45, 15, 32, 16, 6, 59, 16, 54, 
336, 26, 45, 15, 33, 16, 7, 59, 1, 46, 
336, 26, 45, 15, 1, 16, 22, 59, 4, 60, 
336, 26, 57, 15, 35, 16, 23, 59, 7, 22, 
336, 26, 57, 15, 33, 16, 22, 59, 7, 22, 
336, 18, 45, 15, 32, 16, 6, 59, 4, 60, 
336, 18, 45, 15, 34, 16, 6, 59, 16, 44, 
336, 26, 45, 15, 32, 16, 14, 59, 16, 52, 
336, 18, 45, 15, 33, 16, 23, 59, 16, 54, 
336, 26, 45, 15, 0, 16, 2, 59, 17, 54, 
336, 18, 45, 15, 32, 18, 6, 59, 16, 40, 
336, 18, 45, 15, 32, 16, 6, 59, 4, 62, 
336, 18, 45, 15, 36, 16, 6, 59, 24, 52, 
336, 18, 45, 15, 34, 16, 6, 59, 16, 44, 
336, 18, 45, 15, 32, 16, 6, 43, 16, 60, 
336, 18, 45, 15, 33, 18, 6, 59, 4, 58, 
336, 16, 47, 15, 44, 16, 6, 59, 24, 54, 
336, 18, 45, 15, 36, 16, 6, 59, 24, 52, 
336, 18, 45, 15, 32, 16, 7, 59, 18, 60, 
336, 18, 45, 15, 48, 18, 6, 59, 22, 44, 
336, 16, 45, 15, 36, 18, 22, 59, 0, 62, 
336, 18, 45, 15, 37, 16, 6, 59, 12, 58, 
336, 18, 45, 15, 32, 18, 2, 59, 20, 56, 
336, 18, 45, 15, 37, 18, 6, 59, 0, 56, 
336, 18, 45, 15, 32, 18, 6, 59, 20, 44, 
336, 16, 45, 15, 36, 18, 22, 59, 9, 58, 
336, 16, 45, 15, 36, 18, 22, 59, 4, 62, 
336, 16, 45, 15, 36, 18, 22, 59, 12, 62, 
336, 16, 45, 15, 36, 18, 20, 59, 16, 56, 
336, 18, 45, 15, 37, 16, 6, 59, 44, 56, 
336, 16, 45, 15, 36, 18, 20, 59, 0, 56, 
336, 16, 45, 15, 37, 16, 6, 59, 44, 48, 
336, 16, 45, 15, 37, 18, 22, 59, 4, 46, 
336, 16, 45, 15, 52, 18, 22, 59, 12, 62, 
336, 16, 45, 15, 36, 18, 22, 59, 4, 56, 
336, 16, 45, 15, 36, 18, 6, 59, 12, 48, 
336, 16, 45, 15, 36, 18, 22, 59, 0, 56, 
336, 16, 37, 15, 36, 18, 22, 59, 12, 62, 
336, 16, 45, 15, 36, 18, 20, 59, 0, 56, 
336, 18, 45, 15, 5, 18, 22, 59, 4, 46, 
336, 16, 45, 15, 5, 18, 6, 59, 6, 46, 
336, 16, 45, 15, 44, 18, 20, 59, 2, 56, 
336, 16, 37, 15, 36, 18, 4, 51, 4, 60, 
336, 16, 45, 15, 34, 18, 22, 63, 4, 62, 
334, 16, 45, 14, 36, 18, 22, 59, 8, 58, 
336, 16, 45, 15, 39, 18, 6, 59, 6, 58, 
336, 16, 45, 15, 36, 18, 4, 51, 4, 28, 
336, 16, 45, 15, 5, 18, 4, 51, 4, 62, 
336, 16, 45, 15, 37, 18, 4, 51, 4, 44, 
336, 16, 45, 15, 5, 18, 6, 59, 6, 46, 
336, 16, 45, 15, 39, 18, 6, 59, 4, 62, 
336, 16, 45, 15, 39, 18, 4, 51, 4, 12, 
336, 28, 45, 15, 5, 18, 6, 59, 6, 62, 
336, 16, 45, 15, 36, 18, 4, 51, 5, 44, 
336, 16, 45, 15, 37, 18, 4, 51, 6, 58, 
341, 20, 45, 15, 37, 34, 6, 31, 6, 62, 
336, 16, 45, 15, 55, 18, 4, 51, 4, 14, 
336, 16, 45, 15, 39, 18, 4, 51, 4, 12, 
336, 16, 45, 15, 39, 18, 6, 59, 6, 60, 
336, 16, 45, 15, 38, 18, 6, 59, 5, 60, 
336, 16, 45, 15, 39, 18, 6, 63, 4, 62, 
336, 16, 45, 15, 54, 18, 12, 51, 4, 12, 
336, 16, 45, 15, 55, 18, 4, 51, 4, 14, 
336, 16, 45, 15, 55, 18, 8, 59, 6, 60, 
336, 16, 45, 15, 38, 18, 6, 59, 5, 60, 
336, 16, 45, 15, 37, 16, 6, 63, 4, 46, 
336, 16, 45, 15, 39, 18, 6, 51, 4, 14, 
336, 16, 45, 15, 55, 18, 8, 59, 6, 60, 
336, 16, 45, 15, 63, 18, 4, 59, 22, 60, 
336, 16, 45, 15, 55, 18, 14, 63, 4, 60, 
336, 16, 45, 15, 39, 18, 6, 51, 4, 10, 
336, 16, 45, 15, 39, 18, 6, 51, 7, 46, 
336, 16, 57, 15, 37, 16, 4, 59, 22, 60, 
336, 16, 37, 15, 39, 16, 6, 63, 4, 62, 
336, 16, 45, 15, 53, 16, 4, 59, 38, 44, 
336, 16, 45, 15, 39, 18, 6, 51, 7, 46, 
336, 16, 45, 15, 39, 18, 6, 49, 4, 46, 
336, 16, 45, 15, 37, 18, 6, 51, 6, 62, 
336, 16, 57, 15, 37, 16, 5, 59, 30, 60, 
336, 16, 47, 15, 47, 18, 6, 51, 39, 60, 
336, 16, 45, 15, 39, 18, 6, 49, 20, 40, 
336, 16, 45, 15, 39, 18, 6, 49, 4, 46, 
336, 16, 45, 15, 38, 16, 5, 59, 30, 60, 
336, 16, 47, 15, 47, 18, 6, 51, 39, 44, 
336, 16, 45, 15, 39, 18, 6, 51, 22, 62, 
336, 16, 45, 15, 39, 18, 4, 43, 14, 44, 
336, 16, 45, 15, 39, 18, 4, 57, 28, 44, 
336, 16, 47, 15, 39, 18, 6, 49, 39, 42, 
336, 16, 45, 15, 39, 18, 6, 51, 22, 62, 
336, 16, 37, 15, 38, 18, 6, 51, 22, 44, 
336, 16, 45, 15, 39, 18, 4, 59, 46, 44, 
336, 16, 45, 15, 63, 18, 4, 43, 15, 42, 
336, 16, 37, 15, 38, 18, 6, 51, 30, 44, 
336, 16, 47, 15, 39, 18, 4, 49, 21, 40, 
336, 16, 45, 15, 39, 18, 6, 51, 20, 62, 
336, 16, 37, 15, 39, 18, 14, 59, 14, 44, 
336, 16, 45, 15, 39, 18, 6, 55, 20, 56, 
336, 16, 45, 15, 63, 18, 4, 43, 14, 44, 
336, 16, 45, 15, 63, 18, 4, 43, 30, 42, 
336, 16, 47, 15, 39, 18, 4, 53, 21, 40, 
336, 16, 37, 15, 39, 18, 4, 43, 15, 44, 
336, 16, 37, 15, 47, 18, 4, 43, 14, 44, 
336, 16, 37, 15, 47, 18, 14, 59, 14, 45, 
336, 16, 47, 15, 61, 18, 4, 43, 30, 34, 
336, 16, 45, 15, 54, 18, 6, 59, 14, 42, 
336, 16, 39, 15, 35, 16, 4, 43, 62, 44, 
336, 16, 37, 15, 47, 18, 4, 43, 14, 14, 
336, 16, 46, 15, 61, 18, 4, 43, 30, 36, 
336, 16, 37, 15, 47, 18, 6, 59, 14, 42, 
336, 16, 39, 15, 15, 16, 4, 43, 14, 40, 
336, 16, 39, 15, 35, 16, 4, 43, 30, 36, 
336, 16, 38, 15, 55, 18, 4, 43, 26, 44, 
336, 16, 39, 15, 47, 18, 6, 51, 14, 40, 
336, 16, 39, 15, 11, 16, 4, 43, 46, 44, 
336, 16, 37, 15, 47, 18, 4, 43, 30, 38, 
336, 16, 39, 15, 35, 16, 4, 43, 30, 40, 
336, 16, 39, 15, 3, 16, 4, 43, 62, 44, 
336, 16, 39, 15, 47, 18, 4, 43, 30, 38, 
336, 16, 37, 15, 43, 18, 4, 43, 14, 38, 
336, 16, 39, 15, 39, 18, 6, 43, 10, 46, 
336, 16, 39, 15, 35, 16, 4, 43, 30, 44, 
336, 16, 39, 15, 35, 16, 4, 43, 30, 38, 
336, 16, 45, 15, 35, 18, 4, 43, 26, 46, 
336, 16, 38, 15, 3, 18, 4, 43, 28, 6, 
336, 16, 38, 15, 11, 18, 4, 43, 62, 44, 
336, 16, 39, 15, 33, 16, 4, 43, 30, 38, 
336, 16, 35, 15, 35, 16, 4, 43, 14, 38, 
336, 16, 35, 15, 35, 16, 5, 43, 28, 46, 
336, 16, 39, 15, 3, 18, 6, 43, 28, 6, 
336, 16, 39, 15, 35, 18, 4, 43, 28, 38, 
336, 16, 39, 15, 35, 16, 4, 43, 14, 38, 
336, 16, 39, 15, 47, 16, 5, 43, 28, 47, 
336, 16, 35, 15, 35, 16, 4, 43, 30, 38, 
336, 18, 55, 15, 33, 16, 6, 43, 28, 6, 
336, 16, 39, 15, 33, 16, 4, 43, 28, 38, 
336, 16, 39, 15, 53, 16, 5, 43, 30, 46, 
336, 16, 55, 15, 35, 16, 4, 43, 30, 38, 
336, 18, 35, 15, 35, 16, 4, 43, 30, 38, 
336, 16, 47, 15, 35, 16, 4, 43, 28, 6, 
336, 18, 39, 15, 1, 16, 4, 43, 30, 34, 
336, 16, 55, 15, 51, 16, 4, 43, 30, 38, 
336, 18, 35, 15, 35, 16, 4, 43, 30, 38, 
336, 18, 35, 15, 33, 16, 4, 43, 30, 38, 
336, 18, 39, 15, 35, 16, 5, 57, 30, 46, 
336, 16, 55, 15, 35, 16, 4, 43, 29, 4, 
336, 16, 55, 15, 33, 16, 4, 43, 30, 39, 
336, 18, 39, 15, 59, 16, 4, 43, 30, 36, 
336, 18, 55, 15, 49, 16, 4, 43, 30, 38, 
336, 16, 55, 15, 51, 16, 5, 57, 14, 46, 
336, 18, 55, 15, 39, 16, 5, 43, 29, 4, 
336, 16, 55, 15, 33, 16, 4, 43, 30, 4, 
336, 18, 55, 15, 49, 16, 4, 43, 30, 37, 
336, 16, 55, 15, 17, 16, 4, 51, 30, 38, 
336, 16, 55, 15, 49, 16, 5, 43, 22, 39, 
336, 16, 55, 15, 51, 20, 5, 57, 14, 46, 
336, 16, 55, 15, 38, 20, 5, 57, 14, 62, 
336, 16, 55, 15, 35, 16, 4, 57, 30, 38, 
336, 16, 55, 15, 33, 16, 5, 57, 28, 4, 
336, 18, 55, 15, 17, 16, 5, 51, 62, 39, 
336, 18, 55, 15, 49, 16, 4, 43, 22, 38, 
336, 16, 55, 15, 32, 16, 5, 57, 28, 4, 
336, 16, 55, 15, 36, 16, 4, 59, 54, 62, 
336, 16, 39, 15, 35, 16, 4, 57, 28, 4, 
336, 16, 55, 15, 32, 16, 4, 57, 28, 10, 
336, 16, 55, 15, 35, 16, 4, 49, 62, 38, 
336, 16, 55, 15, 32, 16, 1, 57, 52, 62, 
336, 16, 55, 15, 33, 16, 16, 51, 20, 24, 
336, 16, 55, 15, 32, 16, 5, 57, 28, 4, 
336, 16, 55, 15, 32, 16, 4, 57, 28, 4, 
336, 16, 55, 15, 34, 16, 5, 57, 12, 4, 
336, 16, 55, 15, 33, 16, 16, 51, 20, 28, 
336, 16, 55, 15, 40, 16, 16, 57, 52, 62, 
336, 16, 55, 15, 32, 16, 5, 57, 20, 62, 
336, 16, 55, 15, 34, 16, 7, 57, 20, 14, 
336, 18, 55, 15, 32, 16, 5, 59, 28, 16, 
336, 16, 55, 15, 40, 16, 16, 49, 36, 63, 
336, 16, 55, 15, 33, 16, 16, 57, 52, 62, 
336, 16, 55, 15, 5, 16, 16, 51, 52, 30, 
336, 18, 55, 15, 33, 16, 16, 51, 20, 62, 
336, 16, 39, 15, 40, 16, 16, 51, 20, 14, 
336, 16, 55, 15, 5, 16, 17, 55, 54, 30, 
336, 16, 35, 15, 33, 16, 16, 51, 60, 14, 
336, 16, 55, 15, 37, 16, 16, 49, 20, 62, 
336, 16, 55, 15, 40, 16, 16, 51, 21, 14, 
336, 16, 55, 15, 0, 16, 16, 59, 52, 62, 
336, 16, 35, 15, 1, 16, 16, 55, 54, 28, 
336, 16, 55, 15, 33, 16, 16, 49, 20, 62, 
336, 16, 55, 15, 0, 16, 17, 59, 52, 62, 
336, 16, 55, 15, 4, 16, 17, 55, 54, 30, 
336, 16, 35, 15, 33, 16, 16, 55, 60, 46, 
336, 18, 55, 15, 1, 16, 16, 59, 52, 28, 
336, 16, 35, 15, 1, 16, 17, 53, 54, 30, 
336, 16, 35, 15, 1, 16, 17, 55, 54, 28, 
336, 16, 35, 15, 4, 16, 17, 55, 54, 30, 
336, 16, 55, 15, 33, 16, 19, 59, 20, 62, 
336, 16, 38, 15, 3, 20, 16, 57, 54, 28, 
336, 16, 35, 15, 5, 16, 17, 51, 52, 30, 
336, 16, 55, 15, 17, 16, 16, 59, 20, 62, 
336, 16, 35, 15, 1, 16, 17, 55, 54, 30, 
336, 16, 35, 15, 33, 16, 19, 59, 20, 62, 
336, 16, 35, 15, 4, 16, 16, 53, 55, 28, 
336, 16, 38, 15, 1, 16, 17, 59, 54, 30, 
336, 16, 35, 15, 1, 16, 17, 59, 54, 24, 
336, 16, 38, 15, 3, 18, 17, 57, 52, 8, 
336, 16, 35, 15, 1, 16, 17, 55, 54, 30, 
336, 16, 35, 15, 0, 16, 16, 57, 55, 30, 
336, 16, 38, 15, 0, 16, 16, 53, 54, 28, 
336, 16, 35, 15, 1, 16, 16, 59, 54, 24, 
336, 16, 35, 15, 4, 16, 16, 53, 55, 30, 
336, 16, 35, 15, 4, 16, 16, 49, 54, 30, 
336, 16, 35, 15, 0, 16, 16, 53, 54, 28, 
336, 16, 35, 15, 0, 16, 17, 53, 62, 28, 
336, 16, 35, 15, 4, 16, 16, 53, 55, 30, 
336, 16, 35, 15, 4, 16, 20, 53, 55, 62, 
336, 16, 39, 15, 4, 16, 16, 53, 54, 28, 
336, 16, 35, 15, 0, 16, 16, 53, 55, 30, 
336, 16, 35, 15, 0, 16, 24, 61, 54, 30, 
336, 16, 35, 15, 1, 16, 16, 49, 55, 28, 
336, 16, 35, 15, 0, 16, 17, 53, 39, 62, 
336, 16, 39, 15, 4, 16, 17, 53, 46, 28, 
336, 16, 35, 15, 0, 16, 16, 61, 55, 30, 
336, 16, 35, 15, 1, 16, 16, 57, 55, 28, 
336, 16, 35, 15, 0, 16, 16, 49, 55, 20, 
336, 16, 35, 15, 0, 16, 16, 53, 55, 28, 
336, 16, 39, 15, 8, 16, 16, 53, 55, 28, 
336, 16, 39, 15, 0, 16, 16, 57, 55, 28, 
336, 16, 35, 15, 1, 16, 16, 61, 55, 30, 
336, 16, 39, 15, 1, 16, 16, 49, 55, 30, 
336, 16, 35, 15, 0, 20, 16, 61, 55, 28, 
336, 16, 35, 15, 4, 16, 16, 61, 55, 20, 
336, 16, 39, 15, 0, 16, 16, 59, 55, 28, 
336, 16, 39, 15, 0, 16, 16, 57, 55, 28, 
336, 16, 39, 15, 0, 16, 16, 61, 55, 20, 
336, 16, 39, 15, 0, 16, 16, 61, 55, 20, 
336, 16, 35, 15, 1, 16, 16, 61, 51, 28, 
339, 0, 39, 15, 8, 0, 16, 27, 55, 28, 
336, 16, 39, 15, 8, 16, 16, 57, 55, 20, 
336, 16, 39, 15, 4, 16, 16, 59, 55, 28, 
336, 16, 39, 15, 2, 16, 16, 61, 55, 20, 
336, 16, 39, 15, 8, 16, 16, 61, 55, 28, 
336, 16, 39, 15, 24, 20, 16, 57, 55, 28, 
336, 16, 39, 15, 8, 16, 16, 59, 23, 28, 
336, 16, 39, 15, 0, 16, 17, 59, 55, 20, 
336, 16, 39, 15, 34, 16, 16, 61, 55, 20, 
336, 16, 39, 15, 8, 16, 16, 57, 55, 20, 
336, 16, 39, 15, 10, 20, 16, 59, 23, 56, 
336, 16, 39, 15, 24, 20, 16, 61, 63, 20, 
336, 16, 39, 15, 28, 16, 16, 63, 63, 21, 
336, 16, 39, 15, 0, 16, 16, 59, 55, 20, 
336, 16, 39, 15, 8, 16, 18, 59, 19, 29, 
336, 16, 39, 15, 24, 20, 16, 61, 63, 20, 
336, 16, 55, 15, 28, 16, 16, 63, 63, 29, 
336, 16, 39, 15, 2, 16, 16, 59, 55, 48, 
336, 16, 38, 15, 8, 16, 18, 59, 19, 28, 
336, 16, 39, 15, 12, 16, 18, 59, 23, 60, 
336, 16, 35, 15, 24, 20, 16, 61, 63, 61, 
336, 16, 39, 15, 16, 16, 16, 63, 51, 20, 
336, 16, 39, 15, 24, 20, 17, 61, 63, 24, 
336, 16, 38, 9, 8, 16, 18, 59, 19, 28, 
336, 16, 37, 15, 8, 20, 19, 63, 19, 28, 
336, 16, 35, 15, 24, 20, 19, 61, 63, 24, 
336, 16, 39, 15, 24, 20, 16, 61, 63, 25, 
336, 16, 39, 15, 16, 16, 16, 61, 54, 26, 
336, 16, 47, 15, 56, 20, 17, 61, 31, 24, 
336, 16, 39, 15, 16, 16, 16, 63, 55, 56, 
336, 16, 35, 15, 48, 20, 16, 61, 62, 25, 
336, 16, 35, 15, 24, 20, 16, 61, 54, 26, 
336, 16, 39, 15, 56, 20, 16, 63, 60, 26, 
336, 16, 35, 15, 58, 20, 17, 61, 31, 24, 
336, 16, 39, 15, 24, 20, 19, 63, 63, 24, 
336, 16, 35, 15, 24, 20, 19, 61, 30, 25, 
336, 16, 35, 15, 24, 20, 17, 63, 60, 24, 
336, 16, 35, 15, 25, 20, 16, 61, 52, 26, 
336, 16, 35, 15, 56, 20, 16, 63, 62, 26, 
336, 16, 38, 15, 56, 20, 16, 63, 31, 24, 
336, 16, 35, 15, 24, 20, 11, 61, 28, 25, 
336, 16, 35, 15, 24, 20, 17, 61, 20, 26, 
336, 16, 35, 15, 24, 20, 16, 61, 62, 26, 
336, 16, 35, 15, 60, 20, 17, 61, 30, 25, 
336, 16, 39, 15, 24, 20, 18, 63, 31, 24, 
336, 16, 35, 15, 24, 20, 17, 61, 21, 26, 
336, 16, 35, 15, 56, 20, 11, 61, 28, 26, 
336, 16, 35, 15, 24, 20, 17, 61, 30, 25, 
336, 16, 35, 15, 60, 20, 17, 61, 28, 25, 
336, 18, 35, 15, 25, 20, 17, 61, 31, 24, 
336, 16, 35, 15, 24, 20, 19, 61, 28, 25, 
336, 16, 35, 15, 57, 20, 11, 63, 28, 25, 
336, 16, 35, 15, 56, 20, 11, 61, 28, 25, 
336, 16, 35, 15, 60, 20, 17, 61, 28, 27, 
336, 16, 35, 15, 57, 20, 16, 61, 31, 24, 
336, 16, 35, 15, 25, 20, 11, 63, 28, 25, 
336, 16, 35, 15, 25, 20, 15, 61, 24, 25, 
336, 16, 35, 15, 56, 20, 3, 61, 62, 25, 
336, 16, 35, 15, 24, 20, 17, 61, 28, 27, 
336, 16, 35, 15, 49, 20, 11, 61, 28, 25, 
336, 16, 35, 15, 25, 20, 11, 61, 24, 25, 
336, 16, 35, 15, 27, 20, 15, 61, 4, 17, 
336, 16, 35, 15, 24, 20, 11, 61, 62, 31, 
336, 16, 35, 15, 52, 20, 11, 53, 12, 24, 
336, 16, 35, 15, 56, 20, 3, 61, 62, 25, 
336, 16, 35, 15, 52, 20, 11, 53, 12, 16, 
336, 16, 35, 15, 25, 20, 3, 61, 62, 25, 
336, 16, 35, 15, 48, 20, 7, 61, 26, 29, 
336, 16, 35, 15, 52, 20, 11, 61, 12, 24, 
336, 16, 35, 15, 19, 20, 11, 53, 12, 17, 
336, 18, 35, 15, 25, 22, 15, 61, 44, 24, 
336, 16, 35, 15, 52, 20, 11, 61, 14, 28, 
336, 16, 35, 15, 52, 20, 11, 61, 28, 24, 
336, 16, 35, 15, 52, 20, 11, 53, 12, 17, 
336, 16, 35, 15, 17, 20, 11, 61, 12, 24, 
336, 18, 35, 15, 60, 20, 11, 61, 14, 10, 
336, 18, 38, 15, 56, 22, 15, 61, 44, 24, 
336, 16, 35, 15, 58, 20, 11, 61, 30, 26, 
336, 16, 35, 15, 48, 20, 11, 53, 30, 20, 
336, 16, 35, 15, 60, 20, 10, 61, 13, 24, 
336, 18, 35, 15, 60, 20, 2, 57, 13, 8, 
336, 18, 35, 15, 60, 20, 11, 53, 13, 24, 
336, 18, 35, 15, 60, 20, 10, 61, 12, 30, 
336, 16, 39, 15, 56, 18, 11, 61, 60, 56, 
336, 18, 38, 15, 56, 20, 11, 61, 44, 24, 
336, 18, 35, 15, 60, 16, 3, 61, 44, 24, 
336, 18, 35, 15, 44, 20, 11, 53, 13, 30, 
336, 18, 35, 15, 60, 16, 11, 53, 12, 30, 
336, 16, 39, 15, 56, 20, 11, 61, 13, 24, 
336, 16, 35, 15, 60, 20, 11, 61, 60, 24, 
336, 18, 35, 15, 60, 16, 11, 53, 13, 30, 
336, 18, 35, 15, 60, 18, 11, 61, 60, 30, 
336, 18, 39, 15, 60, 16, 3, 55, 44, 26, 
336, 16, 35, 15, 60, 16, 11, 61, 47, 25, 
336, 18, 47, 15, 60, 16, 11, 61, 12, 16, 
336, 18, 35, 15, 47, 16, 11, 53, 12, 24, 
336, 18, 35, 15, 60, 18, 11, 53, 15, 57, 
336, 16, 35, 15, 60, 16, 11, 55, 15, 31, 
336, 18, 35, 15, 56, 16, 3, 53, 47, 29, 
336, 16, 35, 15, 60, 16, 10, 53, 12, 20, 
336, 18, 35, 15, 56, 16, 3, 53, 47, 31, 
336, 18, 35, 15, 63, 16, 11, 53, 47, 29, 
336, 16, 35, 15, 44, 18, 11, 49, 47, 29, 
336, 18, 35, 15, 60, 16, 10, 55, 12, 20, 
336, 16, 35, 15, 60, 16, 11, 53, 47, 29, 
336, 18, 35, 15, 60, 20, 3, 53, 47, 29, 
336, 18, 35, 15, 58, 16, 3, 53, 47, 29, 
336, 18, 35, 15, 44, 18, 10, 49, 47, 29, 
336, 18, 35, 15, 60, 16, 1, 37, 46, 13, 
336, 18, 35, 15, 56, 16, 11, 53, 47, 29, 
336, 18, 35, 15, 58, 16, 3, 61, 47, 28, 
336, 18, 59, 15, 60, 20, 3, 53, 46, 29, 
336, 18, 35, 15, 60, 16, 15, 53, 47, 29, 
336, 18, 35, 15, 12, 20, 3, 53, 47, 29, 
336, 18, 35, 15, 46, 18, 2, 49, 63, 28, 
336, 18, 59, 15, 60, 20, 3, 53, 58, 29, 
336, 18, 35, 15, 60, 16, 15, 61, 47, 29, 
336, 18, 35, 15, 26, 16, 3, 61, 15, 28, 
336, 18, 35, 15, 58, 18, 18, 57, 63, 4, 
336, 18, 49, 15, 58, 18, 2, 49, 63, 28, 
336, 18, 59, 15, 60, 20, 2, 49, 55, 12, 
336, 18, 59, 15, 52, 16, 2, 53, 58, 28, 
336, 18, 59, 15, 62, 18, 3, 49, 51, 29, 
336, 18, 35, 15, 26, 20, 3, 61, 15, 24, 
336, 26, 35, 15, 27, 16, 3, 61, 31, 5, 
336, 18, 59, 15, 60, 20, 2, 49, 58, 28, 
336, 18, 59, 15, 52, 16, 2, 49, 63, 12, 
336, 18, 59, 15, 60, 20, 2, 49, 27, 29, 
336, 18, 59, 15, 60, 16, 2, 49, 51, 29, 
336, 18, 27, 15, 60, 20, 2, 57, 27, 12, 
336, 18, 59, 15, 60, 20, 2, 49, 34, 29, 
336, 18, 59, 15, 60, 20, 2, 49, 26, 29, 
336, 18, 59, 15, 44, 20, 2, 49, 59, 28, 
336, 18, 25, 15, 60, 18, 2, 57, 27, 12, 
336, 18, 59, 15, 60, 20, 2, 57, 27, 12, 
336, 18, 59, 15, 60, 20, 2, 49, 26, 29, 
336, 18, 59, 15, 60, 20, 3, 49, 26, 29, 
336, 18, 59, 15, 52, 20, 2, 49, 38, 28, 
336, 18, 27, 15, 60, 18, 2, 59, 27, 12, 
336, 18, 59, 15, 60, 20, 2, 49, 59, 28, 
336, 18, 59, 15, 60, 20, 3, 49, 26, 13, 
336, 18, 59, 15, 52, 20, 2, 49, 26, 29, 
336, 18, 59, 15, 60, 20, 2, 49, 62, 29, 
336, 18, 59, 15, 60, 20, 2, 59, 27, 12, 
336, 18, 58, 15, 60, 20, 2, 49, 59, 28, 
336, 18, 59, 15, 52, 20, 2, 49, 26, 29, 
336, 18, 58, 15, 62, 20, 2, 59, 27, 12, 
336, 18, 59, 15, 44, 20, 2, 49, 27, 28, 
336, 18, 59, 15, 60, 20, 3, 49, 27, 28, 
336, 18, 59, 15, 60, 20, 2, 59, 27, 4, 
336, 18, 59, 15, 52, 16, 2, 49, 25, 28, 
336, 18, 59, 15, 36, 20, 2, 49, 27, 20, 
336, 18, 59, 15, 36, 18, 2, 49, 58, 29, 
336, 18, 59, 15, 60, 20, 3, 51, 27, 28, 
336, 18, 59, 15, 44, 20, 10, 57, 31, 12, 
336, 18, 59, 15, 36, 16, 10, 49, 27, 28, 
336, 16, 59, 15, 52, 16, 2, 49, 25, 20, 
336, 18, 59, 15, 52, 16, 2, 51, 56, 28, 
336, 18, 59, 15, 52, 16, 2, 49, 29, 12, 
336, 18, 59, 15, 36, 16, 2, 49, 25, 28, 
336, 18, 59, 15, 36, 16, 10, 49, 25, 20, 
336, 16, 59, 15, 36, 16, 2, 49, 26, 24, 
336, 18, 59, 15, 37, 16, 2, 49, 25, 28, 
336, 26, 59, 15, 36, 16, 10, 49, 31, 12, 
336, 18, 59, 15, 36, 16, 2, 49, 57, 28, 
336, 18, 59, 15, 36, 16, 2, 49, 26, 8, 
336, 18, 59, 15, 36, 16, 2, 49, 18, 25, 
336, 16, 59, 15, 44, 16, 10, 49, 31, 12, 
336, 18, 59, 15, 36, 16, 10, 57, 25, 20, 
336, 18, 59, 15, 36, 16, 2, 49, 57, 28, 
336, 18, 59, 15, 36, 16, 2, 49, 19, 56, 
336, 18, 59, 15, 36, 16, 2, 49, 23, 13, 
336, 18, 59, 15, 36, 16, 10, 49, 27, 29, 
336, 18, 59, 15, 36, 16, 2, 51, 30, 28, 
336, 18, 59, 15, 36, 16, 2, 49, 18, 14, 
336, 18, 57, 15, 44, 16, 6, 49, 19, 12, 
336, 18, 59, 15, 37, 16, 2, 49, 27, 29, 
336, 18, 59, 15, 36, 16, 11, 49, 31, 29, 
336, 18, 59, 15, 52, 16, 2, 49, 19, 60, 
336, 18, 59, 15, 36, 16, 2, 51, 22, 28, 
336, 18, 25, 15, 45, 16, 2, 49, 58, 29, 
336, 18, 57, 15, 44, 16, 2, 49, 27, 29, 
336, 18, 59, 15, 38, 16, 6, 49, 19, 28, 
336, 18, 59, 15, 36, 16, 14, 49, 31, 13, 
336, 18, 57, 15, 60, 16, 2, 49, 19, 44, 
336, 18, 29, 15, 36, 16, 2, 49, 26, 61, 
336, 18, 25, 15, 45, 18, 6, 49, 51, 44, 
336, 18, 25, 15, 29, 16, 10, 49, 2, 12, 
336, 18, 59, 15, 44, 16, 2, 49, 27, 28, 
336, 18, 59, 15, 44, 16, 6, 49, 25, 31, 
336, 26, 29, 15, 36, 16, 2, 49, 26, 60, 
336, 18, 29, 15, 45, 16, 10, 49, 2, 12, 
336, 18, 29, 15, 13, 16, 2, 49, 2, 63, 
336, 18, 27, 15, 46, 16, 5, 51, 25, 31, 
336, 18, 25, 15, 25, 18, 10, 49, 2, 12, 
336, 26, 29, 15, 36, 16, 2, 49, 2, 12, 
336, 26, 29, 15, 44, 16, 6, 49, 2, 60, 
336, 18, 29, 15, 33, 16, 10, 49, 10, 40, 
336, 26, 29, 15, 36, 16, 2, 53, 2, 63, 
336, 18, 29, 15, 4, 16, 2, 49, 10, 62, 
336, 26, 29, 15, 44, 20, 6, 49, 2, 60, 
336, 26, 29, 15, 35, 16, 2, 49, 2, 46, 
336, 26, 29, 15, 37, 16, 2, 53, 2, 63, 
336, 18, 29, 15, 36, 16, 2, 49, 2, 12, 
336, 26, 29, 15, 44, 16, 10, 49, 42, 40, 
336, 26, 29, 15, 40, 20, 6, 49, 2, 63, 
336, 26, 29, 15, 36, 20, 7, 49, 2, 29, 
336, 26, 29, 15, 44, 20, 6, 49, 2, 61, 
336, 26, 29, 15, 1, 16, 2, 61, 2, 47, 
336, 26, 29, 15, 3, 16, 2, 49, 2, 12, 
336, 26, 29, 15, 32, 20, 6, 49, 2, 29, 
336, 26, 29, 15, 44, 16, 6, 49, 2, 29, 
336, 26, 29, 15, 44, 20, 7, 49, 8, 29, 
336, 26, 29, 15, 12, 20, 6, 49, 2, 61, 
336, 26, 29, 15, 3, 20, 6, 53, 2, 45, 
336, 26, 29, 15, 32, 20, 6, 49, 2, 28, 
336, 26, 29, 15, 44, 20, 7, 49, 8, 29, 
336, 26, 29, 15, 52, 20, 7, 49, 8, 29, 
336, 26, 29, 15, 32, 20, 6, 49, 2, 29, 
336, 26, 29, 15, 49, 20, 6, 49, 2, 61, 
336, 18, 29, 15, 44, 20, 7, 49, 8, 29, 
336, 26, 29, 15, 32, 20, 7, 49, 8, 29, 
336, 26, 29, 15, 52, 20, 7, 49, 8, 29, 
336, 26, 29, 15, 32, 20, 4, 49, 2, 29, 
336, 26, 29, 15, 32, 20, 4, 49, 2, 29, 
336, 18, 29, 15, 32, 20, 7, 49, 8, 29, 
336, 18, 29, 15, 44, 20, 7, 49, 2, 21, 
336, 26, 29, 15, 32, 20, 2, 49, 8, 29, 
336, 26, 29, 15, 32, 16, 6, 49, 8, 20, 
336, 26, 28, 15, 32, 20, 7, 49, 32, 21, 
336, 18, 29, 15, 37, 20, 7, 49, 24, 4, 
336, 18, 29, 15, 32, 16, 7, 49, 12, 20, 
336, 18, 25, 15, 32, 20, 7, 49, 0, 29, 
336, 26, 29, 15, 48, 16, 6, 49, 10, 21, 
336, 18, 28, 15, 40, 20, 7, 49, 0, 21, 
336, 18, 29, 15, 36, 16, 7, 49, 28, 22, 
336, 18, 25, 15, 4, 20, 7, 57, 8, 5, 
336, 18, 29, 15, 36, 20, 7, 49, 24, 21, 
336, 18, 28, 15, 40, 20, 7, 49, 0, 21, 
336, 18, 29, 15, 37, 20, 7, 49, 0, 21, 
336, 18, 29, 15, 52, 20, 7, 57, 8, 5, 
336, 18, 29, 15, 36, 16, 7, 57, 8, 5, 
336, 18, 29, 15, 36, 20, 7, 49, 24, 20, 
336, 18, 28, 15, 40, 20, 5, 49, 2, 21, 
336, 26, 29, 15, 36, 20, 7, 49, 4, 20, 
