359, 58, 30, 24, 10, 8, 4, 8, 24, 17, 
357, 18, 17, 10, 51, 23, 16, 6, 17, 47, 
357, 10, 53, 4, 6, 32, 8, 8, 17, 63, 
357, 58, 30, 23, 44, 27, 19, 6, 16, 45, 
357, 51, 35, 23, 60, 26, 19, 4, 17, 45, 
371, 58, 30, 24, 30, 26, 19, 4, 17, 45, 
362, 50, 17, 26, 19, 20, 20, 14, 24, 31, 
360, 22, 17, 9, 60, 30, 19, 4, 17, 45, 
359, 58, 30, 24, 10, 8, 4, 8, 24, 17, 
359, 58, 51, 23, 60, 27, 19, 4, 16, 45, 
371, 58, 31, 23, 52, 26, 19, 4, 16, 45, 
364, 58, 31, 16, 10, 8, 4, 40, 56, 17, 
359, 58, 49, 24, 30, 24, 16, 14, 57, 25, 
359, 58, 59, 24, 10, 9, 19, 4, 24, 45, 
358, 18, 17, 10, 22, 22, 20, 2, 24, 45, 
364, 58, 31, 16, 10, 8, 4, 40, 56, 57, 
359, 58, 49, 24, 30, 24, 16, 14, 57, 25, 
359, 59, 23, 27, 52, 22, 22, 4, 24, 61, 
359, 50, 49, 8, 30, 26, 16, 10, 56, 25, 
359, 58, 59, 24, 10, 1, 19, 4, 25, 45, 
359, 58, 49, 25, 30, 24, 16, 14, 25, 25, 
359, 58, 29, 27, 20, 18, 18, 4, 24, 61, 
359, 58, 49, 24, 30, 24, 16, 14, 27, 61, 
359, 58, 59, 25, 10, 1, 19, 4, 25, 45, 
359, 58, 49, 24, 30, 1, 19, 4, 25, 45, 
360, 54, 25, 24, 16, 24, 16, 14, 27, 45, 
359, 56, 19, 19, 22, 16, 16, 4, 24, 29, 
359, 56, 49, 8, 30, 24, 16, 14, 25, 25, 
359, 58, 49, 24, 12, 1, 19, 4, 25, 47, 
359, 58, 49, 12, 30, 3, 19, 4, 25, 61, 
381, 54, 29, 25, 50, 25, 16, 14, 25, 25, 
360, 54, 25, 24, 16, 24, 16, 14, 24, 28, 
360, 55, 25, 24, 16, 24, 16, 14, 43, 27, 
359, 50, 25, 20, 24, 1, 16, 6, 24, 45, 
359, 56, 23, 17, 22, 16, 16, 6, 25, 25, 
362, 50, 24, 20, 6, 24, 16, 6, 25, 25, 
360, 55, 25, 24, 16, 24, 16, 14, 43, 27, 
359, 50, 25, 20, 24, 1, 16, 6, 24, 45, 
359, 55, 25, 20, 24, 1, 16, 6, 28, 13, 
358, 59, 29, 24, 16, 16, 16, 14, 57, 31, 
360, 63, 25, 24, 16, 24, 16, 14, 41, 27, 
359, 55, 25, 20, 24, 1, 18, 6, 28, 13, 
359, 54, 25, 9, 24, 1, 16, 6, 22, 13, 
359, 55, 25, 21, 16, 1, 16, 6, 57, 31, 
358, 34, 24, 20, 6, 25, 16, 6, 24, 45, 
362, 54, 25, 28, 24, 8, 20, 14, 56, 29, 
362, 62, 25, 29, 24, 17, 0, 14, 20, 13, 
360, 59, 25, 24, 16, 24, 16, 14, 41, 25, 
359, 63, 25, 24, 16, 25, 16, 6, 28, 15, 
359, 55, 25, 20, 24, 1, 16, 6, 22, 13, 
366, 54, 24, 28, 24, 8, 22, 14, 47, 9, 
362, 54, 25, 28, 24, 8, 20, 14, 28, 15, 
362, 53, 25, 28, 24, 0, 16, 14, 26, 13, 
362, 62, 25, 29, 24, 17, 4, 14, 20, 13, 
360, 54, 25, 28, 16, 24, 16, 14, 41, 25, 
366, 54, 24, 28, 57, 8, 20, 14, 28, 15, 
366, 54, 24, 28, 24, 8, 16, 14, 41, 24, 
366, 52, 25, 20, 24, 29, 4, 14, 1, 8, 
362, 54, 25, 28, 24, 8, 20, 14, 62, 9, 
362, 54, 25, 29, 24, 17, 4, 14, 20, 13, 
366, 54, 24, 28, 16, 8, 20, 14, 28, 9, 
362, 54, 25, 28, 8, 25, 4, 14, 60, 8, 
360, 53, 25, 20, 24, 29, 14, 14, 1, 0, 
360, 54, 25, 29, 8, 8, 20, 14, 28, 10, 
360, 54, 25, 28, 24, 24, 52, 14, 32, 13, 
366, 54, 24, 28, 16, 8, 20, 14, 24, 8, 
366, 54, 24, 28, 16, 8, 20, 14, 32, 13, 
366, 54, 24, 28, 24, 8, 4, 14, 20, 9, 
363, 54, 24, 28, 24, 26, 20, 12, 28, 8, 
360, 54, 25, 28, 28, 24, 52, 14, 32, 13, 
370, 39, 24, 12, 28, 24, 20, 14, 32, 13, 
366, 54, 24, 28, 16, 8, 20, 14, 56, 13, 
366, 54, 24, 28, 56, 8, 4, 14, 20, 9, 
366, 54, 24, 28, 24, 8, 4, 14, 0, 13, 
366, 54, 24, 28, 24, 8, 36, 14, 36, 29, 
370, 39, 24, 12, 28, 24, 20, 14, 56, 11, 
366, 54, 24, 28, 16, 8, 0, 14, 36, 29, 
366, 54, 24, 28, 16, 8, 20, 14, 36, 29, 
366, 54, 24, 28, 56, 8, 20, 14, 1, 13, 
366, 54, 24, 28, 24, 8, 36, 14, 4, 31, 
370, 39, 24, 12, 28, 24, 20, 14, 44, 9, 
370, 39, 24, 12, 28, 24, 20, 14, 1, 13, 
366, 54, 24, 28, 56, 0, 20, 14, 25, 9, 
366, 54, 24, 28, 56, 8, 20, 14, 1, 13, 
366, 54, 24, 28, 16, 8, 33, 14, 4, 31, 
370, 39, 24, 12, 28, 24, 20, 14, 25, 9, 
370, 39, 24, 12, 28, 24, 20, 14, 25, 9, 
368, 54, 24, 28, 60, 24, 20, 15, 0, 13, 
366, 47, 24, 28, 17, 8, 33, 14, 4, 31, 
366, 54, 24, 28, 56, 8, 20, 14, 1, 13, 
370, 39, 24, 12, 12, 24, 22, 14, 25, 9, 
370, 39, 24, 12, 28, 24, 20, 14, 25, 9, 
370, 39, 24, 12, 28, 24, 21, 14, 4, 31, 
366, 54, 24, 28, 17, 8, 33, 14, 4, 31, 
364, 55, 24, 28, 24, 8, 20, 14, 1, 13, 
370, 39, 24, 12, 12, 24, 22, 14, 25, 8, 
370, 39, 24, 12, 12, 24, 20, 14, 17, 9, 
370, 39, 24, 12, 12, 24, 22, 14, 25, 8, 
370, 39, 24, 12, 29, 24, 20, 14, 14, 30, 
370, 39, 24, 12, 28, 24, 53, 14, 5, 31, 
370, 39, 24, 12, 12, 24, 22, 14, 49, 13, 
370, 39, 24, 12, 12, 24, 53, 14, 37, 15, 
370, 39, 24, 12, 28, 24, 52, 14, 17, 13, 
370, 39, 24, 13, 10, 24, 52, 14, 21, 11, 
370, 39, 24, 12, 29, 24, 20, 14, 9, 31, 
370, 39, 24, 12, 4, 24, 55, 14, 49, 13, 
370, 39, 24, 12, 12, 24, 52, 14, 49, 13, 
370, 39, 24, 13, 10, 24, 60, 14, 21, 11, 
370, 39, 24, 12, 12, 24, 23, 14, 49, 15, 
370, 39, 24, 12, 12, 24, 20, 14, 29, 31, 
370, 39, 24, 12, 14, 24, 60, 14, 49, 13, 
370, 39, 24, 12, 4, 24, 60, 14, 21, 27, 
370, 39, 24, 12, 8, 24, 23, 14, 41, 15, 
370, 39, 24, 12, 12, 24, 52, 14, 57, 15, 
370, 39, 24, 12, 4, 24, 56, 14, 21, 11, 
370, 39, 24, 13, 14, 24, 44, 14, 49, 13, 
370, 39, 24, 12, 28, 24, 23, 14, 56, 13, 
370, 39, 24, 12, 8, 24, 29, 14, 25, 31, 
370, 39, 24, 12, 12, 24, 20, 14, 17, 27, 
370, 39, 24, 13, 4, 24, 56, 14, 21, 11, 
370, 39, 24, 12, 29, 24, 23, 14, 56, 8, 
370, 39, 24, 12, 14, 24, 45, 14, 57, 13, 
370, 39, 24, 13, 14, 24, 20, 14, 17, 19, 
370, 39, 24, 12, 14, 24, 28, 14, 17, 11, 
370, 39, 24, 13, 6, 24, 48, 14, 1, 11, 
370, 39, 24, 12, 30, 24, 20, 14, 49, 19, 
370, 39, 24, 12, 13, 24, 54, 14, 17, 8, 
370, 39, 24, 12, 29, 24, 23, 14, 57, 11, 
370, 39, 24, 13, 14, 24, 50, 14, 45, 9, 
370, 39, 24, 13, 14, 24, 28, 14, 49, 11, 
370, 39, 24, 12, 30, 24, 22, 14, 17, 8, 
370, 39, 24, 12, 22, 24, 52, 14, 25, 25, 
370, 39, 24, 12, 15, 24, 21, 14, 57, 27, 
370, 39, 24, 12, 26, 24, 20, 14, 45, 9, 
370, 39, 24, 12, 30, 24, 20, 14, 51, 11, 
370, 38, 24, 12, 62, 24, 22, 14, 29, 27, 
370, 39, 24, 12, 22, 24, 20, 14, 3, 41, 
370, 39, 24, 12, 15, 24, 21, 14, 57, 27, 
370, 39, 24, 13, 14, 24, 22, 14, 33, 40, 
370, 39, 24, 12, 26, 24, 20, 14, 44, 9, 
370, 39, 24, 12, 62, 24, 19, 14, 10, 9, 
370, 38, 24, 12, 62, 24, 22, 14, 33, 44, 
370, 38, 24, 12, 63, 24, 20, 14, 46, 9, 
370, 39, 24, 12, 14, 24, 21, 14, 35, 27, 
370, 39, 24, 13, 6, 24, 22, 14, 33, 41, 
370, 39, 24, 12, 62, 24, 22, 14, 33, 44, 
370, 39, 24, 12, 62, 24, 27, 14, 10, 36, 
370, 39, 24, 13, 62, 24, 22, 14, 11, 13, 
370, 39, 24, 12, 58, 24, 20, 14, 46, 9, 
370, 39, 24, 12, 30, 24, 22, 14, 10, 25, 
379, 55, 29, 5, 62, 24, 22, 15, 11, 29, 
370, 39, 24, 12, 62, 24, 27, 14, 10, 36, 
370, 39, 24, 12, 62, 24, 22, 14, 11, 13, 
370, 39, 24, 12, 58, 24, 20, 14, 46, 41, 
370, 39, 24, 12, 58, 24, 20, 14, 42, 13, 
385, 53, 21, 5, 62, 24, 20, 14, 46, 40, 
378, 55, 25, 12, 58, 16, 20, 15, 42, 45, 
370, 39, 24, 12, 62, 24, 27, 14, 15, 41, 
370, 39, 24, 12, 58, 24, 27, 14, 42, 44, 
370, 39, 24, 12, 54, 24, 27, 14, 42, 5, 
386, 54, 27, 28, 58, 24, 19, 14, 43, 45, 
378, 55, 25, 12, 58, 16, 20, 15, 42, 41, 
378, 55, 25, 12, 58, 16, 20, 15, 42, 5, 
370, 39, 24, 12, 50, 24, 51, 14, 42, 37, 
360, 53, 37, 12, 62, 24, 59, 14, 15, 40, 
378, 54, 27, 12, 58, 16, 16, 15, 42, 41, 
370, 39, 24, 12, 50, 24, 23, 14, 42, 37, 
360, 53, 37, 12, 62, 24, 59, 14, 15, 40, 
359, 54, 53, 12, 58, 24, 27, 14, 7, 41, 
359, 55, 25, 13, 58, 16, 20, 15, 42, 32, 
385, 55, 53, 12, 58, 25, 27, 14, 7, 41, 
370, 39, 24, 12, 50, 24, 23, 14, 42, 45, 
362, 39, 24, 12, 48, 24, 23, 6, 34, 0, 
362, 52, 53, 12, 26, 24, 27, 14, 5, 41, 
360, 54, 27, 12, 62, 24, 59, 14, 7, 48, 
385, 55, 53, 12, 58, 25, 27, 14, 5, 41, 
385, 55, 31, 12, 63, 24, 26, 14, 7, 32, 
370, 39, 24, 12, 48, 24, 22, 14, 10, 21, 
370, 39, 24, 12, 48, 24, 27, 14, 1, 41, 
362, 39, 24, 12, 48, 24, 21, 6, 34, 0, 
385, 55, 53, 12, 58, 25, 27, 14, 7, 32, 
385, 55, 53, 12, 58, 25, 27, 14, 10, 21, 
370, 39, 24, 12, 45, 24, 27, 14, 1, 56, 
370, 39, 24, 12, 48, 24, 22, 14, 0, 13, 
370, 39, 24, 12, 48, 24, 23, 14, 2, 61, 
385, 55, 53, 12, 58, 25, 23, 14, 10, 61, 
372, 55, 53, 4, 58, 27, 27, 14, 12, 53, 
370, 39, 24, 12, 48, 24, 19, 14, 2, 45, 
370, 39, 24, 12, 52, 24, 31, 14, 0, 61, 
365, 54, 53, 12, 58, 26, 27, 15, 9, 56, 
385, 53, 49, 12, 58, 25, 19, 14, 2, 45, 
385, 55, 26, 12, 48, 24, 19, 14, 2, 45, 
385, 63, 53, 12, 58, 25, 23, 14, 10, 61, 
385, 55, 53, 12, 58, 25, 23, 14, 9, 56, 
370, 39, 24, 12, 48, 24, 15, 14, 36, 61, 
385, 55, 26, 12, 48, 24, 19, 14, 18, 45, 
385, 55, 26, 28, 48, 24, 19, 14, 2, 45, 
385, 53, 53, 12, 58, 25, 19, 14, 0, 40, 
385, 53, 24, 12, 58, 25, 11, 14, 0, 52, 
385, 63, 53, 12, 48, 25, 23, 14, 0, 61, 
385, 55, 26, 28, 48, 24, 19, 14, 50, 45, 
385, 53, 53, 12, 58, 25, 19, 14, 0, 44, 
385, 53, 53, 12, 54, 25, 19, 14, 0, 61, 
361, 55, 48, 44, 42, 24, 19, 14, 20, 44, 
360, 55, 26, 28, 48, 24, 23, 15, 8, 40, 
385, 53, 53, 12, 54, 25, 19, 14, 2, 61, 
364, 54, 26, 28, 54, 25, 3, 14, 8, 61, 
362, 52, 53, 14, 50, 24, 19, 14, 32, 61, 
360, 55, 26, 28, 52, 24, 23, 14, 0, 44, 
359, 52, 52, 12, 62, 25, 19, 14, 0, 44, 
385, 55, 48, 12, 55, 25, 19, 14, 8, 61, 
385, 52, 37, 14, 50, 24, 19, 14, 32, 44, 
374, 39, 26, 28, 54, 24, 7, 14, 0, 60, 
361, 54, 56, 40, 54, 25, 19, 14, 8, 37, 
360, 54, 26, 28, 48, 24, 23, 14, 0, 44, 
385, 53, 48, 12, 55, 27, 19, 14, 8, 44, 
381, 55, 48, 13, 55, 25, 19, 14, 0, 60, 
381, 63, 48, 8, 55, 25, 3, 14, 8, 37, 
381, 54, 48, 12, 51, 25, 18, 14, 0, 44, 
366, 52, 37, 10, 54, 24, 7, 14, 0, 60, 
385, 63, 48, 13, 55, 25, 27, 14, 12, 45, 
385, 63, 48, 12, 55, 25, 18, 14, 0, 44, 
385, 55, 48, 8, 51, 25, 16, 14, 8, 36, 
381, 54, 48, 12, 51, 27, 18, 14, 0, 44, 
381, 55, 48, 14, 50, 25, 18, 14, 0, 45, 
388, 63, 48, 12, 55, 25, 2, 14, 17, 12, 
385, 63, 48, 13, 55, 25, 27, 14, 8, 44, 
385, 55, 48, 8, 59, 25, 16, 14, 8, 36, 
385, 63, 48, 13, 55, 25, 27, 14, 8, 33, 
385, 55, 48, 8, 55, 25, 18, 14, 0, 44, 
388, 63, 48, 12, 55, 25, 2, 14, 16, 60, 
385, 58, 48, 13, 55, 25, 27, 14, 10, 44, 
385, 63, 48, 12, 63, 25, 16, 14, 16, 44, 
385, 63, 48, 13, 55, 25, 27, 14, 12, 32, 
385, 55, 48, 12, 55, 25, 18, 14, 1, 12, 
388, 63, 48, 12, 55, 25, 2, 14, 16, 60, 
388, 63, 48, 12, 55, 25, 0, 14, 16, 60, 
388, 63, 48, 12, 55, 25, 2, 14, 12, 40, 
385, 58, 48, 13, 55, 25, 24, 14, 16, 45, 
385, 58, 48, 13, 55, 25, 27, 14, 32, 44, 
388, 63, 48, 12, 54, 25, 0, 14, 16, 60, 
388, 63, 48, 12, 55, 25, 2, 14, 12, 40, 
388, 63, 48, 12, 55, 25, 2, 14, 12, 45, 
385, 63, 48, 13, 55, 25, 19, 14, 48, 44, 
385, 62, 48, 4, 54, 25, 26, 14, 36, 44, 
388, 63, 48, 12, 54, 25, 0, 14, 20, 12, 
385, 63, 48, 12, 55, 25, 19, 14, 56, 44, 
385, 62, 48, 4, 55, 25, 26, 14, 52, 44, 
381, 63, 48, 4, 55, 25, 3, 14, 8, 44, 
365, 55, 49, 12, 54, 25, 0, 14, 20, 44, 
388, 63, 48, 12, 54, 25, 0, 14, 20, 10, 
388, 63, 48, 12, 55, 25, 0, 14, 20, 44, 
385, 63, 48, 12, 55, 25, 26, 14, 52, 44, 
385, 63, 48, 12, 53, 25, 26, 14, 52, 40, 
385, 62, 48, 4, 55, 27, 18, 14, 57, 44, 
388, 63, 48, 12, 55, 25, 0, 14, 20, 44, 
388, 63, 49, 5, 55, 25, 0, 14, 20, 40, 
385, 63, 48, 12, 52, 25, 18, 14, 20, 10, 
385, 62, 48, 4, 55, 27, 26, 14, 59, 40, 
385, 63, 48, 12, 53, 25, 26, 14, 52, 32, 
385, 63, 48, 12, 53, 25, 16, 14, 4, 14, 
385, 63, 49, 12, 53, 25, 14, 14, 52, 32, 
385, 62, 48, 12, 48, 25, 26, 14, 51, 40, 
385, 63, 48, 12, 52, 25, 26, 14, 52, 0, 
385, 62, 48, 4, 55, 27, 18, 14, 61, 32, 
385, 63, 48, 12, 53, 25, 18, 14, 52, 32, 
385, 63, 48, 12, 52, 25, 26, 14, 4, 12, 
385, 62, 48, 12, 63, 27, 18, 14, 52, 46, 
385, 63, 49, 12, 53, 25, 14, 14, 51, 40, 
385, 62, 48, 12, 48, 25, 26, 14, 54, 4, 
385, 63, 48, 12, 53, 25, 18, 14, 34, 8, 
385, 63, 49, 12, 63, 27, 18, 14, 20, 46, 
385, 63, 48, 12, 55, 25, 18, 14, 52, 44, 
385, 63, 49, 12, 53, 25, 14, 14, 51, 40, 
385, 63, 49, 12, 53, 25, 26, 14, 54, 44, 
388, 63, 49, 12, 63, 27, 2, 14, 20, 36, 
385, 63, 49, 12, 57, 25, 18, 14, 52, 44, 
385, 55, 48, 15, 53, 25, 14, 14, 51, 8, 
385, 63, 33, 12, 49, 25, 14, 14, 34, 40, 
385, 63, 49, 12, 37, 25, 18, 14, 51, 26, 
391, 63, 49, 15, 57, 25, 14, 14, 48, 12, 
388, 63, 49, 12, 55, 25, 2, 14, 19, 20, 
385, 63, 33, 36, 57, 25, 14, 14, 42, 41, 
385, 63, 49, 12, 57, 25, 18, 14, 51, 8, 
385, 63, 49, 12, 57, 25, 14, 14, 34, 40, 
385, 63, 53, 12, 57, 25, 14, 14, 34, 40, 
385, 63, 49, 5, 56, 25, 18, 14, 51, 8, 
384, 63, 53, 15, 41, 25, 14, 14, 42, 9, 
381, 63, 49, 13, 57, 25, 30, 14, 56, 12, 
376, 46, 49, 12, 55, 25, 2, 14, 50, 42, 
388, 63, 49, 12, 55, 25, 0, 14, 50, 58, 
385, 63, 53, 12, 57, 25, 14, 14, 32, 12, 
385, 63, 49, 5, 48, 25, 18, 14, 42, 9, 
385, 63, 49, 5, 56, 25, 22, 14, 43, 8, 
385, 55, 49, 5, 56, 25, 18, 14, 56, 12, 
385, 63, 49, 12, 55, 27, 14, 14, 32, 12, 
385, 63, 49, 12, 61, 25, 14, 14, 32, 12, 
385, 55, 49, 5, 48, 25, 18, 14, 56, 40, 
385, 63, 53, 12, 57, 27, 18, 14, 42, 8, 
385, 63, 49, 5, 48, 25, 22, 14, 43, 8, 
385, 63, 49, 12, 63, 25, 14, 14, 32, 12, 
385, 63, 49, 12, 55, 25, 18, 14, 56, 40, 
385, 63, 49, 8, 57, 27, 18, 14, 42, 8, 
385, 63, 53, 12, 57, 25, 30, 14, 46, 8, 
385, 63, 49, 5, 48, 25, 22, 14, 43, 8, 
385, 63, 49, 9, 57, 27, 18, 14, 42, 24, 
385, 63, 49, 8, 57, 25, 14, 14, 34, 12, 
385, 63, 53, 12, 61, 25, 14, 14, 46, 8, 
385, 63, 49, 8, 61, 27, 18, 14, 40, 32, 
385, 55, 53, 12, 63, 25, 18, 14, 56, 8, 
385, 61, 49, 9, 57, 27, 18, 14, 42, 24, 
385, 63, 53, 9, 61, 27, 18, 14, 40, 40, 
385, 63, 49, 8, 57, 25, 18, 14, 56, 40, 
385, 55, 49, 8, 63, 25, 19, 14, 56, 8, 
381, 63, 49, 1, 57, 25, 14, 14, 34, 12, 
388, 63, 49, 12, 59, 25, 2, 14, 58, 12, 
388, 63, 49, 8, 59, 25, 3, 14, 48, 24, 
385, 63, 49, 9, 57, 25, 30, 14, 38, 24, 
385, 63, 53, 9, 61, 27, 18, 14, 56, 40, 
385, 63, 53, 12, 63, 25, 19, 14, 48, 8, 
388, 63, 49, 12, 59, 25, 2, 14, 48, 8, 
388, 63, 49, 8, 59, 25, 3, 14, 48, 8, 
385, 63, 49, 9, 57, 25, 23, 14, 48, 24, 
385, 63, 49, 9, 57, 27, 26, 14, 34, 25, 
385, 63, 49, 9, 63, 25, 19, 14, 48, 8, 
388, 61, 49, 12, 59, 25, 2, 14, 48, 8, 
388, 63, 49, 8, 59, 25, 2, 14, 48, 8, 
388, 63, 49, 8, 59, 25, 3, 14, 48, 8, 
385, 63, 49, 12, 57, 25, 30, 14, 48, 8, 
385, 63, 49, 8, 59, 25, 23, 14, 48, 24, 
388, 63, 48, 12, 59, 25, 2, 14, 48, 8, 
388, 61, 49, 12, 57, 25, 2, 14, 48, 8, 
388, 63, 49, 12, 59, 25, 3, 14, 48, 8, 
388, 63, 49, 8, 59, 25, 3, 14, 48, 8, 
388, 63, 49, 8, 59, 25, 2, 14, 48, 8, 
388, 63, 49, 12, 59, 25, 3, 14, 50, 8, 
388, 63, 48, 12, 59, 25, 3, 14, 32, 12, 
388, 63, 49, 8, 59, 25, 2, 14, 48, 8, 
388, 63, 49, 12, 59, 25, 3, 14, 48, 8, 
388, 63, 49, 8, 59, 25, 3, 14, 48, 8, 
388, 63, 48, 12, 59, 25, 3, 14, 42, 12, 
388, 63, 49, 8, 59, 25, 1, 14, 34, 8, 
388, 63, 48, 12, 59, 25, 3, 14, 32, 9, 
388, 61, 49, 12, 59, 25, 3, 14, 48, 8, 
388, 63, 49, 8, 59, 25, 3, 14, 48, 8, 
388, 63, 48, 12, 59, 25, 3, 14, 48, 8, 
388, 63, 48, 12, 59, 25, 3, 14, 42, 12, 
388, 63, 49, 8, 58, 25, 3, 14, 48, 8, 
388, 63, 48, 12, 59, 25, 1, 14, 48, 9, 
388, 61, 49, 12, 59, 25, 2, 14, 48, 8, 
388, 63, 48, 12, 59, 25, 3, 14, 58, 12, 
388, 63, 48, 12, 59, 25, 3, 14, 51, 0, 
388, 63, 49, 8, 58, 25, 3, 14, 48, 9, 
388, 63, 48, 12, 59, 25, 1, 14, 48, 57, 
388, 63, 49, 12, 59, 25, 2, 14, 16, 8, 
388, 63, 49, 12, 59, 25, 3, 14, 51, 0, 
388, 63, 48, 12, 58, 25, 2, 14, 48, 8, 
388, 63, 48, 12, 57, 25, 3, 14, 48, 57, 
388, 63, 48, 12, 59, 25, 3, 14, 53, 40, 
388, 63, 48, 12, 59, 25, 1, 14, 48, 56, 
388, 63, 48, 12, 58, 25, 2, 14, 32, 40, 
385, 63, 48, 12, 59, 25, 19, 14, 36, 40, 
385, 63, 48, 12, 59, 25, 19, 14, 52, 41, 
385, 63, 48, 12, 57, 25, 27, 14, 48, 56, 
383, 62, 48, 20, 58, 25, 3, 14, 49, 40, 
388, 63, 48, 12, 59, 25, 1, 14, 36, 40, 
388, 63, 48, 12, 59, 25, 3, 14, 51, 40, 
385, 63, 48, 12, 58, 25, 19, 14, 36, 40, 
385, 63, 48, 12, 59, 25, 19, 14, 48, 33, 
385, 63, 48, 12, 55, 25, 19, 14, 48, 56, 
388, 63, 48, 12, 59, 25, 3, 14, 55, 40, 
388, 63, 48, 12, 59, 25, 3, 14, 36, 56, 
388, 63, 48, 12, 59, 25, 2, 14, 36, 40, 
385, 47, 32, 12, 59, 25, 19, 15, 48, 56, 
385, 63, 48, 12, 58, 25, 18, 14, 33, 40, 
388, 63, 48, 12, 59, 25, 3, 14, 36, 56, 
388, 63, 48, 12, 59, 25, 0, 14, 44, 56, 
388, 63, 48, 12, 59, 25, 3, 14, 36, 44, 
388, 63, 49, 5, 58, 25, 3, 14, 32, 40, 
386, 62, 32, 28, 59, 24, 17, 14, 49, 58, 
388, 63, 48, 12, 59, 25, 0, 14, 44, 56, 
388, 63, 48, 13, 59, 25, 0, 14, 38, 56, 
388, 63, 48, 12, 59, 25, 3, 14, 52, 56, 
388, 63, 48, 12, 59, 25, 3, 14, 36, 44, 
388, 63, 48, 12, 59, 25, 2, 14, 44, 40, 
388, 63, 48, 12, 58, 25, 3, 14, 38, 56, 
388, 63, 48, 13, 59, 25, 2, 14, 38, 56, 
388, 63, 48, 13, 61, 25, 0, 14, 44, 40, 
388, 63, 48, 0, 59, 25, 2, 14, 38, 40, 
388, 63, 48, 12, 62, 25, 3, 14, 52, 36, 
388, 63, 48, 12, 58, 25, 3, 14, 38, 56, 
388, 61, 49, 13, 61, 25, 3, 14, 46, 40, 
388, 63, 48, 0, 58, 25, 3, 14, 38, 40, 
388, 63, 48, 12, 62, 25, 3, 14, 36, 40, 
388, 63, 48, 13, 63, 25, 3, 14, 36, 36, 
388, 63, 48, 12, 59, 25, 3, 14, 46, 40, 
388, 63, 48, 13, 62, 25, 3, 14, 38, 56, 
388, 63, 48, 12, 58, 25, 3, 14, 36, 40, 
388, 63, 48, 9, 63, 25, 3, 14, 37, 38, 
388, 63, 48, 13, 59, 25, 3, 14, 36, 44, 
388, 63, 48, 13, 59, 25, 3, 14, 42, 40, 
388, 63, 48, 12, 58, 25, 3, 14, 36, 40, 
388, 63, 48, 12, 59, 25, 3, 14, 36, 44, 
388, 63, 48, 9, 62, 25, 3, 14, 36, 40, 
388, 63, 49, 5, 63, 25, 3, 14, 37, 35, 
388, 63, 48, 12, 63, 25, 3, 14, 50, 41, 
388, 63, 48, 12, 59, 25, 3, 14, 36, 44, 
388, 63, 48, 13, 59, 25, 3, 14, 37, 35, 
388, 63, 49, 12, 63, 25, 3, 14, 47, 41, 
388, 63, 48, 12, 58, 25, 3, 14, 37, 35, 
388, 63, 48, 12, 63, 25, 2, 14, 36, 43, 
388, 63, 48, 13, 57, 25, 3, 14, 4, 33, 
388, 63, 53, 12, 63, 25, 3, 14, 47, 41, 
388, 63, 48, 12, 58, 25, 3, 14, 37, 35, 
388, 61, 48, 13, 59, 25, 3, 14, 39, 41, 
388, 63, 49, 12, 63, 25, 1, 14, 38, 41, 
388, 63, 53, 12, 62, 25, 2, 14, 47, 43, 
388, 61, 48, 13, 59, 25, 3, 14, 36, 34, 
381, 61, 48, 15, 63, 25, 2, 14, 36, 41, 
381, 55, 48, 13, 59, 25, 3, 14, 4, 33, 
388, 63, 48, 13, 59, 25, 2, 14, 36, 34, 
388, 60, 49, 12, 63, 25, 1, 14, 38, 34, 
388, 63, 49, 12, 63, 25, 2, 14, 36, 41, 
388, 61, 49, 12, 62, 25, 3, 14, 46, 34, 
388, 61, 48, 4, 59, 25, 3, 14, 4, 35, 
388, 63, 48, 13, 59, 25, 2, 14, 4, 41, 
388, 63, 48, 13, 59, 25, 2, 14, 46, 51, 
388, 62, 48, 4, 59, 25, 3, 14, 4, 34, 
388, 60, 49, 12, 63, 25, 3, 14, 46, 39, 
388, 61, 49, 12, 59, 25, 3, 14, 38, 2, 
388, 63, 48, 13, 59, 25, 2, 14, 46, 51, 
388, 63, 48, 13, 63, 25, 1, 14, 39, 2, 
388, 63, 48, 13, 57, 25, 3, 14, 46, 39, 
388, 62, 48, 4, 59, 25, 3, 14, 38, 50, 
388, 60, 49, 12, 63, 25, 3, 14, 46, 54, 
388, 63, 48, 13, 61, 25, 1, 14, 39, 2, 
388, 61, 48, 13, 59, 25, 3, 14, 38, 50, 
388, 63, 53, 12, 59, 25, 3, 14, 46, 54, 
388, 63, 48, 13, 63, 25, 3, 14, 46, 54, 
388, 62, 48, 12, 57, 25, 2, 14, 38, 34, 
388, 63, 48, 13, 61, 25, 1, 14, 38, 2, 
388, 63, 48, 12, 61, 25, 1, 14, 46, 6, 
388, 63, 48, 13, 63, 25, 1, 14, 38, 50, 
388, 61, 48, 13, 59, 25, 3, 14, 38, 54, 
388, 63, 53, 12, 59, 25, 3, 14, 46, 54, 
388, 63, 48, 13, 61, 25, 1, 14, 46, 14, 
388, 63, 48, 12, 61, 25, 1, 14, 34, 6, 
388, 63, 48, 13, 61, 25, 3, 14, 38, 54, 
388, 63, 49, 12, 59, 25, 1, 14, 46, 38, 
388, 63, 53, 12, 59, 25, 2, 14, 46, 54, 
388, 61, 49, 13, 63, 25, 1, 14, 46, 6, 
388, 63, 48, 12, 61, 25, 1, 14, 6, 22, 
388, 63, 48, 12, 61, 25, 1, 14, 34, 22, 
388, 63, 49, 12, 59, 25, 1, 14, 46, 38, 
388, 63, 48, 13, 61, 25, 3, 14, 46, 38, 
388, 61, 49, 13, 63, 25, 1, 14, 6, 30, 
388, 63, 49, 8, 63, 25, 1, 14, 34, 6, 
388, 61, 49, 12, 59, 25, 0, 14, 46, 6, 
388, 61, 49, 13, 61, 25, 3, 14, 46, 38, 
388, 63, 48, 12, 61, 25, 1, 14, 34, 22, 
388, 61, 49, 12, 63, 25, 1, 14, 42, 6, 
388, 63, 49, 12, 63, 25, 0, 14, 42, 6, 
388, 63, 49, 12, 63, 25, 1, 14, 42, 46, 
388, 63, 49, 12, 63, 25, 1, 14, 46, 12, 
381, 61, 48, 9, 63, 25, 1, 14, 6, 22, 
388, 61, 49, 12, 63, 25, 1, 14, 42, 36, 
388, 53, 49, 12, 63, 25, 1, 14, 43, 42, 
388, 61, 49, 12, 63, 25, 1, 14, 46, 12, 
388, 61, 49, 12, 63, 25, 3, 14, 46, 12, 
388, 57, 48, 12, 59, 25, 1, 14, 2, 18, 
388, 61, 49, 12, 63, 25, 1, 14, 62, 36, 
388, 60, 49, 12, 63, 25, 1, 14, 44, 12, 
388, 61, 49, 12, 63, 25, 1, 14, 46, 12, 
388, 61, 49, 12, 63, 25, 3, 14, 42, 36, 
388, 53, 49, 12, 63, 25, 1, 14, 46, 12, 
388, 61, 49, 12, 63, 25, 1, 14, 44, 12, 
388, 61, 49, 12, 63, 25, 1, 14, 46, 12, 
388, 61, 49, 12, 63, 25, 3, 14, 38, 36, 
388, 61, 49, 12, 63, 25, 1, 14, 46, 4, 
388, 63, 49, 12, 63, 25, 1, 14, 42, 4, 
388, 61, 49, 12, 63, 25, 1, 14, 14, 12, 
388, 61, 49, 12, 63, 25, 1, 14, 44, 12, 
388, 61, 49, 12, 63, 25, 3, 14, 38, 36, 
388, 63, 49, 12, 63, 25, 1, 14, 40, 4, 
388, 61, 49, 12, 63, 25, 1, 14, 46, 12, 
388, 61, 49, 12, 63, 25, 3, 14, 38, 36, 
388, 61, 49, 12, 63, 25, 3, 14, 14, 36, 
388, 61, 49, 12, 63, 25, 1, 14, 36, 36, 
388, 61, 49, 12, 63, 25, 1, 14, 44, 4, 
388, 61, 49, 12, 62, 25, 0, 14, 46, 4, 
388, 61, 49, 12, 63, 25, 1, 14, 36, 44, 
388, 61, 49, 12, 61, 25, 1, 14, 44, 4, 
388, 63, 49, 12, 63, 25, 1, 14, 46, 4, 
388, 61, 49, 12, 63, 25, 0, 14, 46, 0, 
388, 61, 49, 12, 58, 25, 0, 14, 46, 36, 
388, 63, 53, 12, 63, 25, 1, 14, 44, 44, 
388, 61, 49, 12, 63, 25, 0, 14, 46, 0, 
388, 61, 49, 12, 61, 25, 1, 14, 46, 36, 
388, 63, 49, 12, 63, 25, 0, 14, 46, 0, 
388, 55, 33, 12, 63, 25, 0, 14, 46, 0, 
388, 61, 53, 4, 61, 25, 1, 14, 46, 44, 
388, 63, 53, 12, 62, 25, 5, 14, 46, 0, 
388, 55, 53, 9, 63, 25, 1, 14, 46, 12, 
388, 61, 49, 12, 63, 25, 1, 14, 46, 44, 
388, 63, 49, 12, 63, 25, 0, 14, 46, 0, 
388, 63, 53, 12, 62, 25, 5, 14, 38, 4, 
388, 61, 53, 4, 57, 25, 1, 14, 54, 12, 
388, 61, 53, 4, 61, 25, 0, 14, 46, 0, 
388, 63, 53, 9, 63, 25, 0, 14, 46, 8, 
388, 63, 54, 12, 63, 25, 1, 14, 42, 44, 
388, 63, 53, 12, 62, 25, 1, 14, 54, 12, 
388, 63, 53, 12, 62, 25, 5, 14, 46, 28, 
388, 63, 53, 9, 61, 25, 5, 14, 46, 8, 
388, 63, 53, 12, 62, 25, 5, 14, 42, 4, 
388, 61, 53, 4, 61, 25, 0, 14, 46, 0, 
388, 63, 53, 12, 62, 25, 1, 14, 42, 4, 
388, 63, 53, 12, 62, 25, 1, 14, 62, 4, 
388, 63, 53, 12, 62, 25, 5, 14, 46, 8, 
388, 59, 53, 14, 61, 25, 1, 14, 46, 8, 
388, 63, 53, 12, 62, 25, 5, 14, 58, 4, 
388, 63, 53, 12, 62, 25, 1, 14, 40, 4, 
388, 63, 53, 12, 62, 25, 5, 14, 46, 8, 
388, 63, 53, 12, 62, 25, 5, 14, 46, 8, 
388, 63, 53, 12, 60, 25, 1, 14, 47, 8, 
388, 63, 53, 12, 62, 25, 1, 14, 62, 4, 
388, 63, 53, 12, 62, 25, 5, 14, 44, 40, 
388, 63, 53, 12, 62, 25, 1, 14, 40, 12, 
388, 63, 53, 12, 54, 25, 1, 14, 40, 0, 
388, 63, 53, 12, 63, 25, 1, 14, 62, 4, 
388, 63, 53, 12, 54, 25, 1, 14, 62, 8, 
388, 63, 53, 12, 62, 25, 1, 14, 40, 12, 
388, 63, 53, 12, 62, 25, 1, 14, 40, 4, 
388, 63, 49, 12, 55, 25, 1, 14, 44, 0, 
388, 63, 53, 12, 62, 25, 5, 14, 58, 4, 
388, 63, 53, 12, 62, 25, 5, 14, 62, 40, 
388, 63, 53, 12, 62, 25, 1, 14, 40, 12, 
388, 63, 53, 12, 62, 25, 5, 14, 42, 4, 
388, 63, 53, 12, 62, 25, 1, 14, 40, 4, 
388, 63, 53, 12, 55, 25, 1, 14, 44, 0, 
388, 63, 53, 12, 54, 25, 1, 14, 62, 56, 
388, 63, 53, 12, 62, 25, 5, 14, 42, 0, 
388, 62, 53, 12, 62, 25, 1, 14, 40, 4, 
388, 63, 53, 12, 62, 25, 1, 14, 62, 60, 
388, 63, 49, 12, 54, 25, 1, 14, 62, 56, 
385, 63, 53, 12, 63, 25, 33, 14, 42, 4, 
388, 63, 53, 12, 62, 25, 1, 14, 40, 36, 
388, 63, 53, 12, 62, 25, 1, 14, 62, 56, 
388, 63, 49, 12, 54, 25, 1, 14, 62, 56, 
388, 63, 53, 12, 62, 25, 1, 14, 62, 60, 
388, 63, 49, 12, 62, 25, 1, 14, 58, 36, 
388, 63, 53, 12, 62, 25, 1, 14, 40, 40, 
388, 63, 49, 12, 54, 25, 1, 14, 60, 56, 
388, 63, 37, 12, 60, 24, 1, 14, 58, 62, 
388, 63, 53, 12, 60, 25, 0, 14, 62, 36, 
388, 63, 48, 12, 62, 25, 1, 14, 58, 52, 
388, 63, 21, 12, 60, 24, 1, 14, 56, 62, 
388, 63, 49, 12, 62, 25, 1, 14, 58, 62, 
388, 63, 49, 12, 62, 25, 1, 14, 42, 36, 
388, 63, 21, 12, 62, 24, 1, 14, 62, 60, 
388, 63, 49, 12, 54, 25, 1, 14, 58, 50, 
388, 63, 49, 12, 62, 25, 1, 14, 58, 62, 
388, 63, 53, 12, 62, 25, 1, 14, 58, 62, 
388, 63, 21, 12, 62, 24, 1, 14, 63, 62, 
388, 63, 49, 12, 62, 25, 1, 14, 62, 60, 
388, 63, 49, 12, 62, 25, 1, 14, 58, 50, 
388, 63, 49, 12, 62, 25, 1, 14, 58, 62, 
388, 63, 53, 12, 62, 25, 5, 14, 58, 62, 
388, 63, 49, 12, 62, 25, 1, 14, 58, 62, 
388, 63, 53, 13, 62, 25, 1, 14, 58, 62, 
388, 63, 53, 12, 63, 25, 1, 14, 58, 62, 
388, 63, 49, 12, 62, 25, 5, 14, 58, 62, 
388, 63, 49, 12, 60, 25, 1, 14, 56, 28, 
388, 63, 53, 13, 58, 25, 1, 14, 26, 62, 
388, 62, 53, 12, 62, 25, 1, 14, 58, 62, 
388, 62, 53, 12, 62, 25, 1, 14, 58, 52, 
388, 63, 49, 12, 62, 25, 1, 14, 62, 52, 
388, 63, 53, 12, 62, 25, 1, 14, 42, 30, 
388, 63, 49, 12, 62, 25, 1, 14, 58, 52, 
388, 63, 53, 12, 62, 25, 3, 14, 58, 62, 
385, 63, 53, 12, 58, 25, 33, 14, 26, 60, 
388, 63, 49, 12, 60, 25, 1, 14, 58, 54, 
388, 63, 49, 12, 62, 25, 0, 14, 58, 52, 
388, 63, 33, 12, 62, 25, 3, 14, 62, 54, 
388, 63, 53, 12, 62, 25, 1, 14, 58, 52, 
388, 63, 49, 12, 62, 25, 3, 14, 58, 62, 
388, 63, 49, 12, 61, 25, 3, 14, 38, 54, 
388, 63, 49, 12, 60, 25, 1, 14, 58, 53, 
388, 63, 49, 12, 62, 25, 5, 14, 56, 52, 
388, 63, 48, 12, 62, 25, 0, 14, 58, 62, 
388, 63, 49, 12, 62, 25, 1, 14, 58, 60, 
388, 63, 49, 12, 60, 25, 0, 14, 42, 53, 
388, 63, 49, 12, 60, 25, 0, 14, 50, 54, 
388, 63, 33, 12, 61, 25, 3, 14, 58, 44, 
388, 63, 49, 12, 62, 25, 5, 14, 56, 52, 
388, 63, 49, 12, 60, 25, 1, 14, 50, 28, 
388, 63, 49, 12, 60, 25, 0, 14, 50, 54, 
388, 63, 49, 12, 60, 25, 1, 14, 42, 52, 
388, 63, 53, 12, 60, 25, 0, 14, 40, 52, 
388, 63, 49, 12, 60, 25, 1, 14, 50, 29, 
388, 63, 49, 8, 61, 25, 3, 14, 58, 60, 
388, 63, 49, 12, 60, 25, 1, 14, 42, 54, 
388, 63, 49, 12, 60, 25, 1, 14, 50, 52, 
388, 63, 49, 12, 60, 25, 0, 14, 50, 53, 
388, 63, 49, 12, 60, 25, 1, 14, 50, 53, 
388, 63, 49, 12, 60, 25, 3, 14, 50, 52, 
388, 63, 49, 12, 60, 25, 1, 14, 42, 52, 
388, 63, 49, 12, 62, 25, 0, 14, 50, 53, 
388, 63, 49, 12, 60, 25, 1, 14, 18, 53, 
388, 63, 49, 12, 60, 25, 0, 14, 50, 53, 
388, 63, 49, 12, 60, 25, 1, 14, 50, 53, 
388, 63, 49, 8, 60, 25, 1, 14, 18, 53, 
388, 63, 49, 12, 60, 25, 1, 14, 50, 52, 
388, 63, 49, 8, 60, 25, 0, 14, 56, 52, 
388, 63, 53, 12, 53, 25, 1, 14, 48, 53, 
388, 63, 49, 12, 62, 25, 1, 14, 19, 52, 
388, 63, 49, 8, 60, 25, 1, 14, 18, 52, 
388, 63, 49, 12, 56, 25, 1, 14, 50, 53, 
388, 55, 49, 8, 61, 25, 0, 14, 56, 52, 
388, 63, 49, 8, 60, 25, 1, 14, 16, 52, 
388, 63, 49, 8, 58, 25, 1, 14, 19, 53, 
388, 63, 49, 8, 60, 25, 1, 14, 18, 53, 
388, 63, 48, 12, 56, 25, 1, 14, 51, 53, 
388, 63, 49, 12, 56, 25, 1, 14, 50, 53, 
388, 63, 49, 8, 60, 25, 1, 14, 50, 53, 
388, 63, 49, 12, 62, 27, 1, 14, 23, 53, 
388, 62, 48, 8, 56, 25, 1, 14, 18, 49, 
388, 63, 49, 8, 60, 25, 1, 14, 18, 53, 
388, 63, 48, 12, 56, 25, 1, 14, 50, 53, 
388, 63, 48, 12, 61, 25, 1, 14, 59, 61, 
388, 63, 49, 12, 56, 25, 1, 14, 55, 53, 
388, 63, 49, 8, 60, 25, 1, 14, 19, 53, 
388, 62, 48, 12, 60, 25, 1, 14, 27, 61, 
388, 63, 49, 9, 60, 25, 1, 14, 22, 29, 
385, 63, 48, 12, 60, 25, 17, 14, 48, 55, 
381, 62, 33, 24, 56, 25, 1, 14, 50, 53, 
388, 63, 49, 8, 60, 25, 1, 14, 27, 61, 
388, 63, 48, 0, 60, 25, 1, 14, 25, 45, 
388, 63, 49, 8, 56, 25, 1, 14, 50, 21, 
388, 62, 48, 12, 56, 25, 1, 14, 50, 61, 
388, 63, 48, 12, 60, 25, 1, 14, 50, 53, 
388, 63, 48, 0, 62, 25, 1, 14, 25, 45, 
388, 63, 49, 8, 52, 25, 0, 14, 55, 21, 
388, 62, 48, 8, 56, 25, 1, 14, 19, 61, 
388, 63, 48, 0, 56, 25, 1, 14, 50, 21, 
388, 62, 48, 14, 56, 25, 1, 14, 18, 61, 
388, 62, 48, 8, 56, 25, 1, 14, 19, 61, 
388, 63, 48, 0, 60, 25, 1, 14, 19, 47, 
388, 63, 48, 0, 56, 25, 1, 14, 27, 5, 
388, 63, 49, 8, 52, 25, 0, 14, 55, 53, 
388, 63, 48, 0, 56, 25, 1, 14, 18, 61, 
388, 63, 48, 0, 60, 25, 1, 14, 19, 13, 
388, 63, 48, 0, 60, 25, 1, 14, 19, 5, 
385, 56, 48, 0, 56, 25, 17, 14, 19, 4, 
381, 63, 48, 16, 60, 25, 1, 14, 27, 37, 
381, 63, 48, 4, 60, 25, 1, 14, 51, 49, 
388, 63, 48, 0, 60, 25, 1, 14, 19, 33, 
385, 63, 48, 0, 56, 25, 19, 14, 19, 4, 
385, 56, 33, 0, 56, 25, 17, 14, 19, 4, 
381, 63, 48, 16, 60, 25, 3, 14, 19, 45, 
381, 56, 48, 8, 56, 25, 1, 14, 27, 39, 
388, 61, 34, 0, 56, 25, 1, 14, 19, 45, 
385, 63, 48, 0, 60, 25, 27, 14, 19, 4, 
385, 59, 48, 8, 56, 25, 17, 14, 27, 39, 
385, 61, 49, 0, 56, 25, 19, 14, 19, 0, 
385, 63, 48, 0, 56, 25, 19, 14, 18, 45, 
385, 61, 34, 0, 56, 25, 21, 14, 27, 47, 
385, 61, 34, 0, 56, 27, 19, 14, 22, 45, 
385, 63, 48, 0, 56, 25, 25, 14, 27, 39, 
385, 59, 48, 8, 56, 25, 27, 14, 19, 5, 
385, 61, 48, 4, 56, 25, 27, 14, 19, 2, 
385, 61, 34, 0, 56, 27, 19, 14, 22, 41, 
385, 61, 34, 0, 56, 25, 21, 14, 19, 47, 
385, 61, 34, 0, 56, 25, 21, 14, 27, 50, 
385, 61, 34, 0, 56, 27, 19, 14, 27, 39, 
385, 61, 34, 0, 56, 25, 17, 14, 26, 47, 
385, 61, 34, 0, 57, 25, 21, 14, 31, 47, 
385, 61, 38, 4, 56, 25, 21, 14, 19, 13, 
385, 60, 34, 8, 57, 27, 17, 14, 59, 50, 
385, 61, 34, 0, 56, 27, 19, 14, 30, 45, 
385, 61, 34, 0, 56, 25, 21, 14, 19, 35, 
385, 61, 38, 4, 57, 25, 21, 14, 27, 31, 
385, 61, 34, 0, 56, 27, 19, 14, 26, 45, 
385, 61, 34, 0, 56, 25, 21, 14, 19, 35, 
385, 61, 34, 0, 56, 25, 21, 14, 23, 35, 
385, 61, 38, 4, 56, 25, 21, 14, 62, 45, 
385, 61, 38, 0, 40, 25, 19, 14, 26, 44, 
385, 61, 34, 0, 57, 27, 21, 14, 11, 61, 
385, 61, 38, 0, 56, 25, 21, 14, 19, 39, 
385, 61, 38, 4, 57, 25, 21, 14, 19, 35, 
385, 61, 38, 4, 56, 27, 21, 14, 23, 47, 
385, 61, 39, 0, 41, 25, 19, 14, 11, 40, 
385, 61, 38, 0, 44, 25, 19, 14, 11, 39, 
385, 61, 38, 0, 40, 25, 19, 14, 27, 36, 
385, 61, 38, 0, 40, 25, 19, 14, 26, 35, 
385, 61, 38, 4, 57, 25, 19, 14, 26, 32, 
385, 61, 38, 0, 46, 25, 19, 14, 9, 39, 
385, 61, 38, 0, 45, 25, 19, 14, 11, 37, 
385, 61, 39, 6, 41, 25, 19, 14, 14, 42, 
385, 61, 39, 0, 41, 25, 19, 14, 10, 32, 
385, 61, 38, 4, 57, 25, 19, 14, 26, 32, 
385, 61, 38, 0, 45, 25, 19, 14, 11, 37, 
385, 61, 38, 16, 45, 25, 18, 14, 15, 37, 
385, 61, 39, 2, 43, 25, 19, 14, 12, 38, 
385, 60, 34, 4, 46, 25, 19, 14, 10, 0, 
385, 61, 38, 0, 62, 25, 19, 14, 14, 32, 
385, 61, 38, 16, 44, 25, 18, 14, 15, 5, 
385, 61, 38, 4, 61, 25, 19, 14, 14, 32, 
385, 61, 54, 0, 45, 25, 18, 14, 11, 49, 
385, 61, 39, 2, 43, 25, 19, 14, 12, 38, 
385, 61, 34, 0, 46, 25, 19, 14, 14, 0, 
385, 61, 38, 4, 60, 25, 27, 14, 46, 33, 
385, 61, 54, 0, 45, 25, 18, 14, 11, 49, 
385, 61, 38, 0, 44, 25, 17, 14, 14, 17, 
385, 61, 39, 2, 43, 25, 19, 14, 14, 8, 
385, 61, 34, 0, 43, 25, 19, 14, 30, 38, 
385, 61, 39, 10, 42, 25, 18, 14, 14, 10, 
385, 61, 54, 0, 45, 25, 19, 14, 30, 46, 
385, 61, 34, 0, 45, 25, 19, 14, 11, 38, 
385, 61, 38, 0, 44, 25, 17, 14, 12, 10, 
385, 61, 38, 0, 43, 25, 17, 14, 14, 9, 
385, 61, 38, 4, 45, 25, 19, 14, 11, 38, 
385, 60, 39, 8, 44, 25, 19, 14, 14, 10, 
385, 61, 54, 2, 43, 25, 16, 14, 14, 9, 
385, 61, 54, 0, 45, 25, 19, 14, 15, 36, 
385, 61, 54, 0, 44, 25, 19, 14, 14, 10, 
385, 61, 38, 4, 45, 25, 19, 14, 3, 38, 
385, 61, 38, 0, 44, 25, 19, 14, 10, 34, 
385, 61, 38, 0, 45, 25, 19, 14, 14, 2, 
385, 60, 39, 8, 43, 25, 16, 14, 14, 9, 
385, 63, 54, 2, 43, 25, 17, 14, 14, 25, 
385, 61, 38, 4, 45, 25, 19, 14, 6, 25, 
385, 61, 39, 0, 47, 25, 16, 14, 14, 9, 
385, 61, 34, 0, 40, 25, 17, 14, 10, 26, 
385, 61, 38, 16, 47, 25, 19, 14, 46, 17, 
385, 61, 38, 0, 41, 25, 19, 14, 12, 2, 
385, 61, 39, 0, 63, 25, 18, 14, 14, 9, 
385, 57, 34, 0, 46, 25, 19, 14, 2, 29, 
385, 61, 38, 16, 45, 25, 19, 14, 4, 21, 
385, 61, 38, 0, 45, 25, 19, 14, 6, 1, 
385, 61, 34, 0, 40, 25, 17, 14, 11, 26, 
385, 61, 39, 0, 63, 25, 19, 14, 2, 28, 
385, 61, 34, 0, 55, 25, 16, 14, 15, 27, 
385, 57, 34, 8, 45, 25, 19, 14, 6, 9, 
385, 61, 34, 0, 45, 25, 19, 14, 3, 26, 
382, 61, 38, 24, 44, 25, 19, 14, 2, 25, 
385, 61, 34, 0, 55, 25, 16, 14, 15, 27, 
385, 61, 54, 2, 63, 25, 19, 14, 14, 28, 
385, 61, 39, 0, 63, 25, 19, 14, 2, 9, 
385, 61, 39, 0, 45, 25, 19, 14, 19, 26, 
385, 61, 34, 0, 45, 25, 19, 14, 2, 30, 
385, 61, 38, 0, 55, 25, 17, 14, 11, 41, 
385, 61, 39, 0, 63, 25, 19, 14, 2, 12, 
385, 61, 39, 0, 45, 25, 18, 14, 2, 31, 
372, 61, 34, 1, 63, 25, 19, 14, 14, 28, 
372, 61, 39, 1, 45, 25, 19, 14, 19, 26, 
385, 53, 38, 0, 55, 25, 19, 14, 0, 8, 
385, 61, 39, 0, 63, 25, 16, 14, 11, 12, 
385, 57, 39, 0, 47, 25, 16, 14, 10, 47, 
385, 57, 34, 17, 63, 25, 19, 14, 14, 61, 
385, 61, 39, 0, 53, 25, 19, 14, 2, 63, 
388, 57, 34, 17, 63, 25, 1, 14, 2, 63, 
385, 53, 38, 0, 55, 25, 19, 14, 10, 39, 
385, 53, 34, 32, 63, 25, 27, 14, 0, 11, 
385, 57, 39, 8, 47, 25, 16, 14, 10, 47, 
385, 61, 37, 32, 55, 24, 16, 14, 11, 13, 
386, 60, 37, 32, 55, 24, 17, 14, 11, 13, 
385, 57, 34, 1, 47, 25, 16, 14, 3, 55, 
385, 53, 38, 0, 51, 25, 16, 14, 10, 39, 
385, 53, 34, 32, 63, 25, 27, 14, 11, 15, 
383, 57, 39, 0, 55, 24, 16, 13, 9, 13, 
386, 60, 37, 32, 55, 24, 17, 14, 3, 54, 
385, 56, 37, 32, 54, 24, 17, 14, 11, 55, 
385, 57, 34, 1, 47, 25, 16, 14, 10, 39, 
385, 57, 34, 1, 63, 25, 16, 14, 3, 39, 
385, 57, 34, 1, 63, 25, 24, 14, 11, 55, 
386, 60, 37, 32, 50, 24, 17, 14, 1, 55, 
386, 60, 37, 32, 55, 24, 17, 14, 3, 55, 
385, 57, 34, 1, 63, 25, 16, 14, 3, 39, 
385, 56, 37, 32, 54, 24, 17, 14, 15, 6, 
385, 56, 22, 33, 63, 24, 17, 14, 11, 55, 
389, 60, 37, 32, 54, 24, 1, 14, 15, 6, 
386, 60, 37, 32, 48, 24, 17, 14, 0, 55, 
386, 60, 37, 32, 54, 24, 17, 14, 15, 6, 
386, 60, 37, 32, 54, 24, 17, 14, 41, 54, 
386, 60, 22, 32, 54, 24, 17, 14, 9, 55, 
389, 60, 37, 32, 54, 24, 1, 14, 15, 6, 
386, 60, 37, 32, 50, 24, 17, 14, 15, 23, 
386, 60, 37, 32, 54, 24, 16, 14, 37, 54, 
386, 60, 37, 32, 54, 24, 16, 14, 9, 55, 
371, 60, 22, 48, 54, 24, 17, 14, 17, 55, 
389, 60, 37, 32, 54, 24, 1, 14, 17, 55, 
386, 60, 37, 32, 54, 24, 17, 14, 15, 55, 
386, 60, 37, 32, 54, 24, 16, 14, 9, 21, 
386, 60, 37, 32, 54, 24, 17, 14, 1, 39, 
386, 60, 37, 32, 50, 24, 17, 14, 9, 55, 
386, 60, 37, 32, 54, 24, 17, 14, 29, 55, 
386, 60, 37, 32, 50, 24, 17, 14, 9, 53, 
386, 60, 37, 32, 38, 24, 16, 14, 9, 21, 
386, 60, 37, 32, 54, 24, 24, 14, 13, 53, 
386, 60, 37, 32, 54, 24, 17, 14, 1, 39, 
388, 61, 37, 32, 54, 24, 0, 14, 9, 37, 
386, 60, 37, 32, 50, 24, 17, 14, 9, 53, 
386, 62, 36, 32, 55, 24, 17, 14, 9, 53, 
386, 60, 37, 33, 38, 24, 16, 14, 9, 21, 
386, 60, 37, 32, 38, 24, 16, 14, 57, 21, 
386, 60, 37, 32, 38, 24, 16, 14, 57, 21, 
386, 60, 37, 32, 55, 24, 17, 14, 9, 53, 
386, 60, 37, 32, 54, 24, 20, 14, 56, 21, 
386, 60, 37, 32, 52, 24, 17, 14, 41, 21, 
386, 60, 37, 32, 38, 24, 16, 14, 41, 49, 
386, 52, 37, 32, 38, 24, 16, 14, 57, 12, 
386, 60, 37, 32, 38, 24, 16, 14, 56, 21, 
386, 60, 37, 32, 55, 24, 17, 14, 41, 53, 
386, 60, 37, 32, 52, 24, 20, 14, 57, 21, 
386, 60, 37, 32, 54, 24, 21, 14, 40, 21, 
389, 60, 37, 32, 54, 24, 0, 14, 41, 53, 
386, 54, 37, 32, 38, 24, 16, 14, 48, 21, 
386, 60, 37, 32, 38, 24, 16, 14, 57, 28, 
386, 52, 37, 32, 54, 24, 16, 14, 40, 20, 
386, 60, 37, 32, 52, 24, 20, 14, 57, 29, 
389, 60, 37, 32, 54, 24, 0, 14, 57, 29, 
386, 60, 37, 32, 54, 24, 16, 14, 40, 21, 
386, 62, 37, 32, 54, 24, 16, 14, 48, 29, 
386, 62, 37, 32, 38, 24, 16, 14, 40, 20, 
386, 60, 37, 32, 38, 24, 16, 14, 41, 60, 
389, 60, 37, 32, 54, 24, 0, 14, 41, 53, 
386, 60, 37, 33, 54, 24, 16, 14, 48, 29, 
386, 62, 37, 32, 52, 24, 16, 14, 32, 21, 
386, 60, 37, 32, 38, 24, 16, 14, 40, 20, 
386, 60, 37, 32, 54, 24, 16, 14, 40, 60, 
389, 60, 37, 32, 54, 24, 0, 14, 40, 60, 
389, 62, 37, 32, 54, 24, 2, 14, 24, 60, 
386, 60, 37, 33, 54, 26, 16, 14, 56, 31, 
386, 60, 37, 32, 36, 24, 16, 14, 34, 21, 
386, 62, 37, 32, 36, 24, 16, 14, 32, 21, 
389, 60, 37, 32, 54, 24, 0, 14, 56, 21, 
389, 60, 37, 32, 54, 24, 0, 14, 32, 21, 
389, 60, 37, 32, 52, 24, 0, 14, 40, 20, 
386, 60, 37, 33, 54, 26, 16, 14, 56, 31, 
386, 62, 37, 32, 54, 26, 16, 14, 40, 31, 
389, 60, 37, 32, 54, 24, 0, 14, 32, 21, 
389, 60, 37, 32, 52, 24, 0, 14, 40, 20, 
389, 60, 37, 32, 54, 24, 0, 14, 56, 15, 
389, 60, 37, 32, 54, 24, 2, 14, 40, 31, 
389, 60, 37, 32, 54, 24, 0, 14, 32, 20, 
389, 60, 37, 32, 54, 24, 1, 14, 58, 15, 
389, 60, 37, 32, 54, 24, 0, 14, 32, 31, 
389, 60, 37, 32, 54, 24, 0, 14, 48, 23, 
389, 60, 37, 32, 54, 24, 0, 14, 40, 53, 
389, 60, 37, 32, 54, 24, 0, 14, 41, 31, 
389, 60, 37, 32, 54, 24, 1, 14, 34, 31, 
389, 60, 37, 32, 54, 24, 0, 14, 48, 23, 
389, 60, 37, 32, 54, 24, 0, 14, 48, 23, 
389, 60, 37, 32, 54, 24, 0, 14, 8, 31, 
389, 60, 37, 32, 54, 24, 0, 14, 41, 63, 
389, 60, 37, 32, 54, 24, 0, 14, 34, 31, 
389, 60, 37, 32, 54, 24, 0, 14, 45, 31, 
389, 60, 37, 32, 54, 24, 0, 14, 8, 31, 
389, 60, 37, 32, 52, 24, 0, 14, 41, 62, 
389, 60, 37, 32, 54, 24, 0, 14, 33, 61, 
389, 60, 37, 32, 54, 24, 0, 14, 44, 31, 
389, 60, 37, 32, 54, 24, 0, 14, 41, 61, 
389, 60, 37, 32, 54, 24, 0, 14, 41, 31, 
389, 60, 37, 32, 54, 24, 0, 14, 41, 30, 
366, 52, 37, 32, 54, 24, 0, 14, 32, 31, 
389, 62, 37, 32, 54, 24, 0, 14, 44, 31, 
389, 60, 37, 32, 54, 24, 0, 14, 44, 63, 
389, 60, 37, 32, 54, 24, 0, 14, 41, 29, 
389, 60, 37, 32, 54, 24, 0, 14, 41, 31, 
389, 60, 37, 32, 55, 24, 0, 14, 1, 31, 
389, 62, 37, 32, 54, 24, 0, 14, 45, 29, 
389, 62, 37, 32, 54, 24, 0, 14, 41, 21, 
389, 62, 37, 32, 54, 24, 0, 14, 41, 31, 
389, 62, 37, 32, 54, 24, 0, 14, 9, 31, 
389, 60, 37, 32, 54, 24, 1, 14, 41, 31, 
389, 62, 37, 32, 55, 24, 0, 14, 41, 31, 
389, 62, 36, 32, 54, 24, 0, 14, 41, 23, 
389, 62, 37, 32, 54, 24, 0, 14, 41, 23, 
389, 62, 37, 32, 54, 24, 0, 14, 9, 31, 
389, 62, 37, 32, 54, 24, 0, 14, 41, 29, 
389, 62, 37, 32, 55, 24, 0, 14, 41, 23, 
389, 62, 37, 32, 55, 24, 0, 14, 33, 7, 
389, 62, 37, 32, 51, 24, 0, 14, 33, 63, 
389, 62, 36, 32, 54, 24, 0, 14, 9, 23, 
389, 62, 36, 32, 54, 24, 0, 14, 57, 13, 
389, 62, 37, 32, 55, 24, 2, 14, 33, 23, 
389, 62, 37, 32, 55, 24, 0, 14, 57, 13, 
389, 60, 37, 32, 51, 24, 0, 14, 57, 13, 
389, 62, 32, 32, 54, 24, 0, 14, 57, 15, 
384, 62, 36, 33, 55, 24, 0, 14, 25, 5, 
389, 62, 37, 32, 55, 24, 0, 14, 57, 13, 
389, 62, 37, 32, 55, 24, 0, 14, 57, 13, 
389, 62, 37, 32, 63, 24, 0, 14, 57, 13, 
389, 62, 37, 32, 52, 24, 0, 14, 25, 39, 
389, 56, 36, 32, 59, 24, 0, 14, 57, 13, 
389, 62, 36, 32, 55, 24, 0, 14, 57, 13, 
389, 62, 37, 32, 55, 24, 0, 14, 57, 39, 
389, 62, 37, 32, 53, 24, 0, 14, 57, 47, 
389, 62, 37, 32, 51, 24, 0, 14, 49, 25, 
389, 62, 37, 32, 60, 24, 1, 14, 57, 37, 
389, 62, 36, 32, 55, 24, 0, 14, 57, 45, 
389, 62, 36, 32, 53, 24, 0, 14, 57, 47, 
389, 62, 37, 32, 62, 24, 1, 14, 57, 45, 
389, 62, 37, 32, 55, 24, 0, 14, 57, 27, 
389, 62, 37, 32, 55, 24, 0, 14, 57, 37, 
389, 62, 37, 32, 55, 24, 0, 14, 57, 31, 
389, 62, 36, 32, 55, 24, 3, 14, 56, 37, 
389, 62, 36, 32, 55, 24, 0, 14, 57, 27, 
389, 62, 32, 32, 53, 24, 0, 14, 57, 11, 
389, 62, 37, 32, 53, 24, 1, 14, 57, 37, 
389, 62, 37, 32, 55, 24, 0, 14, 57, 53, 
389, 62, 37, 32, 55, 24, 0, 14, 57, 27, 
389, 62, 36, 32, 55, 24, 1, 14, 57, 27, 
389, 62, 36, 32, 55, 24, 3, 14, 56, 19, 
389, 62, 36, 32, 54, 24, 0, 14, 57, 11, 
389, 62, 37, 32, 55, 24, 0, 14, 57, 17, 
389, 60, 37, 32, 54, 24, 0, 14, 57, 25, 
389, 62, 37, 32, 55, 24, 0, 14, 57, 51, 
389, 62, 37, 32, 55, 24, 0, 14, 25, 51, 
389, 62, 36, 32, 54, 24, 0, 14, 57, 42, 
389, 62, 32, 32, 54, 24, 0, 14, 56, 42, 
389, 62, 36, 32, 54, 24, 0, 14, 57, 42, 
389, 60, 37, 32, 52, 24, 0, 14, 61, 42, 
389, 62, 36, 32, 54, 24, 0, 14, 57, 46, 
388, 62, 37, 1, 63, 24, 0, 14, 25, 49, 
389, 62, 36, 32, 54, 24, 0, 14, 56, 42, 
389, 62, 36, 32, 54, 24, 0, 14, 57, 46, 
389, 60, 37, 32, 53, 24, 0, 14, 61, 42, 
389, 62, 36, 32, 54, 24, 1, 14, 57, 49, 
389, 60, 37, 32, 54, 24, 0, 14, 57, 46, 
389, 62, 36, 32, 54, 24, 0, 14, 57, 34, 
389, 62, 36, 32, 52, 24, 0, 14, 60, 34, 
389, 54, 36, 32, 62, 24, 1, 14, 56, 58, 
389, 62, 36, 32, 62, 24, 0, 14, 56, 47, 
389, 62, 36, 32, 54, 24, 1, 14, 59, 54, 
389, 54, 36, 32, 62, 24, 0, 14, 57, 46, 
389, 62, 36, 32, 54, 24, 1, 14, 59, 54, 
389, 54, 36, 32, 62, 24, 0, 14, 59, 39, 
389, 62, 36, 32, 62, 24, 1, 14, 59, 55, 
388, 60, 36, 32, 54, 24, 1, 14, 63, 38, 
389, 62, 32, 32, 62, 24, 0, 14, 43, 55, 
389, 62, 36, 32, 54, 24, 1, 14, 27, 55, 
389, 62, 36, 32, 62, 24, 5, 14, 57, 62, 
389, 62, 36, 32, 52, 24, 1, 14, 59, 38, 
388, 60, 36, 32, 54, 24, 0, 14, 47, 39, 
389, 62, 32, 32, 54, 24, 0, 14, 47, 39, 
389, 62, 32, 32, 62, 24, 0, 14, 46, 39, 
389, 62, 32, 32, 54, 24, 0, 14, 43, 55, 
389, 62, 36, 32, 62, 24, 3, 14, 27, 54, 
389, 62, 36, 32, 62, 24, 0, 14, 57, 54, 
389, 62, 36, 32, 54, 24, 0, 14, 59, 38, 
389, 62, 32, 32, 62, 24, 0, 14, 62, 39, 
389, 62, 36, 32, 62, 24, 0, 14, 60, 39, 
389, 54, 36, 32, 62, 24, 3, 14, 26, 50, 
389, 62, 32, 32, 62, 24, 4, 14, 59, 52, 
389, 62, 37, 32, 55, 24, 0, 14, 53, 42, 
389, 62, 36, 32, 62, 24, 4, 14, 59, 52, 
389, 62, 32, 32, 63, 24, 4, 14, 59, 54, 
389, 62, 32, 32, 62, 26, 0, 14, 63, 52, 
389, 62, 32, 32, 62, 24, 3, 14, 26, 50, 
389, 62, 36, 32, 63, 24, 1, 14, 21, 42, 
389, 62, 32, 32, 62, 24, 0, 14, 63, 52, 
389, 62, 32, 32, 62, 26, 2, 14, 59, 36, 
389, 62, 32, 32, 62, 24, 5, 14, 58, 52, 
386, 62, 36, 32, 60, 24, 15, 14, 58, 50, 
389, 60, 32, 32, 63, 24, 0, 14, 63, 40, 
389, 62, 36, 32, 62, 24, 0, 14, 61, 50, 
389, 62, 36, 32, 63, 24, 2, 14, 59, 38, 
389, 60, 32, 32, 62, 24, 0, 14, 63, 36, 
389, 57, 32, 32, 62, 24, 4, 14, 62, 60, 
389, 60, 32, 32, 63, 24, 0, 14, 61, 2, 
389, 60, 32, 32, 63, 24, 2, 14, 61, 38, 
389, 62, 36, 32, 58, 24, 1, 14, 55, 36, 
389, 54, 32, 32, 62, 24, 0, 14, 62, 48, 
389, 59, 32, 32, 62, 24, 4, 14, 62, 54, 
389, 60, 32, 32, 58, 24, 1, 14, 54, 36, 
389, 62, 32, 32, 58, 24, 0, 14, 61, 39, 
389, 60, 32, 32, 62, 24, 0, 14, 62, 48, 
389, 52, 32, 32, 62, 24, 0, 14, 60, 48, 
389, 60, 32, 32, 58, 24, 0, 14, 61, 20, 
389, 60, 32, 32, 58, 24, 0, 14, 61, 39, 
389, 62, 32, 32, 58, 24, 0, 14, 55, 39, 
389, 60, 32, 32, 62, 24, 1, 14, 62, 48, 
389, 60, 32, 32, 62, 24, 1, 14, 58, 36, 
389, 60, 32, 32, 58, 24, 0, 14, 61, 20, 
389, 60, 32, 32, 58, 24, 0, 14, 55, 39, 
389, 60, 32, 32, 62, 24, 0, 14, 62, 48, 
389, 60, 32, 32, 62, 24, 1, 14, 62, 48, 
389, 60, 32, 32, 58, 24, 1, 14, 63, 20, 
389, 62, 32, 32, 62, 24, 1, 14, 60, 52, 
389, 60, 32, 32, 58, 24, 2, 14, 63, 49, 
389, 60, 32, 32, 59, 24, 0, 14, 62, 50, 
389, 60, 32, 32, 58, 24, 1, 14, 63, 54, 
389, 60, 32, 32, 58, 24, 1, 14, 63, 23, 
389, 62, 32, 32, 62, 24, 0, 14, 22, 38, 
389, 60, 32, 32, 58, 24, 4, 14, 61, 48, 
389, 60, 32, 32, 56, 24, 1, 14, 61, 38, 
389, 60, 32, 32, 58, 24, 1, 14, 63, 51, 
389, 60, 32, 32, 59, 24, 1, 14, 46, 50, 
389, 60, 32, 32, 58, 24, 1, 14, 63, 55, 
